[0.120s] Invoking command in '/home/jetson/bbb_jetson_ws/build/csm': CMAKE_PREFIX_PATH=${CMAKE_PREFIX_PATH}:/opt/ros/foxy /usr/bin/cmake --build /home/jetson/bbb_jetson_ws/build/csm -- -j4 -l4
[0.558s] [100%] Built target csm
[0.625s] Invoked command in '/home/jetson/bbb_jetson_ws/build/csm' returned '0': CMAKE_PREFIX_PATH=${CMAKE_PREFIX_PATH}:/opt/ros/foxy /usr/bin/cmake --build /home/jetson/bbb_jetson_ws/build/csm -- -j4 -l4
[0.837s] Invoking command in '/home/jetson/bbb_jetson_ws/build/csm': CMAKE_PREFIX_PATH=${CMAKE_PREFIX_PATH}:/opt/ros/foxy /usr/bin/cmake --install /home/jetson/bbb_jetson_ws/build/csm
[0.866s] -- Install configuration: ""
[0.868s] -- Up-to-date: /home/jetson/bbb_jetson_ws/install/csm/lib/libcsm.so
[0.870s] -- Up-to-date: /home/jetson/bbb_jetson_ws/install/csm/include/..//include
[0.871s] -- Up-to-date: /home/jetson/bbb_jetson_ws/install/csm/include/..//include/gsl_eigen
[0.871s] -- Up-to-date: /home/jetson/bbb_jetson_ws/install/csm/include/..//include/gsl_eigen/gsl_eigen.h
[0.871s] -- Up-to-date: /home/jetson/bbb_jetson_ws/install/csm/include/..//include/csm
[0.872s] -- Up-to-date: /home/jetson/bbb_jetson_ws/install/csm/include/..//include/csm/restrict.h
[0.873s] -- Up-to-date: /home/jetson/bbb_jetson_ws/install/csm/include/..//include/csm/laser_data_inline.h
[0.873s] -- Up-to-date: /home/jetson/bbb_jetson_ws/install/csm/include/..//include/csm/csm.h
[0.874s] -- Up-to-date: /home/jetson/bbb_jetson_ws/install/csm/include/..//include/csm/laser_data.h
[0.875s] -- Up-to-date: /home/jetson/bbb_jetson_ws/install/csm/include/..//include/csm/algos.h
[0.875s] -- Up-to-date: /home/jetson/bbb_jetson_ws/install/csm/share/csm/resource
[0.876s] -- Up-to-date: /home/jetson/bbb_jetson_ws/install/csm/share/csm/resource/csm
[0.877s] -- Up-to-date: /home/jetson/bbb_jetson_ws/install/csm/include/../gsl_eigen
[0.878s] -- Up-to-date: /home/jetson/bbb_jetson_ws/install/csm/include/../gsl_eigen/gsl_eigen.h
[0.878s] -- Up-to-date: /home/jetson/bbb_jetson_ws/install/csm/share/csm/environment/library_path.sh
[0.879s] -- Up-to-date: /home/jetson/bbb_jetson_ws/install/csm/share/csm/environment/library_path.dsv
[0.889s] -- Up-to-date: /home/jetson/bbb_jetson_ws/install/csm/share/ament_index/resource_index/package_run_dependencies/csm
[0.890s] -- Up-to-date: /home/jetson/bbb_jetson_ws/install/csm/share/ament_index/resource_index/parent_prefix_path/csm
[0.890s] -- Up-to-date: /home/jetson/bbb_jetson_ws/install/csm/share/csm/environment/ament_prefix_path.sh
[0.891s] -- Up-to-date: /home/jetson/bbb_jetson_ws/install/csm/share/csm/environment/ament_prefix_path.dsv
[0.891s] -- Up-to-date: /home/jetson/bbb_jetson_ws/install/csm/share/csm/environment/path.sh
[0.892s] -- Up-to-date: /home/jetson/bbb_jetson_ws/install/csm/share/csm/environment/path.dsv
[0.893s] -- Up-to-date: /home/jetson/bbb_jetson_ws/install/csm/share/csm/local_setup.bash
[0.894s] -- Up-to-date: /home/jetson/bbb_jetson_ws/install/csm/share/csm/local_setup.sh
[0.894s] -- Up-to-date: /home/jetson/bbb_jetson_ws/install/csm/share/csm/local_setup.zsh
[0.896s] -- Up-to-date: /home/jetson/bbb_jetson_ws/install/csm/share/csm/local_setup.dsv
[0.897s] -- Installing: /home/jetson/bbb_jetson_ws/install/csm/share/csm/package.dsv
[0.897s] -- Up-to-date: /home/jetson/bbb_jetson_ws/install/csm/share/ament_index/resource_index/packages/csm
[0.899s] -- Up-to-date: /home/jetson/bbb_jetson_ws/install/csm/share/csm/cmake/ament_cmake_export_dependencies-extras.cmake
[0.900s] -- Up-to-date: /home/jetson/bbb_jetson_ws/install/csm/share/csm/cmake/ament_cmake_export_include_directories-extras.cmake
[0.900s] -- Up-to-date: /home/jetson/bbb_jetson_ws/install/csm/share/csm/cmake/ament_cmake_export_libraries-extras.cmake
[0.901s] -- Up-to-date: /home/jetson/bbb_jetson_ws/install/csm/share/csm/cmake/csmConfig.cmake
[0.902s] -- Up-to-date: /home/jetson/bbb_jetson_ws/install/csm/share/csm/cmake/csmConfig-version.cmake
[0.902s] -- Up-to-date: /home/jetson/bbb_jetson_ws/install/csm/share/csm/package.xml
[0.903s] Invoked command in '/home/jetson/bbb_jetson_ws/build/csm' returned '0': CMAKE_PREFIX_PATH=${CMAKE_PREFIX_PATH}:/opt/ros/foxy /usr/bin/cmake --install /home/jetson/bbb_jetson_ws/build/csm
