[0.214s] Invoking command in '/home/jetson/bbb_jetson_ws/build/bbb_package': CMAKE_PREFIX_PATH=/home/jetson/bbb_jetson_ws/install/serial:/home/jetson/bbb_jetson_ws/install/tune_package:/home/jetson/bbb_jetson_ws/install/ros2_laser_scan_matcher:/home/jetson/bbb_jetson_ws/install/diffdrive_arduino:/home/jetson/bbb_jetson_ws/install/bbb_package:/home/jetson/bbb_jetson_ws/install/micro_ros_setup:/home/jetson/bbb_jetson_ws/install/csm:/home/jetson/bbb_jetson_ws/install/bbb_robot:/opt/ros/foxy /usr/bin/cmake /home/jetson/bbb_jetson_ws/src/bbb_package -DCMAKE_INSTALL_PREFIX=/home/jetson/bbb_jetson_ws/install/bbb_package
[1.377s] -- The C compiler identification is GNU 9.4.0
[2.022s] -- The CXX compiler identification is GNU 9.4.0
[2.123s] -- Check for working C compiler: /usr/bin/cc
[2.943s] -- Check for working C compiler: /usr/bin/cc -- works
[2.961s] -- Detecting C compiler ABI info
[4.015s] -- Detecting C compiler ABI info - done
[4.160s] -- Detecting C compile features
[4.166s] -- Detecting C compile features - done
[4.190s] -- Check for working CXX compiler: /usr/bin/c++
[5.418s] -- Check for working CXX compiler: /usr/bin/c++ -- works
[5.437s] -- Detecting CXX compiler ABI info
[6.385s] -- Detecting CXX compiler ABI info - done
[6.612s] -- Detecting CXX compile features
[6.621s] -- Detecting CXX compile features - done
[6.691s] -- Found ament_cmake: 0.9.12 (/opt/ros/foxy/share/ament_cmake/cmake)
[7.085s] -- Found PythonInterp: /usr/bin/python3 (found suitable version "3.8.10", minimum required is "3") 
[7.086s] -- Using PYTHON_EXECUTABLE: /usr/bin/python3
[10.138s] -- Found rclcpp: 2.4.3 (/opt/ros/foxy/share/rclcpp/cmake)
[10.680s] -- Using all available rosidl_typesupport_c: rosidl_typesupport_fastrtps_c;rosidl_typesupport_introspection_c
[10.810s] -- Found rosidl_adapter: 1.3.1 (/opt/ros/foxy/share/rosidl_adapter/cmake)
[11.763s] -- Found OpenSSL: /usr/lib/aarch64-linux-gnu/libcrypto.so (found version "1.1.1f")  
[11.968s] -- Found FastRTPS: /opt/ros/foxy/include  
[12.839s] -- Using all available rosidl_typesupport_cpp: rosidl_typesupport_fastrtps_cpp;rosidl_typesupport_introspection_cpp
[13.595s] -- Found rmw_implementation_cmake: 1.0.4 (/opt/ros/foxy/share/rmw_implementation_cmake/cmake)
[13.615s] -- Using RMW implementation 'rmw_fastrtps_cpp' as default
[13.630s] -- Looking for pthread.h
[14.359s] -- Looking for pthread.h - found
[14.362s] -- Performing Test CMAKE_HAVE_LIBC_PTHREAD
[15.164s] -- Performing Test CMAKE_HAVE_LIBC_PTHREAD - Failed
[15.167s] -- Looking for pthread_create in pthreads
[15.933s] -- Looking for pthread_create in pthreads - not found
[15.933s] -- Looking for pthread_create in pthread
[16.994s] -- Looking for pthread_create in pthread - found
[17.002s] -- Found Threads: TRUE  
[18.909s] -- Found geometry_msgs: 2.0.5 (/opt/ros/foxy/share/geometry_msgs/cmake)
[19.270s] -- Found serial: 1.2.1 (/home/jetson/bbb_jetson_ws/install/serial/share/serial/cmake)
[19.305s] -- Found tf2_msgs: 0.13.14 (/opt/ros/foxy/share/tf2_msgs/cmake)
[21.317s] -- Found ament_lint_auto: 0.9.8 (/opt/ros/foxy/share/ament_lint_auto/cmake)
[22.395s] -- Added test 'cppcheck' to perform static code analysis on C / C++ code
[22.411s] -- Configured cppcheck include dirs: 
[22.411s] -- Configured cppcheck exclude dirs and/or files: 
[22.430s] -- Added test 'flake8' to check Python code syntax and style conventions
[22.440s] -- Added test 'lint_cmake' to check CMake code style
[22.444s] -- Added test 'pep257' to check Python code against some of the style conventions in PEP 257
[22.460s] -- Added test 'uncrustify' to check C / C++ code style
[22.461s] -- Configured uncrustify additional arguments: 
[22.472s] -- Added test 'xmllint' to check XML markup files
[22.500s] -- Configuring done
[23.203s] -- Generating done
[23.250s] -- Build files have been written to: /home/jetson/bbb_jetson_ws/build/bbb_package
[23.365s] Invoked command in '/home/jetson/bbb_jetson_ws/build/bbb_package' returned '0': CMAKE_PREFIX_PATH=/home/jetson/bbb_jetson_ws/install/serial:/home/jetson/bbb_jetson_ws/install/tune_package:/home/jetson/bbb_jetson_ws/install/ros2_laser_scan_matcher:/home/jetson/bbb_jetson_ws/install/diffdrive_arduino:/home/jetson/bbb_jetson_ws/install/bbb_package:/home/jetson/bbb_jetson_ws/install/micro_ros_setup:/home/jetson/bbb_jetson_ws/install/csm:/home/jetson/bbb_jetson_ws/install/bbb_robot:/opt/ros/foxy /usr/bin/cmake /home/jetson/bbb_jetson_ws/src/bbb_package -DCMAKE_INSTALL_PREFIX=/home/jetson/bbb_jetson_ws/install/bbb_package
[23.376s] Invoking command in '/home/jetson/bbb_jetson_ws/build/bbb_package': CMAKE_PREFIX_PATH=/home/jetson/bbb_jetson_ws/install/serial:/home/jetson/bbb_jetson_ws/install/tune_package:/home/jetson/bbb_jetson_ws/install/ros2_laser_scan_matcher:/home/jetson/bbb_jetson_ws/install/diffdrive_arduino:/home/jetson/bbb_jetson_ws/install/bbb_package:/home/jetson/bbb_jetson_ws/install/micro_ros_setup:/home/jetson/bbb_jetson_ws/install/csm:/home/jetson/bbb_jetson_ws/install/bbb_robot:/opt/ros/foxy /usr/bin/cmake --build /home/jetson/bbb_jetson_ws/build/bbb_package -- -j4 -l4
[23.789s] [35m[1mScanning dependencies of target data_processing_node_zz[0m
[24.578s] [  3%] [32mBuilding CXX object CMakeFiles/data_processing_node_zz.dir/src/data_processing_node_zz.cpp.o[0m
[65.073s] [  6%] [32m[1mLinking CXX executable data_processing_node_zz[0m
[66.867s] [  6%] Built target data_processing_node_zz
[66.913s] [35m[1mScanning dependencies of target controllers_node[0m
[67.211s] [ 10%] [32mBuilding CXX object CMakeFiles/controllers_node.dir/src/controllers_node.cpp.o[0m
[92.710s] [ 13%] [32m[1mLinking CXX executable controllers_node[0m
[93.710s] [ 13%] Built target controllers_node
[93.747s] [35m[1mScanning dependencies of target read_IMU[0m
[94.134s] [ 16%] [32mBuilding CXX object CMakeFiles/read_IMU.dir/src/read_IMU.cpp.o[0m
[99.162s] [35m[1mScanning dependencies of target read_lidar[0m
[99.573s] [35m[1mScanning dependencies of target data_processing_node[0m
[99.613s] [ 20%] [32mBuilding CXX object CMakeFiles/read_lidar.dir/src/read_lidar.cpp.o[0m
[100.085s] [ 23%] [32mBuilding CXX object CMakeFiles/data_processing_node.dir/src/data_processing_node.cpp.o[0m
[101.081s] [35m[1mScanning dependencies of target data_processing_node_straight[0m
[101.737s] [ 26%] [32mBuilding CXX object CMakeFiles/data_processing_node_straight.dir/src/data_processing_node_straight.cpp.o[0m
[122.243s] [ 30%] [32m[1mLinking CXX executable read_IMU[0m
[123.841s] [ 30%] Built target read_IMU
[145.626s] [ 33%] [32m[1mLinking CXX executable read_lidar[0m
[147.888s] [ 33%] Built target read_lidar
[160.230s] [ 36%] [32m[1mLinking CXX executable data_processing_node[0m
[161.774s] [ 40%] [32m[1mLinking CXX executable data_processing_node_straight[0m
[162.661s] [ 40%] Built target data_processing_node
[163.528s] [ 40%] Built target data_processing_node_straight
[163.568s] [35m[1mScanning dependencies of target tune_node[0m
[163.761s] [ 43%] [32mBuilding CXX object CMakeFiles/tune_node.dir/src/tune_node.cpp.o[0m
[185.248s] [ 46%] [32m[1mLinking CXX executable tune_node[0m
[186.885s] [ 46%] Built target tune_node
[186.958s] [35m[1mScanning dependencies of target tune_fuzzy_node[0m
[187.470s] [ 50%] [32mBuilding CXX object CMakeFiles/tune_fuzzy_node.dir/src/tune_fuzzy_node.cpp.o[0m
[209.439s] [ 53%] [32m[1mLinking CXX executable tune_fuzzy_node[0m
[210.343s] [ 53%] Built target tune_fuzzy_node
[210.377s] [35m[1mScanning dependencies of target fuzzy_longitudinal_controllers[0m
[210.517s] [ 56%] [32mBuilding CXX object CMakeFiles/fuzzy_longitudinal_controllers.dir/src/fuzzy_longitudinal_controllers.cpp.o[0m
[223.509s] [35m[1mScanning dependencies of target circumference_node[0m
[223.706s] [ 60%] [32mBuilding CXX object CMakeFiles/circumference_node.dir/src/circumference_node.cpp.o[0m
[224.664s] [35m[1mScanning dependencies of target delta_angle_node[0m
[224.931s] [ 63%] [32mBuilding CXX object CMakeFiles/delta_angle_node.dir/src/delta_angle_node.cpp.o[0m
[225.870s] [35m[1mScanning dependencies of target pid_node[0m
[226.332s] [ 66%] [32mBuilding CXX object CMakeFiles/pid_node.dir/src/pid_node.cpp.o[0m
[232.375s] [ 70%] [32m[1mLinking CXX executable fuzzy_longitudinal_controllers[0m
[233.907s] [ 70%] Built target fuzzy_longitudinal_controllers
[233.970s] [35m[1mScanning dependencies of target straight_line_node[0m
[234.413s] [ 73%] [32mBuilding CXX object CMakeFiles/straight_line_node.dir/src/straight_line_node.cpp.o[0m
[247.547s] [ 76%] [32m[1mLinking CXX executable delta_angle_node[0m
[248.608s] [ 76%] Built target delta_angle_node
[256.139s] [ 80%] [32m[1mLinking CXX executable circumference_node[0m
[257.616s] [ 80%] Built target circumference_node
[261.445s] [ 83%] [32m[1mLinking CXX executable pid_node[0m
[262.537s] [ 83%] Built target pid_node
[262.577s] [35m[1mScanning dependencies of target sinusoidal_node[0m
[262.765s] [ 86%] [32mBuilding CXX object CMakeFiles/sinusoidal_node.dir/src/sinusoidal_node.cpp.o[0m
[263.923s] [ 90%] [32m[1mLinking CXX executable straight_line_node[0m
[264.954s] [ 90%] Built target straight_line_node
[264.991s] [35m[1mScanning dependencies of target stanley_node[0m
[265.195s] [ 93%] [32mBuilding CXX object CMakeFiles/stanley_node.dir/src/stanley_node.cpp.o[0m
[275.035s] [ 96%] [32m[1mLinking CXX executable sinusoidal_node[0m
[275.694s] [ 96%] Built target sinusoidal_node
[288.769s] [100%] [32m[1mLinking CXX executable stanley_node[0m
[290.032s] [100%] Built target stanley_node
[290.066s] Invoked command in '/home/jetson/bbb_jetson_ws/build/bbb_package' returned '0': CMAKE_PREFIX_PATH=/home/jetson/bbb_jetson_ws/install/serial:/home/jetson/bbb_jetson_ws/install/tune_package:/home/jetson/bbb_jetson_ws/install/ros2_laser_scan_matcher:/home/jetson/bbb_jetson_ws/install/diffdrive_arduino:/home/jetson/bbb_jetson_ws/install/bbb_package:/home/jetson/bbb_jetson_ws/install/micro_ros_setup:/home/jetson/bbb_jetson_ws/install/csm:/home/jetson/bbb_jetson_ws/install/bbb_robot:/opt/ros/foxy /usr/bin/cmake --build /home/jetson/bbb_jetson_ws/build/bbb_package -- -j4 -l4
[290.250s] Invoking command in '/home/jetson/bbb_jetson_ws/build/bbb_package': CMAKE_PREFIX_PATH=/home/jetson/bbb_jetson_ws/install/serial:/home/jetson/bbb_jetson_ws/install/tune_package:/home/jetson/bbb_jetson_ws/install/ros2_laser_scan_matcher:/home/jetson/bbb_jetson_ws/install/diffdrive_arduino:/home/jetson/bbb_jetson_ws/install/bbb_package:/home/jetson/bbb_jetson_ws/install/micro_ros_setup:/home/jetson/bbb_jetson_ws/install/csm:/home/jetson/bbb_jetson_ws/install/bbb_robot:/opt/ros/foxy /usr/bin/cmake --install /home/jetson/bbb_jetson_ws/build/bbb_package
[290.282s] -- Install configuration: ""
[290.289s] -- Installing: /home/jetson/bbb_jetson_ws/install/bbb_package/lib/bbb_package/controllers_node
[290.326s] -- Set runtime path of "/home/jetson/bbb_jetson_ws/install/bbb_package/lib/bbb_package/controllers_node" to ""
[290.329s] -- Installing: /home/jetson/bbb_jetson_ws/install/bbb_package/lib/bbb_package/data_processing_node_straight
[290.342s] -- Set runtime path of "/home/jetson/bbb_jetson_ws/install/bbb_package/lib/bbb_package/data_processing_node_straight" to ""
[290.345s] -- Installing: /home/jetson/bbb_jetson_ws/install/bbb_package/lib/bbb_package/data_processing_node_zz
[290.389s] -- Set runtime path of "/home/jetson/bbb_jetson_ws/install/bbb_package/lib/bbb_package/data_processing_node_zz" to ""
[290.390s] -- Up-to-date: /home/jetson/bbb_jetson_ws/install/bbb_package/share/bbb_package/launch
[290.393s] -- Up-to-date: /home/jetson/bbb_jetson_ws/install/bbb_package/share/bbb_package/launch/thesis.launch.py
[290.402s] -- Installing: /home/jetson/bbb_jetson_ws/install/bbb_package/share/bbb_package/package.dsv
[290.412s] Invoked command in '/home/jetson/bbb_jetson_ws/build/bbb_package' returned '0': CMAKE_PREFIX_PATH=/home/jetson/bbb_jetson_ws/install/serial:/home/jetson/bbb_jetson_ws/install/tune_package:/home/jetson/bbb_jetson_ws/install/ros2_laser_scan_matcher:/home/jetson/bbb_jetson_ws/install/diffdrive_arduino:/home/jetson/bbb_jetson_ws/install/bbb_package:/home/jetson/bbb_jetson_ws/install/micro_ros_setup:/home/jetson/bbb_jetson_ws/install/csm:/home/jetson/bbb_jetson_ws/install/bbb_robot:/opt/ros/foxy /usr/bin/cmake --install /home/jetson/bbb_jetson_ws/build/bbb_package
