[1.841s] Invoking command in '/home/jetson/bbb_jetson_ws/build/diffdrive_arduino': CMAKE_PREFIX_PATH=/home/jetson/bbb_jetson_ws/install/serial:/home/jetson/bbb_jetson_ws/install/diffdrive_arduino:/home/jetson/bbb_jetson_ws/install/ros2_laser_scan_matcher:/home/jetson/bbb_jetson_ws/install/micro_ros_setup:/home/jetson/bbb_jetson_ws/install/csm:/home/jetson/bbb_jetson_ws/install/bbb_robot:/home/jetson/bbb_jetson_ws/install/bbb_package:/opt/ros/foxy /usr/bin/cmake --build /home/jetson/bbb_jetson_ws/build/diffdrive_arduino -- -j4 -l4
[2.500s] [ 42%] Built target fake_robot
[2.502s] [100%] Built target diffdrive_arduino
[2.587s] Invoked command in '/home/jetson/bbb_jetson_ws/build/diffdrive_arduino' returned '0': CMAKE_PREFIX_PATH=/home/jetson/bbb_jetson_ws/install/serial:/home/jetson/bbb_jetson_ws/install/diffdrive_arduino:/home/jetson/bbb_jetson_ws/install/ros2_laser_scan_matcher:/home/jetson/bbb_jetson_ws/install/micro_ros_setup:/home/jetson/bbb_jetson_ws/install/csm:/home/jetson/bbb_jetson_ws/install/bbb_robot:/home/jetson/bbb_jetson_ws/install/bbb_package:/opt/ros/foxy /usr/bin/cmake --build /home/jetson/bbb_jetson_ws/build/diffdrive_arduino -- -j4 -l4
[2.890s] Invoking command in '/home/jetson/bbb_jetson_ws/build/diffdrive_arduino': CMAKE_PREFIX_PATH=/home/jetson/bbb_jetson_ws/install/serial:/home/jetson/bbb_jetson_ws/install/diffdrive_arduino:/home/jetson/bbb_jetson_ws/install/ros2_laser_scan_matcher:/home/jetson/bbb_jetson_ws/install/micro_ros_setup:/home/jetson/bbb_jetson_ws/install/csm:/home/jetson/bbb_jetson_ws/install/bbb_robot:/home/jetson/bbb_jetson_ws/install/bbb_package:/opt/ros/foxy /usr/bin/cmake --install /home/jetson/bbb_jetson_ws/build/diffdrive_arduino
[2.984s] -- Install configuration: ""
[2.989s] -- Execute custom install script
[2.994s] -- Up-to-date symlink: /home/jetson/bbb_jetson_ws/install/diffdrive_arduino/share/diffdrive_arduino//robot_hardware.xml
[2.998s] -- Up-to-date symlink: /home/jetson/bbb_jetson_ws/install/diffdrive_arduino/share/diffdrive_arduino//fake_robot_hardware.xml
[3.004s] -- Up-to-date symlink: /home/jetson/bbb_jetson_ws/install/diffdrive_arduino/lib/libdiffdrive_arduino.so
[3.013s] -- Up-to-date symlink: /home/jetson/bbb_jetson_ws/install/diffdrive_arduino/lib/libfake_robot.so
[3.019s] -- Up-to-date symlink: /home/jetson/bbb_jetson_ws/install/diffdrive_arduino/share/diffdrive_arduino/controllers/robot_controller_example.yaml
[3.028s] -- Up-to-date symlink: /home/jetson/bbb_jetson_ws/install/diffdrive_arduino/share/diffdrive_arduino/fake_robot.launch.py
[3.030s] -- Up-to-date symlink: /home/jetson/bbb_jetson_ws/install/diffdrive_arduino/share/diffdrive_arduino/test_robot.launch.py
[3.033s] -- Up-to-date symlink: /home/jetson/bbb_jetson_ws/install/diffdrive_arduino/share/diffdrive_arduino/environment/library_path.sh
[3.037s] -- Up-to-date symlink: /home/jetson/bbb_jetson_ws/install/diffdrive_arduino/share/diffdrive_arduino/environment/library_path.dsv
[3.042s] -- Up-to-date symlink: /home/jetson/bbb_jetson_ws/install/diffdrive_arduino/share/ament_index/resource_index/package_run_dependencies/diffdrive_arduino
[3.047s] -- Up-to-date symlink: /home/jetson/bbb_jetson_ws/install/diffdrive_arduino/share/ament_index/resource_index/parent_prefix_path/diffdrive_arduino
[3.051s] -- Up-to-date symlink: /home/jetson/bbb_jetson_ws/install/diffdrive_arduino/share/diffdrive_arduino/environment/ament_prefix_path.sh
[3.056s] -- Up-to-date symlink: /home/jetson/bbb_jetson_ws/install/diffdrive_arduino/share/diffdrive_arduino/environment/ament_prefix_path.dsv
[3.060s] -- Up-to-date symlink: /home/jetson/bbb_jetson_ws/install/diffdrive_arduino/share/diffdrive_arduino/environment/path.sh
[3.064s] -- Up-to-date symlink: /home/jetson/bbb_jetson_ws/install/diffdrive_arduino/share/diffdrive_arduino/environment/path.dsv
[3.068s] -- Up-to-date symlink: /home/jetson/bbb_jetson_ws/install/diffdrive_arduino/share/diffdrive_arduino/local_setup.bash
[3.075s] -- Up-to-date symlink: /home/jetson/bbb_jetson_ws/install/diffdrive_arduino/share/diffdrive_arduino/local_setup.sh
[3.078s] -- Up-to-date symlink: /home/jetson/bbb_jetson_ws/install/diffdrive_arduino/share/diffdrive_arduino/local_setup.zsh
[3.082s] -- Up-to-date symlink: /home/jetson/bbb_jetson_ws/install/diffdrive_arduino/share/diffdrive_arduino/local_setup.dsv
[3.085s] -- Symlinking: /home/jetson/bbb_jetson_ws/install/diffdrive_arduino/share/diffdrive_arduino/package.dsv
[3.162s] -- Up-to-date symlink: /home/jetson/bbb_jetson_ws/install/diffdrive_arduino/share/ament_index/resource_index/packages/diffdrive_arduino
[3.166s] -- Up-to-date symlink: /home/jetson/bbb_jetson_ws/install/diffdrive_arduino/share/ament_index/resource_index/hardware_interface__pluginlib__plugin/diffdrive_arduino
[3.170s] -- Up-to-date symlink: /home/jetson/bbb_jetson_ws/install/diffdrive_arduino/share/diffdrive_arduino/cmake/ament_cmake_export_libraries-extras.cmake
[3.175s] -- Up-to-date symlink: /home/jetson/bbb_jetson_ws/install/diffdrive_arduino/share/diffdrive_arduino/cmake/ament_cmake_export_dependencies-extras.cmake
[3.179s] -- Up-to-date symlink: /home/jetson/bbb_jetson_ws/install/diffdrive_arduino/share/diffdrive_arduino/cmake/diffdrive_arduinoConfig.cmake
[3.183s] -- Up-to-date symlink: /home/jetson/bbb_jetson_ws/install/diffdrive_arduino/share/diffdrive_arduino/cmake/diffdrive_arduinoConfig-version.cmake
[3.186s] -- Up-to-date symlink: /home/jetson/bbb_jetson_ws/install/diffdrive_arduino/share/diffdrive_arduino/package.xml
[3.201s] Invoked command in '/home/jetson/bbb_jetson_ws/build/diffdrive_arduino' returned '0': CMAKE_PREFIX_PATH=/home/jetson/bbb_jetson_ws/install/serial:/home/jetson/bbb_jetson_ws/install/diffdrive_arduino:/home/jetson/bbb_jetson_ws/install/ros2_laser_scan_matcher:/home/jetson/bbb_jetson_ws/install/micro_ros_setup:/home/jetson/bbb_jetson_ws/install/csm:/home/jetson/bbb_jetson_ws/install/bbb_robot:/home/jetson/bbb_jetson_ws/install/bbb_package:/opt/ros/foxy /usr/bin/cmake --install /home/jetson/bbb_jetson_ws/build/diffdrive_arduino
