[1.707s] Invoking command in '/home/jetson/bbb_jetson_ws/build/serial': CMAKE_PREFIX_PATH=${CMAKE_PREFIX_PATH}:/home/jetson/bbb_jetson_ws/install/bbb:/opt/ros/foxy /usr/bin/cmake --build /home/jetson/bbb_jetson_ws/build/serial -- -j4 -l4
[1.922s] [ 14%] Built target gtest
[1.927s] [ 28%] Built target gtest_main
[1.934s] [ 57%] Built target serial
[2.004s] [ 71%] Built target serial-test
[2.013s] [ 85%] Built target serial_example
[2.033s] [100%] Built target serial-test-timer
[2.077s] Invoked command in '/home/jetson/bbb_jetson_ws/build/serial' returned '0': CMAKE_PREFIX_PATH=${CMAKE_PREFIX_PATH}:/home/jetson/bbb_jetson_ws/install/bbb:/opt/ros/foxy /usr/bin/cmake --build /home/jetson/bbb_jetson_ws/build/serial -- -j4 -l4
[2.572s] Invoking command in '/home/jetson/bbb_jetson_ws/build/serial': CMAKE_PREFIX_PATH=${CMAKE_PREFIX_PATH}:/home/jetson/bbb_jetson_ws/install/bbb:/opt/ros/foxy /usr/bin/cmake --install /home/jetson/bbb_jetson_ws/build/serial
[2.599s] -- Install configuration: ""
[2.602s] -- Execute custom install script
[2.604s] -- Up-to-date symlink: /home/jetson/bbb_jetson_ws/install/serial/lib/libserial.a
[2.607s] -- Up-to-date symlink: /home/jetson/bbb_jetson_ws/install/serial/include/serial/serial.h
[2.608s] -- Up-to-date symlink: /home/jetson/bbb_jetson_ws/install/serial/include/serial/v8stdint.h
[2.610s] -- Up-to-date symlink: /home/jetson/bbb_jetson_ws/install/serial/share/serial/environment/library_path.sh
[2.613s] -- Up-to-date symlink: /home/jetson/bbb_jetson_ws/install/serial/share/serial/environment/library_path.dsv
[2.614s] -- Up-to-date symlink: /home/jetson/bbb_jetson_ws/install/serial/share/ament_index/resource_index/package_run_dependencies/serial
[2.616s] -- Up-to-date symlink: /home/jetson/bbb_jetson_ws/install/serial/share/ament_index/resource_index/parent_prefix_path/serial
[2.616s] -- Up-to-date symlink: /home/jetson/bbb_jetson_ws/install/serial/share/serial/environment/ament_prefix_path.sh
[2.617s] -- Up-to-date symlink: /home/jetson/bbb_jetson_ws/install/serial/share/serial/environment/ament_prefix_path.dsv
[2.617s] -- Up-to-date symlink: /home/jetson/bbb_jetson_ws/install/serial/share/serial/environment/path.sh
[2.617s] -- Up-to-date symlink: /home/jetson/bbb_jetson_ws/install/serial/share/serial/environment/path.dsv
[2.618s] -- Up-to-date symlink: /home/jetson/bbb_jetson_ws/install/serial/share/serial/local_setup.bash
[2.620s] -- Up-to-date symlink: /home/jetson/bbb_jetson_ws/install/serial/share/serial/local_setup.sh
[2.621s] -- Up-to-date symlink: /home/jetson/bbb_jetson_ws/install/serial/share/serial/local_setup.zsh
[2.622s] -- Up-to-date symlink: /home/jetson/bbb_jetson_ws/install/serial/share/serial/local_setup.dsv
[2.623s] -- Symlinking: /home/jetson/bbb_jetson_ws/install/serial/share/serial/package.dsv
[2.651s] -- Up-to-date symlink: /home/jetson/bbb_jetson_ws/install/serial/share/ament_index/resource_index/packages/serial
[2.652s] -- Up-to-date symlink: /home/jetson/bbb_jetson_ws/install/serial/share/serial/cmake/ament_cmake_export_include_directories-extras.cmake
[2.653s] -- Up-to-date symlink: /home/jetson/bbb_jetson_ws/install/serial/share/serial/cmake/ament_cmake_export_libraries-extras.cmake
[2.655s] -- Up-to-date symlink: /home/jetson/bbb_jetson_ws/install/serial/share/serial/cmake/serialConfig.cmake
[2.656s] -- Up-to-date symlink: /home/jetson/bbb_jetson_ws/install/serial/share/serial/cmake/serialConfig-version.cmake
[2.657s] -- Up-to-date symlink: /home/jetson/bbb_jetson_ws/install/serial/share/serial/package.xml
[3.045s] Invoked command in '/home/jetson/bbb_jetson_ws/build/serial' returned '0': CMAKE_PREFIX_PATH=${CMAKE_PREFIX_PATH}:/home/jetson/bbb_jetson_ws/install/bbb:/opt/ros/foxy /usr/bin/cmake --install /home/jetson/bbb_jetson_ws/build/serial
