[3.186s] DEBUG:colcon:Command line arguments: ['/usr/bin/colcon', 'build', '--packages-select', 'tune_package']
[3.188s] DEBUG:colcon:Parsed command line arguments: Namespace(allow_overriding=[], ament_cmake_args=None, base_paths=['.'], build_base='build', catkin_cmake_args=None, catkin_skip_building_tests=False, cmake_args=None, cmake_clean_cache=False, cmake_clean_first=False, cmake_force_configure=False, cmake_target=None, cmake_target_skip_unavailable=False, continue_on_error=False, event_handlers=None, executor='parallel', ignore_user_meta=False, install_base='install', log_base=None, log_level=None, main=<bound method BuildVerb.main of <colcon_core.verb.build.BuildVerb object at 0x7fa0baba00>>, merge_install=False, metas=['./colcon.meta'], packages_above=None, packages_above_and_dependencies=None, packages_above_depth=None, packages_end=None, packages_ignore=None, packages_ignore_regex=None, packages_select=['tune_package'], packages_select_build_failed=False, packages_select_by_dep=None, packages_select_regex=None, packages_select_test_failures=False, packages_skip=None, packages_skip_build_finished=False, packages_skip_by_dep=None, packages_skip_regex=None, packages_skip_test_passed=False, packages_skip_up_to=None, packages_start=None, packages_up_to=None, packages_up_to_regex=None, parallel_workers=4, paths=None, symlink_install=False, test_result_base=None, verb_extension=<colcon_core.verb.build.BuildVerb object at 0x7fa0baba00>, verb_name='build', verb_parser=<colcon_defaults.argument_parser.defaults.DefaultArgumentsDecorator object at 0x7fa0ab86a0>)
[6.001s] Level 1:colcon.colcon_core.package_discovery:discover_packages(colcon_meta) check parameters
[6.003s] Level 1:colcon.colcon_core.package_discovery:discover_packages(recursive) check parameters
[6.004s] Level 1:colcon.colcon_core.package_discovery:discover_packages(ignore) check parameters
[6.005s] Level 1:colcon.colcon_core.package_discovery:discover_packages(path) check parameters
[6.006s] Level 1:colcon.colcon_core.package_discovery:discover_packages(colcon_meta) discover
[6.008s] Level 1:colcon.colcon_core.package_discovery:discover_packages(recursive) discover
[6.009s] INFO:colcon.colcon_core.package_discovery:Crawling recursively for packages in '/home/jetson/bbb_jetson_ws'
[6.011s] Level 1:colcon.colcon_core.package_identification:_identify(.) by extensions ['ignore', 'ignore_ament_install']
[6.013s] Level 1:colcon.colcon_core.package_identification:_identify(.) by extension 'ignore'
[6.015s] Level 1:colcon.colcon_core.package_identification:_identify(.) by extension 'ignore_ament_install'
[6.016s] Level 1:colcon.colcon_core.package_identification:_identify(.) by extensions ['colcon_pkg']
[6.017s] Level 1:colcon.colcon_core.package_identification:_identify(.) by extension 'colcon_pkg'
[6.019s] Level 1:colcon.colcon_core.package_identification:_identify(.) by extensions ['colcon_meta']
[6.020s] Level 1:colcon.colcon_core.package_identification:_identify(.) by extension 'colcon_meta'
[6.022s] Level 1:colcon.colcon_core.package_identification:_identify(.) by extensions ['ros']
[6.022s] Level 1:colcon.colcon_core.package_identification:_identify(.) by extension 'ros'
[6.173s] Level 1:colcon.colcon_core.package_identification:_identify(.) by extensions ['cmake', 'python']
[6.175s] Level 1:colcon.colcon_core.package_identification:_identify(.) by extension 'cmake'
[6.176s] Level 1:colcon.colcon_core.package_identification:_identify(.) by extension 'python'
[6.178s] Level 1:colcon.colcon_core.package_identification:_identify(.) by extensions ['python_setup_py']
[6.179s] Level 1:colcon.colcon_core.package_identification:_identify(.) by extension 'python_setup_py'
[6.181s] Level 1:colcon.colcon_core.package_identification:_identify(build) by extensions ['ignore', 'ignore_ament_install']
[6.183s] Level 1:colcon.colcon_core.package_identification:_identify(build) by extension 'ignore'
[6.184s] Level 1:colcon.colcon_core.package_identification:_identify(build) ignored
[6.187s] Level 1:colcon.colcon_core.package_identification:_identify(frames) by extensions ['ignore', 'ignore_ament_install']
[6.189s] Level 1:colcon.colcon_core.package_identification:_identify(frames) by extension 'ignore'
[6.191s] Level 1:colcon.colcon_core.package_identification:_identify(frames) by extension 'ignore_ament_install'
[6.192s] Level 1:colcon.colcon_core.package_identification:_identify(frames) by extensions ['colcon_pkg']
[6.194s] Level 1:colcon.colcon_core.package_identification:_identify(frames) by extension 'colcon_pkg'
[6.195s] Level 1:colcon.colcon_core.package_identification:_identify(frames) by extensions ['colcon_meta']
[6.196s] Level 1:colcon.colcon_core.package_identification:_identify(frames) by extension 'colcon_meta'
[6.198s] Level 1:colcon.colcon_core.package_identification:_identify(frames) by extensions ['ros']
[6.199s] Level 1:colcon.colcon_core.package_identification:_identify(frames) by extension 'ros'
[6.201s] Level 1:colcon.colcon_core.package_identification:_identify(frames) by extensions ['cmake', 'python']
[6.202s] Level 1:colcon.colcon_core.package_identification:_identify(frames) by extension 'cmake'
[6.204s] Level 1:colcon.colcon_core.package_identification:_identify(frames) by extension 'python'
[6.205s] Level 1:colcon.colcon_core.package_identification:_identify(frames) by extensions ['python_setup_py']
[6.206s] Level 1:colcon.colcon_core.package_identification:_identify(frames) by extension 'python_setup_py'
[6.208s] Level 1:colcon.colcon_core.package_identification:_identify(install) by extensions ['ignore', 'ignore_ament_install']
[6.210s] Level 1:colcon.colcon_core.package_identification:_identify(install) by extension 'ignore'
[6.212s] Level 1:colcon.colcon_core.package_identification:_identify(install) ignored
[6.226s] Level 1:colcon.colcon_core.package_identification:_identify(log) by extensions ['ignore', 'ignore_ament_install']
[6.227s] Level 1:colcon.colcon_core.package_identification:_identify(log) by extension 'ignore'
[6.228s] Level 1:colcon.colcon_core.package_identification:_identify(log) ignored
[6.229s] Level 1:colcon.colcon_core.package_identification:_identify(src) by extensions ['ignore', 'ignore_ament_install']
[6.231s] Level 1:colcon.colcon_core.package_identification:_identify(src) by extension 'ignore'
[6.232s] Level 1:colcon.colcon_core.package_identification:_identify(src) by extension 'ignore_ament_install'
[6.233s] Level 1:colcon.colcon_core.package_identification:_identify(src) by extensions ['colcon_pkg']
[6.233s] Level 1:colcon.colcon_core.package_identification:_identify(src) by extension 'colcon_pkg'
[6.234s] Level 1:colcon.colcon_core.package_identification:_identify(src) by extensions ['colcon_meta']
[6.235s] Level 1:colcon.colcon_core.package_identification:_identify(src) by extension 'colcon_meta'
[6.235s] Level 1:colcon.colcon_core.package_identification:_identify(src) by extensions ['ros']
[6.236s] Level 1:colcon.colcon_core.package_identification:_identify(src) by extension 'ros'
[6.237s] Level 1:colcon.colcon_core.package_identification:_identify(src) by extensions ['cmake', 'python']
[6.239s] Level 1:colcon.colcon_core.package_identification:_identify(src) by extension 'cmake'
[6.240s] Level 1:colcon.colcon_core.package_identification:_identify(src) by extension 'python'
[6.241s] Level 1:colcon.colcon_core.package_identification:_identify(src) by extensions ['python_setup_py']
[6.243s] Level 1:colcon.colcon_core.package_identification:_identify(src) by extension 'python_setup_py'
[6.245s] Level 1:colcon.colcon_core.package_identification:_identify(src/bbb_package) by extensions ['ignore', 'ignore_ament_install']
[6.247s] Level 1:colcon.colcon_core.package_identification:_identify(src/bbb_package) by extension 'ignore'
[6.248s] Level 1:colcon.colcon_core.package_identification:_identify(src/bbb_package) by extension 'ignore_ament_install'
[6.249s] Level 1:colcon.colcon_core.package_identification:_identify(src/bbb_package) by extensions ['colcon_pkg']
[6.249s] Level 1:colcon.colcon_core.package_identification:_identify(src/bbb_package) by extension 'colcon_pkg'
[6.250s] Level 1:colcon.colcon_core.package_identification:_identify(src/bbb_package) by extensions ['colcon_meta']
[6.251s] Level 1:colcon.colcon_core.package_identification:_identify(src/bbb_package) by extension 'colcon_meta'
[6.252s] Level 1:colcon.colcon_core.package_identification:_identify(src/bbb_package) by extensions ['ros']
[6.252s] Level 1:colcon.colcon_core.package_identification:_identify(src/bbb_package) by extension 'ros'
[6.288s] DEBUG:colcon.colcon_core.package_identification:Package 'src/bbb_package' with type 'ros.ament_cmake' and name 'bbb_package'
[6.290s] Level 1:colcon.colcon_core.package_identification:_identify(src/bbb_robot) by extensions ['ignore', 'ignore_ament_install']
[6.291s] Level 1:colcon.colcon_core.package_identification:_identify(src/bbb_robot) by extension 'ignore'
[6.292s] Level 1:colcon.colcon_core.package_identification:_identify(src/bbb_robot) by extension 'ignore_ament_install'
[6.293s] Level 1:colcon.colcon_core.package_identification:_identify(src/bbb_robot) by extensions ['colcon_pkg']
[6.293s] Level 1:colcon.colcon_core.package_identification:_identify(src/bbb_robot) by extension 'colcon_pkg'
[6.294s] Level 1:colcon.colcon_core.package_identification:_identify(src/bbb_robot) by extensions ['colcon_meta']
[6.295s] Level 1:colcon.colcon_core.package_identification:_identify(src/bbb_robot) by extension 'colcon_meta'
[6.295s] Level 1:colcon.colcon_core.package_identification:_identify(src/bbb_robot) by extensions ['ros']
[6.296s] Level 1:colcon.colcon_core.package_identification:_identify(src/bbb_robot) by extension 'ros'
[6.302s] DEBUG:colcon.colcon_core.package_identification:Package 'src/bbb_robot' with type 'ros.ament_cmake' and name 'bbb_robot'
[6.303s] Level 1:colcon.colcon_core.package_identification:_identify(src/build) by extensions ['ignore', 'ignore_ament_install']
[6.304s] Level 1:colcon.colcon_core.package_identification:_identify(src/build) by extension 'ignore'
[6.305s] Level 1:colcon.colcon_core.package_identification:_identify(src/build) ignored
[6.307s] Level 1:colcon.colcon_core.package_identification:_identify(src/csm) by extensions ['ignore', 'ignore_ament_install']
[6.308s] Level 1:colcon.colcon_core.package_identification:_identify(src/csm) by extension 'ignore'
[6.309s] Level 1:colcon.colcon_core.package_identification:_identify(src/csm) by extension 'ignore_ament_install'
[6.310s] Level 1:colcon.colcon_core.package_identification:_identify(src/csm) by extensions ['colcon_pkg']
[6.310s] Level 1:colcon.colcon_core.package_identification:_identify(src/csm) by extension 'colcon_pkg'
[6.311s] Level 1:colcon.colcon_core.package_identification:_identify(src/csm) by extensions ['colcon_meta']
[6.311s] Level 1:colcon.colcon_core.package_identification:_identify(src/csm) by extension 'colcon_meta'
[6.312s] Level 1:colcon.colcon_core.package_identification:_identify(src/csm) by extensions ['ros']
[6.313s] Level 1:colcon.colcon_core.package_identification:_identify(src/csm) by extension 'ros'
[6.321s] DEBUG:colcon.colcon_core.package_identification:Package 'src/csm' with type 'ros.ament_cmake' and name 'csm'
[6.322s] Level 1:colcon.colcon_core.package_identification:_identify(src/diffdrive_arduino) by extensions ['ignore', 'ignore_ament_install']
[6.324s] Level 1:colcon.colcon_core.package_identification:_identify(src/diffdrive_arduino) by extension 'ignore'
[6.325s] Level 1:colcon.colcon_core.package_identification:_identify(src/diffdrive_arduino) by extension 'ignore_ament_install'
[6.326s] Level 1:colcon.colcon_core.package_identification:_identify(src/diffdrive_arduino) by extensions ['colcon_pkg']
[6.326s] Level 1:colcon.colcon_core.package_identification:_identify(src/diffdrive_arduino) by extension 'colcon_pkg'
[6.327s] Level 1:colcon.colcon_core.package_identification:_identify(src/diffdrive_arduino) by extensions ['colcon_meta']
[6.328s] Level 1:colcon.colcon_core.package_identification:_identify(src/diffdrive_arduino) by extension 'colcon_meta'
[6.328s] Level 1:colcon.colcon_core.package_identification:_identify(src/diffdrive_arduino) by extensions ['ros']
[6.329s] Level 1:colcon.colcon_core.package_identification:_identify(src/diffdrive_arduino) by extension 'ros'
[6.342s] DEBUG:colcon.colcon_core.package_identification:Package 'src/diffdrive_arduino' with type 'ros.ament_cmake' and name 'diffdrive_arduino'
[6.344s] Level 1:colcon.colcon_core.package_identification:_identify(src/install) by extensions ['ignore', 'ignore_ament_install']
[6.345s] Level 1:colcon.colcon_core.package_identification:_identify(src/install) by extension 'ignore'
[6.346s] Level 1:colcon.colcon_core.package_identification:_identify(src/install) ignored
[6.347s] Level 1:colcon.colcon_core.package_identification:_identify(src/log) by extensions ['ignore', 'ignore_ament_install']
[6.349s] Level 1:colcon.colcon_core.package_identification:_identify(src/log) by extension 'ignore'
[6.350s] Level 1:colcon.colcon_core.package_identification:_identify(src/log) ignored
[6.352s] Level 1:colcon.colcon_core.package_identification:_identify(src/ros2_laser_scan_matcher) by extensions ['ignore', 'ignore_ament_install']
[6.353s] Level 1:colcon.colcon_core.package_identification:_identify(src/ros2_laser_scan_matcher) by extension 'ignore'
[6.354s] Level 1:colcon.colcon_core.package_identification:_identify(src/ros2_laser_scan_matcher) by extension 'ignore_ament_install'
[6.358s] Level 1:colcon.colcon_core.package_identification:_identify(src/ros2_laser_scan_matcher) by extensions ['colcon_pkg']
[6.360s] Level 1:colcon.colcon_core.package_identification:_identify(src/ros2_laser_scan_matcher) by extension 'colcon_pkg'
[6.361s] Level 1:colcon.colcon_core.package_identification:_identify(src/ros2_laser_scan_matcher) by extensions ['colcon_meta']
[6.363s] Level 1:colcon.colcon_core.package_identification:_identify(src/ros2_laser_scan_matcher) by extension 'colcon_meta'
[6.364s] Level 1:colcon.colcon_core.package_identification:_identify(src/ros2_laser_scan_matcher) by extensions ['ros']
[6.365s] Level 1:colcon.colcon_core.package_identification:_identify(src/ros2_laser_scan_matcher) by extension 'ros'
[6.374s] DEBUG:colcon.colcon_core.package_identification:Package 'src/ros2_laser_scan_matcher' with type 'ros.ament_cmake' and name 'ros2_laser_scan_matcher'
[6.376s] Level 1:colcon.colcon_core.package_identification:_identify(src/serial) by extensions ['ignore', 'ignore_ament_install']
[6.377s] Level 1:colcon.colcon_core.package_identification:_identify(src/serial) by extension 'ignore'
[6.379s] Level 1:colcon.colcon_core.package_identification:_identify(src/serial) by extension 'ignore_ament_install'
[6.380s] Level 1:colcon.colcon_core.package_identification:_identify(src/serial) by extensions ['colcon_pkg']
[6.380s] Level 1:colcon.colcon_core.package_identification:_identify(src/serial) by extension 'colcon_pkg'
[6.381s] Level 1:colcon.colcon_core.package_identification:_identify(src/serial) by extensions ['colcon_meta']
[6.382s] Level 1:colcon.colcon_core.package_identification:_identify(src/serial) by extension 'colcon_meta'
[6.384s] Level 1:colcon.colcon_core.package_identification:_identify(src/serial) by extensions ['ros']
[6.385s] Level 1:colcon.colcon_core.package_identification:_identify(src/serial) by extension 'ros'
[6.392s] DEBUG:colcon.colcon_core.package_identification:Package 'src/serial' with type 'ros.ament_cmake' and name 'serial'
[6.394s] Level 1:colcon.colcon_core.package_identification:_identify(src/tune_package) by extensions ['ignore', 'ignore_ament_install']
[6.396s] Level 1:colcon.colcon_core.package_identification:_identify(src/tune_package) by extension 'ignore'
[6.398s] Level 1:colcon.colcon_core.package_identification:_identify(src/tune_package) by extension 'ignore_ament_install'
[6.399s] Level 1:colcon.colcon_core.package_identification:_identify(src/tune_package) by extensions ['colcon_pkg']
[6.401s] Level 1:colcon.colcon_core.package_identification:_identify(src/tune_package) by extension 'colcon_pkg'
[6.402s] Level 1:colcon.colcon_core.package_identification:_identify(src/tune_package) by extensions ['colcon_meta']
[6.402s] Level 1:colcon.colcon_core.package_identification:_identify(src/tune_package) by extension 'colcon_meta'
[6.403s] Level 1:colcon.colcon_core.package_identification:_identify(src/tune_package) by extensions ['ros']
[6.403s] Level 1:colcon.colcon_core.package_identification:_identify(src/tune_package) by extension 'ros'
[6.409s] DEBUG:colcon.colcon_core.package_identification:Package 'src/tune_package' with type 'ros.ament_cmake' and name 'tune_package'
[6.410s] Level 1:colcon.colcon_core.package_discovery:discover_packages(recursive) using defaults
[6.411s] Level 1:colcon.colcon_core.package_discovery:discover_packages(ignore) discover
[6.411s] Level 1:colcon.colcon_core.package_discovery:discover_packages(ignore) using defaults
[6.412s] Level 1:colcon.colcon_core.package_discovery:discover_packages(path) discover
[6.412s] Level 1:colcon.colcon_core.package_discovery:discover_packages(path) using defaults
[6.612s] INFO:colcon.colcon_core.package_selection:Skipping not selected package 'bbb_robot' in 'src/bbb_robot'
[6.613s] INFO:colcon.colcon_core.package_selection:Skipping not selected package 'csm' in 'src/csm'
[6.614s] INFO:colcon.colcon_core.package_selection:Skipping not selected package 'serial' in 'src/serial'
[6.614s] INFO:colcon.colcon_core.package_selection:Skipping not selected package 'bbb_package' in 'src/bbb_package'
[6.614s] INFO:colcon.colcon_core.package_selection:Skipping not selected package 'diffdrive_arduino' in 'src/diffdrive_arduino'
[6.615s] INFO:colcon.colcon_core.package_selection:Skipping not selected package 'ros2_laser_scan_matcher' in 'src/ros2_laser_scan_matcher'
[6.619s] Level 1:colcon.colcon_core.package_discovery:discover_packages(prefix_path) check parameters
[6.621s] Level 1:colcon.colcon_core.package_discovery:discover_packages(prefix_path) discover
[6.650s] DEBUG:colcon.colcon_installed_package_information.package_discovery:Found 8 installed packages in /home/jetson/bbb_jetson_ws/install
[6.673s] DEBUG:colcon.colcon_installed_package_information.package_discovery:Found 290 installed packages in /opt/ros/foxy
[6.703s] Level 1:colcon.colcon_core.package_discovery:discover_packages(prefix_path) using defaults
[7.872s] Level 5:colcon.colcon_core.verb:set package 'tune_package' build argument 'cmake_args' from command line to 'None'
[7.873s] Level 5:colcon.colcon_core.verb:set package 'tune_package' build argument 'cmake_target' from command line to 'None'
[7.874s] Level 5:colcon.colcon_core.verb:set package 'tune_package' build argument 'cmake_target_skip_unavailable' from command line to 'False'
[7.874s] Level 5:colcon.colcon_core.verb:set package 'tune_package' build argument 'cmake_clean_cache' from command line to 'False'
[7.874s] Level 5:colcon.colcon_core.verb:set package 'tune_package' build argument 'cmake_clean_first' from command line to 'False'
[7.875s] Level 5:colcon.colcon_core.verb:set package 'tune_package' build argument 'cmake_force_configure' from command line to 'False'
[7.875s] Level 5:colcon.colcon_core.verb:set package 'tune_package' build argument 'ament_cmake_args' from command line to 'None'
[7.876s] Level 5:colcon.colcon_core.verb:set package 'tune_package' build argument 'catkin_cmake_args' from command line to 'None'
[7.876s] Level 5:colcon.colcon_core.verb:set package 'tune_package' build argument 'catkin_skip_building_tests' from command line to 'False'
[7.877s] DEBUG:colcon.colcon_core.verb:Building package 'tune_package' with the following arguments: {'ament_cmake_args': None, 'build_base': '/home/jetson/bbb_jetson_ws/build/tune_package', 'catkin_cmake_args': None, 'catkin_skip_building_tests': False, 'cmake_args': None, 'cmake_clean_cache': False, 'cmake_clean_first': False, 'cmake_force_configure': False, 'cmake_target': None, 'cmake_target_skip_unavailable': False, 'install_base': '/home/jetson/bbb_jetson_ws/install/tune_package', 'merge_install': False, 'path': '/home/jetson/bbb_jetson_ws/src/tune_package', 'symlink_install': False, 'test_result_base': None}
[7.878s] INFO:colcon.colcon_core.executor:Executing jobs using 'parallel' executor
[7.888s] DEBUG:colcon.colcon_parallel_executor.executor.parallel:run_until_complete
[7.891s] INFO:colcon.colcon_ros.task.ament_cmake.build:Building ROS package in '/home/jetson/bbb_jetson_ws/src/tune_package' with build type 'ament_cmake'
[7.900s] INFO:colcon.colcon_cmake.task.cmake.build:Building CMake package in '/home/jetson/bbb_jetson_ws/src/tune_package'
[7.927s] INFO:colcon.colcon_core.plugin_system:Skipping extension 'colcon_core.shell.bat': Not used on non-Windows systems
[7.931s] INFO:colcon.colcon_core.shell:Skip shell extension 'powershell' for command environment: Not usable outside of PowerShell
[7.932s] DEBUG:colcon.colcon_core.shell:Skip shell extension 'dsv' for command environment
[8.092s] DEBUG:colcon.colcon_core.event_handler.log_command:Invoking command in '/home/jetson/bbb_jetson_ws/build/tune_package': CMAKE_PREFIX_PATH=${CMAKE_PREFIX_PATH}:/opt/ros/foxy /usr/bin/cmake --build /home/jetson/bbb_jetson_ws/build/tune_package -- -j4 -l4
[73.221s] DEBUG:colcon.colcon_core.event_handler.log_command:Invoked command in '/home/jetson/bbb_jetson_ws/build/tune_package' returned '0': CMAKE_PREFIX_PATH=${CMAKE_PREFIX_PATH}:/opt/ros/foxy /usr/bin/cmake --build /home/jetson/bbb_jetson_ws/build/tune_package -- -j4 -l4
[73.628s] DEBUG:colcon.colcon_core.event_handler.log_command:Invoking command in '/home/jetson/bbb_jetson_ws/build/tune_package': CMAKE_PREFIX_PATH=${CMAKE_PREFIX_PATH}:/opt/ros/foxy /usr/bin/cmake --install /home/jetson/bbb_jetson_ws/build/tune_package
[73.806s] Level 1:colcon.colcon_core.environment:create_environment_scripts_only(tune_package)
[73.820s] DEBUG:colcon.colcon_core.event_handler.log_command:Invoked command in '/home/jetson/bbb_jetson_ws/build/tune_package' returned '0': CMAKE_PREFIX_PATH=${CMAKE_PREFIX_PATH}:/opt/ros/foxy /usr/bin/cmake --install /home/jetson/bbb_jetson_ws/build/tune_package
[73.863s] Level 1:colcon.colcon_core.environment:checking '/home/jetson/bbb_jetson_ws/install/tune_package' for CMake module files
[73.874s] Level 1:colcon.colcon_core.environment:checking '/home/jetson/bbb_jetson_ws/install/tune_package' for CMake config files
[73.878s] Level 1:colcon.colcon_core.shell:create_environment_hook('tune_package', 'cmake_prefix_path')
[73.882s] INFO:colcon.colcon_core.shell:Creating environment hook '/home/jetson/bbb_jetson_ws/install/tune_package/share/tune_package/hook/cmake_prefix_path.ps1'
[73.891s] INFO:colcon.colcon_core.shell:Creating environment descriptor '/home/jetson/bbb_jetson_ws/install/tune_package/share/tune_package/hook/cmake_prefix_path.dsv'
[73.906s] INFO:colcon.colcon_core.shell:Creating environment hook '/home/jetson/bbb_jetson_ws/install/tune_package/share/tune_package/hook/cmake_prefix_path.sh'
[73.921s] Level 1:colcon.colcon_core.environment:checking '/home/jetson/bbb_jetson_ws/install/tune_package/lib'
[73.924s] Level 1:colcon.colcon_core.environment:checking '/home/jetson/bbb_jetson_ws/install/tune_package/bin'
[73.926s] Level 1:colcon.colcon_core.environment:checking '/home/jetson/bbb_jetson_ws/install/tune_package/lib/pkgconfig/tune_package.pc'
[73.930s] Level 1:colcon.colcon_core.environment:checking '/home/jetson/bbb_jetson_ws/install/tune_package/lib/python3.8/site-packages'
[73.938s] Level 1:colcon.colcon_core.environment:checking '/home/jetson/bbb_jetson_ws/install/tune_package/bin'
[73.943s] INFO:colcon.colcon_core.shell:Creating package script '/home/jetson/bbb_jetson_ws/install/tune_package/share/tune_package/package.ps1'
[73.956s] INFO:colcon.colcon_core.shell:Creating package descriptor '/home/jetson/bbb_jetson_ws/install/tune_package/share/tune_package/package.dsv'
[73.963s] INFO:colcon.colcon_core.shell:Creating package script '/home/jetson/bbb_jetson_ws/install/tune_package/share/tune_package/package.sh'
[73.977s] INFO:colcon.colcon_core.shell:Creating package script '/home/jetson/bbb_jetson_ws/install/tune_package/share/tune_package/package.bash'
[73.994s] INFO:colcon.colcon_core.shell:Creating package script '/home/jetson/bbb_jetson_ws/install/tune_package/share/tune_package/package.zsh'
[74.016s] Level 1:colcon.colcon_core.environment:create_file_with_runtime_dependencies(/home/jetson/bbb_jetson_ws/install/tune_package/share/colcon-core/packages/tune_package)
[74.406s] Level 1:colcon.colcon_core.environment:create_environment_scripts_only(tune_package)
[74.410s] Level 1:colcon.colcon_core.environment:checking '/home/jetson/bbb_jetson_ws/install/tune_package' for CMake module files
[74.419s] Level 1:colcon.colcon_core.environment:checking '/home/jetson/bbb_jetson_ws/install/tune_package' for CMake config files
[74.423s] Level 1:colcon.colcon_core.shell:create_environment_hook('tune_package', 'cmake_prefix_path')
[74.427s] INFO:colcon.colcon_core.shell:Creating environment hook '/home/jetson/bbb_jetson_ws/install/tune_package/share/tune_package/hook/cmake_prefix_path.ps1'
[74.431s] INFO:colcon.colcon_core.shell:Creating environment descriptor '/home/jetson/bbb_jetson_ws/install/tune_package/share/tune_package/hook/cmake_prefix_path.dsv'
[74.435s] INFO:colcon.colcon_core.shell:Creating environment hook '/home/jetson/bbb_jetson_ws/install/tune_package/share/tune_package/hook/cmake_prefix_path.sh'
[74.441s] Level 1:colcon.colcon_core.environment:checking '/home/jetson/bbb_jetson_ws/install/tune_package/lib'
[74.442s] Level 1:colcon.colcon_core.environment:checking '/home/jetson/bbb_jetson_ws/install/tune_package/bin'
[74.443s] Level 1:colcon.colcon_core.environment:checking '/home/jetson/bbb_jetson_ws/install/tune_package/lib/pkgconfig/tune_package.pc'
[74.446s] Level 1:colcon.colcon_core.environment:checking '/home/jetson/bbb_jetson_ws/install/tune_package/lib/python3.8/site-packages'
[74.448s] Level 1:colcon.colcon_core.environment:checking '/home/jetson/bbb_jetson_ws/install/tune_package/bin'
[74.453s] INFO:colcon.colcon_core.shell:Creating package script '/home/jetson/bbb_jetson_ws/install/tune_package/share/tune_package/package.ps1'
[74.458s] INFO:colcon.colcon_core.shell:Creating package descriptor '/home/jetson/bbb_jetson_ws/install/tune_package/share/tune_package/package.dsv'
[74.465s] INFO:colcon.colcon_core.shell:Creating package script '/home/jetson/bbb_jetson_ws/install/tune_package/share/tune_package/package.sh'
[74.470s] INFO:colcon.colcon_core.shell:Creating package script '/home/jetson/bbb_jetson_ws/install/tune_package/share/tune_package/package.bash'
[74.475s] INFO:colcon.colcon_core.shell:Creating package script '/home/jetson/bbb_jetson_ws/install/tune_package/share/tune_package/package.zsh'
[74.480s] Level 1:colcon.colcon_core.environment:create_file_with_runtime_dependencies(/home/jetson/bbb_jetson_ws/install/tune_package/share/colcon-core/packages/tune_package)
[74.482s] DEBUG:colcon.colcon_parallel_executor.executor.parallel:closing loop
[74.487s] DEBUG:colcon.colcon_parallel_executor.executor.parallel:loop closed
[74.490s] DEBUG:colcon.colcon_parallel_executor.executor.parallel:run_until_complete finished with '0'
[74.491s] DEBUG:colcon.colcon_core.event_reactor:joining thread
[74.566s] INFO:colcon.colcon_core.plugin_system:Skipping extension 'colcon_notification.desktop_notification.terminal_notifier': Not used on non-Darwin systems
[74.567s] INFO:colcon.colcon_core.plugin_system:Skipping extension 'colcon_notification.desktop_notification.win32': Not used on non-Windows systems
[74.569s] INFO:colcon.colcon_notification.desktop_notification:Sending desktop notification using 'notify2'
[74.670s] DEBUG:colcon.colcon_core.event_reactor:joined thread
[74.674s] INFO:colcon.colcon_core.shell:Creating prefix script '/home/jetson/bbb_jetson_ws/install/local_setup.ps1'
[74.690s] INFO:colcon.colcon_core.shell:Creating prefix util module '/home/jetson/bbb_jetson_ws/install/_local_setup_util_ps1.py'
[74.716s] INFO:colcon.colcon_core.shell:Creating prefix chain script '/home/jetson/bbb_jetson_ws/install/setup.ps1'
[74.740s] INFO:colcon.colcon_core.shell:Creating prefix script '/home/jetson/bbb_jetson_ws/install/local_setup.sh'
[74.750s] INFO:colcon.colcon_core.shell:Creating prefix util module '/home/jetson/bbb_jetson_ws/install/_local_setup_util_sh.py'
[74.760s] INFO:colcon.colcon_core.shell:Creating prefix chain script '/home/jetson/bbb_jetson_ws/install/setup.sh'
[74.786s] INFO:colcon.colcon_core.shell:Creating prefix script '/home/jetson/bbb_jetson_ws/install/local_setup.bash'
[74.794s] INFO:colcon.colcon_core.shell:Creating prefix chain script '/home/jetson/bbb_jetson_ws/install/setup.bash'
[74.821s] INFO:colcon.colcon_core.shell:Creating prefix script '/home/jetson/bbb_jetson_ws/install/local_setup.zsh'
[74.830s] INFO:colcon.colcon_core.shell:Creating prefix chain script '/home/jetson/bbb_jetson_ws/install/setup.zsh'
