[  5%] Built target data_processing_node_trap
[ 11%] Built target data_processing_node_straight
[ 17%] Built target data_processing_node
[ 23%] Built target controllers_node
[ 29%] Built target read_IMU
[ 35%] Built target read_lidar
[ 41%] Built target pid_node
[ 47%] Built target delta_angle_node
[ 52%] Built target tune_node
[ 58%] Built target tune_fuzzy_node
[ 64%] Built target fuzzy_longitudinal_controllers
[ 70%] Built target circumference_node
[ 76%] Built target straight_line_node
[ 82%] Built target stanley_node
[ 88%] Built target sinusoidal_node
[35m[1mScanning dependencies of target data_processing_node_zz[0m
[ 91%] [32mBuilding CXX object CMakeFiles/data_processing_node_zz.dir/src/data_processing_node_zz.cpp.o[0m
[ 94%] [32m[1mLinking CXX executable data_processing_node_zz[0m
[ 94%] Built target data_processing_node_zz
[100%] Built target data_processing_node_circle
-- Install configuration: ""
-- Up-to-date: /home/jetson/bbb_jetson_ws/install/bbb_package/lib/bbb_package/controllers_node
-- Up-to-date: /home/jetson/bbb_jetson_ws/install/bbb_package/lib/bbb_package/data_processing_node_straight
-- Installing: /home/jetson/bbb_jetson_ws/install/bbb_package/lib/bbb_package/data_processing_node_zz
-- Set runtime path of "/home/jetson/bbb_jetson_ws/install/bbb_package/lib/bbb_package/data_processing_node_zz" to ""
-- Up-to-date: /home/jetson/bbb_jetson_ws/install/bbb_package/lib/bbb_package/data_processing_node_circle
-- Up-to-date: /home/jetson/bbb_jetson_ws/install/bbb_package/lib/bbb_package/data_processing_node_trap
-- Up-to-date: /home/jetson/bbb_jetson_ws/install/bbb_package/share/bbb_package/launch
-- Up-to-date: /home/jetson/bbb_jetson_ws/install/bbb_package/share/bbb_package/launch/thesis.launch.py
-- Installing: /home/jetson/bbb_jetson_ws/install/bbb_package/share/bbb_package/package.dsv
