[2.688s] DEBUG:colcon:Command line arguments: ['/usr/bin/colcon', 'build', '--packages-select', 'bbb_package']
[2.689s] DEBUG:colcon:Parsed command line arguments: Namespace(allow_overriding=[], ament_cmake_args=None, base_paths=['.'], build_base='build', catkin_cmake_args=None, catkin_skip_building_tests=False, cmake_args=None, cmake_clean_cache=False, cmake_clean_first=False, cmake_force_configure=False, cmake_target=None, cmake_target_skip_unavailable=False, continue_on_error=False, event_handlers=None, executor='parallel', ignore_user_meta=False, install_base='install', log_base=None, log_level=None, main=<bound method BuildVerb.main of <colcon_core.verb.build.BuildVerb object at 0x7fadc0ca30>>, merge_install=False, metas=['./colcon.meta'], packages_above=None, packages_above_and_dependencies=None, packages_above_depth=None, packages_end=None, packages_ignore=None, packages_ignore_regex=None, packages_select=['bbb_package'], packages_select_build_failed=False, packages_select_by_dep=None, packages_select_regex=None, packages_select_test_failures=False, packages_skip=None, packages_skip_build_finished=False, packages_skip_by_dep=None, packages_skip_regex=None, packages_skip_test_passed=False, packages_skip_up_to=None, packages_start=None, packages_up_to=None, packages_up_to_regex=None, parallel_workers=4, paths=None, symlink_install=False, test_result_base=None, verb_extension=<colcon_core.verb.build.BuildVerb object at 0x7fadc0ca30>, verb_name='build', verb_parser=<colcon_defaults.argument_parser.defaults.DefaultArgumentsDecorator object at 0x7fadb186d0>)
[4.982s] Level 1:colcon.colcon_core.package_discovery:discover_packages(colcon_meta) check parameters
[4.984s] Level 1:colcon.colcon_core.package_discovery:discover_packages(recursive) check parameters
[4.984s] Level 1:colcon.colcon_core.package_discovery:discover_packages(ignore) check parameters
[4.985s] Level 1:colcon.colcon_core.package_discovery:discover_packages(path) check parameters
[4.985s] Level 1:colcon.colcon_core.package_discovery:discover_packages(colcon_meta) discover
[4.986s] Level 1:colcon.colcon_core.package_discovery:discover_packages(recursive) discover
[4.986s] INFO:colcon.colcon_core.package_discovery:Crawling recursively for packages in '/home/jetson/bbb_jetson_ws'
[4.988s] Level 1:colcon.colcon_core.package_identification:_identify(.) by extensions ['ignore', 'ignore_ament_install']
[4.989s] Level 1:colcon.colcon_core.package_identification:_identify(.) by extension 'ignore'
[4.990s] Level 1:colcon.colcon_core.package_identification:_identify(.) by extension 'ignore_ament_install'
[4.991s] Level 1:colcon.colcon_core.package_identification:_identify(.) by extensions ['colcon_pkg']
[4.991s] Level 1:colcon.colcon_core.package_identification:_identify(.) by extension 'colcon_pkg'
[4.992s] Level 1:colcon.colcon_core.package_identification:_identify(.) by extensions ['colcon_meta']
[4.993s] Level 1:colcon.colcon_core.package_identification:_identify(.) by extension 'colcon_meta'
[4.993s] Level 1:colcon.colcon_core.package_identification:_identify(.) by extensions ['ros']
[4.994s] Level 1:colcon.colcon_core.package_identification:_identify(.) by extension 'ros'
[5.131s] Level 1:colcon.colcon_core.package_identification:_identify(.) by extensions ['cmake', 'python']
[5.132s] Level 1:colcon.colcon_core.package_identification:_identify(.) by extension 'cmake'
[5.133s] Level 1:colcon.colcon_core.package_identification:_identify(.) by extension 'python'
[5.133s] Level 1:colcon.colcon_core.package_identification:_identify(.) by extensions ['python_setup_py']
[5.134s] Level 1:colcon.colcon_core.package_identification:_identify(.) by extension 'python_setup_py'
[5.135s] Level 1:colcon.colcon_core.package_identification:_identify(build) by extensions ['ignore', 'ignore_ament_install']
[5.136s] Level 1:colcon.colcon_core.package_identification:_identify(build) by extension 'ignore'
[5.137s] Level 1:colcon.colcon_core.package_identification:_identify(build) ignored
[5.138s] Level 1:colcon.colcon_core.package_identification:_identify(frames) by extensions ['ignore', 'ignore_ament_install']
[5.139s] Level 1:colcon.colcon_core.package_identification:_identify(frames) by extension 'ignore'
[5.140s] Level 1:colcon.colcon_core.package_identification:_identify(frames) by extension 'ignore_ament_install'
[5.141s] Level 1:colcon.colcon_core.package_identification:_identify(frames) by extensions ['colcon_pkg']
[5.141s] Level 1:colcon.colcon_core.package_identification:_identify(frames) by extension 'colcon_pkg'
[5.142s] Level 1:colcon.colcon_core.package_identification:_identify(frames) by extensions ['colcon_meta']
[5.142s] Level 1:colcon.colcon_core.package_identification:_identify(frames) by extension 'colcon_meta'
[5.143s] Level 1:colcon.colcon_core.package_identification:_identify(frames) by extensions ['ros']
[5.143s] Level 1:colcon.colcon_core.package_identification:_identify(frames) by extension 'ros'
[5.145s] Level 1:colcon.colcon_core.package_identification:_identify(frames) by extensions ['cmake', 'python']
[5.145s] Level 1:colcon.colcon_core.package_identification:_identify(frames) by extension 'cmake'
[5.146s] Level 1:colcon.colcon_core.package_identification:_identify(frames) by extension 'python'
[5.146s] Level 1:colcon.colcon_core.package_identification:_identify(frames) by extensions ['python_setup_py']
[5.147s] Level 1:colcon.colcon_core.package_identification:_identify(frames) by extension 'python_setup_py'
[5.148s] Level 1:colcon.colcon_core.package_identification:_identify(install) by extensions ['ignore', 'ignore_ament_install']
[5.149s] Level 1:colcon.colcon_core.package_identification:_identify(install) by extension 'ignore'
[5.150s] Level 1:colcon.colcon_core.package_identification:_identify(install) ignored
[5.164s] Level 1:colcon.colcon_core.package_identification:_identify(log) by extensions ['ignore', 'ignore_ament_install']
[5.166s] Level 1:colcon.colcon_core.package_identification:_identify(log) by extension 'ignore'
[5.166s] Level 1:colcon.colcon_core.package_identification:_identify(log) ignored
[5.168s] Level 1:colcon.colcon_core.package_identification:_identify(src) by extensions ['ignore', 'ignore_ament_install']
[5.169s] Level 1:colcon.colcon_core.package_identification:_identify(src) by extension 'ignore'
[5.169s] Level 1:colcon.colcon_core.package_identification:_identify(src) by extension 'ignore_ament_install'
[5.170s] Level 1:colcon.colcon_core.package_identification:_identify(src) by extensions ['colcon_pkg']
[5.171s] Level 1:colcon.colcon_core.package_identification:_identify(src) by extension 'colcon_pkg'
[5.171s] Level 1:colcon.colcon_core.package_identification:_identify(src) by extensions ['colcon_meta']
[5.172s] Level 1:colcon.colcon_core.package_identification:_identify(src) by extension 'colcon_meta'
[5.172s] Level 1:colcon.colcon_core.package_identification:_identify(src) by extensions ['ros']
[5.173s] Level 1:colcon.colcon_core.package_identification:_identify(src) by extension 'ros'
[5.174s] Level 1:colcon.colcon_core.package_identification:_identify(src) by extensions ['cmake', 'python']
[5.174s] Level 1:colcon.colcon_core.package_identification:_identify(src) by extension 'cmake'
[5.175s] Level 1:colcon.colcon_core.package_identification:_identify(src) by extension 'python'
[5.176s] Level 1:colcon.colcon_core.package_identification:_identify(src) by extensions ['python_setup_py']
[5.176s] Level 1:colcon.colcon_core.package_identification:_identify(src) by extension 'python_setup_py'
[5.177s] Level 1:colcon.colcon_core.package_identification:_identify(src/bbb_package) by extensions ['ignore', 'ignore_ament_install']
[5.178s] Level 1:colcon.colcon_core.package_identification:_identify(src/bbb_package) by extension 'ignore'
[5.179s] Level 1:colcon.colcon_core.package_identification:_identify(src/bbb_package) by extension 'ignore_ament_install'
[5.180s] Level 1:colcon.colcon_core.package_identification:_identify(src/bbb_package) by extensions ['colcon_pkg']
[5.180s] Level 1:colcon.colcon_core.package_identification:_identify(src/bbb_package) by extension 'colcon_pkg'
[5.181s] Level 1:colcon.colcon_core.package_identification:_identify(src/bbb_package) by extensions ['colcon_meta']
[5.181s] Level 1:colcon.colcon_core.package_identification:_identify(src/bbb_package) by extension 'colcon_meta'
[5.182s] Level 1:colcon.colcon_core.package_identification:_identify(src/bbb_package) by extensions ['ros']
[5.183s] Level 1:colcon.colcon_core.package_identification:_identify(src/bbb_package) by extension 'ros'
[5.213s] DEBUG:colcon.colcon_core.package_identification:Package 'src/bbb_package' with type 'ros.ament_cmake' and name 'bbb_package'
[5.215s] Level 1:colcon.colcon_core.package_identification:_identify(src/bbb_robot) by extensions ['ignore', 'ignore_ament_install']
[5.216s] Level 1:colcon.colcon_core.package_identification:_identify(src/bbb_robot) by extension 'ignore'
[5.217s] Level 1:colcon.colcon_core.package_identification:_identify(src/bbb_robot) by extension 'ignore_ament_install'
[5.218s] Level 1:colcon.colcon_core.package_identification:_identify(src/bbb_robot) by extensions ['colcon_pkg']
[5.218s] Level 1:colcon.colcon_core.package_identification:_identify(src/bbb_robot) by extension 'colcon_pkg'
[5.219s] Level 1:colcon.colcon_core.package_identification:_identify(src/bbb_robot) by extensions ['colcon_meta']
[5.219s] Level 1:colcon.colcon_core.package_identification:_identify(src/bbb_robot) by extension 'colcon_meta'
[5.220s] Level 1:colcon.colcon_core.package_identification:_identify(src/bbb_robot) by extensions ['ros']
[5.220s] Level 1:colcon.colcon_core.package_identification:_identify(src/bbb_robot) by extension 'ros'
[5.225s] DEBUG:colcon.colcon_core.package_identification:Package 'src/bbb_robot' with type 'ros.ament_cmake' and name 'bbb_robot'
[5.227s] Level 1:colcon.colcon_core.package_identification:_identify(src/build) by extensions ['ignore', 'ignore_ament_install']
[5.228s] Level 1:colcon.colcon_core.package_identification:_identify(src/build) by extension 'ignore'
[5.228s] Level 1:colcon.colcon_core.package_identification:_identify(src/build) ignored
[5.230s] Level 1:colcon.colcon_core.package_identification:_identify(src/csm) by extensions ['ignore', 'ignore_ament_install']
[5.231s] Level 1:colcon.colcon_core.package_identification:_identify(src/csm) by extension 'ignore'
[5.231s] Level 1:colcon.colcon_core.package_identification:_identify(src/csm) by extension 'ignore_ament_install'
[5.232s] Level 1:colcon.colcon_core.package_identification:_identify(src/csm) by extensions ['colcon_pkg']
[5.233s] Level 1:colcon.colcon_core.package_identification:_identify(src/csm) by extension 'colcon_pkg'
[5.233s] Level 1:colcon.colcon_core.package_identification:_identify(src/csm) by extensions ['colcon_meta']
[5.234s] Level 1:colcon.colcon_core.package_identification:_identify(src/csm) by extension 'colcon_meta'
[5.234s] Level 1:colcon.colcon_core.package_identification:_identify(src/csm) by extensions ['ros']
[5.235s] Level 1:colcon.colcon_core.package_identification:_identify(src/csm) by extension 'ros'
[5.242s] DEBUG:colcon.colcon_core.package_identification:Package 'src/csm' with type 'ros.ament_cmake' and name 'csm'
[5.244s] Level 1:colcon.colcon_core.package_identification:_identify(src/diffdrive_arduino) by extensions ['ignore', 'ignore_ament_install']
[5.245s] Level 1:colcon.colcon_core.package_identification:_identify(src/diffdrive_arduino) by extension 'ignore'
[5.245s] Level 1:colcon.colcon_core.package_identification:_identify(src/diffdrive_arduino) by extension 'ignore_ament_install'
[5.246s] Level 1:colcon.colcon_core.package_identification:_identify(src/diffdrive_arduino) by extensions ['colcon_pkg']
[5.247s] Level 1:colcon.colcon_core.package_identification:_identify(src/diffdrive_arduino) by extension 'colcon_pkg'
[5.247s] Level 1:colcon.colcon_core.package_identification:_identify(src/diffdrive_arduino) by extensions ['colcon_meta']
[5.248s] Level 1:colcon.colcon_core.package_identification:_identify(src/diffdrive_arduino) by extension 'colcon_meta'
[5.248s] Level 1:colcon.colcon_core.package_identification:_identify(src/diffdrive_arduino) by extensions ['ros']
[5.249s] Level 1:colcon.colcon_core.package_identification:_identify(src/diffdrive_arduino) by extension 'ros'
[5.261s] DEBUG:colcon.colcon_core.package_identification:Package 'src/diffdrive_arduino' with type 'ros.ament_cmake' and name 'diffdrive_arduino'
[5.262s] Level 1:colcon.colcon_core.package_identification:_identify(src/install) by extensions ['ignore', 'ignore_ament_install']
[5.264s] Level 1:colcon.colcon_core.package_identification:_identify(src/install) by extension 'ignore'
[5.264s] Level 1:colcon.colcon_core.package_identification:_identify(src/install) ignored
[5.265s] Level 1:colcon.colcon_core.package_identification:_identify(src/log) by extensions ['ignore', 'ignore_ament_install']
[5.267s] Level 1:colcon.colcon_core.package_identification:_identify(src/log) by extension 'ignore'
[5.267s] Level 1:colcon.colcon_core.package_identification:_identify(src/log) ignored
[5.268s] Level 1:colcon.colcon_core.package_identification:_identify(src/ros2_laser_scan_matcher) by extensions ['ignore', 'ignore_ament_install']
[5.269s] Level 1:colcon.colcon_core.package_identification:_identify(src/ros2_laser_scan_matcher) by extension 'ignore'
[5.270s] Level 1:colcon.colcon_core.package_identification:_identify(src/ros2_laser_scan_matcher) by extension 'ignore_ament_install'
[5.271s] Level 1:colcon.colcon_core.package_identification:_identify(src/ros2_laser_scan_matcher) by extensions ['colcon_pkg']
[5.271s] Level 1:colcon.colcon_core.package_identification:_identify(src/ros2_laser_scan_matcher) by extension 'colcon_pkg'
[5.272s] Level 1:colcon.colcon_core.package_identification:_identify(src/ros2_laser_scan_matcher) by extensions ['colcon_meta']
[5.272s] Level 1:colcon.colcon_core.package_identification:_identify(src/ros2_laser_scan_matcher) by extension 'colcon_meta'
[5.273s] Level 1:colcon.colcon_core.package_identification:_identify(src/ros2_laser_scan_matcher) by extensions ['ros']
[5.273s] Level 1:colcon.colcon_core.package_identification:_identify(src/ros2_laser_scan_matcher) by extension 'ros'
[5.282s] DEBUG:colcon.colcon_core.package_identification:Package 'src/ros2_laser_scan_matcher' with type 'ros.ament_cmake' and name 'ros2_laser_scan_matcher'
[5.284s] Level 1:colcon.colcon_core.package_identification:_identify(src/serial) by extensions ['ignore', 'ignore_ament_install']
[5.285s] Level 1:colcon.colcon_core.package_identification:_identify(src/serial) by extension 'ignore'
[5.286s] Level 1:colcon.colcon_core.package_identification:_identify(src/serial) by extension 'ignore_ament_install'
[5.286s] Level 1:colcon.colcon_core.package_identification:_identify(src/serial) by extensions ['colcon_pkg']
[5.287s] Level 1:colcon.colcon_core.package_identification:_identify(src/serial) by extension 'colcon_pkg'
[5.287s] Level 1:colcon.colcon_core.package_identification:_identify(src/serial) by extensions ['colcon_meta']
[5.288s] Level 1:colcon.colcon_core.package_identification:_identify(src/serial) by extension 'colcon_meta'
[5.289s] Level 1:colcon.colcon_core.package_identification:_identify(src/serial) by extensions ['ros']
[5.289s] Level 1:colcon.colcon_core.package_identification:_identify(src/serial) by extension 'ros'
[5.295s] DEBUG:colcon.colcon_core.package_identification:Package 'src/serial' with type 'ros.ament_cmake' and name 'serial'
[5.296s] Level 1:colcon.colcon_core.package_identification:_identify(src/tune_package) by extensions ['ignore', 'ignore_ament_install']
[5.297s] Level 1:colcon.colcon_core.package_identification:_identify(src/tune_package) by extension 'ignore'
[5.298s] Level 1:colcon.colcon_core.package_identification:_identify(src/tune_package) by extension 'ignore_ament_install'
[5.299s] Level 1:colcon.colcon_core.package_identification:_identify(src/tune_package) by extensions ['colcon_pkg']
[5.299s] Level 1:colcon.colcon_core.package_identification:_identify(src/tune_package) by extension 'colcon_pkg'
[5.300s] Level 1:colcon.colcon_core.package_identification:_identify(src/tune_package) by extensions ['colcon_meta']
[5.300s] Level 1:colcon.colcon_core.package_identification:_identify(src/tune_package) by extension 'colcon_meta'
[5.301s] Level 1:colcon.colcon_core.package_identification:_identify(src/tune_package) by extensions ['ros']
[5.301s] Level 1:colcon.colcon_core.package_identification:_identify(src/tune_package) by extension 'ros'
[5.306s] DEBUG:colcon.colcon_core.package_identification:Package 'src/tune_package' with type 'ros.ament_cmake' and name 'tune_package'
[5.307s] Level 1:colcon.colcon_core.package_discovery:discover_packages(recursive) using defaults
[5.308s] Level 1:colcon.colcon_core.package_discovery:discover_packages(ignore) discover
[5.308s] Level 1:colcon.colcon_core.package_discovery:discover_packages(ignore) using defaults
[5.308s] Level 1:colcon.colcon_core.package_discovery:discover_packages(path) discover
[5.309s] Level 1:colcon.colcon_core.package_discovery:discover_packages(path) using defaults
[5.491s] INFO:colcon.colcon_core.package_selection:Skipping not selected package 'bbb_robot' in 'src/bbb_robot'
[5.492s] INFO:colcon.colcon_core.package_selection:Skipping not selected package 'csm' in 'src/csm'
[5.492s] INFO:colcon.colcon_core.package_selection:Skipping not selected package 'serial' in 'src/serial'
[5.493s] INFO:colcon.colcon_core.package_selection:Skipping not selected package 'tune_package' in 'src/tune_package'
[5.493s] INFO:colcon.colcon_core.package_selection:Skipping not selected package 'diffdrive_arduino' in 'src/diffdrive_arduino'
[5.494s] INFO:colcon.colcon_core.package_selection:Skipping not selected package 'ros2_laser_scan_matcher' in 'src/ros2_laser_scan_matcher'
[5.498s] Level 1:colcon.colcon_core.package_discovery:discover_packages(prefix_path) check parameters
[5.498s] Level 1:colcon.colcon_core.package_discovery:discover_packages(prefix_path) discover
[5.525s] DEBUG:colcon.colcon_installed_package_information.package_discovery:Found 8 installed packages in /home/jetson/bbb_jetson_ws/install
[5.548s] DEBUG:colcon.colcon_installed_package_information.package_discovery:Found 290 installed packages in /opt/ros/foxy
[5.577s] Level 1:colcon.colcon_core.package_discovery:discover_packages(prefix_path) using defaults
[6.624s] Level 5:colcon.colcon_core.verb:set package 'bbb_package' build argument 'cmake_args' from command line to 'None'
[6.625s] Level 5:colcon.colcon_core.verb:set package 'bbb_package' build argument 'cmake_target' from command line to 'None'
[6.626s] Level 5:colcon.colcon_core.verb:set package 'bbb_package' build argument 'cmake_target_skip_unavailable' from command line to 'False'
[6.626s] Level 5:colcon.colcon_core.verb:set package 'bbb_package' build argument 'cmake_clean_cache' from command line to 'False'
[6.627s] Level 5:colcon.colcon_core.verb:set package 'bbb_package' build argument 'cmake_clean_first' from command line to 'False'
[6.627s] Level 5:colcon.colcon_core.verb:set package 'bbb_package' build argument 'cmake_force_configure' from command line to 'False'
[6.627s] Level 5:colcon.colcon_core.verb:set package 'bbb_package' build argument 'ament_cmake_args' from command line to 'None'
[6.628s] Level 5:colcon.colcon_core.verb:set package 'bbb_package' build argument 'catkin_cmake_args' from command line to 'None'
[6.628s] Level 5:colcon.colcon_core.verb:set package 'bbb_package' build argument 'catkin_skip_building_tests' from command line to 'False'
[6.629s] DEBUG:colcon.colcon_core.verb:Building package 'bbb_package' with the following arguments: {'ament_cmake_args': None, 'build_base': '/home/jetson/bbb_jetson_ws/build/bbb_package', 'catkin_cmake_args': None, 'catkin_skip_building_tests': False, 'cmake_args': None, 'cmake_clean_cache': False, 'cmake_clean_first': False, 'cmake_force_configure': False, 'cmake_target': None, 'cmake_target_skip_unavailable': False, 'install_base': '/home/jetson/bbb_jetson_ws/install/bbb_package', 'merge_install': False, 'path': '/home/jetson/bbb_jetson_ws/src/bbb_package', 'symlink_install': False, 'test_result_base': None}
[6.631s] INFO:colcon.colcon_core.executor:Executing jobs using 'parallel' executor
[6.640s] DEBUG:colcon.colcon_parallel_executor.executor.parallel:run_until_complete
[6.641s] INFO:colcon.colcon_ros.task.ament_cmake.build:Building ROS package in '/home/jetson/bbb_jetson_ws/src/bbb_package' with build type 'ament_cmake'
[6.643s] INFO:colcon.colcon_cmake.task.cmake.build:Building CMake package in '/home/jetson/bbb_jetson_ws/src/bbb_package'
[6.670s] INFO:colcon.colcon_core.plugin_system:Skipping extension 'colcon_core.shell.bat': Not used on non-Windows systems
[6.673s] INFO:colcon.colcon_core.shell:Skip shell extension 'powershell' for command environment: Not usable outside of PowerShell
[6.673s] DEBUG:colcon.colcon_core.shell:Skip shell extension 'dsv' for command environment
[6.806s] DEBUG:colcon.colcon_core.event_handler.log_command:Invoking command in '/home/jetson/bbb_jetson_ws/build/bbb_package': CMAKE_PREFIX_PATH=/home/jetson/bbb_jetson_ws/install/serial:/home/jetson/bbb_jetson_ws/install/tune_package:/home/jetson/bbb_jetson_ws/install/ros2_laser_scan_matcher:/home/jetson/bbb_jetson_ws/install/diffdrive_arduino:/home/jetson/bbb_jetson_ws/install/bbb_package:/home/jetson/bbb_jetson_ws/install/micro_ros_setup:/home/jetson/bbb_jetson_ws/install/csm:/home/jetson/bbb_jetson_ws/install/bbb_robot:/opt/ros/foxy /usr/bin/cmake --build /home/jetson/bbb_jetson_ws/build/bbb_package -- -j4 -l4
[88.537s] DEBUG:colcon.colcon_core.event_handler.log_command:Invoked command in '/home/jetson/bbb_jetson_ws/build/bbb_package' returned '0': CMAKE_PREFIX_PATH=/home/jetson/bbb_jetson_ws/install/serial:/home/jetson/bbb_jetson_ws/install/tune_package:/home/jetson/bbb_jetson_ws/install/ros2_laser_scan_matcher:/home/jetson/bbb_jetson_ws/install/diffdrive_arduino:/home/jetson/bbb_jetson_ws/install/bbb_package:/home/jetson/bbb_jetson_ws/install/micro_ros_setup:/home/jetson/bbb_jetson_ws/install/csm:/home/jetson/bbb_jetson_ws/install/bbb_robot:/opt/ros/foxy /usr/bin/cmake --build /home/jetson/bbb_jetson_ws/build/bbb_package -- -j4 -l4
[89.662s] DEBUG:colcon.colcon_core.event_handler.log_command:Invoking command in '/home/jetson/bbb_jetson_ws/build/bbb_package': CMAKE_PREFIX_PATH=/home/jetson/bbb_jetson_ws/install/serial:/home/jetson/bbb_jetson_ws/install/tune_package:/home/jetson/bbb_jetson_ws/install/ros2_laser_scan_matcher:/home/jetson/bbb_jetson_ws/install/diffdrive_arduino:/home/jetson/bbb_jetson_ws/install/bbb_package:/home/jetson/bbb_jetson_ws/install/micro_ros_setup:/home/jetson/bbb_jetson_ws/install/csm:/home/jetson/bbb_jetson_ws/install/bbb_robot:/opt/ros/foxy /usr/bin/cmake --install /home/jetson/bbb_jetson_ws/build/bbb_package
[89.968s] Level 1:colcon.colcon_core.environment:create_environment_scripts_only(bbb_package)
[89.976s] DEBUG:colcon.colcon_core.event_handler.log_command:Invoked command in '/home/jetson/bbb_jetson_ws/build/bbb_package' returned '0': CMAKE_PREFIX_PATH=/home/jetson/bbb_jetson_ws/install/serial:/home/jetson/bbb_jetson_ws/install/tune_package:/home/jetson/bbb_jetson_ws/install/ros2_laser_scan_matcher:/home/jetson/bbb_jetson_ws/install/diffdrive_arduino:/home/jetson/bbb_jetson_ws/install/bbb_package:/home/jetson/bbb_jetson_ws/install/micro_ros_setup:/home/jetson/bbb_jetson_ws/install/csm:/home/jetson/bbb_jetson_ws/install/bbb_robot:/opt/ros/foxy /usr/bin/cmake --install /home/jetson/bbb_jetson_ws/build/bbb_package
[90.017s] Level 1:colcon.colcon_core.environment:checking '/home/jetson/bbb_jetson_ws/install/bbb_package' for CMake module files
[90.029s] Level 1:colcon.colcon_core.environment:checking '/home/jetson/bbb_jetson_ws/install/bbb_package' for CMake config files
[90.038s] Level 1:colcon.colcon_core.shell:create_environment_hook('bbb_package', 'cmake_prefix_path')
[90.044s] INFO:colcon.colcon_core.shell:Creating environment hook '/home/jetson/bbb_jetson_ws/install/bbb_package/share/bbb_package/hook/cmake_prefix_path.ps1'
[90.051s] INFO:colcon.colcon_core.shell:Creating environment descriptor '/home/jetson/bbb_jetson_ws/install/bbb_package/share/bbb_package/hook/cmake_prefix_path.dsv'
[90.057s] INFO:colcon.colcon_core.shell:Creating environment hook '/home/jetson/bbb_jetson_ws/install/bbb_package/share/bbb_package/hook/cmake_prefix_path.sh'
[90.073s] Level 1:colcon.colcon_core.environment:checking '/home/jetson/bbb_jetson_ws/install/bbb_package/lib'
[90.076s] Level 1:colcon.colcon_core.environment:checking '/home/jetson/bbb_jetson_ws/install/bbb_package/bin'
[90.078s] Level 1:colcon.colcon_core.environment:checking '/home/jetson/bbb_jetson_ws/install/bbb_package/lib/pkgconfig/bbb_package.pc'
[90.082s] Level 1:colcon.colcon_core.environment:checking '/home/jetson/bbb_jetson_ws/install/bbb_package/lib/python3.8/site-packages'
[90.085s] Level 1:colcon.colcon_core.environment:checking '/home/jetson/bbb_jetson_ws/install/bbb_package/bin'
[90.090s] INFO:colcon.colcon_core.shell:Creating package script '/home/jetson/bbb_jetson_ws/install/bbb_package/share/bbb_package/package.ps1'
[90.103s] INFO:colcon.colcon_core.shell:Creating package descriptor '/home/jetson/bbb_jetson_ws/install/bbb_package/share/bbb_package/package.dsv'
[90.113s] INFO:colcon.colcon_core.shell:Creating package script '/home/jetson/bbb_jetson_ws/install/bbb_package/share/bbb_package/package.sh'
[90.125s] INFO:colcon.colcon_core.shell:Creating package script '/home/jetson/bbb_jetson_ws/install/bbb_package/share/bbb_package/package.bash'
[90.136s] INFO:colcon.colcon_core.shell:Creating package script '/home/jetson/bbb_jetson_ws/install/bbb_package/share/bbb_package/package.zsh'
[90.148s] Level 1:colcon.colcon_core.environment:create_file_with_runtime_dependencies(/home/jetson/bbb_jetson_ws/install/bbb_package/share/colcon-core/packages/bbb_package)
[91.088s] Level 1:colcon.colcon_core.environment:create_environment_scripts_only(bbb_package)
[91.093s] Level 1:colcon.colcon_core.environment:checking '/home/jetson/bbb_jetson_ws/install/bbb_package' for CMake module files
[91.109s] Level 1:colcon.colcon_core.environment:checking '/home/jetson/bbb_jetson_ws/install/bbb_package' for CMake config files
[91.122s] Level 1:colcon.colcon_core.shell:create_environment_hook('bbb_package', 'cmake_prefix_path')
[91.126s] INFO:colcon.colcon_core.shell:Creating environment hook '/home/jetson/bbb_jetson_ws/install/bbb_package/share/bbb_package/hook/cmake_prefix_path.ps1'
[91.134s] INFO:colcon.colcon_core.shell:Creating environment descriptor '/home/jetson/bbb_jetson_ws/install/bbb_package/share/bbb_package/hook/cmake_prefix_path.dsv'
[91.143s] INFO:colcon.colcon_core.shell:Creating environment hook '/home/jetson/bbb_jetson_ws/install/bbb_package/share/bbb_package/hook/cmake_prefix_path.sh'
[91.154s] Level 1:colcon.colcon_core.environment:checking '/home/jetson/bbb_jetson_ws/install/bbb_package/lib'
[91.156s] Level 1:colcon.colcon_core.environment:checking '/home/jetson/bbb_jetson_ws/install/bbb_package/bin'
[91.157s] Level 1:colcon.colcon_core.environment:checking '/home/jetson/bbb_jetson_ws/install/bbb_package/lib/pkgconfig/bbb_package.pc'
[91.161s] Level 1:colcon.colcon_core.environment:checking '/home/jetson/bbb_jetson_ws/install/bbb_package/lib/python3.8/site-packages'
[91.168s] Level 1:colcon.colcon_core.environment:checking '/home/jetson/bbb_jetson_ws/install/bbb_package/bin'
[91.172s] INFO:colcon.colcon_core.shell:Creating package script '/home/jetson/bbb_jetson_ws/install/bbb_package/share/bbb_package/package.ps1'
[91.180s] INFO:colcon.colcon_core.shell:Creating package descriptor '/home/jetson/bbb_jetson_ws/install/bbb_package/share/bbb_package/package.dsv'
[91.193s] INFO:colcon.colcon_core.shell:Creating package script '/home/jetson/bbb_jetson_ws/install/bbb_package/share/bbb_package/package.sh'
[91.201s] INFO:colcon.colcon_core.shell:Creating package script '/home/jetson/bbb_jetson_ws/install/bbb_package/share/bbb_package/package.bash'
[91.209s] INFO:colcon.colcon_core.shell:Creating package script '/home/jetson/bbb_jetson_ws/install/bbb_package/share/bbb_package/package.zsh'
[91.217s] Level 1:colcon.colcon_core.environment:create_file_with_runtime_dependencies(/home/jetson/bbb_jetson_ws/install/bbb_package/share/colcon-core/packages/bbb_package)
[91.233s] DEBUG:colcon.colcon_parallel_executor.executor.parallel:closing loop
[91.238s] DEBUG:colcon.colcon_parallel_executor.executor.parallel:loop closed
[91.242s] DEBUG:colcon.colcon_parallel_executor.executor.parallel:run_until_complete finished with '0'
[91.244s] DEBUG:colcon.colcon_core.event_reactor:joining thread
[91.314s] INFO:colcon.colcon_core.plugin_system:Skipping extension 'colcon_notification.desktop_notification.terminal_notifier': Not used on non-Darwin systems
[91.316s] INFO:colcon.colcon_core.plugin_system:Skipping extension 'colcon_notification.desktop_notification.win32': Not used on non-Windows systems
[91.317s] INFO:colcon.colcon_notification.desktop_notification:Sending desktop notification using 'notify2'
[91.500s] DEBUG:colcon.colcon_core.event_reactor:joined thread
[91.503s] INFO:colcon.colcon_core.shell:Creating prefix script '/home/jetson/bbb_jetson_ws/install/local_setup.ps1'
[91.536s] INFO:colcon.colcon_core.shell:Creating prefix util module '/home/jetson/bbb_jetson_ws/install/_local_setup_util_ps1.py'
[91.579s] INFO:colcon.colcon_core.shell:Creating prefix chain script '/home/jetson/bbb_jetson_ws/install/setup.ps1'
[91.611s] INFO:colcon.colcon_core.shell:Creating prefix script '/home/jetson/bbb_jetson_ws/install/local_setup.sh'
[91.624s] INFO:colcon.colcon_core.shell:Creating prefix util module '/home/jetson/bbb_jetson_ws/install/_local_setup_util_sh.py'
[91.637s] INFO:colcon.colcon_core.shell:Creating prefix chain script '/home/jetson/bbb_jetson_ws/install/setup.sh'
[91.657s] INFO:colcon.colcon_core.shell:Creating prefix script '/home/jetson/bbb_jetson_ws/install/local_setup.bash'
[91.665s] INFO:colcon.colcon_core.shell:Creating prefix chain script '/home/jetson/bbb_jetson_ws/install/setup.bash'
[91.683s] INFO:colcon.colcon_core.shell:Creating prefix script '/home/jetson/bbb_jetson_ws/install/local_setup.zsh'
[91.691s] INFO:colcon.colcon_core.shell:Creating prefix chain script '/home/jetson/bbb_jetson_ws/install/setup.zsh'
