[0.139s] Invoking command in '/home/jetson/bbb_jetson_ws/build/bbb_package': CMAKE_PREFIX_PATH=/home/jetson/bbb_jetson_ws/install/serial:/home/jetson/bbb_jetson_ws/install/ros2_laser_scan_matcher:/home/jetson/bbb_jetson_ws/install/diffdrive_arduino:/home/jetson/bbb_jetson_ws/install/bbb_package:/home/jetson/bbb_jetson_ws/install/micro_ros_setup:/home/jetson/bbb_jetson_ws/install/csm:/home/jetson/bbb_jetson_ws/install/bbb_robot:/opt/ros/foxy /usr/bin/cmake --build /home/jetson/bbb_jetson_ws/build/bbb_package -- -j4 -l4
[0.630s] [35m[1mScanning dependencies of target data_processing_node[0m
[1.361s] [  3%] [32mBuilding CXX object CMakeFiles/data_processing_node.dir/src/data_processing_node.cpp.o[0m
[1.399s] [ 11%] Built target read_IMU
[1.576s] [ 19%] Built target controllers_node
[1.780s] [ 26%] Built target read_lidar
[2.436s] [ 34%] Built target pid_node
[2.713s] [ 42%] Built target delta_angle_node
[2.813s] [ 50%] Built target tune_node
[3.135s] [ 57%] Built target tune_fuzzy_node
[3.411s] [35m[1mScanning dependencies of target straight_line_node[0m
[3.716s] [ 65%] Built target circumference_node
[3.841s] [ 73%] Built target fuzzy_longitudinal_controllers
[4.386s] [ 76%] [32mBuilding CXX object CMakeFiles/straight_line_node.dir/src/straight_line_node.cpp.o[0m
[5.001s] [ 84%] Built target sinusoidal_node
[5.009s] [ 92%] Built target stanley_node
[66.995s] [ 96%] [32m[1mLinking CXX executable straight_line_node[0m
[69.670s] [ 96%] Built target straight_line_node
[81.146s] [100%] [32m[1mLinking CXX executable data_processing_node[0m
[83.779s] [100%] Built target data_processing_node
[83.869s] Invoked command in '/home/jetson/bbb_jetson_ws/build/bbb_package' returned '0': CMAKE_PREFIX_PATH=/home/jetson/bbb_jetson_ws/install/serial:/home/jetson/bbb_jetson_ws/install/ros2_laser_scan_matcher:/home/jetson/bbb_jetson_ws/install/diffdrive_arduino:/home/jetson/bbb_jetson_ws/install/bbb_package:/home/jetson/bbb_jetson_ws/install/micro_ros_setup:/home/jetson/bbb_jetson_ws/install/csm:/home/jetson/bbb_jetson_ws/install/bbb_robot:/opt/ros/foxy /usr/bin/cmake --build /home/jetson/bbb_jetson_ws/build/bbb_package -- -j4 -l4
[84.300s] Invoking command in '/home/jetson/bbb_jetson_ws/build/bbb_package': CMAKE_PREFIX_PATH=/home/jetson/bbb_jetson_ws/install/serial:/home/jetson/bbb_jetson_ws/install/ros2_laser_scan_matcher:/home/jetson/bbb_jetson_ws/install/diffdrive_arduino:/home/jetson/bbb_jetson_ws/install/bbb_package:/home/jetson/bbb_jetson_ws/install/micro_ros_setup:/home/jetson/bbb_jetson_ws/install/csm:/home/jetson/bbb_jetson_ws/install/bbb_robot:/opt/ros/foxy /usr/bin/cmake --install /home/jetson/bbb_jetson_ws/build/bbb_package
[84.359s] -- Install configuration: ""
[84.369s] -- Up-to-date: /home/jetson/bbb_jetson_ws/install/bbb_package/lib/bbb_package/controllers_node
[84.373s] -- Installing: /home/jetson/bbb_jetson_ws/install/bbb_package/lib/bbb_package/data_processing_node
[84.418s] -- Set runtime path of "/home/jetson/bbb_jetson_ws/install/bbb_package/lib/bbb_package/data_processing_node" to ""
[84.419s] -- Up-to-date: /home/jetson/bbb_jetson_ws/install/bbb_package/share/bbb_package/launch
[84.420s] -- Up-to-date: /home/jetson/bbb_jetson_ws/install/bbb_package/share/bbb_package/launch/thesis.launch.py
[84.423s] -- Installing: /home/jetson/bbb_jetson_ws/install/bbb_package/share/bbb_package/package.dsv
[84.442s] Invoked command in '/home/jetson/bbb_jetson_ws/build/bbb_package' returned '0': CMAKE_PREFIX_PATH=/home/jetson/bbb_jetson_ws/install/serial:/home/jetson/bbb_jetson_ws/install/ros2_laser_scan_matcher:/home/jetson/bbb_jetson_ws/install/diffdrive_arduino:/home/jetson/bbb_jetson_ws/install/bbb_package:/home/jetson/bbb_jetson_ws/install/micro_ros_setup:/home/jetson/bbb_jetson_ws/install/csm:/home/jetson/bbb_jetson_ws/install/bbb_robot:/opt/ros/foxy /usr/bin/cmake --install /home/jetson/bbb_jetson_ws/build/bbb_package
