[0.044s] Invoking command in '/home/jetson/bbb_jetson_ws/build/bbb_package': CMAKE_PREFIX_PATH=/home/jetson/bbb_jetson_ws/install/serial:/home/jetson/bbb_jetson_ws/install/tune_package:/home/jetson/bbb_jetson_ws/install/ros2_laser_scan_matcher:/home/jetson/bbb_jetson_ws/install/diffdrive_arduino:/home/jetson/bbb_jetson_ws/install/bbb_package:/home/jetson/bbb_jetson_ws/install/micro_ros_setup:/home/jetson/bbb_jetson_ws/install/csm:/home/jetson/bbb_jetson_ws/install/bbb_robot:/opt/ros/foxy /usr/bin/cmake --build /home/jetson/bbb_jetson_ws/build/bbb_package -- -j4 -l4
[0.214s] [35m[1mScanning dependencies of target data_processing_node_trap[0m
[0.349s] [  2%] [32mBuilding CXX object CMakeFiles/data_processing_node_trap.dir/src/data_processing_node_trap.cpp.o[0m
[0.364s] [  7%] Built target data_processing_node_zz
[0.392s] [ 13%] Built target data_processing_node_circle
[0.395s] [ 18%] Built target data_processing_node_straight
[0.535s] [ 23%] Built target data_processing_node
[0.561s] [ 28%] Built target controllers_node
[0.605s] [ 34%] Built target read_IMU
[0.692s] [ 39%] Built target read_lidar
[0.792s] [ 44%] Built target pid_node
[0.854s] [ 50%] Built target delta_angle_node
[0.859s] [ 55%] Built target tune_node
[0.989s] [ 60%] Built target fuzzy_longitudinal_controllers
[0.990s] [ 65%] Built target tune_fuzzy_node
[1.016s] [ 71%] Built target data_processing_node_eight
[1.149s] [ 76%] Built target circumference_node
[1.168s] [ 81%] Built target straight_line_node
[1.188s] [ 86%] Built target lidar_tune
[1.311s] [ 92%] Built target stanley_node
[1.316s] [ 97%] Built target sinusoidal_node
[24.043s] [100%] [32m[1mLinking CXX executable data_processing_node_trap[0m
[25.259s] [100%] Built target data_processing_node_trap
[25.319s] Invoked command in '/home/jetson/bbb_jetson_ws/build/bbb_package' returned '0': CMAKE_PREFIX_PATH=/home/jetson/bbb_jetson_ws/install/serial:/home/jetson/bbb_jetson_ws/install/tune_package:/home/jetson/bbb_jetson_ws/install/ros2_laser_scan_matcher:/home/jetson/bbb_jetson_ws/install/diffdrive_arduino:/home/jetson/bbb_jetson_ws/install/bbb_package:/home/jetson/bbb_jetson_ws/install/micro_ros_setup:/home/jetson/bbb_jetson_ws/install/csm:/home/jetson/bbb_jetson_ws/install/bbb_robot:/opt/ros/foxy /usr/bin/cmake --build /home/jetson/bbb_jetson_ws/build/bbb_package -- -j4 -l4
[25.566s] Invoking command in '/home/jetson/bbb_jetson_ws/build/bbb_package': CMAKE_PREFIX_PATH=/home/jetson/bbb_jetson_ws/install/serial:/home/jetson/bbb_jetson_ws/install/tune_package:/home/jetson/bbb_jetson_ws/install/ros2_laser_scan_matcher:/home/jetson/bbb_jetson_ws/install/diffdrive_arduino:/home/jetson/bbb_jetson_ws/install/bbb_package:/home/jetson/bbb_jetson_ws/install/micro_ros_setup:/home/jetson/bbb_jetson_ws/install/csm:/home/jetson/bbb_jetson_ws/install/bbb_robot:/opt/ros/foxy /usr/bin/cmake --install /home/jetson/bbb_jetson_ws/build/bbb_package
[25.592s] -- Install configuration: ""
[25.596s] -- Up-to-date: /home/jetson/bbb_jetson_ws/install/bbb_package/lib/bbb_package/controllers_node
[25.597s] -- Up-to-date: /home/jetson/bbb_jetson_ws/install/bbb_package/lib/bbb_package/data_processing_node_straight
[25.599s] -- Up-to-date: /home/jetson/bbb_jetson_ws/install/bbb_package/lib/bbb_package/data_processing_node_zz
[25.601s] -- Up-to-date: /home/jetson/bbb_jetson_ws/install/bbb_package/lib/bbb_package/data_processing_node_circle
[25.602s] -- Installing: /home/jetson/bbb_jetson_ws/install/bbb_package/lib/bbb_package/data_processing_node_trap
[25.615s] -- Set runtime path of "/home/jetson/bbb_jetson_ws/install/bbb_package/lib/bbb_package/data_processing_node_trap" to ""
[25.615s] -- Up-to-date: /home/jetson/bbb_jetson_ws/install/bbb_package/lib/bbb_package/lidar_tune
[25.616s] -- Up-to-date: /home/jetson/bbb_jetson_ws/install/bbb_package/lib/bbb_package/data_processing_node_eight
[25.616s] -- Up-to-date: /home/jetson/bbb_jetson_ws/install/bbb_package/share/bbb_package/launch
[25.617s] -- Up-to-date: /home/jetson/bbb_jetson_ws/install/bbb_package/share/bbb_package/launch/thesis.launch.py
[25.618s] -- Installing: /home/jetson/bbb_jetson_ws/install/bbb_package/share/bbb_package/package.dsv
[25.625s] Invoked command in '/home/jetson/bbb_jetson_ws/build/bbb_package' returned '0': CMAKE_PREFIX_PATH=/home/jetson/bbb_jetson_ws/install/serial:/home/jetson/bbb_jetson_ws/install/tune_package:/home/jetson/bbb_jetson_ws/install/ros2_laser_scan_matcher:/home/jetson/bbb_jetson_ws/install/diffdrive_arduino:/home/jetson/bbb_jetson_ws/install/bbb_package:/home/jetson/bbb_jetson_ws/install/micro_ros_setup:/home/jetson/bbb_jetson_ws/install/csm:/home/jetson/bbb_jetson_ws/install/bbb_robot:/opt/ros/foxy /usr/bin/cmake --install /home/jetson/bbb_jetson_ws/build/bbb_package
