[0.619s] Invoking command in '/home/jetson/bbb_jetson_ws/build/bbb_package': CMAKE_PREFIX_PATH=/home/jetson/bbb_jetson_ws/install/serial:/home/jetson/bbb_jetson_ws/install/ros2_laser_scan_matcher:/home/jetson/bbb_jetson_ws/install/diffdrive_arduino:/home/jetson/bbb_jetson_ws/install/bbb_package:/home/jetson/bbb_jetson_ws/install/micro_ros_setup:/home/jetson/bbb_jetson_ws/install/csm:/home/jetson/bbb_jetson_ws/install/bbb_robot:/opt/ros/foxy /usr/bin/cmake --build /home/jetson/bbb_jetson_ws/build/bbb_package -- -j4 -l4
[0.754s] [35m[1mScanning dependencies of target read_IMU[0m
[0.828s] [ 66%] Built target read_pico
[0.828s] [ 66%] Built target read_host
[0.853s] [ 83%] [32mBuilding CXX object CMakeFiles/read_IMU.dir/src/read_IMU.cpp.o[0m
[7.038s] [100%] [32m[1mLinking CXX executable read_IMU[0m
[7.452s] [100%] Built target read_IMU
[7.484s] Invoked command in '/home/jetson/bbb_jetson_ws/build/bbb_package' returned '0': CMAKE_PREFIX_PATH=/home/jetson/bbb_jetson_ws/install/serial:/home/jetson/bbb_jetson_ws/install/ros2_laser_scan_matcher:/home/jetson/bbb_jetson_ws/install/diffdrive_arduino:/home/jetson/bbb_jetson_ws/install/bbb_package:/home/jetson/bbb_jetson_ws/install/micro_ros_setup:/home/jetson/bbb_jetson_ws/install/csm:/home/jetson/bbb_jetson_ws/install/bbb_robot:/opt/ros/foxy /usr/bin/cmake --build /home/jetson/bbb_jetson_ws/build/bbb_package -- -j4 -l4
[7.598s] Invoking command in '/home/jetson/bbb_jetson_ws/build/bbb_package': CMAKE_PREFIX_PATH=/home/jetson/bbb_jetson_ws/install/serial:/home/jetson/bbb_jetson_ws/install/ros2_laser_scan_matcher:/home/jetson/bbb_jetson_ws/install/diffdrive_arduino:/home/jetson/bbb_jetson_ws/install/bbb_package:/home/jetson/bbb_jetson_ws/install/micro_ros_setup:/home/jetson/bbb_jetson_ws/install/csm:/home/jetson/bbb_jetson_ws/install/bbb_robot:/opt/ros/foxy /usr/bin/cmake --install /home/jetson/bbb_jetson_ws/build/bbb_package
[7.623s] -- Install configuration: ""
[7.625s] -- Execute custom install script
[7.626s] -- Up-to-date symlink: /home/jetson/bbb_jetson_ws/install/bbb_package/lib/bbb_package//read_IMU
[7.626s] -- Up-to-date symlink: /home/jetson/bbb_jetson_ws/install/bbb_package/lib/bbb_package//read_pico
[7.627s] -- Up-to-date symlink: /home/jetson/bbb_jetson_ws/install/bbb_package/lib/bbb_package//read_host
[7.629s] -- Up-to-date symlink: /home/jetson/bbb_jetson_ws/install/bbb_package/share/bbb_package/launch/rplidar.launch.py
[7.630s] -- Up-to-date symlink: /home/jetson/bbb_jetson_ws/install/bbb_package/share/bbb_package/launch/rplidar.launch.py.save
[7.630s] -- Up-to-date symlink: /home/jetson/bbb_jetson_ws/install/bbb_package/share/ament_index/resource_index/package_run_dependencies/bbb_package
[7.631s] -- Up-to-date symlink: /home/jetson/bbb_jetson_ws/install/bbb_package/share/ament_index/resource_index/parent_prefix_path/bbb_package
[7.632s] -- Up-to-date symlink: /home/jetson/bbb_jetson_ws/install/bbb_package/share/bbb_package/environment/ament_prefix_path.sh
[7.633s] -- Up-to-date symlink: /home/jetson/bbb_jetson_ws/install/bbb_package/share/bbb_package/environment/ament_prefix_path.dsv
[7.634s] -- Up-to-date symlink: /home/jetson/bbb_jetson_ws/install/bbb_package/share/bbb_package/environment/path.sh
[7.634s] -- Up-to-date symlink: /home/jetson/bbb_jetson_ws/install/bbb_package/share/bbb_package/environment/path.dsv
[7.635s] -- Up-to-date symlink: /home/jetson/bbb_jetson_ws/install/bbb_package/share/bbb_package/local_setup.bash
[7.636s] -- Up-to-date symlink: /home/jetson/bbb_jetson_ws/install/bbb_package/share/bbb_package/local_setup.sh
[7.637s] -- Up-to-date symlink: /home/jetson/bbb_jetson_ws/install/bbb_package/share/bbb_package/local_setup.zsh
[7.637s] -- Up-to-date symlink: /home/jetson/bbb_jetson_ws/install/bbb_package/share/bbb_package/local_setup.dsv
[7.638s] -- Symlinking: /home/jetson/bbb_jetson_ws/install/bbb_package/share/bbb_package/package.dsv
[7.664s] -- Up-to-date symlink: /home/jetson/bbb_jetson_ws/install/bbb_package/share/ament_index/resource_index/packages/bbb_package
[7.665s] -- Up-to-date symlink: /home/jetson/bbb_jetson_ws/install/bbb_package/share/bbb_package/cmake/bbb_packageConfig.cmake
[7.666s] -- Up-to-date symlink: /home/jetson/bbb_jetson_ws/install/bbb_package/share/bbb_package/cmake/bbb_packageConfig-version.cmake
[7.666s] -- Up-to-date symlink: /home/jetson/bbb_jetson_ws/install/bbb_package/share/bbb_package/package.xml
[7.672s] Invoked command in '/home/jetson/bbb_jetson_ws/build/bbb_package' returned '0': CMAKE_PREFIX_PATH=/home/jetson/bbb_jetson_ws/install/serial:/home/jetson/bbb_jetson_ws/install/ros2_laser_scan_matcher:/home/jetson/bbb_jetson_ws/install/diffdrive_arduino:/home/jetson/bbb_jetson_ws/install/bbb_package:/home/jetson/bbb_jetson_ws/install/micro_ros_setup:/home/jetson/bbb_jetson_ws/install/csm:/home/jetson/bbb_jetson_ws/install/bbb_robot:/opt/ros/foxy /usr/bin/cmake --install /home/jetson/bbb_jetson_ws/build/bbb_package
