[0.871s] Invoking command in '/home/jetson/bbb_jetson_ws/build/diffdrive_arduino': AMENT_PREFIX_PATH=/home/jetson/bbb_jetson_ws/install/serial:${AMENT_PREFIX_PATH} CMAKE_PREFIX_PATH=/home/jetson/bbb_jetson_ws/install/serial:/opt/ros/foxy LD_LIBRARY_PATH=/home/jetson/bbb_jetson_ws/install/serial/lib:${LD_LIBRARY_PATH} /usr/bin/cmake --build /home/jetson/bbb_jetson_ws/build/diffdrive_arduino -- -j4 -l4
[1.072s] [ 42%] Built target fake_robot
[1.077s] [100%] Built target diffdrive_arduino
[1.109s] Invoked command in '/home/jetson/bbb_jetson_ws/build/diffdrive_arduino' returned '0': AMENT_PREFIX_PATH=/home/jetson/bbb_jetson_ws/install/serial:${AMENT_PREFIX_PATH} CMAKE_PREFIX_PATH=/home/jetson/bbb_jetson_ws/install/serial:/opt/ros/foxy LD_LIBRARY_PATH=/home/jetson/bbb_jetson_ws/install/serial/lib:${LD_LIBRARY_PATH} /usr/bin/cmake --build /home/jetson/bbb_jetson_ws/build/diffdrive_arduino -- -j4 -l4
[1.200s] Invoking command in '/home/jetson/bbb_jetson_ws/build/diffdrive_arduino': AMENT_PREFIX_PATH=/home/jetson/bbb_jetson_ws/install/serial:${AMENT_PREFIX_PATH} CMAKE_PREFIX_PATH=/home/jetson/bbb_jetson_ws/install/serial:/opt/ros/foxy LD_LIBRARY_PATH=/home/jetson/bbb_jetson_ws/install/serial/lib:${LD_LIBRARY_PATH} /usr/bin/cmake --install /home/jetson/bbb_jetson_ws/build/diffdrive_arduino
[1.238s] -- Install configuration: ""
[1.239s] -- Execute custom install script
[1.239s] -- Up-to-date symlink: /home/jetson/bbb_jetson_ws/install/diffdrive_arduino/share/diffdrive_arduino//robot_hardware.xml
[1.240s] -- Up-to-date symlink: /home/jetson/bbb_jetson_ws/install/diffdrive_arduino/share/diffdrive_arduino//fake_robot_hardware.xml
[1.240s] -- Up-to-date symlink: /home/jetson/bbb_jetson_ws/install/diffdrive_arduino/lib/libdiffdrive_arduino.so
[1.240s] -- Up-to-date symlink: /home/jetson/bbb_jetson_ws/install/diffdrive_arduino/lib/libfake_robot.so
[1.241s] -- Up-to-date symlink: /home/jetson/bbb_jetson_ws/install/diffdrive_arduino/share/diffdrive_arduino/controllers/robot_controller_example.yaml
[1.241s] -- Up-to-date symlink: /home/jetson/bbb_jetson_ws/install/diffdrive_arduino/share/diffdrive_arduino/fake_robot.launch.py
[1.242s] -- Up-to-date symlink: /home/jetson/bbb_jetson_ws/install/diffdrive_arduino/share/diffdrive_arduino/test_robot.launch.py
[1.242s] -- Up-to-date symlink: /home/jetson/bbb_jetson_ws/install/diffdrive_arduino/share/diffdrive_arduino/environment/library_path.sh
[1.243s] -- Up-to-date symlink: /home/jetson/bbb_jetson_ws/install/diffdrive_arduino/share/diffdrive_arduino/environment/library_path.dsv
[1.243s] -- Up-to-date symlink: /home/jetson/bbb_jetson_ws/install/diffdrive_arduino/share/ament_index/resource_index/package_run_dependencies/diffdrive_arduino
[1.243s] -- Up-to-date symlink: /home/jetson/bbb_jetson_ws/install/diffdrive_arduino/share/ament_index/resource_index/parent_prefix_path/diffdrive_arduino
[1.244s] -- Up-to-date symlink: /home/jetson/bbb_jetson_ws/install/diffdrive_arduino/share/diffdrive_arduino/environment/ament_prefix_path.sh
[1.244s] -- Up-to-date symlink: /home/jetson/bbb_jetson_ws/install/diffdrive_arduino/share/diffdrive_arduino/environment/ament_prefix_path.dsv
[1.244s] -- Up-to-date symlink: /home/jetson/bbb_jetson_ws/install/diffdrive_arduino/share/diffdrive_arduino/environment/path.sh
[1.245s] -- Up-to-date symlink: /home/jetson/bbb_jetson_ws/install/diffdrive_arduino/share/diffdrive_arduino/environment/path.dsv
[1.245s] -- Up-to-date symlink: /home/jetson/bbb_jetson_ws/install/diffdrive_arduino/share/diffdrive_arduino/local_setup.bash
[1.246s] -- Up-to-date symlink: /home/jetson/bbb_jetson_ws/install/diffdrive_arduino/share/diffdrive_arduino/local_setup.sh
[1.247s] -- Up-to-date symlink: /home/jetson/bbb_jetson_ws/install/diffdrive_arduino/share/diffdrive_arduino/local_setup.zsh
[1.248s] -- Up-to-date symlink: /home/jetson/bbb_jetson_ws/install/diffdrive_arduino/share/diffdrive_arduino/local_setup.dsv
[1.249s] -- Symlinking: /home/jetson/bbb_jetson_ws/install/diffdrive_arduino/share/diffdrive_arduino/package.dsv
[1.278s] -- Up-to-date symlink: /home/jetson/bbb_jetson_ws/install/diffdrive_arduino/share/ament_index/resource_index/packages/diffdrive_arduino
[1.286s] -- Up-to-date symlink: /home/jetson/bbb_jetson_ws/install/diffdrive_arduino/share/ament_index/resource_index/hardware_interface__pluginlib__plugin/diffdrive_arduino
[1.287s] -- Up-to-date symlink: /home/jetson/bbb_jetson_ws/install/diffdrive_arduino/share/diffdrive_arduino/cmake/ament_cmake_export_libraries-extras.cmake
[1.287s] -- Up-to-date symlink: /home/jetson/bbb_jetson_ws/install/diffdrive_arduino/share/diffdrive_arduino/cmake/ament_cmake_export_dependencies-extras.cmake
[1.287s] -- Up-to-date symlink: /home/jetson/bbb_jetson_ws/install/diffdrive_arduino/share/diffdrive_arduino/cmake/diffdrive_arduinoConfig.cmake
[1.288s] -- Up-to-date symlink: /home/jetson/bbb_jetson_ws/install/diffdrive_arduino/share/diffdrive_arduino/cmake/diffdrive_arduinoConfig-version.cmake
[1.288s] -- Up-to-date symlink: /home/jetson/bbb_jetson_ws/install/diffdrive_arduino/share/diffdrive_arduino/package.xml
[1.710s] Invoked command in '/home/jetson/bbb_jetson_ws/build/diffdrive_arduino' returned '0': AMENT_PREFIX_PATH=/home/jetson/bbb_jetson_ws/install/serial:${AMENT_PREFIX_PATH} CMAKE_PREFIX_PATH=/home/jetson/bbb_jetson_ws/install/serial:/opt/ros/foxy LD_LIBRARY_PATH=/home/jetson/bbb_jetson_ws/install/serial/lib:${LD_LIBRARY_PATH} /usr/bin/cmake --install /home/jetson/bbb_jetson_ws/build/diffdrive_arduino
