[0.626s] Invoking command in '/home/jetson/bbb_jetson_ws/build/bbb_package': CMAKE_PREFIX_PATH=/home/jetson/bbb_jetson_ws/install/serial:/home/jetson/bbb_jetson_ws/install/ros2_laser_scan_matcher:/home/jetson/bbb_jetson_ws/install/diffdrive_arduino:/home/jetson/bbb_jetson_ws/install/bbb_package:/home/jetson/bbb_jetson_ws/install/micro_ros_setup:/home/jetson/bbb_jetson_ws/install/csm:/home/jetson/bbb_jetson_ws/install/bbb_robot:/opt/ros/foxy /usr/bin/cmake --build /home/jetson/bbb_jetson_ws/build/bbb_package -- -j4 -l4
[0.726s] -- Found ament_cmake: 0.9.12 (/opt/ros/foxy/share/ament_cmake/cmake)
[0.805s] -- Using PYTHON_EXECUTABLE: /usr/bin/python3
[1.450s] -- Override CMake install command with custom implementation using symlinks instead of copying resources
[1.503s] -- Found rclcpp: 2.4.3 (/opt/ros/foxy/share/rclcpp/cmake)
[1.689s] -- Using all available rosidl_typesupport_c: rosidl_typesupport_fastrtps_c;rosidl_typesupport_introspection_c
[1.705s] -- Found rosidl_adapter: 1.3.1 (/opt/ros/foxy/share/rosidl_adapter/cmake)
[2.180s] -- Using all available rosidl_typesupport_cpp: rosidl_typesupport_fastrtps_cpp;rosidl_typesupport_introspection_cpp
[2.408s] -- Found rmw_implementation_cmake: 1.0.4 (/opt/ros/foxy/share/rmw_implementation_cmake/cmake)
[2.418s] -- Using RMW implementation 'rmw_fastrtps_cpp' as default
[3.027s] -- Found geometry_msgs: 2.0.5 (/opt/ros/foxy/share/geometry_msgs/cmake)
[3.152s] -- Found serial: 1.2.1 (/home/jetson/bbb_jetson_ws/install/serial/share/serial/cmake)
[3.159s] -- Found tf2_msgs: 0.13.14 (/opt/ros/foxy/share/tf2_msgs/cmake)
[3.854s] CMake Error at /opt/ros/foxy/share/ament_cmake_core/cmake/symlink_install/ament_cmake_symlink_install_targets.cmake:67 (message):
[3.854s]   ament_cmake_symlink_install_targets() 'fuzzy_node_test' is not a target
[3.854s] Call Stack (most recent call first):
[3.855s]   /opt/ros/foxy/share/ament_cmake_core/cmake/symlink_install/install.cmake:37 (ament_cmake_symlink_install_targets)
[3.855s]   CMakeLists.txt:57 (install)
[3.855s] 
[3.856s] 
[3.861s] -- Configuring incomplete, errors occurred!
[3.861s] See also "/home/jetson/bbb_jetson_ws/build/bbb_package/CMakeFiles/CMakeOutput.log".
[3.862s] See also "/home/jetson/bbb_jetson_ws/build/bbb_package/CMakeFiles/CMakeError.log".
[3.881s] make: *** [Makefile:662: cmake_check_build_system] Error 1
[3.886s] Invoked command in '/home/jetson/bbb_jetson_ws/build/bbb_package' returned '2': CMAKE_PREFIX_PATH=/home/jetson/bbb_jetson_ws/install/serial:/home/jetson/bbb_jetson_ws/install/ros2_laser_scan_matcher:/home/jetson/bbb_jetson_ws/install/diffdrive_arduino:/home/jetson/bbb_jetson_ws/install/bbb_package:/home/jetson/bbb_jetson_ws/install/micro_ros_setup:/home/jetson/bbb_jetson_ws/install/csm:/home/jetson/bbb_jetson_ws/install/bbb_robot:/opt/ros/foxy /usr/bin/cmake --build /home/jetson/bbb_jetson_ws/build/bbb_package -- -j4 -l4
