-- The C compiler identification is GNU 9.4.0
-- The CXX compiler identification is GNU 9.4.0
-- Check for working C compiler: /usr/bin/cc
-- Check for working C compiler: /usr/bin/cc -- works
-- Detecting C compiler ABI info
-- Detecting C compiler ABI info - done
-- Detecting C compile features
-- Detecting C compile features - done
-- Check for working CXX compiler: /usr/bin/c++
-- Check for working CXX compiler: /usr/bin/c++ -- works
-- Detecting CXX compiler ABI info
-- Detecting CXX compiler ABI info - done
-- Detecting CXX compile features
-- Detecting CXX compile features - done
-- Found ament_cmake: 0.9.12 (/opt/ros/foxy/share/ament_cmake/cmake)
-- Found PythonInterp: /usr/bin/python3 (found suitable version "3.8.10", minimum required is "3") 
-- Using PYTHON_EXECUTABLE: /usr/bin/python3
-- Found rclcpp: 2.4.3 (/opt/ros/foxy/share/rclcpp/cmake)
-- Using all available rosidl_typesupport_c: rosidl_typesupport_fastrtps_c;rosidl_typesupport_introspection_c
-- Found rosidl_adapter: 1.3.1 (/opt/ros/foxy/share/rosidl_adapter/cmake)
-- Found OpenSSL: /usr/lib/aarch64-linux-gnu/libcrypto.so (found version "1.1.1f")  
-- Found FastRTPS: /opt/ros/foxy/include  
-- Using all available rosidl_typesupport_cpp: rosidl_typesupport_fastrtps_cpp;rosidl_typesupport_introspection_cpp
-- Found rmw_implementation_cmake: 1.0.4 (/opt/ros/foxy/share/rmw_implementation_cmake/cmake)
-- Using RMW implementation 'rmw_fastrtps_cpp' as default
-- Looking for pthread.h
-- Looking for pthread.h - found
-- Performing Test CMAKE_HAVE_LIBC_PTHREAD
-- Performing Test CMAKE_HAVE_LIBC_PTHREAD - Failed
-- Looking for pthread_create in pthreads
-- Looking for pthread_create in pthreads - not found
-- Looking for pthread_create in pthread
-- Looking for pthread_create in pthread - found
-- Found Threads: TRUE  
-- Found tf2_msgs: 0.13.14 (/opt/ros/foxy/share/tf2_msgs/cmake)
-- Found ament_lint_auto: 0.9.8 (/opt/ros/foxy/share/ament_lint_auto/cmake)
-- Added test 'cppcheck' to perform static code analysis on C / C++ code
-- Configured cppcheck include dirs: 
-- Configured cppcheck exclude dirs and/or files: 
-- Added test 'lint_cmake' to check CMake code style
-- Added test 'uncrustify' to check C / C++ code style
-- Configured uncrustify additional arguments: 
-- Added test 'xmllint' to check XML markup files
-- Configuring done
-- Generating done
-- Build files have been written to: /home/jetson/bbb_jetson_ws/build/tune_package
[35m[1mScanning dependencies of target data_processing_node[0m
[35m[1mScanning dependencies of target straight_line_node[0m
[ 25%] [32mBuilding CXX object CMakeFiles/straight_line_node.dir/src/straight_line_node.cpp.o[0m
[ 50%] [32mBuilding CXX object CMakeFiles/data_processing_node.dir/src/data_processing_node.cpp.o[0m
[ 75%] [32m[1mLinking CXX executable straight_line_node[0m
[ 75%] Built target straight_line_node
[100%] [32m[1mLinking CXX executable data_processing_node[0m
[100%] Built target data_processing_node
-- Install configuration: ""
-- Installing: /home/jetson/bbb_jetson_ws/install/tune_package/lib/tune_package/straight_line_node
-- Set runtime path of "/home/jetson/bbb_jetson_ws/install/tune_package/lib/tune_package/straight_line_node" to ""
-- Installing: /home/jetson/bbb_jetson_ws/install/tune_package/lib/tune_package/data_processing_node
-- Set runtime path of "/home/jetson/bbb_jetson_ws/install/tune_package/lib/tune_package/data_processing_node" to ""
-- Installing: /home/jetson/bbb_jetson_ws/install/tune_package/share/ament_index/resource_index/package_run_dependencies/tune_package
-- Installing: /home/jetson/bbb_jetson_ws/install/tune_package/share/ament_index/resource_index/parent_prefix_path/tune_package
-- Installing: /home/jetson/bbb_jetson_ws/install/tune_package/share/tune_package/environment/ament_prefix_path.sh
-- Installing: /home/jetson/bbb_jetson_ws/install/tune_package/share/tune_package/environment/ament_prefix_path.dsv
-- Installing: /home/jetson/bbb_jetson_ws/install/tune_package/share/tune_package/environment/path.sh
-- Installing: /home/jetson/bbb_jetson_ws/install/tune_package/share/tune_package/environment/path.dsv
-- Installing: /home/jetson/bbb_jetson_ws/install/tune_package/share/tune_package/local_setup.bash
-- Installing: /home/jetson/bbb_jetson_ws/install/tune_package/share/tune_package/local_setup.sh
-- Installing: /home/jetson/bbb_jetson_ws/install/tune_package/share/tune_package/local_setup.zsh
-- Installing: /home/jetson/bbb_jetson_ws/install/tune_package/share/tune_package/local_setup.dsv
-- Installing: /home/jetson/bbb_jetson_ws/install/tune_package/share/tune_package/package.dsv
-- Installing: /home/jetson/bbb_jetson_ws/install/tune_package/share/ament_index/resource_index/packages/tune_package
-- Installing: /home/jetson/bbb_jetson_ws/install/tune_package/share/tune_package/cmake/tune_packageConfig.cmake
-- Installing: /home/jetson/bbb_jetson_ws/install/tune_package/share/tune_package/cmake/tune_packageConfig-version.cmake
-- Installing: /home/jetson/bbb_jetson_ws/install/tune_package/share/tune_package/package.xml
