[  5%] Built target data_processing_node_zz
[ 11%] Built target data_processing_node_circle
[ 16%] Built target data_processing_node_trap
[ 22%] Built target data_processing_node_straight
[35m[1mScanning dependencies of target read_IMU[0m
[ 27%] Built target data_processing_node
[ 33%] Built target controllers_node
[ 38%] Built target read_lidar
[ 41%] [32mBuilding CXX object CMakeFiles/read_IMU.dir/src/read_IMU.cpp.o[0m
[ 47%] Built target pid_node
[ 52%] Built target delta_angle_node
[ 58%] Built target tune_node
[ 63%] Built target fuzzy_longitudinal_controllers
[ 69%] Built target tune_fuzzy_node
[ 75%] Built target circumference_node
[ 80%] Built target lidar_tune
[ 86%] Built target straight_line_node
[ 91%] Built target stanley_node
[ 97%] Built target sinusoidal_node
[100%] [32m[1mLinking CXX executable read_IMU[0m
[100%] Built target read_IMU
-- Install configuration: ""
-- Up-to-date: /home/jetson/bbb_jetson_ws/install/bbb_package/lib/bbb_package/controllers_node
-- Up-to-date: /home/jetson/bbb_jetson_ws/install/bbb_package/lib/bbb_package/data_processing_node_straight
-- Up-to-date: /home/jetson/bbb_jetson_ws/install/bbb_package/lib/bbb_package/data_processing_node_zz
-- Up-to-date: /home/jetson/bbb_jetson_ws/install/bbb_package/lib/bbb_package/data_processing_node_circle
-- Up-to-date: /home/jetson/bbb_jetson_ws/install/bbb_package/lib/bbb_package/data_processing_node_trap
-- Up-to-date: /home/jetson/bbb_jetson_ws/install/bbb_package/lib/bbb_package/lidar_tune
-- Up-to-date: /home/jetson/bbb_jetson_ws/install/bbb_package/share/bbb_package/launch
-- Up-to-date: /home/jetson/bbb_jetson_ws/install/bbb_package/share/bbb_package/launch/thesis.launch.py
-- Installing: /home/jetson/bbb_jetson_ws/install/bbb_package/share/bbb_package/package.dsv
