[0.952s] Invoking command in '/home/jetson/bbb_jetson_ws/build/bbb_package': CMAKE_PREFIX_PATH=/home/jetson/bbb_jetson_ws/install/serial:/home/jetson/bbb_jetson_ws/install/ros2_laser_scan_matcher:/home/jetson/bbb_jetson_ws/install/diffdrive_arduino:/home/jetson/bbb_jetson_ws/install/bbb_package:/home/jetson/bbb_jetson_ws/install/micro_ros_setup:/home/jetson/bbb_jetson_ws/install/csm:/home/jetson/bbb_jetson_ws/install/bbb_robot:/opt/ros/foxy /usr/bin/cmake --build /home/jetson/bbb_jetson_ws/build/bbb_package -- -j4 -l4
[1.596s] [ 11%] Built target tune_node
[1.619s] [ 22%] Built target read_lidar
[1.633s] [ 33%] Built target delta_angle_node
[1.666s] [ 44%] Built target pid_node
[1.822s] [35m[1mScanning dependencies of target fuzzy_longitudinal_controllers[0m
[2.239s] [ 55%] Built target tune_fuzzy_node
[2.502s] [ 66%] Built target straight_line_node
[2.521s] [ 72%] [32mBuilding CXX object CMakeFiles/fuzzy_longitudinal_controllers.dir/src/fuzzy_longitudinal_controllers.cpp.o[0m
[2.617s] [ 83%] Built target circumference_node
[3.137s] [ 94%] Built target sinusoidal_node
[28.622s] [100%] [32m[1mLinking CXX executable fuzzy_longitudinal_controllers[0m
[29.993s] [100%] Built target fuzzy_longitudinal_controllers
[30.075s] Invoked command in '/home/jetson/bbb_jetson_ws/build/bbb_package' returned '0': CMAKE_PREFIX_PATH=/home/jetson/bbb_jetson_ws/install/serial:/home/jetson/bbb_jetson_ws/install/ros2_laser_scan_matcher:/home/jetson/bbb_jetson_ws/install/diffdrive_arduino:/home/jetson/bbb_jetson_ws/install/bbb_package:/home/jetson/bbb_jetson_ws/install/micro_ros_setup:/home/jetson/bbb_jetson_ws/install/csm:/home/jetson/bbb_jetson_ws/install/bbb_robot:/opt/ros/foxy /usr/bin/cmake --build /home/jetson/bbb_jetson_ws/build/bbb_package -- -j4 -l4
[30.336s] Invoking command in '/home/jetson/bbb_jetson_ws/build/bbb_package': CMAKE_PREFIX_PATH=/home/jetson/bbb_jetson_ws/install/serial:/home/jetson/bbb_jetson_ws/install/ros2_laser_scan_matcher:/home/jetson/bbb_jetson_ws/install/diffdrive_arduino:/home/jetson/bbb_jetson_ws/install/bbb_package:/home/jetson/bbb_jetson_ws/install/micro_ros_setup:/home/jetson/bbb_jetson_ws/install/csm:/home/jetson/bbb_jetson_ws/install/bbb_robot:/opt/ros/foxy /usr/bin/cmake --install /home/jetson/bbb_jetson_ws/build/bbb_package
[30.386s] -- Install configuration: ""
[30.390s] -- Execute custom install script
[30.398s] -- Up-to-date symlink: /home/jetson/bbb_jetson_ws/install/bbb_package/lib/bbb_package//read_lidar
[30.399s] -- Up-to-date symlink: /home/jetson/bbb_jetson_ws/install/bbb_package/lib/bbb_package//pid_node
[30.415s] -- Up-to-date symlink: /home/jetson/bbb_jetson_ws/install/bbb_package/lib/bbb_package//tune_fuzzy_node
[30.416s] -- Up-to-date symlink: /home/jetson/bbb_jetson_ws/install/bbb_package/lib/bbb_package//straight_line_node
[30.418s] -- Up-to-date symlink: /home/jetson/bbb_jetson_ws/install/bbb_package/lib/bbb_package//circumference_node
[30.419s] -- Up-to-date symlink: /home/jetson/bbb_jetson_ws/install/bbb_package/lib/bbb_package//sinusoidal_node
[30.420s] -- Up-to-date symlink: /home/jetson/bbb_jetson_ws/install/bbb_package/lib/bbb_package//tune_node
[30.428s] -- Up-to-date symlink: /home/jetson/bbb_jetson_ws/install/bbb_package/lib/bbb_package//delta_angle_node
[30.430s] -- Up-to-date symlink: /home/jetson/bbb_jetson_ws/install/bbb_package/lib/bbb_package//fuzzy_longitudinal_controllers
[30.438s] -- Up-to-date symlink: /home/jetson/bbb_jetson_ws/install/bbb_package/share/bbb_package/launch/rplidar.launch.py
[30.442s] -- Up-to-date symlink: /home/jetson/bbb_jetson_ws/install/bbb_package/share/bbb_package/launch/rplidar.launch.py.save
[30.448s] -- Up-to-date symlink: /home/jetson/bbb_jetson_ws/install/bbb_package/share/ament_index/resource_index/package_run_dependencies/bbb_package
[30.456s] -- Up-to-date symlink: /home/jetson/bbb_jetson_ws/install/bbb_package/share/ament_index/resource_index/parent_prefix_path/bbb_package
[30.462s] -- Up-to-date symlink: /home/jetson/bbb_jetson_ws/install/bbb_package/share/bbb_package/environment/ament_prefix_path.sh
[30.465s] -- Up-to-date symlink: /home/jetson/bbb_jetson_ws/install/bbb_package/share/bbb_package/environment/ament_prefix_path.dsv
[30.469s] -- Up-to-date symlink: /home/jetson/bbb_jetson_ws/install/bbb_package/share/bbb_package/environment/path.sh
[30.472s] -- Up-to-date symlink: /home/jetson/bbb_jetson_ws/install/bbb_package/share/bbb_package/environment/path.dsv
[30.475s] -- Up-to-date symlink: /home/jetson/bbb_jetson_ws/install/bbb_package/share/bbb_package/local_setup.bash
[30.482s] -- Up-to-date symlink: /home/jetson/bbb_jetson_ws/install/bbb_package/share/bbb_package/local_setup.sh
[30.484s] -- Up-to-date symlink: /home/jetson/bbb_jetson_ws/install/bbb_package/share/bbb_package/local_setup.zsh
[30.486s] -- Up-to-date symlink: /home/jetson/bbb_jetson_ws/install/bbb_package/share/bbb_package/local_setup.dsv
[30.492s] -- Symlinking: /home/jetson/bbb_jetson_ws/install/bbb_package/share/bbb_package/package.dsv
[30.585s] -- Up-to-date symlink: /home/jetson/bbb_jetson_ws/install/bbb_package/share/ament_index/resource_index/packages/bbb_package
[30.588s] -- Up-to-date symlink: /home/jetson/bbb_jetson_ws/install/bbb_package/share/bbb_package/cmake/bbb_packageConfig.cmake
[30.592s] -- Up-to-date symlink: /home/jetson/bbb_jetson_ws/install/bbb_package/share/bbb_package/cmake/bbb_packageConfig-version.cmake
[30.595s] -- Up-to-date symlink: /home/jetson/bbb_jetson_ws/install/bbb_package/share/bbb_package/package.xml
[30.613s] Invoked command in '/home/jetson/bbb_jetson_ws/build/bbb_package' returned '0': CMAKE_PREFIX_PATH=/home/jetson/bbb_jetson_ws/install/serial:/home/jetson/bbb_jetson_ws/install/ros2_laser_scan_matcher:/home/jetson/bbb_jetson_ws/install/diffdrive_arduino:/home/jetson/bbb_jetson_ws/install/bbb_package:/home/jetson/bbb_jetson_ws/install/micro_ros_setup:/home/jetson/bbb_jetson_ws/install/csm:/home/jetson/bbb_jetson_ws/install/bbb_robot:/opt/ros/foxy /usr/bin/cmake --install /home/jetson/bbb_jetson_ws/build/bbb_package
