[0.909s] Invoking command in '/home/jetson/bbb_jetson_ws/build/diffdrive_arduino': AMENT_PREFIX_PATH=/home/jetson/bbb_jetson_ws/install/serial:${AMENT_PREFIX_PATH} CMAKE_PREFIX_PATH=/home/jetson/bbb_jetson_ws/install/serial:/opt/ros/foxy LD_LIBRARY_PATH=/home/jetson/bbb_jetson_ws/install/serial/lib:${LD_LIBRARY_PATH} /usr/bin/cmake --build /home/jetson/bbb_jetson_ws/build/diffdrive_arduino -- -j4 -l4
[1.196s] [ 57%] Built target diffdrive_arduino
[1.208s] [100%] Built target fake_robot
[1.252s] Invoked command in '/home/jetson/bbb_jetson_ws/build/diffdrive_arduino' returned '0': AMENT_PREFIX_PATH=/home/jetson/bbb_jetson_ws/install/serial:${AMENT_PREFIX_PATH} CMAKE_PREFIX_PATH=/home/jetson/bbb_jetson_ws/install/serial:/opt/ros/foxy LD_LIBRARY_PATH=/home/jetson/bbb_jetson_ws/install/serial/lib:${LD_LIBRARY_PATH} /usr/bin/cmake --build /home/jetson/bbb_jetson_ws/build/diffdrive_arduino -- -j4 -l4
[1.348s] Invoking command in '/home/jetson/bbb_jetson_ws/build/diffdrive_arduino': AMENT_PREFIX_PATH=/home/jetson/bbb_jetson_ws/install/serial:${AMENT_PREFIX_PATH} CMAKE_PREFIX_PATH=/home/jetson/bbb_jetson_ws/install/serial:/opt/ros/foxy LD_LIBRARY_PATH=/home/jetson/bbb_jetson_ws/install/serial/lib:${LD_LIBRARY_PATH} /usr/bin/cmake --install /home/jetson/bbb_jetson_ws/build/diffdrive_arduino
[1.385s] -- Install configuration: ""
[1.385s] -- Execute custom install script
[1.386s] -- Up-to-date symlink: /home/jetson/bbb_jetson_ws/install/diffdrive_arduino/share/diffdrive_arduino//robot_hardware.xml
[1.386s] -- Up-to-date symlink: /home/jetson/bbb_jetson_ws/install/diffdrive_arduino/share/diffdrive_arduino//fake_robot_hardware.xml
[1.393s] -- Up-to-date symlink: /home/jetson/bbb_jetson_ws/install/diffdrive_arduino/lib/libdiffdrive_arduino.so
[1.393s] -- Up-to-date symlink: /home/jetson/bbb_jetson_ws/install/diffdrive_arduino/lib/libfake_robot.so
[1.396s] -- Up-to-date symlink: /home/jetson/bbb_jetson_ws/install/diffdrive_arduino/share/diffdrive_arduino/controllers/robot_controller_example.yaml
[1.399s] -- Up-to-date symlink: /home/jetson/bbb_jetson_ws/install/diffdrive_arduino/share/diffdrive_arduino/fake_robot.launch.py
[1.400s] -- Up-to-date symlink: /home/jetson/bbb_jetson_ws/install/diffdrive_arduino/share/diffdrive_arduino/test_robot.launch.py
[1.403s] -- Up-to-date symlink: /home/jetson/bbb_jetson_ws/install/diffdrive_arduino/share/diffdrive_arduino/environment/library_path.sh
[1.405s] -- Up-to-date symlink: /home/jetson/bbb_jetson_ws/install/diffdrive_arduino/share/diffdrive_arduino/environment/library_path.dsv
[1.407s] -- Up-to-date symlink: /home/jetson/bbb_jetson_ws/install/diffdrive_arduino/share/ament_index/resource_index/package_run_dependencies/diffdrive_arduino
[1.409s] -- Up-to-date symlink: /home/jetson/bbb_jetson_ws/install/diffdrive_arduino/share/ament_index/resource_index/parent_prefix_path/diffdrive_arduino
[1.412s] -- Up-to-date symlink: /home/jetson/bbb_jetson_ws/install/diffdrive_arduino/share/diffdrive_arduino/environment/ament_prefix_path.sh
[1.414s] -- Up-to-date symlink: /home/jetson/bbb_jetson_ws/install/diffdrive_arduino/share/diffdrive_arduino/environment/ament_prefix_path.dsv
[1.416s] -- Up-to-date symlink: /home/jetson/bbb_jetson_ws/install/diffdrive_arduino/share/diffdrive_arduino/environment/path.sh
[1.418s] -- Up-to-date symlink: /home/jetson/bbb_jetson_ws/install/diffdrive_arduino/share/diffdrive_arduino/environment/path.dsv
[1.420s] -- Up-to-date symlink: /home/jetson/bbb_jetson_ws/install/diffdrive_arduino/share/diffdrive_arduino/local_setup.bash
[1.422s] -- Up-to-date symlink: /home/jetson/bbb_jetson_ws/install/diffdrive_arduino/share/diffdrive_arduino/local_setup.sh
[1.424s] -- Up-to-date symlink: /home/jetson/bbb_jetson_ws/install/diffdrive_arduino/share/diffdrive_arduino/local_setup.zsh
[1.426s] -- Up-to-date symlink: /home/jetson/bbb_jetson_ws/install/diffdrive_arduino/share/diffdrive_arduino/local_setup.dsv
[1.427s] -- Symlinking: /home/jetson/bbb_jetson_ws/install/diffdrive_arduino/share/diffdrive_arduino/package.dsv
[1.479s] -- Up-to-date symlink: /home/jetson/bbb_jetson_ws/install/diffdrive_arduino/share/ament_index/resource_index/packages/diffdrive_arduino
[1.479s] -- Up-to-date symlink: /home/jetson/bbb_jetson_ws/install/diffdrive_arduino/share/ament_index/resource_index/hardware_interface__pluginlib__plugin/diffdrive_arduino
[1.480s] -- Up-to-date symlink: /home/jetson/bbb_jetson_ws/install/diffdrive_arduino/share/diffdrive_arduino/cmake/ament_cmake_export_libraries-extras.cmake
[1.488s] -- Up-to-date symlink: /home/jetson/bbb_jetson_ws/install/diffdrive_arduino/share/diffdrive_arduino/cmake/ament_cmake_export_dependencies-extras.cmake
[1.489s] -- Up-to-date symlink: /home/jetson/bbb_jetson_ws/install/diffdrive_arduino/share/diffdrive_arduino/cmake/diffdrive_arduinoConfig.cmake
[1.489s] -- Up-to-date symlink: /home/jetson/bbb_jetson_ws/install/diffdrive_arduino/share/diffdrive_arduino/cmake/diffdrive_arduinoConfig-version.cmake
[1.489s] -- Up-to-date symlink: /home/jetson/bbb_jetson_ws/install/diffdrive_arduino/share/diffdrive_arduino/package.xml
[1.953s] Invoked command in '/home/jetson/bbb_jetson_ws/build/diffdrive_arduino' returned '0': AMENT_PREFIX_PATH=/home/jetson/bbb_jetson_ws/install/serial:${AMENT_PREFIX_PATH} CMAKE_PREFIX_PATH=/home/jetson/bbb_jetson_ws/install/serial:/opt/ros/foxy LD_LIBRARY_PATH=/home/jetson/bbb_jetson_ws/install/serial/lib:${LD_LIBRARY_PATH} /usr/bin/cmake --install /home/jetson/bbb_jetson_ws/build/diffdrive_arduino
