[0.618s] Invoking command in '/home/jetson/bbb_jetson_ws/build/bbb_package': CMAKE_PREFIX_PATH=/home/jetson/bbb_jetson_ws/install/serial:/home/jetson/bbb_jetson_ws/install/ros2_laser_scan_matcher:/home/jetson/bbb_jetson_ws/install/diffdrive_arduino:/home/jetson/bbb_jetson_ws/install/bbb_package:/home/jetson/bbb_jetson_ws/install/micro_ros_setup:/home/jetson/bbb_jetson_ws/install/csm:/home/jetson/bbb_jetson_ws/install/bbb_robot:/opt/ros/foxy /usr/bin/cmake --build /home/jetson/bbb_jetson_ws/build/bbb_package -- -j4 -l4
[0.760s] [35m[1mScanning dependencies of target read_IMU[0m
[0.829s] [ 25%] Built target read_host
[0.839s] [ 50%] Built target read_lidar
[0.864s] [ 75%] Built target read_pico
[0.875s] [ 87%] [32mBuilding CXX object CMakeFiles/read_IMU.dir/src/read_IMU.cpp.o[0m
[10.838s] [100%] [32m[1mLinking CXX executable read_IMU[0m
[11.438s] [100%] Built target read_IMU
[11.470s] Invoked command in '/home/jetson/bbb_jetson_ws/build/bbb_package' returned '0': CMAKE_PREFIX_PATH=/home/jetson/bbb_jetson_ws/install/serial:/home/jetson/bbb_jetson_ws/install/ros2_laser_scan_matcher:/home/jetson/bbb_jetson_ws/install/diffdrive_arduino:/home/jetson/bbb_jetson_ws/install/bbb_package:/home/jetson/bbb_jetson_ws/install/micro_ros_setup:/home/jetson/bbb_jetson_ws/install/csm:/home/jetson/bbb_jetson_ws/install/bbb_robot:/opt/ros/foxy /usr/bin/cmake --build /home/jetson/bbb_jetson_ws/build/bbb_package -- -j4 -l4
[11.594s] Invoking command in '/home/jetson/bbb_jetson_ws/build/bbb_package': CMAKE_PREFIX_PATH=/home/jetson/bbb_jetson_ws/install/serial:/home/jetson/bbb_jetson_ws/install/ros2_laser_scan_matcher:/home/jetson/bbb_jetson_ws/install/diffdrive_arduino:/home/jetson/bbb_jetson_ws/install/bbb_package:/home/jetson/bbb_jetson_ws/install/micro_ros_setup:/home/jetson/bbb_jetson_ws/install/csm:/home/jetson/bbb_jetson_ws/install/bbb_robot:/opt/ros/foxy /usr/bin/cmake --install /home/jetson/bbb_jetson_ws/build/bbb_package
[11.618s] -- Install configuration: ""
[11.619s] -- Execute custom install script
[11.620s] -- Up-to-date symlink: /home/jetson/bbb_jetson_ws/install/bbb_package/lib/bbb_package//read_IMU
[11.621s] -- Up-to-date symlink: /home/jetson/bbb_jetson_ws/install/bbb_package/lib/bbb_package//read_pico
[11.622s] -- Up-to-date symlink: /home/jetson/bbb_jetson_ws/install/bbb_package/lib/bbb_package//read_host
[11.623s] -- Up-to-date symlink: /home/jetson/bbb_jetson_ws/install/bbb_package/lib/bbb_package//read_lidar
[11.624s] -- Up-to-date symlink: /home/jetson/bbb_jetson_ws/install/bbb_package/share/bbb_package/launch/rplidar.launch.py
[11.625s] -- Up-to-date symlink: /home/jetson/bbb_jetson_ws/install/bbb_package/share/bbb_package/launch/rplidar.launch.py.save
[11.625s] -- Up-to-date symlink: /home/jetson/bbb_jetson_ws/install/bbb_package/share/ament_index/resource_index/package_run_dependencies/bbb_package
[11.626s] -- Up-to-date symlink: /home/jetson/bbb_jetson_ws/install/bbb_package/share/ament_index/resource_index/parent_prefix_path/bbb_package
[11.627s] -- Up-to-date symlink: /home/jetson/bbb_jetson_ws/install/bbb_package/share/bbb_package/environment/ament_prefix_path.sh
[11.628s] -- Up-to-date symlink: /home/jetson/bbb_jetson_ws/install/bbb_package/share/bbb_package/environment/ament_prefix_path.dsv
[11.629s] -- Up-to-date symlink: /home/jetson/bbb_jetson_ws/install/bbb_package/share/bbb_package/environment/path.sh
[11.630s] -- Up-to-date symlink: /home/jetson/bbb_jetson_ws/install/bbb_package/share/bbb_package/environment/path.dsv
[11.631s] -- Up-to-date symlink: /home/jetson/bbb_jetson_ws/install/bbb_package/share/bbb_package/local_setup.bash
[11.632s] -- Up-to-date symlink: /home/jetson/bbb_jetson_ws/install/bbb_package/share/bbb_package/local_setup.sh
[11.632s] -- Up-to-date symlink: /home/jetson/bbb_jetson_ws/install/bbb_package/share/bbb_package/local_setup.zsh
[11.633s] -- Up-to-date symlink: /home/jetson/bbb_jetson_ws/install/bbb_package/share/bbb_package/local_setup.dsv
[11.634s] -- Symlinking: /home/jetson/bbb_jetson_ws/install/bbb_package/share/bbb_package/package.dsv
[11.661s] -- Up-to-date symlink: /home/jetson/bbb_jetson_ws/install/bbb_package/share/ament_index/resource_index/packages/bbb_package
[11.661s] -- Up-to-date symlink: /home/jetson/bbb_jetson_ws/install/bbb_package/share/bbb_package/cmake/bbb_packageConfig.cmake
[11.662s] -- Up-to-date symlink: /home/jetson/bbb_jetson_ws/install/bbb_package/share/bbb_package/cmake/bbb_packageConfig-version.cmake
[11.663s] -- Up-to-date symlink: /home/jetson/bbb_jetson_ws/install/bbb_package/share/bbb_package/package.xml
[11.668s] Invoked command in '/home/jetson/bbb_jetson_ws/build/bbb_package' returned '0': CMAKE_PREFIX_PATH=/home/jetson/bbb_jetson_ws/install/serial:/home/jetson/bbb_jetson_ws/install/ros2_laser_scan_matcher:/home/jetson/bbb_jetson_ws/install/diffdrive_arduino:/home/jetson/bbb_jetson_ws/install/bbb_package:/home/jetson/bbb_jetson_ws/install/micro_ros_setup:/home/jetson/bbb_jetson_ws/install/csm:/home/jetson/bbb_jetson_ws/install/bbb_robot:/opt/ros/foxy /usr/bin/cmake --install /home/jetson/bbb_jetson_ws/build/bbb_package
