[  5%] Built target data_processing_node_trap
[ 10%] Built target data_processing_node_zz
[ 18%] Built target data_processing_node_straight
[ 21%] Built target data_processing_node_circle
[ 26%] Built target read_lidar
[ 31%] Built target read_IMU
[ 36%] Built target controllers_node
[ 42%] Built target data_processing_node
[ 47%] Built target pid_node
[ 52%] Built target delta_angle_node
[ 57%] Built target tune_node
[ 63%] Built target tune_fuzzy_node
[ 68%] Built target fuzzy_longitudinal_controllers
[ 73%] Built target data_processing_node_eight
[ 78%] Built target lidar_tune
[ 84%] Built target circumference_node
[ 89%] Built target straight_line_node
[ 94%] Built target stanley_node
[100%] Built target sinusoidal_node
-- Install configuration: ""
-- Up-to-date: /home/jetson/bbb_jetson_ws/install/bbb_package/lib/bbb_package/controllers_node
-- Up-to-date: /home/jetson/bbb_jetson_ws/install/bbb_package/lib/bbb_package/data_processing_node_straight
-- Up-to-date: /home/jetson/bbb_jetson_ws/install/bbb_package/lib/bbb_package/data_processing_node_zz
-- Up-to-date: /home/jetson/bbb_jetson_ws/install/bbb_package/lib/bbb_package/data_processing_node_circle
-- Up-to-date: /home/jetson/bbb_jetson_ws/install/bbb_package/lib/bbb_package/data_processing_node_trap
-- Up-to-date: /home/jetson/bbb_jetson_ws/install/bbb_package/lib/bbb_package/lidar_tune
-- Up-to-date: /home/jetson/bbb_jetson_ws/install/bbb_package/lib/bbb_package/data_processing_node_eight
-- Up-to-date: /home/jetson/bbb_jetson_ws/install/bbb_package/share/bbb_package/launch
-- Up-to-date: /home/jetson/bbb_jetson_ws/install/bbb_package/share/bbb_package/launch/thesis.launch.py
-- Installing: /home/jetson/bbb_jetson_ws/install/bbb_package/share/bbb_package/package.dsv
