[0.104s] Invoking command in '/home/jetson/bbb_jetson_ws/build/bbb_package': AMENT_PREFIX_PATH=/home/jetson/bbb_jetson_ws/install/serial:${AMENT_PREFIX_PATH} CMAKE_PREFIX_PATH=/home/jetson/bbb_jetson_ws/install/serial:/home/jetson/bbb_jetson_ws/src/install/tune_package:/home/jetson/bbb_jetson_ws/src/install/ros2_laser_scan_matcher:/home/jetson/bbb_jetson_ws/src/install/diffdrive_arduino:/home/jetson/bbb_jetson_ws/src/install/bbb_package:/home/jetson/bbb_jetson_ws/src/install/serial:/home/jetson/bbb_jetson_ws/src/install/csm:/home/jetson/bbb_jetson_ws/src/install/bbb_robot:/opt/ros/foxy LD_LIBRARY_PATH=/home/jetson/bbb_jetson_ws/install/serial/lib:${LD_LIBRARY_PATH} /usr/bin/cmake --build /home/jetson/bbb_jetson_ws/build/bbb_package -- -j4 -l4
[0.469s] [35m[1mScanning dependencies of target controllers_node[0m
[0.796s] [  7%] Built target read_IMU
[0.835s] [ 15%] Built target data_processing_node
[0.872s] [ 23%] Built target read_lidar
[0.994s] [ 26%] [32mBuilding CXX object CMakeFiles/controllers_node.dir/src/controllers_node.cpp.o[0m
[1.260s] [ 34%] Built target pid_node
[1.430s] [ 42%] Built target delta_angle_node
[1.556s] [ 50%] Built target tune_node
[1.623s] [ 57%] Built target tune_fuzzy_node
[1.716s] [ 65%] Built target fuzzy_longitudinal_controllers
[2.019s] [ 73%] Built target circumference_node
[2.076s] [ 80%] Built target stanley_node
[2.093s] [ 88%] Built target straight_line_node
[2.322s] [ 96%] Built target sinusoidal_node
[36.376s] [100%] [32m[1mLinking CXX executable controllers_node[0m
[37.954s] [100%] Built target controllers_node
[38.037s] Invoked command in '/home/jetson/bbb_jetson_ws/build/bbb_package' returned '0': AMENT_PREFIX_PATH=/home/jetson/bbb_jetson_ws/install/serial:${AMENT_PREFIX_PATH} CMAKE_PREFIX_PATH=/home/jetson/bbb_jetson_ws/install/serial:/home/jetson/bbb_jetson_ws/src/install/tune_package:/home/jetson/bbb_jetson_ws/src/install/ros2_laser_scan_matcher:/home/jetson/bbb_jetson_ws/src/install/diffdrive_arduino:/home/jetson/bbb_jetson_ws/src/install/bbb_package:/home/jetson/bbb_jetson_ws/src/install/serial:/home/jetson/bbb_jetson_ws/src/install/csm:/home/jetson/bbb_jetson_ws/src/install/bbb_robot:/opt/ros/foxy LD_LIBRARY_PATH=/home/jetson/bbb_jetson_ws/install/serial/lib:${LD_LIBRARY_PATH} /usr/bin/cmake --build /home/jetson/bbb_jetson_ws/build/bbb_package -- -j4 -l4
[38.354s] Invoking command in '/home/jetson/bbb_jetson_ws/build/bbb_package': AMENT_PREFIX_PATH=/home/jetson/bbb_jetson_ws/install/serial:${AMENT_PREFIX_PATH} CMAKE_PREFIX_PATH=/home/jetson/bbb_jetson_ws/install/serial:/home/jetson/bbb_jetson_ws/src/install/tune_package:/home/jetson/bbb_jetson_ws/src/install/ros2_laser_scan_matcher:/home/jetson/bbb_jetson_ws/src/install/diffdrive_arduino:/home/jetson/bbb_jetson_ws/src/install/bbb_package:/home/jetson/bbb_jetson_ws/src/install/serial:/home/jetson/bbb_jetson_ws/src/install/csm:/home/jetson/bbb_jetson_ws/src/install/bbb_robot:/opt/ros/foxy LD_LIBRARY_PATH=/home/jetson/bbb_jetson_ws/install/serial/lib:${LD_LIBRARY_PATH} /usr/bin/cmake --install /home/jetson/bbb_jetson_ws/build/bbb_package
[38.427s] -- Install configuration: ""
[38.441s] -- Installing: /home/jetson/bbb_jetson_ws/install/bbb_package/lib/bbb_package/controllers_node
[38.476s] -- Set runtime path of "/home/jetson/bbb_jetson_ws/install/bbb_package/lib/bbb_package/controllers_node" to ""
[38.483s] -- Up-to-date: /home/jetson/bbb_jetson_ws/install/bbb_package/lib/bbb_package/data_processing_node
[38.489s] -- Up-to-date: /home/jetson/bbb_jetson_ws/install/bbb_package/share/bbb_package/launch
[38.493s] -- Installing: /home/jetson/bbb_jetson_ws/install/bbb_package/share/bbb_package/launch/thesis.launch.py
[38.510s] -- Installing: /home/jetson/bbb_jetson_ws/install/bbb_package/share/bbb_package/package.dsv
[38.534s] Invoked command in '/home/jetson/bbb_jetson_ws/build/bbb_package' returned '0': AMENT_PREFIX_PATH=/home/jetson/bbb_jetson_ws/install/serial:${AMENT_PREFIX_PATH} CMAKE_PREFIX_PATH=/home/jetson/bbb_jetson_ws/install/serial:/home/jetson/bbb_jetson_ws/src/install/tune_package:/home/jetson/bbb_jetson_ws/src/install/ros2_laser_scan_matcher:/home/jetson/bbb_jetson_ws/src/install/diffdrive_arduino:/home/jetson/bbb_jetson_ws/src/install/bbb_package:/home/jetson/bbb_jetson_ws/src/install/serial:/home/jetson/bbb_jetson_ws/src/install/csm:/home/jetson/bbb_jetson_ws/src/install/bbb_robot:/opt/ros/foxy LD_LIBRARY_PATH=/home/jetson/bbb_jetson_ws/install/serial/lib:${LD_LIBRARY_PATH} /usr/bin/cmake --install /home/jetson/bbb_jetson_ws/build/bbb_package
