[0.874s] Invoking command in '/media/ngochoan/Intermediate_memory/mobile_robot/Dissertation/Software/BamBoBot/src/BamBoBot_robot': PYTHONPATH=/media/ngochoan/Intermediate_memory/mobile_robot/Dissertation/Software/BamBoBot/build/BamBoBot_simular/prefix_override:/media/ngochoan/Intermediate_memory/mobile_robot/Dissertation/Software/BamBoBot/install/BamBoBot_simular/lib/python3.10/site-packages:${PYTHONPATH} /usr/bin/python3 setup.py egg_info --egg-base ../../build/BamBoBot_simular build --build-base /media/ngochoan/Intermediate_memory/mobile_robot/Dissertation/Software/BamBoBot/build/BamBoBot_simular/build install --record /media/ngochoan/Intermediate_memory/mobile_robot/Dissertation/Software/BamBoBot/build/BamBoBot_simular/install.log --single-version-externally-managed
[1.104s] running egg_info
[1.105s] writing ../../build/BamBoBot_simular/BamBoBot_robot.egg-info/PKG-INFO
[1.105s] writing dependency_links to ../../build/BamBoBot_simular/BamBoBot_robot.egg-info/dependency_links.txt
[1.106s] writing entry points to ../../build/BamBoBot_simular/BamBoBot_robot.egg-info/entry_points.txt
[1.106s] writing requirements to ../../build/BamBoBot_simular/BamBoBot_robot.egg-info/requires.txt
[1.106s] writing top-level names to ../../build/BamBoBot_simular/BamBoBot_robot.egg-info/top_level.txt
[1.107s] reading manifest file '../../build/BamBoBot_simular/BamBoBot_robot.egg-info/SOURCES.txt'
[1.108s] writing manifest file '../../build/BamBoBot_simular/BamBoBot_robot.egg-info/SOURCES.txt'
[1.108s] running build
[1.109s] running build_py
[1.109s] running install
[1.109s] /usr/lib/python3/dist-packages/setuptools/command/install.py:34: SetuptoolsDeprecationWarning: setup.py install is deprecated. Use build and pip and other standards-based tools.
[1.109s]   warnings.warn(
[1.109s] running install_lib
[1.110s] creating /media/ngochoan/Intermediate_memory/mobile_robot/Dissertation/Software/BamBoBot/install/BamBoBot_simular/lib/python3.10/site-packages/BamBoBot_robot
[1.110s] copying /media/ngochoan/Intermediate_memory/mobile_robot/Dissertation/Software/BamBoBot/build/BamBoBot_simular/build/lib/BamBoBot_robot/__init__.py -> /media/ngochoan/Intermediate_memory/mobile_robot/Dissertation/Software/BamBoBot/install/BamBoBot_simular/lib/python3.10/site-packages/BamBoBot_robot
[1.121s] byte-compiling /media/ngochoan/Intermediate_memory/mobile_robot/Dissertation/Software/BamBoBot/install/BamBoBot_simular/lib/python3.10/site-packages/BamBoBot_robot/__init__.py to __init__.cpython-310.pyc
[1.121s] running install_data
[1.123s] running install_egg_info
[1.127s] Copying ../../build/BamBoBot_simular/BamBoBot_robot.egg-info to /media/ngochoan/Intermediate_memory/mobile_robot/Dissertation/Software/BamBoBot/install/BamBoBot_simular/lib/python3.10/site-packages/BamBoBot_robot-0.0.0-py3.10.egg-info
[1.129s] running install_scripts
[1.152s] writing list of installed files to '/media/ngochoan/Intermediate_memory/mobile_robot/Dissertation/Software/BamBoBot/build/BamBoBot_simular/install.log'
[1.169s] Invoked command in '/media/ngochoan/Intermediate_memory/mobile_robot/Dissertation/Software/BamBoBot/src/BamBoBot_robot' returned '0': PYTHONPATH=/media/ngochoan/Intermediate_memory/mobile_robot/Dissertation/Software/BamBoBot/build/BamBoBot_simular/prefix_override:/media/ngochoan/Intermediate_memory/mobile_robot/Dissertation/Software/BamBoBot/install/BamBoBot_simular/lib/python3.10/site-packages:${PYTHONPATH} /usr/bin/python3 setup.py egg_info --egg-base ../../build/BamBoBot_simular build --build-base /media/ngochoan/Intermediate_memory/mobile_robot/Dissertation/Software/BamBoBot/build/BamBoBot_simular/build install --record /media/ngochoan/Intermediate_memory/mobile_robot/Dissertation/Software/BamBoBot/build/BamBoBot_simular/install.log --single-version-externally-managed
