[1.122s] DEBUG:colcon:Command line arguments: ['/usr/bin/colcon', 'build', '--packages-select', 'bbb_package']
[1.123s] DEBUG:colcon:Parsed command line arguments: Namespace(allow_overriding=[], ament_cmake_args=None, base_paths=['.'], build_base='build', catkin_cmake_args=None, catkin_skip_building_tests=False, cmake_args=None, cmake_clean_cache=False, cmake_clean_first=False, cmake_force_configure=False, cmake_target=None, cmake_target_skip_unavailable=False, continue_on_error=False, event_handlers=None, executor='parallel', ignore_user_meta=False, install_base='install', log_base=None, log_level=None, main=<bound method BuildVerb.main of <colcon_core.verb.build.BuildVerb object at 0x7fa785fa30>>, merge_install=False, metas=['./colcon.meta'], packages_above=None, packages_above_and_dependencies=None, packages_above_depth=None, packages_end=None, packages_ignore=None, packages_ignore_regex=None, packages_select=['bbb_package'], packages_select_build_failed=False, packages_select_by_dep=None, packages_select_regex=None, packages_select_test_failures=False, packages_skip=None, packages_skip_build_finished=False, packages_skip_by_dep=None, packages_skip_regex=None, packages_skip_test_passed=False, packages_skip_up_to=None, packages_start=None, packages_up_to=None, packages_up_to_regex=None, parallel_workers=4, paths=None, symlink_install=False, test_result_base=None, verb_extension=<colcon_core.verb.build.BuildVerb object at 0x7fa785fa30>, verb_name='build', verb_parser=<colcon_defaults.argument_parser.defaults.DefaultArgumentsDecorator object at 0x7fa776b6d0>)
[2.045s] Level 1:colcon.colcon_core.package_discovery:discover_packages(colcon_meta) check parameters
[2.047s] Level 1:colcon.colcon_core.package_discovery:discover_packages(recursive) check parameters
[2.047s] Level 1:colcon.colcon_core.package_discovery:discover_packages(ignore) check parameters
[2.048s] Level 1:colcon.colcon_core.package_discovery:discover_packages(path) check parameters
[2.049s] Level 1:colcon.colcon_core.package_discovery:discover_packages(colcon_meta) discover
[2.050s] Level 1:colcon.colcon_core.package_discovery:discover_packages(recursive) discover
[2.051s] INFO:colcon.colcon_core.package_discovery:Crawling recursively for packages in '/home/jetson/bbb_jetson_ws'
[2.052s] Level 1:colcon.colcon_core.package_identification:_identify(.) by extensions ['ignore', 'ignore_ament_install']
[2.055s] Level 1:colcon.colcon_core.package_identification:_identify(.) by extension 'ignore'
[2.056s] Level 1:colcon.colcon_core.package_identification:_identify(.) by extension 'ignore_ament_install'
[2.057s] Level 1:colcon.colcon_core.package_identification:_identify(.) by extensions ['colcon_pkg']
[2.057s] Level 1:colcon.colcon_core.package_identification:_identify(.) by extension 'colcon_pkg'
[2.058s] Level 1:colcon.colcon_core.package_identification:_identify(.) by extensions ['colcon_meta']
[2.059s] Level 1:colcon.colcon_core.package_identification:_identify(.) by extension 'colcon_meta'
[2.060s] Level 1:colcon.colcon_core.package_identification:_identify(.) by extensions ['ros']
[2.061s] Level 1:colcon.colcon_core.package_identification:_identify(.) by extension 'ros'
[2.140s] Level 1:colcon.colcon_core.package_identification:_identify(.) by extensions ['cmake', 'python']
[2.141s] Level 1:colcon.colcon_core.package_identification:_identify(.) by extension 'cmake'
[2.141s] Level 1:colcon.colcon_core.package_identification:_identify(.) by extension 'python'
[2.142s] Level 1:colcon.colcon_core.package_identification:_identify(.) by extensions ['python_setup_py']
[2.143s] Level 1:colcon.colcon_core.package_identification:_identify(.) by extension 'python_setup_py'
[2.144s] Level 1:colcon.colcon_core.package_identification:_identify(build) by extensions ['ignore', 'ignore_ament_install']
[2.145s] Level 1:colcon.colcon_core.package_identification:_identify(build) by extension 'ignore'
[2.145s] Level 1:colcon.colcon_core.package_identification:_identify(build) ignored
[2.146s] Level 1:colcon.colcon_core.package_identification:_identify(frames) by extensions ['ignore', 'ignore_ament_install']
[2.147s] Level 1:colcon.colcon_core.package_identification:_identify(frames) by extension 'ignore'
[2.148s] Level 1:colcon.colcon_core.package_identification:_identify(frames) by extension 'ignore_ament_install'
[2.149s] Level 1:colcon.colcon_core.package_identification:_identify(frames) by extensions ['colcon_pkg']
[2.149s] Level 1:colcon.colcon_core.package_identification:_identify(frames) by extension 'colcon_pkg'
[2.150s] Level 1:colcon.colcon_core.package_identification:_identify(frames) by extensions ['colcon_meta']
[2.151s] Level 1:colcon.colcon_core.package_identification:_identify(frames) by extension 'colcon_meta'
[2.151s] Level 1:colcon.colcon_core.package_identification:_identify(frames) by extensions ['ros']
[2.152s] Level 1:colcon.colcon_core.package_identification:_identify(frames) by extension 'ros'
[2.153s] Level 1:colcon.colcon_core.package_identification:_identify(frames) by extensions ['cmake', 'python']
[2.154s] Level 1:colcon.colcon_core.package_identification:_identify(frames) by extension 'cmake'
[2.154s] Level 1:colcon.colcon_core.package_identification:_identify(frames) by extension 'python'
[2.155s] Level 1:colcon.colcon_core.package_identification:_identify(frames) by extensions ['python_setup_py']
[2.156s] Level 1:colcon.colcon_core.package_identification:_identify(frames) by extension 'python_setup_py'
[2.157s] Level 1:colcon.colcon_core.package_identification:_identify(install) by extensions ['ignore', 'ignore_ament_install']
[2.158s] Level 1:colcon.colcon_core.package_identification:_identify(install) by extension 'ignore'
[2.159s] Level 1:colcon.colcon_core.package_identification:_identify(install) ignored
[2.164s] Level 1:colcon.colcon_core.package_identification:_identify(log) by extensions ['ignore', 'ignore_ament_install']
[2.183s] Level 1:colcon.colcon_core.package_identification:_identify(log) by extension 'ignore'
[2.184s] Level 1:colcon.colcon_core.package_identification:_identify(log) ignored
[2.185s] Level 1:colcon.colcon_core.package_identification:_identify(src) by extensions ['ignore', 'ignore_ament_install']
[2.186s] Level 1:colcon.colcon_core.package_identification:_identify(src) by extension 'ignore'
[2.187s] Level 1:colcon.colcon_core.package_identification:_identify(src) by extension 'ignore_ament_install'
[2.192s] Level 1:colcon.colcon_core.package_identification:_identify(src) by extensions ['colcon_pkg']
[2.192s] Level 1:colcon.colcon_core.package_identification:_identify(src) by extension 'colcon_pkg'
[2.193s] Level 1:colcon.colcon_core.package_identification:_identify(src) by extensions ['colcon_meta']
[2.194s] Level 1:colcon.colcon_core.package_identification:_identify(src) by extension 'colcon_meta'
[2.194s] Level 1:colcon.colcon_core.package_identification:_identify(src) by extensions ['ros']
[2.195s] Level 1:colcon.colcon_core.package_identification:_identify(src) by extension 'ros'
[2.200s] Level 1:colcon.colcon_core.package_identification:_identify(src) by extensions ['cmake', 'python']
[2.200s] Level 1:colcon.colcon_core.package_identification:_identify(src) by extension 'cmake'
[2.201s] Level 1:colcon.colcon_core.package_identification:_identify(src) by extension 'python'
[2.202s] Level 1:colcon.colcon_core.package_identification:_identify(src) by extensions ['python_setup_py']
[2.202s] Level 1:colcon.colcon_core.package_identification:_identify(src) by extension 'python_setup_py'
[2.203s] Level 1:colcon.colcon_core.package_identification:_identify(src/bbb_package) by extensions ['ignore', 'ignore_ament_install']
[2.204s] Level 1:colcon.colcon_core.package_identification:_identify(src/bbb_package) by extension 'ignore'
[2.205s] Level 1:colcon.colcon_core.package_identification:_identify(src/bbb_package) by extension 'ignore_ament_install'
[2.206s] Level 1:colcon.colcon_core.package_identification:_identify(src/bbb_package) by extensions ['colcon_pkg']
[2.206s] Level 1:colcon.colcon_core.package_identification:_identify(src/bbb_package) by extension 'colcon_pkg'
[2.207s] Level 1:colcon.colcon_core.package_identification:_identify(src/bbb_package) by extensions ['colcon_meta']
[2.207s] Level 1:colcon.colcon_core.package_identification:_identify(src/bbb_package) by extension 'colcon_meta'
[2.208s] Level 1:colcon.colcon_core.package_identification:_identify(src/bbb_package) by extensions ['ros']
[2.209s] Level 1:colcon.colcon_core.package_identification:_identify(src/bbb_package) by extension 'ros'
[2.223s] DEBUG:colcon.colcon_core.package_identification:Package 'src/bbb_package' with type 'ros.ament_cmake' and name 'bbb_package'
[2.224s] Level 1:colcon.colcon_core.package_identification:_identify(src/bbb_robot) by extensions ['ignore', 'ignore_ament_install']
[2.225s] Level 1:colcon.colcon_core.package_identification:_identify(src/bbb_robot) by extension 'ignore'
[2.225s] Level 1:colcon.colcon_core.package_identification:_identify(src/bbb_robot) by extension 'ignore_ament_install'
[2.226s] Level 1:colcon.colcon_core.package_identification:_identify(src/bbb_robot) by extensions ['colcon_pkg']
[2.227s] Level 1:colcon.colcon_core.package_identification:_identify(src/bbb_robot) by extension 'colcon_pkg'
[2.227s] Level 1:colcon.colcon_core.package_identification:_identify(src/bbb_robot) by extensions ['colcon_meta']
[2.228s] Level 1:colcon.colcon_core.package_identification:_identify(src/bbb_robot) by extension 'colcon_meta'
[2.228s] Level 1:colcon.colcon_core.package_identification:_identify(src/bbb_robot) by extensions ['ros']
[2.229s] Level 1:colcon.colcon_core.package_identification:_identify(src/bbb_robot) by extension 'ros'
[2.231s] DEBUG:colcon.colcon_core.package_identification:Package 'src/bbb_robot' with type 'ros.ament_cmake' and name 'bbb_robot'
[2.232s] Level 1:colcon.colcon_core.package_identification:_identify(src/build) by extensions ['ignore', 'ignore_ament_install']
[2.233s] Level 1:colcon.colcon_core.package_identification:_identify(src/build) by extension 'ignore'
[2.234s] Level 1:colcon.colcon_core.package_identification:_identify(src/build) ignored
[2.235s] Level 1:colcon.colcon_core.package_identification:_identify(src/csm) by extensions ['ignore', 'ignore_ament_install']
[2.236s] Level 1:colcon.colcon_core.package_identification:_identify(src/csm) by extension 'ignore'
[2.237s] Level 1:colcon.colcon_core.package_identification:_identify(src/csm) by extension 'ignore_ament_install'
[2.238s] Level 1:colcon.colcon_core.package_identification:_identify(src/csm) by extensions ['colcon_pkg']
[2.238s] Level 1:colcon.colcon_core.package_identification:_identify(src/csm) by extension 'colcon_pkg'
[2.239s] Level 1:colcon.colcon_core.package_identification:_identify(src/csm) by extensions ['colcon_meta']
[2.239s] Level 1:colcon.colcon_core.package_identification:_identify(src/csm) by extension 'colcon_meta'
[2.240s] Level 1:colcon.colcon_core.package_identification:_identify(src/csm) by extensions ['ros']
[2.241s] Level 1:colcon.colcon_core.package_identification:_identify(src/csm) by extension 'ros'
[2.244s] DEBUG:colcon.colcon_core.package_identification:Package 'src/csm' with type 'ros.ament_cmake' and name 'csm'
[2.245s] Level 1:colcon.colcon_core.package_identification:_identify(src/diffdrive_arduino) by extensions ['ignore', 'ignore_ament_install']
[2.246s] Level 1:colcon.colcon_core.package_identification:_identify(src/diffdrive_arduino) by extension 'ignore'
[2.247s] Level 1:colcon.colcon_core.package_identification:_identify(src/diffdrive_arduino) by extension 'ignore_ament_install'
[2.247s] Level 1:colcon.colcon_core.package_identification:_identify(src/diffdrive_arduino) by extensions ['colcon_pkg']
[2.248s] Level 1:colcon.colcon_core.package_identification:_identify(src/diffdrive_arduino) by extension 'colcon_pkg'
[2.249s] Level 1:colcon.colcon_core.package_identification:_identify(src/diffdrive_arduino) by extensions ['colcon_meta']
[2.250s] Level 1:colcon.colcon_core.package_identification:_identify(src/diffdrive_arduino) by extension 'colcon_meta'
[2.250s] Level 1:colcon.colcon_core.package_identification:_identify(src/diffdrive_arduino) by extensions ['ros']
[2.251s] Level 1:colcon.colcon_core.package_identification:_identify(src/diffdrive_arduino) by extension 'ros'
[2.255s] DEBUG:colcon.colcon_core.package_identification:Package 'src/diffdrive_arduino' with type 'ros.ament_cmake' and name 'diffdrive_arduino'
[2.256s] Level 1:colcon.colcon_core.package_identification:_identify(src/install) by extensions ['ignore', 'ignore_ament_install']
[2.257s] Level 1:colcon.colcon_core.package_identification:_identify(src/install) by extension 'ignore'
[2.258s] Level 1:colcon.colcon_core.package_identification:_identify(src/install) ignored
[2.259s] Level 1:colcon.colcon_core.package_identification:_identify(src/log) by extensions ['ignore', 'ignore_ament_install']
[2.260s] Level 1:colcon.colcon_core.package_identification:_identify(src/log) by extension 'ignore'
[2.261s] Level 1:colcon.colcon_core.package_identification:_identify(src/log) ignored
[2.261s] Level 1:colcon.colcon_core.package_identification:_identify(src/ros2_laser_scan_matcher) by extensions ['ignore', 'ignore_ament_install']
[2.262s] Level 1:colcon.colcon_core.package_identification:_identify(src/ros2_laser_scan_matcher) by extension 'ignore'
[2.263s] Level 1:colcon.colcon_core.package_identification:_identify(src/ros2_laser_scan_matcher) by extension 'ignore_ament_install'
[2.264s] Level 1:colcon.colcon_core.package_identification:_identify(src/ros2_laser_scan_matcher) by extensions ['colcon_pkg']
[2.264s] Level 1:colcon.colcon_core.package_identification:_identify(src/ros2_laser_scan_matcher) by extension 'colcon_pkg'
[2.265s] Level 1:colcon.colcon_core.package_identification:_identify(src/ros2_laser_scan_matcher) by extensions ['colcon_meta']
[2.266s] Level 1:colcon.colcon_core.package_identification:_identify(src/ros2_laser_scan_matcher) by extension 'colcon_meta'
[2.267s] Level 1:colcon.colcon_core.package_identification:_identify(src/ros2_laser_scan_matcher) by extensions ['ros']
[2.267s] Level 1:colcon.colcon_core.package_identification:_identify(src/ros2_laser_scan_matcher) by extension 'ros'
[2.272s] DEBUG:colcon.colcon_core.package_identification:Package 'src/ros2_laser_scan_matcher' with type 'ros.ament_cmake' and name 'ros2_laser_scan_matcher'
[2.274s] Level 1:colcon.colcon_core.package_identification:_identify(src/serial) by extensions ['ignore', 'ignore_ament_install']
[2.274s] Level 1:colcon.colcon_core.package_identification:_identify(src/serial) by extension 'ignore'
[2.275s] Level 1:colcon.colcon_core.package_identification:_identify(src/serial) by extension 'ignore_ament_install'
[2.276s] Level 1:colcon.colcon_core.package_identification:_identify(src/serial) by extensions ['colcon_pkg']
[2.277s] Level 1:colcon.colcon_core.package_identification:_identify(src/serial) by extension 'colcon_pkg'
[2.277s] Level 1:colcon.colcon_core.package_identification:_identify(src/serial) by extensions ['colcon_meta']
[2.278s] Level 1:colcon.colcon_core.package_identification:_identify(src/serial) by extension 'colcon_meta'
[2.279s] Level 1:colcon.colcon_core.package_identification:_identify(src/serial) by extensions ['ros']
[2.280s] Level 1:colcon.colcon_core.package_identification:_identify(src/serial) by extension 'ros'
[2.282s] DEBUG:colcon.colcon_core.package_identification:Package 'src/serial' with type 'ros.ament_cmake' and name 'serial'
[2.283s] Level 1:colcon.colcon_core.package_identification:_identify(src/tune_package) by extensions ['ignore', 'ignore_ament_install']
[2.284s] Level 1:colcon.colcon_core.package_identification:_identify(src/tune_package) by extension 'ignore'
[2.284s] Level 1:colcon.colcon_core.package_identification:_identify(src/tune_package) by extension 'ignore_ament_install'
[2.285s] Level 1:colcon.colcon_core.package_identification:_identify(src/tune_package) by extensions ['colcon_pkg']
[2.286s] Level 1:colcon.colcon_core.package_identification:_identify(src/tune_package) by extension 'colcon_pkg'
[2.286s] Level 1:colcon.colcon_core.package_identification:_identify(src/tune_package) by extensions ['colcon_meta']
[2.287s] Level 1:colcon.colcon_core.package_identification:_identify(src/tune_package) by extension 'colcon_meta'
[2.288s] Level 1:colcon.colcon_core.package_identification:_identify(src/tune_package) by extensions ['ros']
[2.288s] Level 1:colcon.colcon_core.package_identification:_identify(src/tune_package) by extension 'ros'
[2.291s] DEBUG:colcon.colcon_core.package_identification:Package 'src/tune_package' with type 'ros.ament_cmake' and name 'tune_package'
[2.291s] Level 1:colcon.colcon_core.package_discovery:discover_packages(recursive) using defaults
[2.292s] Level 1:colcon.colcon_core.package_discovery:discover_packages(ignore) discover
[2.293s] Level 1:colcon.colcon_core.package_discovery:discover_packages(ignore) using defaults
[2.293s] Level 1:colcon.colcon_core.package_discovery:discover_packages(path) discover
[2.294s] Level 1:colcon.colcon_core.package_discovery:discover_packages(path) using defaults
[2.357s] INFO:colcon.colcon_core.package_selection:Skipping not selected package 'bbb_robot' in 'src/bbb_robot'
[2.358s] INFO:colcon.colcon_core.package_selection:Skipping not selected package 'csm' in 'src/csm'
[2.359s] INFO:colcon.colcon_core.package_selection:Skipping not selected package 'serial' in 'src/serial'
[2.359s] INFO:colcon.colcon_core.package_selection:Skipping not selected package 'tune_package' in 'src/tune_package'
[2.360s] INFO:colcon.colcon_core.package_selection:Skipping not selected package 'diffdrive_arduino' in 'src/diffdrive_arduino'
[2.360s] INFO:colcon.colcon_core.package_selection:Skipping not selected package 'ros2_laser_scan_matcher' in 'src/ros2_laser_scan_matcher'
[2.362s] Level 1:colcon.colcon_core.package_discovery:discover_packages(prefix_path) check parameters
[2.363s] Level 1:colcon.colcon_core.package_discovery:discover_packages(prefix_path) discover
[2.373s] DEBUG:colcon.colcon_installed_package_information.package_discovery:Found 8 installed packages in /home/jetson/bbb_jetson_ws/install
[2.380s] DEBUG:colcon.colcon_installed_package_information.package_discovery:Found 290 installed packages in /opt/ros/foxy
[2.389s] Level 1:colcon.colcon_core.package_discovery:discover_packages(prefix_path) using defaults
[2.930s] Level 5:colcon.colcon_core.verb:set package 'bbb_package' build argument 'cmake_args' from command line to 'None'
[2.931s] Level 5:colcon.colcon_core.verb:set package 'bbb_package' build argument 'cmake_target' from command line to 'None'
[2.932s] Level 5:colcon.colcon_core.verb:set package 'bbb_package' build argument 'cmake_target_skip_unavailable' from command line to 'False'
[2.934s] Level 5:colcon.colcon_core.verb:set package 'bbb_package' build argument 'cmake_clean_cache' from command line to 'False'
[2.949s] Level 5:colcon.colcon_core.verb:set package 'bbb_package' build argument 'cmake_clean_first' from command line to 'False'
[2.950s] Level 5:colcon.colcon_core.verb:set package 'bbb_package' build argument 'cmake_force_configure' from command line to 'False'
[2.951s] Level 5:colcon.colcon_core.verb:set package 'bbb_package' build argument 'ament_cmake_args' from command line to 'None'
[2.952s] Level 5:colcon.colcon_core.verb:set package 'bbb_package' build argument 'catkin_cmake_args' from command line to 'None'
[2.952s] Level 5:colcon.colcon_core.verb:set package 'bbb_package' build argument 'catkin_skip_building_tests' from command line to 'False'
[2.953s] DEBUG:colcon.colcon_core.verb:Building package 'bbb_package' with the following arguments: {'ament_cmake_args': None, 'build_base': '/home/jetson/bbb_jetson_ws/build/bbb_package', 'catkin_cmake_args': None, 'catkin_skip_building_tests': False, 'cmake_args': None, 'cmake_clean_cache': False, 'cmake_clean_first': False, 'cmake_force_configure': False, 'cmake_target': None, 'cmake_target_skip_unavailable': False, 'install_base': '/home/jetson/bbb_jetson_ws/install/bbb_package', 'merge_install': False, 'path': '/home/jetson/bbb_jetson_ws/src/bbb_package', 'symlink_install': False, 'test_result_base': None}
[2.954s] INFO:colcon.colcon_core.executor:Executing jobs using 'parallel' executor
[2.958s] DEBUG:colcon.colcon_parallel_executor.executor.parallel:run_until_complete
[2.958s] INFO:colcon.colcon_ros.task.ament_cmake.build:Building ROS package in '/home/jetson/bbb_jetson_ws/src/bbb_package' with build type 'ament_cmake'
[2.959s] INFO:colcon.colcon_cmake.task.cmake.build:Building CMake package in '/home/jetson/bbb_jetson_ws/src/bbb_package'
[2.983s] INFO:colcon.colcon_core.plugin_system:Skipping extension 'colcon_core.shell.bat': Not used on non-Windows systems
[2.986s] INFO:colcon.colcon_core.shell:Skip shell extension 'powershell' for command environment: Not usable outside of PowerShell
[3.000s] DEBUG:colcon.colcon_core.shell:Skip shell extension 'dsv' for command environment
[3.139s] DEBUG:colcon.colcon_core.event_handler.log_command:Invoking command in '/home/jetson/bbb_jetson_ws/build/bbb_package': CMAKE_PREFIX_PATH=/home/jetson/bbb_jetson_ws/install/serial:/home/jetson/bbb_jetson_ws/install/tune_package:/home/jetson/bbb_jetson_ws/install/ros2_laser_scan_matcher:/home/jetson/bbb_jetson_ws/install/diffdrive_arduino:/home/jetson/bbb_jetson_ws/install/bbb_package:/home/jetson/bbb_jetson_ws/install/micro_ros_setup:/home/jetson/bbb_jetson_ws/install/csm:/home/jetson/bbb_jetson_ws/install/bbb_robot:/opt/ros/foxy /usr/bin/cmake --build /home/jetson/bbb_jetson_ws/build/bbb_package -- -j4 -l4
[33.025s] DEBUG:colcon.colcon_core.event_handler.log_command:Invoked command in '/home/jetson/bbb_jetson_ws/build/bbb_package' returned '0': CMAKE_PREFIX_PATH=/home/jetson/bbb_jetson_ws/install/serial:/home/jetson/bbb_jetson_ws/install/tune_package:/home/jetson/bbb_jetson_ws/install/ros2_laser_scan_matcher:/home/jetson/bbb_jetson_ws/install/diffdrive_arduino:/home/jetson/bbb_jetson_ws/install/bbb_package:/home/jetson/bbb_jetson_ws/install/micro_ros_setup:/home/jetson/bbb_jetson_ws/install/csm:/home/jetson/bbb_jetson_ws/install/bbb_robot:/opt/ros/foxy /usr/bin/cmake --build /home/jetson/bbb_jetson_ws/build/bbb_package -- -j4 -l4
[33.242s] DEBUG:colcon.colcon_core.event_handler.log_command:Invoking command in '/home/jetson/bbb_jetson_ws/build/bbb_package': CMAKE_PREFIX_PATH=/home/jetson/bbb_jetson_ws/install/serial:/home/jetson/bbb_jetson_ws/install/tune_package:/home/jetson/bbb_jetson_ws/install/ros2_laser_scan_matcher:/home/jetson/bbb_jetson_ws/install/diffdrive_arduino:/home/jetson/bbb_jetson_ws/install/bbb_package:/home/jetson/bbb_jetson_ws/install/micro_ros_setup:/home/jetson/bbb_jetson_ws/install/csm:/home/jetson/bbb_jetson_ws/install/bbb_robot:/opt/ros/foxy /usr/bin/cmake --install /home/jetson/bbb_jetson_ws/build/bbb_package
[33.296s] Level 1:colcon.colcon_core.environment:create_environment_scripts_only(bbb_package)
[33.305s] Level 1:colcon.colcon_core.environment:checking '/home/jetson/bbb_jetson_ws/install/bbb_package' for CMake module files
[33.308s] Level 1:colcon.colcon_core.environment:checking '/home/jetson/bbb_jetson_ws/install/bbb_package' for CMake config files
[33.309s] DEBUG:colcon.colcon_core.event_handler.log_command:Invoked command in '/home/jetson/bbb_jetson_ws/build/bbb_package' returned '0': CMAKE_PREFIX_PATH=/home/jetson/bbb_jetson_ws/install/serial:/home/jetson/bbb_jetson_ws/install/tune_package:/home/jetson/bbb_jetson_ws/install/ros2_laser_scan_matcher:/home/jetson/bbb_jetson_ws/install/diffdrive_arduino:/home/jetson/bbb_jetson_ws/install/bbb_package:/home/jetson/bbb_jetson_ws/install/micro_ros_setup:/home/jetson/bbb_jetson_ws/install/csm:/home/jetson/bbb_jetson_ws/install/bbb_robot:/opt/ros/foxy /usr/bin/cmake --install /home/jetson/bbb_jetson_ws/build/bbb_package
[33.311s] Level 1:colcon.colcon_core.shell:create_environment_hook('bbb_package', 'cmake_prefix_path')
[33.312s] INFO:colcon.colcon_core.shell:Creating environment hook '/home/jetson/bbb_jetson_ws/install/bbb_package/share/bbb_package/hook/cmake_prefix_path.ps1'
[33.314s] INFO:colcon.colcon_core.shell:Creating environment descriptor '/home/jetson/bbb_jetson_ws/install/bbb_package/share/bbb_package/hook/cmake_prefix_path.dsv'
[33.316s] INFO:colcon.colcon_core.shell:Creating environment hook '/home/jetson/bbb_jetson_ws/install/bbb_package/share/bbb_package/hook/cmake_prefix_path.sh'
[33.320s] Level 1:colcon.colcon_core.environment:checking '/home/jetson/bbb_jetson_ws/install/bbb_package/lib'
[33.321s] Level 1:colcon.colcon_core.environment:checking '/home/jetson/bbb_jetson_ws/install/bbb_package/bin'
[33.321s] Level 1:colcon.colcon_core.environment:checking '/home/jetson/bbb_jetson_ws/install/bbb_package/lib/pkgconfig/bbb_package.pc'
[33.322s] Level 1:colcon.colcon_core.environment:checking '/home/jetson/bbb_jetson_ws/install/bbb_package/lib/python3.8/site-packages'
[33.323s] Level 1:colcon.colcon_core.environment:checking '/home/jetson/bbb_jetson_ws/install/bbb_package/bin'
[33.324s] INFO:colcon.colcon_core.shell:Creating package script '/home/jetson/bbb_jetson_ws/install/bbb_package/share/bbb_package/package.ps1'
[33.327s] INFO:colcon.colcon_core.shell:Creating package descriptor '/home/jetson/bbb_jetson_ws/install/bbb_package/share/bbb_package/package.dsv'
[33.329s] INFO:colcon.colcon_core.shell:Creating package script '/home/jetson/bbb_jetson_ws/install/bbb_package/share/bbb_package/package.sh'
[33.331s] INFO:colcon.colcon_core.shell:Creating package script '/home/jetson/bbb_jetson_ws/install/bbb_package/share/bbb_package/package.bash'
[33.334s] INFO:colcon.colcon_core.shell:Creating package script '/home/jetson/bbb_jetson_ws/install/bbb_package/share/bbb_package/package.zsh'
[33.336s] Level 1:colcon.colcon_core.environment:create_file_with_runtime_dependencies(/home/jetson/bbb_jetson_ws/install/bbb_package/share/colcon-core/packages/bbb_package)
[33.522s] Level 1:colcon.colcon_core.environment:create_environment_scripts_only(bbb_package)
[33.523s] Level 1:colcon.colcon_core.environment:checking '/home/jetson/bbb_jetson_ws/install/bbb_package' for CMake module files
[33.526s] Level 1:colcon.colcon_core.environment:checking '/home/jetson/bbb_jetson_ws/install/bbb_package' for CMake config files
[33.529s] Level 1:colcon.colcon_core.shell:create_environment_hook('bbb_package', 'cmake_prefix_path')
[33.530s] INFO:colcon.colcon_core.shell:Creating environment hook '/home/jetson/bbb_jetson_ws/install/bbb_package/share/bbb_package/hook/cmake_prefix_path.ps1'
[33.531s] INFO:colcon.colcon_core.shell:Creating environment descriptor '/home/jetson/bbb_jetson_ws/install/bbb_package/share/bbb_package/hook/cmake_prefix_path.dsv'
[33.533s] INFO:colcon.colcon_core.shell:Creating environment hook '/home/jetson/bbb_jetson_ws/install/bbb_package/share/bbb_package/hook/cmake_prefix_path.sh'
[33.535s] Level 1:colcon.colcon_core.environment:checking '/home/jetson/bbb_jetson_ws/install/bbb_package/lib'
[33.535s] Level 1:colcon.colcon_core.environment:checking '/home/jetson/bbb_jetson_ws/install/bbb_package/bin'
[33.535s] Level 1:colcon.colcon_core.environment:checking '/home/jetson/bbb_jetson_ws/install/bbb_package/lib/pkgconfig/bbb_package.pc'
[33.536s] Level 1:colcon.colcon_core.environment:checking '/home/jetson/bbb_jetson_ws/install/bbb_package/lib/python3.8/site-packages'
[33.537s] Level 1:colcon.colcon_core.environment:checking '/home/jetson/bbb_jetson_ws/install/bbb_package/bin'
[33.538s] INFO:colcon.colcon_core.shell:Creating package script '/home/jetson/bbb_jetson_ws/install/bbb_package/share/bbb_package/package.ps1'
[33.541s] INFO:colcon.colcon_core.shell:Creating package descriptor '/home/jetson/bbb_jetson_ws/install/bbb_package/share/bbb_package/package.dsv'
[33.542s] INFO:colcon.colcon_core.shell:Creating package script '/home/jetson/bbb_jetson_ws/install/bbb_package/share/bbb_package/package.sh'
[33.544s] INFO:colcon.colcon_core.shell:Creating package script '/home/jetson/bbb_jetson_ws/install/bbb_package/share/bbb_package/package.bash'
[33.546s] INFO:colcon.colcon_core.shell:Creating package script '/home/jetson/bbb_jetson_ws/install/bbb_package/share/bbb_package/package.zsh'
[33.547s] Level 1:colcon.colcon_core.environment:create_file_with_runtime_dependencies(/home/jetson/bbb_jetson_ws/install/bbb_package/share/colcon-core/packages/bbb_package)
[33.549s] DEBUG:colcon.colcon_parallel_executor.executor.parallel:closing loop
[33.550s] DEBUG:colcon.colcon_parallel_executor.executor.parallel:loop closed
[33.550s] DEBUG:colcon.colcon_parallel_executor.executor.parallel:run_until_complete finished with '0'
[33.550s] DEBUG:colcon.colcon_core.event_reactor:joining thread
[33.570s] INFO:colcon.colcon_core.plugin_system:Skipping extension 'colcon_notification.desktop_notification.terminal_notifier': Not used on non-Darwin systems
[33.571s] INFO:colcon.colcon_core.plugin_system:Skipping extension 'colcon_notification.desktop_notification.win32': Not used on non-Windows systems
[33.571s] INFO:colcon.colcon_notification.desktop_notification:Sending desktop notification using 'notify2'
[33.608s] DEBUG:colcon.colcon_core.event_reactor:joined thread
[33.610s] INFO:colcon.colcon_core.shell:Creating prefix script '/home/jetson/bbb_jetson_ws/install/local_setup.ps1'
[33.613s] INFO:colcon.colcon_core.shell:Creating prefix util module '/home/jetson/bbb_jetson_ws/install/_local_setup_util_ps1.py'
[33.618s] INFO:colcon.colcon_core.shell:Creating prefix chain script '/home/jetson/bbb_jetson_ws/install/setup.ps1'
[33.622s] INFO:colcon.colcon_core.shell:Creating prefix script '/home/jetson/bbb_jetson_ws/install/local_setup.sh'
[33.624s] INFO:colcon.colcon_core.shell:Creating prefix util module '/home/jetson/bbb_jetson_ws/install/_local_setup_util_sh.py'
[33.626s] INFO:colcon.colcon_core.shell:Creating prefix chain script '/home/jetson/bbb_jetson_ws/install/setup.sh'
[33.632s] INFO:colcon.colcon_core.shell:Creating prefix script '/home/jetson/bbb_jetson_ws/install/local_setup.bash'
[33.634s] INFO:colcon.colcon_core.shell:Creating prefix chain script '/home/jetson/bbb_jetson_ws/install/setup.bash'
[33.639s] INFO:colcon.colcon_core.shell:Creating prefix script '/home/jetson/bbb_jetson_ws/install/local_setup.zsh'
[33.641s] INFO:colcon.colcon_core.shell:Creating prefix chain script '/home/jetson/bbb_jetson_ws/install/setup.zsh'
