[35m[1mScanning dependencies of target delta_angle_node[0m
[  9%] Built target read_lidar
[ 18%] Built target pid_node
[ 27%] Built target read_IMU
[ 31%] [32mBuilding CXX object CMakeFiles/delta_angle_node.dir/src/delta_angle_node.cpp.o[0m
[ 36%] [32mBuilding CXX object CMakeFiles/tune_fuzzy_node.dir/src/tune_fuzzy_node.cpp.o[0m
[ 45%] Built target tune_node
[ 54%] Built target fuzzy_longitudinal_controllers
[ 63%] Built target circumference_node
[ 72%] Built target straight_line_node
[ 81%] Built target stanley_node
[ 90%] Built target sinusoidal_node
[01m[K/home/jetson/bbb_jetson_ws/src/bbb_package/src/delta_angle_node.cpp:[m[K In member function ‘[01m[Kvoid FuzzyNodeTest::timer_callback()[m[K’:
[01m[K/home/jetson/bbb_jetson_ws/src/bbb_package/src/delta_angle_node.cpp:30:10:[m[K [01;35m[Kwarning: [m[Kunused variable ‘[01m[Kelapsed_time[m[K’ [[01;35m[K-Wunused-variable[m[K]
   30 |     auto [01;35m[Kelapsed_time[m[K = std::chrono::duration_cast<std::chrono::milliseconds>(current_time - start_time_).count() / 1000.0; // convert ms to s
      |          [01;35m[K^~~~~~~~~~~~[m[K
[01m[K/home/jetson/bbb_jetson_ws/src/bbb_package/src/tune_fuzzy_node.cpp:[m[K In function ‘[01m[Kdouble PI_fuzzy(double, double)[m[K’:
[01m[K/home/jetson/bbb_jetson_ws/src/bbb_package/src/tune_fuzzy_node.cpp:261:18:[m[K [01;35m[Kwarning: [m[Kunused variable ‘[01m[Ku_dot[m[K’ [[01;35m[K-Wunused-variable[m[K]
  261 |   double ek, uk, [01;35m[Ku_dot[m[K;
      |                  [01;35m[K^~~~~[m[K
[ 95%] [32m[1mLinking CXX executable delta_angle_node[0m
[ 95%] Built target delta_angle_node
[100%] [32m[1mLinking CXX executable tune_fuzzy_node[0m
[100%] Built target tune_fuzzy_node
-- Install configuration: ""
-- Up-to-date: /home/jetson/bbb_jetson_ws/install/bbb_package/share/bbb_package/launch
-- Installing: /home/jetson/bbb_jetson_ws/install/bbb_package/share/bbb_package/package.dsv
