[0.043s] Invoking command in '/home/jetson/bbb_jetson_ws/build/bbb_package': CMAKE_PREFIX_PATH=/home/jetson/bbb_jetson_ws/install/serial:/home/jetson/bbb_jetson_ws/install/tune_package:/home/jetson/bbb_jetson_ws/install/ros2_laser_scan_matcher:/home/jetson/bbb_jetson_ws/install/diffdrive_arduino:/home/jetson/bbb_jetson_ws/install/bbb_package:/home/jetson/bbb_jetson_ws/install/micro_ros_setup:/home/jetson/bbb_jetson_ws/install/csm:/home/jetson/bbb_jetson_ws/install/bbb_robot:/opt/ros/foxy /usr/bin/cmake --build /home/jetson/bbb_jetson_ws/build/bbb_package -- -j4 -l4
[0.184s] [35m[1mScanning dependencies of target delta_angle[0m
[0.268s] [  5%] Built target data_processing_node_zz
[0.305s] [  7%] [32mBuilding CXX object CMakeFiles/delta_angle.dir/src/delta_angle.cpp.o[0m
[0.359s] [ 12%] Built target data_processing_node_trap
[0.448s] [ 17%] Built target data_processing_node_straight
[0.451s] [ 22%] Built target data_processing_node_circle
[0.529s] [ 27%] Built target data_processing_node
[0.613s] [ 32%] Built target controllers_node
[0.621s] [ 37%] Built target read_IMU
[0.649s] [ 42%] Built target read_lidar
[0.771s] [ 47%] Built target pid_node
[0.803s] [ 52%] Built target delta_angle_node
[0.813s] [ 57%] Built target tune_node
[0.965s] [ 62%] Built target tune_fuzzy_node
[0.979s] [ 67%] Built target fuzzy_longitudinal_controllers
[0.983s] [ 72%] Built target data_processing_node_eight
[1.143s] [ 77%] Built target straight_line_node
[1.152s] [ 82%] Built target lidar_tune
[1.159s] [ 87%] Built target circumference_node
[1.279s] [ 92%] Built target stanley_node
[1.296s] [ 97%] Built target sinusoidal_node
[18.853s] [100%] [32m[1mLinking CXX executable delta_angle[0m
[19.855s] [100%] Built target delta_angle
[19.890s] Invoked command in '/home/jetson/bbb_jetson_ws/build/bbb_package' returned '0': CMAKE_PREFIX_PATH=/home/jetson/bbb_jetson_ws/install/serial:/home/jetson/bbb_jetson_ws/install/tune_package:/home/jetson/bbb_jetson_ws/install/ros2_laser_scan_matcher:/home/jetson/bbb_jetson_ws/install/diffdrive_arduino:/home/jetson/bbb_jetson_ws/install/bbb_package:/home/jetson/bbb_jetson_ws/install/micro_ros_setup:/home/jetson/bbb_jetson_ws/install/csm:/home/jetson/bbb_jetson_ws/install/bbb_robot:/opt/ros/foxy /usr/bin/cmake --build /home/jetson/bbb_jetson_ws/build/bbb_package -- -j4 -l4
[20.136s] Invoking command in '/home/jetson/bbb_jetson_ws/build/bbb_package': CMAKE_PREFIX_PATH=/home/jetson/bbb_jetson_ws/install/serial:/home/jetson/bbb_jetson_ws/install/tune_package:/home/jetson/bbb_jetson_ws/install/ros2_laser_scan_matcher:/home/jetson/bbb_jetson_ws/install/diffdrive_arduino:/home/jetson/bbb_jetson_ws/install/bbb_package:/home/jetson/bbb_jetson_ws/install/micro_ros_setup:/home/jetson/bbb_jetson_ws/install/csm:/home/jetson/bbb_jetson_ws/install/bbb_robot:/opt/ros/foxy /usr/bin/cmake --install /home/jetson/bbb_jetson_ws/build/bbb_package
[20.163s] -- Install configuration: ""
[20.167s] -- Up-to-date: /home/jetson/bbb_jetson_ws/install/bbb_package/lib/bbb_package/controllers_node
[20.172s] -- Up-to-date: /home/jetson/bbb_jetson_ws/install/bbb_package/lib/bbb_package/data_processing_node_straight
[20.174s] -- Up-to-date: /home/jetson/bbb_jetson_ws/install/bbb_package/lib/bbb_package/data_processing_node_zz
[20.177s] -- Up-to-date: /home/jetson/bbb_jetson_ws/install/bbb_package/lib/bbb_package/data_processing_node_circle
[20.180s] -- Up-to-date: /home/jetson/bbb_jetson_ws/install/bbb_package/lib/bbb_package/data_processing_node_trap
[20.183s] -- Up-to-date: /home/jetson/bbb_jetson_ws/install/bbb_package/lib/bbb_package/lidar_tune
[20.186s] -- Up-to-date: /home/jetson/bbb_jetson_ws/install/bbb_package/lib/bbb_package/data_processing_node_eight
[20.187s] -- Installing: /home/jetson/bbb_jetson_ws/install/bbb_package/lib/bbb_package/delta_angle
[20.206s] -- Set runtime path of "/home/jetson/bbb_jetson_ws/install/bbb_package/lib/bbb_package/delta_angle" to ""
[20.207s] -- Up-to-date: /home/jetson/bbb_jetson_ws/install/bbb_package/share/bbb_package/launch
[20.207s] -- Up-to-date: /home/jetson/bbb_jetson_ws/install/bbb_package/share/bbb_package/launch/thesis.launch.py
[20.208s] -- Installing: /home/jetson/bbb_jetson_ws/install/bbb_package/share/bbb_package/package.dsv
[20.209s] Invoked command in '/home/jetson/bbb_jetson_ws/build/bbb_package' returned '0': CMAKE_PREFIX_PATH=/home/jetson/bbb_jetson_ws/install/serial:/home/jetson/bbb_jetson_ws/install/tune_package:/home/jetson/bbb_jetson_ws/install/ros2_laser_scan_matcher:/home/jetson/bbb_jetson_ws/install/diffdrive_arduino:/home/jetson/bbb_jetson_ws/install/bbb_package:/home/jetson/bbb_jetson_ws/install/micro_ros_setup:/home/jetson/bbb_jetson_ws/install/csm:/home/jetson/bbb_jetson_ws/install/bbb_robot:/opt/ros/foxy /usr/bin/cmake --install /home/jetson/bbb_jetson_ws/build/bbb_package
