[1.715s] Invoking command in '/home/jetson/bbb_jetson_ws/build/csm': CMAKE_PREFIX_PATH=/opt/ros/foxy /usr/bin/cmake --build /home/jetson/bbb_jetson_ws/build/csm -- -j4 -l4
[1.982s] [100%] Built target csm
[2.029s] Invoked command in '/home/jetson/bbb_jetson_ws/build/csm' returned '0': CMAKE_PREFIX_PATH=/opt/ros/foxy /usr/bin/cmake --build /home/jetson/bbb_jetson_ws/build/csm -- -j4 -l4
[3.136s] Invoking command in '/home/jetson/bbb_jetson_ws/build/csm': CMAKE_PREFIX_PATH=/opt/ros/foxy /usr/bin/cmake --install /home/jetson/bbb_jetson_ws/build/csm
[3.165s] -- Install configuration: ""
[3.165s] -- Up-to-date: /home/jetson/bbb_jetson_ws/install/csm/lib/libcsm.so
[3.166s] -- Up-to-date: /home/jetson/bbb_jetson_ws/install/csm/include/..//include
[3.166s] -- Up-to-date: /home/jetson/bbb_jetson_ws/install/csm/include/..//include/gsl_eigen
[3.167s] -- Up-to-date: /home/jetson/bbb_jetson_ws/install/csm/include/..//include/gsl_eigen/gsl_eigen.h
[3.167s] -- Up-to-date: /home/jetson/bbb_jetson_ws/install/csm/include/..//include/csm
[3.167s] -- Up-to-date: /home/jetson/bbb_jetson_ws/install/csm/include/..//include/csm/restrict.h
[3.167s] -- Up-to-date: /home/jetson/bbb_jetson_ws/install/csm/include/..//include/csm/laser_data_inline.h
[3.168s] -- Up-to-date: /home/jetson/bbb_jetson_ws/install/csm/include/..//include/csm/csm.h
[3.168s] -- Up-to-date: /home/jetson/bbb_jetson_ws/install/csm/include/..//include/csm/laser_data.h
[3.168s] -- Up-to-date: /home/jetson/bbb_jetson_ws/install/csm/include/..//include/csm/algos.h
[3.172s] -- Up-to-date: /home/jetson/bbb_jetson_ws/install/csm/share/csm/resource
[3.172s] -- Up-to-date: /home/jetson/bbb_jetson_ws/install/csm/share/csm/resource/csm
[3.173s] -- Up-to-date: /home/jetson/bbb_jetson_ws/install/csm/include/../gsl_eigen
[3.174s] -- Up-to-date: /home/jetson/bbb_jetson_ws/install/csm/include/../gsl_eigen/gsl_eigen.h
[3.174s] -- Up-to-date: /home/jetson/bbb_jetson_ws/install/csm/share/csm/environment/library_path.sh
[3.177s] -- Up-to-date: /home/jetson/bbb_jetson_ws/install/csm/share/csm/environment/library_path.dsv
[3.179s] -- Up-to-date: /home/jetson/bbb_jetson_ws/install/csm/share/ament_index/resource_index/package_run_dependencies/csm
[3.180s] -- Up-to-date: /home/jetson/bbb_jetson_ws/install/csm/share/ament_index/resource_index/parent_prefix_path/csm
[3.183s] -- Up-to-date: /home/jetson/bbb_jetson_ws/install/csm/share/csm/environment/ament_prefix_path.sh
[3.185s] -- Up-to-date: /home/jetson/bbb_jetson_ws/install/csm/share/csm/environment/ament_prefix_path.dsv
[3.186s] -- Up-to-date: /home/jetson/bbb_jetson_ws/install/csm/share/csm/environment/path.sh
[3.187s] -- Up-to-date: /home/jetson/bbb_jetson_ws/install/csm/share/csm/environment/path.dsv
[3.190s] -- Up-to-date: /home/jetson/bbb_jetson_ws/install/csm/share/csm/local_setup.bash
[3.191s] -- Up-to-date: /home/jetson/bbb_jetson_ws/install/csm/share/csm/local_setup.sh
[3.192s] -- Up-to-date: /home/jetson/bbb_jetson_ws/install/csm/share/csm/local_setup.zsh
[3.193s] -- Up-to-date: /home/jetson/bbb_jetson_ws/install/csm/share/csm/local_setup.dsv
[3.194s] -- Installing: /home/jetson/bbb_jetson_ws/install/csm/share/csm/package.dsv
[3.195s] -- Up-to-date: /home/jetson/bbb_jetson_ws/install/csm/share/ament_index/resource_index/packages/csm
[3.197s] -- Up-to-date: /home/jetson/bbb_jetson_ws/install/csm/share/csm/cmake/ament_cmake_export_dependencies-extras.cmake
[3.198s] -- Up-to-date: /home/jetson/bbb_jetson_ws/install/csm/share/csm/cmake/ament_cmake_export_include_directories-extras.cmake
[3.199s] -- Up-to-date: /home/jetson/bbb_jetson_ws/install/csm/share/csm/cmake/ament_cmake_export_libraries-extras.cmake
[3.201s] -- Up-to-date: /home/jetson/bbb_jetson_ws/install/csm/share/csm/cmake/csmConfig.cmake
[3.202s] -- Up-to-date: /home/jetson/bbb_jetson_ws/install/csm/share/csm/cmake/csmConfig-version.cmake
[3.205s] -- Up-to-date: /home/jetson/bbb_jetson_ws/install/csm/share/csm/package.xml
[4.667s] Invoked command in '/home/jetson/bbb_jetson_ws/build/csm' returned '0': CMAKE_PREFIX_PATH=/opt/ros/foxy /usr/bin/cmake --install /home/jetson/bbb_jetson_ws/build/csm
