[0.724s] Invoking command in '/media/ngochoan/Intermediate_memory/mobile_robot/Dissertation/Software/BamBoBot/build/BamBoBot_simular': PYTHONPATH=/media/ngochoan/Intermediate_memory/mobile_robot/Dissertation/Software/BamBoBot/build/BamBoBot_simular/prefix_override:/media/ngochoan/Intermediate_memory/mobile_robot/Dissertation/Software/BamBoBot/install/BamBoBot_simular/lib/python3.10/site-packages:${PYTHONPATH} /usr/bin/python3 setup.py develop --editable --build-directory /media/ngochoan/Intermediate_memory/mobile_robot/Dissertation/Software/BamBoBot/build/BamBoBot_simular/build --no-deps install_data
[0.993s] running develop
[0.994s] /usr/lib/python3/dist-packages/setuptools/command/easy_install.py:158: EasyInstallDeprecationWarning: easy_install command is deprecated. Use build and pip and other standards-based tools.
[0.994s]   warnings.warn(
[0.995s] /usr/lib/python3/dist-packages/setuptools/command/install.py:34: SetuptoolsDeprecationWarning: setup.py install is deprecated. Use build and pip and other standards-based tools.
[0.995s]   warnings.warn(
[1.187s] running egg_info
[1.188s] writing BamBoBot_robot.egg-info/PKG-INFO
[1.188s] writing dependency_links to BamBoBot_robot.egg-info/dependency_links.txt
[1.188s] writing entry points to BamBoBot_robot.egg-info/entry_points.txt
[1.188s] writing requirements to BamBoBot_robot.egg-info/requires.txt
[1.189s] writing top-level names to BamBoBot_robot.egg-info/top_level.txt
[1.189s] reading manifest file 'BamBoBot_robot.egg-info/SOURCES.txt'
[1.191s] writing manifest file 'BamBoBot_robot.egg-info/SOURCES.txt'
[1.192s] running build_ext
[1.193s] Creating /media/ngochoan/Intermediate_memory/mobile_robot/Dissertation/Software/BamBoBot/install/BamBoBot_simular/lib/python3.10/site-packages/BamBoBot-robot.egg-link (link to .)
[1.194s] 
[1.194s] Installed /media/ngochoan/Intermediate_memory/mobile_robot/Dissertation/Software/BamBoBot/build/BamBoBot_simular
[1.194s] running install_data
[1.221s] Invoked command in '/media/ngochoan/Intermediate_memory/mobile_robot/Dissertation/Software/BamBoBot/build/BamBoBot_simular' returned '0': PYTHONPATH=/media/ngochoan/Intermediate_memory/mobile_robot/Dissertation/Software/BamBoBot/build/BamBoBot_simular/prefix_override:/media/ngochoan/Intermediate_memory/mobile_robot/Dissertation/Software/BamBoBot/install/BamBoBot_simular/lib/python3.10/site-packages:${PYTHONPATH} /usr/bin/python3 setup.py develop --editable --build-directory /media/ngochoan/Intermediate_memory/mobile_robot/Dissertation/Software/BamBoBot/build/BamBoBot_simular/build --no-deps install_data
