[0.065s] Invoking command in '/home/jetson/bbb_jetson_ws/build/bbb_package': CMAKE_PREFIX_PATH=/home/jetson/bbb_jetson_ws/install/serial:/home/jetson/bbb_jetson_ws/install/ros2_laser_scan_matcher:/home/jetson/bbb_jetson_ws/install/diffdrive_arduino:/home/jetson/bbb_jetson_ws/install/bbb_package:/home/jetson/bbb_jetson_ws/install/micro_ros_setup:/home/jetson/bbb_jetson_ws/install/csm:/home/jetson/bbb_jetson_ws/install/bbb_robot:/opt/ros/foxy /usr/bin/cmake --build /home/jetson/bbb_jetson_ws/build/bbb_package -- -j4 -l4
[0.586s] [ 13%] Built target read_lidar
[0.593s] [ 18%] Built target read_IMU
[0.602s] [ 27%] Built target delta_angle_node
[0.606s] [ 36%] Built target pid_node
[0.961s] [ 40%] [32mBuilding CXX object CMakeFiles/tune_fuzzy_node.dir/src/tune_fuzzy_node.cpp.o[0m
[0.999s] [ 50%] Built target circumference_node
[1.011s] [ 59%] Built target fuzzy_longitudinal_controllers
[1.027s] [ 68%] Built target tune_node
[1.406s] [ 81%] Built target sinusoidal_node
[1.413s] [ 86%] Built target straight_line_node
[1.435s] [ 95%] Built target stanley_node
[6.872s] [01m[K/home/jetson/bbb_jetson_ws/src/bbb_package/src/tune_fuzzy_node.cpp:[m[K In function ‘[01m[Kdouble PI_fuzzy(double, double)[m[K’:
[6.873s] [01m[K/home/jetson/bbb_jetson_ws/src/bbb_package/src/tune_fuzzy_node.cpp:261:18:[m[K [01;35m[Kwarning: [m[Kunused variable ‘[01m[Ku_dot[m[K’ [[01;35m[K-Wunused-variable[m[K]
[6.874s]   261 |   double ek, uk, [01;35m[Ku_dot[m[K;
[6.875s]       |                  [01;35m[K^~~~~[m[K
[23.740s] [100%] [32m[1mLinking CXX executable tune_fuzzy_node[0m
[25.092s] [100%] Built target tune_fuzzy_node
[25.145s] Invoked command in '/home/jetson/bbb_jetson_ws/build/bbb_package' returned '0': CMAKE_PREFIX_PATH=/home/jetson/bbb_jetson_ws/install/serial:/home/jetson/bbb_jetson_ws/install/ros2_laser_scan_matcher:/home/jetson/bbb_jetson_ws/install/diffdrive_arduino:/home/jetson/bbb_jetson_ws/install/bbb_package:/home/jetson/bbb_jetson_ws/install/micro_ros_setup:/home/jetson/bbb_jetson_ws/install/csm:/home/jetson/bbb_jetson_ws/install/bbb_robot:/opt/ros/foxy /usr/bin/cmake --build /home/jetson/bbb_jetson_ws/build/bbb_package -- -j4 -l4
[25.386s] Invoking command in '/home/jetson/bbb_jetson_ws/build/bbb_package': CMAKE_PREFIX_PATH=/home/jetson/bbb_jetson_ws/install/serial:/home/jetson/bbb_jetson_ws/install/ros2_laser_scan_matcher:/home/jetson/bbb_jetson_ws/install/diffdrive_arduino:/home/jetson/bbb_jetson_ws/install/bbb_package:/home/jetson/bbb_jetson_ws/install/micro_ros_setup:/home/jetson/bbb_jetson_ws/install/csm:/home/jetson/bbb_jetson_ws/install/bbb_robot:/opt/ros/foxy /usr/bin/cmake --install /home/jetson/bbb_jetson_ws/build/bbb_package
[25.426s] -- Install configuration: ""
[25.432s] -- Up-to-date: /home/jetson/bbb_jetson_ws/install/bbb_package/share/bbb_package/launch
[25.435s] -- Installing: /home/jetson/bbb_jetson_ws/install/bbb_package/share/bbb_package/package.dsv
[25.449s] Invoked command in '/home/jetson/bbb_jetson_ws/build/bbb_package' returned '0': CMAKE_PREFIX_PATH=/home/jetson/bbb_jetson_ws/install/serial:/home/jetson/bbb_jetson_ws/install/ros2_laser_scan_matcher:/home/jetson/bbb_jetson_ws/install/diffdrive_arduino:/home/jetson/bbb_jetson_ws/install/bbb_package:/home/jetson/bbb_jetson_ws/install/micro_ros_setup:/home/jetson/bbb_jetson_ws/install/csm:/home/jetson/bbb_jetson_ws/install/bbb_robot:/opt/ros/foxy /usr/bin/cmake --install /home/jetson/bbb_jetson_ws/build/bbb_package
