[1.317s] Invoking command in '/home/jetson/bbb_jetson_ws/build/serial': CMAKE_PREFIX_PATH=/opt/ros/foxy /usr/bin/cmake --build /home/jetson/bbb_jetson_ws/build/serial -- -j4 -l4
[1.631s] [ 28%] Built target serial
[1.643s] [ 42%] Built target gtest
[1.667s] [ 57%] Built target gtest_main
[1.714s] [ 71%] Built target serial_example
[1.744s] [ 85%] Built target serial-test
[1.745s] [100%] Built target serial-test-timer
[1.799s] Invoked command in '/home/jetson/bbb_jetson_ws/build/serial' returned '0': CMAKE_PREFIX_PATH=/opt/ros/foxy /usr/bin/cmake --build /home/jetson/bbb_jetson_ws/build/serial -- -j4 -l4
[2.774s] Invoking command in '/home/jetson/bbb_jetson_ws/build/serial': CMAKE_PREFIX_PATH=/opt/ros/foxy /usr/bin/cmake --install /home/jetson/bbb_jetson_ws/build/serial
[2.802s] -- Install configuration: ""
[2.808s] -- Execute custom install script
[2.812s] -- Up-to-date symlink: /home/jetson/bbb_jetson_ws/install/serial/lib/libserial.a
[2.813s] -- Up-to-date symlink: /home/jetson/bbb_jetson_ws/install/serial/include/serial/serial.h
[2.815s] -- Up-to-date symlink: /home/jetson/bbb_jetson_ws/install/serial/include/serial/v8stdint.h
[2.816s] -- Up-to-date symlink: /home/jetson/bbb_jetson_ws/install/serial/share/serial/environment/library_path.sh
[2.817s] -- Up-to-date symlink: /home/jetson/bbb_jetson_ws/install/serial/share/serial/environment/library_path.dsv
[2.818s] -- Up-to-date symlink: /home/jetson/bbb_jetson_ws/install/serial/share/ament_index/resource_index/package_run_dependencies/serial
[2.819s] -- Up-to-date symlink: /home/jetson/bbb_jetson_ws/install/serial/share/ament_index/resource_index/parent_prefix_path/serial
[2.820s] -- Up-to-date symlink: /home/jetson/bbb_jetson_ws/install/serial/share/serial/environment/ament_prefix_path.sh
[2.821s] -- Up-to-date symlink: /home/jetson/bbb_jetson_ws/install/serial/share/serial/environment/ament_prefix_path.dsv
[2.823s] -- Up-to-date symlink: /home/jetson/bbb_jetson_ws/install/serial/share/serial/environment/path.sh
[2.824s] -- Up-to-date symlink: /home/jetson/bbb_jetson_ws/install/serial/share/serial/environment/path.dsv
[2.825s] -- Up-to-date symlink: /home/jetson/bbb_jetson_ws/install/serial/share/serial/local_setup.bash
[2.826s] -- Up-to-date symlink: /home/jetson/bbb_jetson_ws/install/serial/share/serial/local_setup.sh
[2.828s] -- Up-to-date symlink: /home/jetson/bbb_jetson_ws/install/serial/share/serial/local_setup.zsh
[2.833s] -- Up-to-date symlink: /home/jetson/bbb_jetson_ws/install/serial/share/serial/local_setup.dsv
[2.836s] -- Symlinking: /home/jetson/bbb_jetson_ws/install/serial/share/serial/package.dsv
[2.853s] -- Up-to-date symlink: /home/jetson/bbb_jetson_ws/install/serial/share/ament_index/resource_index/packages/serial
[2.855s] -- Up-to-date symlink: /home/jetson/bbb_jetson_ws/install/serial/share/serial/cmake/ament_cmake_export_include_directories-extras.cmake
[2.857s] -- Up-to-date symlink: /home/jetson/bbb_jetson_ws/install/serial/share/serial/cmake/ament_cmake_export_libraries-extras.cmake
[2.859s] -- Up-to-date symlink: /home/jetson/bbb_jetson_ws/install/serial/share/serial/cmake/serialConfig.cmake
[2.860s] -- Up-to-date symlink: /home/jetson/bbb_jetson_ws/install/serial/share/serial/cmake/serialConfig-version.cmake
[2.860s] -- Up-to-date symlink: /home/jetson/bbb_jetson_ws/install/serial/share/serial/package.xml
[3.379s] Invoked command in '/home/jetson/bbb_jetson_ws/build/serial' returned '0': CMAKE_PREFIX_PATH=/opt/ros/foxy /usr/bin/cmake --install /home/jetson/bbb_jetson_ws/build/serial
