[35m[1mScanning dependencies of target data_processing_node_trap[0m
[  5%] Built target data_processing_node_straight
[ 10%] Built target data_processing_node_zz
[ 15%] Built target data_processing_node_circle
[ 18%] [32mBuilding CXX object CMakeFiles/data_processing_node_trap.dir/src/data_processing_node_trap.cpp.o[0m
[ 23%] Built target data_processing_node
[ 28%] Built target controllers_node
[ 34%] Built target read_IMU
[ 39%] Built target read_lidar
[35m[1mScanning dependencies of target tune_node[0m
[ 44%] Built target pid_node
[ 50%] Built target delta_angle_node
[ 52%] [32mBuilding CXX object CMakeFiles/tune_node.dir/src/tune_node.cpp.o[0m
[ 57%] Built target tune_fuzzy_node
[ 60%] [32mBuilding CXX object CMakeFiles/data_processing_node_eight.dir/src/data_processing_node_eight.cpp.o[0m
[ 65%] Built target fuzzy_longitudinal_controllers
[ 71%] Built target circumference_node
[ 76%] Built target lidar_tune
[ 81%] Built target straight_line_node
[ 86%] Built target stanley_node
[ 92%] Built target sinusoidal_node
[ 94%] [32m[1mLinking CXX executable tune_node[0m
[ 94%] Built target tune_node
[ 97%] [32m[1mLinking CXX executable data_processing_node_trap[0m
[100%] [32m[1mLinking CXX executable data_processing_node_eight[0m
[100%] Built target data_processing_node_trap
[100%] Built target data_processing_node_eight
-- Install configuration: ""
-- Up-to-date: /home/jetson/bbb_jetson_ws/install/bbb_package/lib/bbb_package/controllers_node
-- Up-to-date: /home/jetson/bbb_jetson_ws/install/bbb_package/lib/bbb_package/data_processing_node_straight
-- Up-to-date: /home/jetson/bbb_jetson_ws/install/bbb_package/lib/bbb_package/data_processing_node_zz
-- Up-to-date: /home/jetson/bbb_jetson_ws/install/bbb_package/lib/bbb_package/data_processing_node_circle
-- Installing: /home/jetson/bbb_jetson_ws/install/bbb_package/lib/bbb_package/data_processing_node_trap
-- Set runtime path of "/home/jetson/bbb_jetson_ws/install/bbb_package/lib/bbb_package/data_processing_node_trap" to ""
-- Up-to-date: /home/jetson/bbb_jetson_ws/install/bbb_package/lib/bbb_package/lidar_tune
-- Installing: /home/jetson/bbb_jetson_ws/install/bbb_package/lib/bbb_package/data_processing_node_eight
-- Set runtime path of "/home/jetson/bbb_jetson_ws/install/bbb_package/lib/bbb_package/data_processing_node_eight" to ""
-- Up-to-date: /home/jetson/bbb_jetson_ws/install/bbb_package/share/bbb_package/launch
-- Up-to-date: /home/jetson/bbb_jetson_ws/install/bbb_package/share/bbb_package/launch/thesis.launch.py
-- Installing: /home/jetson/bbb_jetson_ws/install/bbb_package/share/bbb_package/package.dsv
