[0.090s] Invoking command in '/home/jetson/bbb_jetson_ws/build/csm': CMAKE_PREFIX_PATH=/opt/ros/foxy /usr/bin/cmake --build /home/jetson/bbb_jetson_ws/build/csm -- -j4 -l4
[0.514s] [100%] Built target csm
[0.660s] Invoked command in '/home/jetson/bbb_jetson_ws/build/csm' returned '0': CMAKE_PREFIX_PATH=/opt/ros/foxy /usr/bin/cmake --build /home/jetson/bbb_jetson_ws/build/csm -- -j4 -l4
[0.989s] Invoking command in '/home/jetson/bbb_jetson_ws/build/csm': CMAKE_PREFIX_PATH=/opt/ros/foxy /usr/bin/cmake --install /home/jetson/bbb_jetson_ws/build/csm
[1.022s] -- Install configuration: ""
[1.023s] -- Up-to-date: /home/jetson/bbb_jetson_ws/install/csm/lib/libcsm.so
[1.024s] -- Up-to-date: /home/jetson/bbb_jetson_ws/install/csm/include/..//include
[1.024s] -- Up-to-date: /home/jetson/bbb_jetson_ws/install/csm/include/..//include/gsl_eigen
[1.025s] -- Up-to-date: /home/jetson/bbb_jetson_ws/install/csm/include/..//include/gsl_eigen/gsl_eigen.h
[1.025s] -- Up-to-date: /home/jetson/bbb_jetson_ws/install/csm/include/..//include/csm
[1.026s] -- Up-to-date: /home/jetson/bbb_jetson_ws/install/csm/include/..//include/csm/restrict.h
[1.027s] -- Up-to-date: /home/jetson/bbb_jetson_ws/install/csm/include/..//include/csm/laser_data_inline.h
[1.028s] -- Up-to-date: /home/jetson/bbb_jetson_ws/install/csm/include/..//include/csm/csm.h
[1.028s] -- Up-to-date: /home/jetson/bbb_jetson_ws/install/csm/include/..//include/csm/laser_data.h
[1.029s] -- Up-to-date: /home/jetson/bbb_jetson_ws/install/csm/include/..//include/csm/algos.h
[1.029s] -- Up-to-date: /home/jetson/bbb_jetson_ws/install/csm/share/csm/resource
[1.029s] -- Up-to-date: /home/jetson/bbb_jetson_ws/install/csm/share/csm/resource/csm
[1.030s] -- Up-to-date: /home/jetson/bbb_jetson_ws/install/csm/include/../gsl_eigen
[1.030s] -- Up-to-date: /home/jetson/bbb_jetson_ws/install/csm/include/../gsl_eigen/gsl_eigen.h
[1.031s] -- Up-to-date: /home/jetson/bbb_jetson_ws/install/csm/share/csm/environment/library_path.sh
[1.032s] -- Up-to-date: /home/jetson/bbb_jetson_ws/install/csm/share/csm/environment/library_path.dsv
[1.033s] -- Up-to-date: /home/jetson/bbb_jetson_ws/install/csm/share/ament_index/resource_index/package_run_dependencies/csm
[1.034s] -- Up-to-date: /home/jetson/bbb_jetson_ws/install/csm/share/ament_index/resource_index/parent_prefix_path/csm
[1.035s] -- Up-to-date: /home/jetson/bbb_jetson_ws/install/csm/share/csm/environment/ament_prefix_path.sh
[1.036s] -- Up-to-date: /home/jetson/bbb_jetson_ws/install/csm/share/csm/environment/ament_prefix_path.dsv
[1.039s] -- Up-to-date: /home/jetson/bbb_jetson_ws/install/csm/share/csm/environment/path.sh
[1.040s] -- Up-to-date: /home/jetson/bbb_jetson_ws/install/csm/share/csm/environment/path.dsv
[1.041s] -- Up-to-date: /home/jetson/bbb_jetson_ws/install/csm/share/csm/local_setup.bash
[1.042s] -- Up-to-date: /home/jetson/bbb_jetson_ws/install/csm/share/csm/local_setup.sh
[1.044s] -- Up-to-date: /home/jetson/bbb_jetson_ws/install/csm/share/csm/local_setup.zsh
[1.044s] -- Up-to-date: /home/jetson/bbb_jetson_ws/install/csm/share/csm/local_setup.dsv
[1.045s] -- Installing: /home/jetson/bbb_jetson_ws/install/csm/share/csm/package.dsv
[1.046s] -- Up-to-date: /home/jetson/bbb_jetson_ws/install/csm/share/ament_index/resource_index/packages/csm
[1.048s] -- Up-to-date: /home/jetson/bbb_jetson_ws/install/csm/share/csm/cmake/ament_cmake_export_dependencies-extras.cmake
[1.049s] -- Up-to-date: /home/jetson/bbb_jetson_ws/install/csm/share/csm/cmake/ament_cmake_export_include_directories-extras.cmake
[1.050s] -- Up-to-date: /home/jetson/bbb_jetson_ws/install/csm/share/csm/cmake/ament_cmake_export_libraries-extras.cmake
[1.051s] -- Up-to-date: /home/jetson/bbb_jetson_ws/install/csm/share/csm/cmake/csmConfig.cmake
[1.051s] -- Up-to-date: /home/jetson/bbb_jetson_ws/install/csm/share/csm/cmake/csmConfig-version.cmake
[1.052s] -- Up-to-date: /home/jetson/bbb_jetson_ws/install/csm/share/csm/package.xml
[1.102s] Invoked command in '/home/jetson/bbb_jetson_ws/build/csm' returned '0': CMAKE_PREFIX_PATH=/opt/ros/foxy /usr/bin/cmake --install /home/jetson/bbb_jetson_ws/build/csm
