[1.178s] Invoking command in '/home/jetson/bbb_jetson_ws/build/csm': CMAKE_PREFIX_PATH=${CMAKE_PREFIX_PATH}:/opt/ros/foxy /usr/bin/cmake --build /home/jetson/bbb_jetson_ws/build/csm -- -j4 -l4
[1.456s] [100%] Built target csm
[1.526s] Invoked command in '/home/jetson/bbb_jetson_ws/build/csm' returned '0': CMAKE_PREFIX_PATH=${CMAKE_PREFIX_PATH}:/opt/ros/foxy /usr/bin/cmake --build /home/jetson/bbb_jetson_ws/build/csm -- -j4 -l4
[2.105s] Invoking command in '/home/jetson/bbb_jetson_ws/build/csm': CMAKE_PREFIX_PATH=${CMAKE_PREFIX_PATH}:/opt/ros/foxy /usr/bin/cmake --install /home/jetson/bbb_jetson_ws/build/csm
[2.139s] -- Install configuration: ""
[2.143s] -- Up-to-date: /home/jetson/bbb_jetson_ws/install/csm/lib/libcsm.so
[2.143s] -- Up-to-date: /home/jetson/bbb_jetson_ws/install/csm/include/..//include
[2.144s] -- Up-to-date: /home/jetson/bbb_jetson_ws/install/csm/include/..//include/gsl_eigen
[2.144s] -- Up-to-date: /home/jetson/bbb_jetson_ws/install/csm/include/..//include/gsl_eigen/gsl_eigen.h
[2.145s] -- Up-to-date: /home/jetson/bbb_jetson_ws/install/csm/include/..//include/csm
[2.145s] -- Up-to-date: /home/jetson/bbb_jetson_ws/install/csm/include/..//include/csm/restrict.h
[2.145s] -- Up-to-date: /home/jetson/bbb_jetson_ws/install/csm/include/..//include/csm/laser_data_inline.h
[2.146s] -- Up-to-date: /home/jetson/bbb_jetson_ws/install/csm/include/..//include/csm/csm.h
[2.146s] -- Up-to-date: /home/jetson/bbb_jetson_ws/install/csm/include/..//include/csm/laser_data.h
[2.146s] -- Up-to-date: /home/jetson/bbb_jetson_ws/install/csm/include/..//include/csm/algos.h
[2.147s] -- Up-to-date: /home/jetson/bbb_jetson_ws/install/csm/share/csm/resource
[2.148s] -- Up-to-date: /home/jetson/bbb_jetson_ws/install/csm/share/csm/resource/csm
[2.148s] -- Up-to-date: /home/jetson/bbb_jetson_ws/install/csm/include/../gsl_eigen
[2.149s] -- Up-to-date: /home/jetson/bbb_jetson_ws/install/csm/include/../gsl_eigen/gsl_eigen.h
[2.149s] -- Up-to-date: /home/jetson/bbb_jetson_ws/install/csm/share/csm/environment/library_path.sh
[2.161s] -- Up-to-date: /home/jetson/bbb_jetson_ws/install/csm/share/csm/environment/library_path.dsv
[2.161s] -- Up-to-date: /home/jetson/bbb_jetson_ws/install/csm/share/ament_index/resource_index/package_run_dependencies/csm
[2.163s] -- Up-to-date: /home/jetson/bbb_jetson_ws/install/csm/share/ament_index/resource_index/parent_prefix_path/csm
[2.166s] -- Up-to-date: /home/jetson/bbb_jetson_ws/install/csm/share/csm/environment/ament_prefix_path.sh
[2.166s] -- Up-to-date: /home/jetson/bbb_jetson_ws/install/csm/share/csm/environment/ament_prefix_path.dsv
[2.173s] -- Up-to-date: /home/jetson/bbb_jetson_ws/install/csm/share/csm/environment/path.sh
[2.174s] -- Up-to-date: /home/jetson/bbb_jetson_ws/install/csm/share/csm/environment/path.dsv
[2.174s] -- Up-to-date: /home/jetson/bbb_jetson_ws/install/csm/share/csm/local_setup.bash
[2.174s] -- Up-to-date: /home/jetson/bbb_jetson_ws/install/csm/share/csm/local_setup.sh
[2.175s] -- Up-to-date: /home/jetson/bbb_jetson_ws/install/csm/share/csm/local_setup.zsh
[2.175s] -- Up-to-date: /home/jetson/bbb_jetson_ws/install/csm/share/csm/local_setup.dsv
[2.175s] -- Installing: /home/jetson/bbb_jetson_ws/install/csm/share/csm/package.dsv
[2.176s] -- Up-to-date: /home/jetson/bbb_jetson_ws/install/csm/share/ament_index/resource_index/packages/csm
[2.176s] -- Up-to-date: /home/jetson/bbb_jetson_ws/install/csm/share/csm/cmake/ament_cmake_export_dependencies-extras.cmake
[2.177s] -- Up-to-date: /home/jetson/bbb_jetson_ws/install/csm/share/csm/cmake/ament_cmake_export_include_directories-extras.cmake
[2.177s] -- Up-to-date: /home/jetson/bbb_jetson_ws/install/csm/share/csm/cmake/ament_cmake_export_libraries-extras.cmake
[2.177s] -- Up-to-date: /home/jetson/bbb_jetson_ws/install/csm/share/csm/cmake/csmConfig.cmake
[2.178s] -- Up-to-date: /home/jetson/bbb_jetson_ws/install/csm/share/csm/cmake/csmConfig-version.cmake
[2.178s] -- Up-to-date: /home/jetson/bbb_jetson_ws/install/csm/share/csm/package.xml
[2.180s] Invoked command in '/home/jetson/bbb_jetson_ws/build/csm' returned '0': CMAKE_PREFIX_PATH=${CMAKE_PREFIX_PATH}:/opt/ros/foxy /usr/bin/cmake --install /home/jetson/bbb_jetson_ws/build/csm
