-- Found ament_cmake: 0.9.12 (/opt/ros/foxy/share/ament_cmake/cmake)
-- Using PYTHON_EXECUTABLE: /usr/bin/python3
-- Found rclcpp: 2.4.3 (/opt/ros/foxy/share/rclcpp/cmake)
-- Using all available rosidl_typesupport_c: rosidl_typesupport_fastrtps_c;rosidl_typesupport_introspection_c
-- Found rosidl_adapter: 1.3.1 (/opt/ros/foxy/share/rosidl_adapter/cmake)
-- Using all available rosidl_typesupport_cpp: rosidl_typesupport_fastrtps_cpp;rosidl_typesupport_introspection_cpp
-- Found rmw_implementation_cmake: 1.0.4 (/opt/ros/foxy/share/rmw_implementation_cmake/cmake)
-- Using RMW implementation 'rmw_fastrtps_cpp' as default
-- Found geometry_msgs: 2.0.5 (/opt/ros/foxy/share/geometry_msgs/cmake)
-- Found serial: 1.2.1 (/home/jetson/bbb_jetson_ws/install/serial/share/serial/cmake)
-- Found tf2_msgs: 0.13.14 (/opt/ros/foxy/share/tf2_msgs/cmake)
-- Found ament_lint_auto: 0.9.8 (/opt/ros/foxy/share/ament_lint_auto/cmake)
-- Added test 'cppcheck' to perform static code analysis on C / C++ code
-- Configured cppcheck include dirs: 
-- Configured cppcheck exclude dirs and/or files: 
-- Added test 'flake8' to check Python code syntax and style conventions
-- Added test 'lint_cmake' to check CMake code style
-- Added test 'pep257' to check Python code against some of the style conventions in PEP 257
-- Added test 'uncrustify' to check C / C++ code style
-- Configured uncrustify additional arguments: 
-- Added test 'xmllint' to check XML markup files
-- Configuring done
-- Generating done
-- Build files have been written to: /home/jetson/bbb_jetson_ws/build/bbb_package
[35m[1mScanning dependencies of target pid_node[0m
[35m[1mScanning dependencies of target read_IMU[0m
[  4%] [32mBuilding CXX object CMakeFiles/pid_node.dir/src/pid_node.cpp.o[0m
[ 13%] Built target read_lidar
[ 22%] Built target delta_angle_node
[ 27%] [32mBuilding CXX object CMakeFiles/read_IMU.dir/src/read_IMU.cpp.o[0m
[35m[1mScanning dependencies of target tune_fuzzy_node[0m
[ 36%] Built target tune_node
[ 40%] [32mBuilding CXX object CMakeFiles/tune_fuzzy_node.dir/src/controllers.cpp.o[0m
[35m[1mScanning dependencies of target fuzzy_longitudinal_controllers[0m
[ 45%] [32mBuilding CXX object CMakeFiles/fuzzy_longitudinal_controllers.dir/src/fuzzy_longitudinal_controllers.cpp.o[0m
[ 50%] [32m[1mLinking CXX executable read_IMU[0m
[ 50%] Built target read_IMU
[ 59%] Built target circumference_node
[ 68%] Built target straight_line_node
[ 77%] Built target stanley_node
[ 86%] Built target sinusoidal_node
[ 90%] [32m[1mLinking CXX executable fuzzy_longitudinal_controllers[0m
[ 95%] [32m[1mLinking CXX executable tune_fuzzy_node[0m
[100%] [32m[1mLinking CXX executable pid_node[0m
[100%] Built target fuzzy_longitudinal_controllers
[100%] Built target tune_fuzzy_node
[100%] Built target pid_node
-- Install configuration: ""
-- Up-to-date: /home/jetson/bbb_jetson_ws/install/bbb_package/share/bbb_package/launch
-- Installing: /home/jetson/bbb_jetson_ws/install/bbb_package/share/bbb_package/launch/rplidar.launch copy.py
-- Installing: /home/jetson/bbb_jetson_ws/install/bbb_package/share/bbb_package/package.dsv
