[0.039s] Invoking command in '/home/jetson/bbb_jetson_ws/build/bbb_package': AMENT_PREFIX_PATH=/home/jetson/bbb_jetson_ws/install/serial:${AMENT_PREFIX_PATH} CMAKE_PREFIX_PATH=/home/jetson/bbb_jetson_ws/install/serial:/opt/ros/foxy LD_LIBRARY_PATH=/home/jetson/bbb_jetson_ws/install/serial/lib:${LD_LIBRARY_PATH} /usr/bin/cmake --build /home/jetson/bbb_jetson_ws/build/bbb_package -- -j4 -l4
[0.426s] [  6%] Built target data_processing_node_zz
[0.454s] [ 16%] Built target data_processing_node
[0.460s] [ 20%] Built target controllers_node
[0.473s] [ 26%] Built target data_processing_node_straight
[0.751s] [ 33%] Built target pid_node
[0.764s] [ 46%] Built target read_IMU
[0.769s] [ 46%] Built target read_lidar
[0.802s] [ 53%] Built target delta_angle_node
[1.051s] [ 63%] Built target circumference_node
[1.057s] [ 66%] Built target tune_fuzzy_node
[1.059s] [ 73%] Built target tune_node
[1.165s] [ 80%] Built target fuzzy_longitudinal_controllers
[1.265s] [ 86%] Built target straight_line_node
[1.279s] [ 93%] Built target stanley_node
[1.294s] [100%] Built target sinusoidal_node
[1.348s] Invoked command in '/home/jetson/bbb_jetson_ws/build/bbb_package' returned '0': AMENT_PREFIX_PATH=/home/jetson/bbb_jetson_ws/install/serial:${AMENT_PREFIX_PATH} CMAKE_PREFIX_PATH=/home/jetson/bbb_jetson_ws/install/serial:/opt/ros/foxy LD_LIBRARY_PATH=/home/jetson/bbb_jetson_ws/install/serial/lib:${LD_LIBRARY_PATH} /usr/bin/cmake --build /home/jetson/bbb_jetson_ws/build/bbb_package -- -j4 -l4
[1.586s] Invoking command in '/home/jetson/bbb_jetson_ws/build/bbb_package': AMENT_PREFIX_PATH=/home/jetson/bbb_jetson_ws/install/serial:${AMENT_PREFIX_PATH} CMAKE_PREFIX_PATH=/home/jetson/bbb_jetson_ws/install/serial:/opt/ros/foxy LD_LIBRARY_PATH=/home/jetson/bbb_jetson_ws/install/serial/lib:${LD_LIBRARY_PATH} /usr/bin/cmake --install /home/jetson/bbb_jetson_ws/build/bbb_package
[1.610s] -- Install configuration: ""
[1.615s] -- Up-to-date: /home/jetson/bbb_jetson_ws/install/bbb_package/lib/bbb_package/controllers_node
[1.617s] -- Up-to-date: /home/jetson/bbb_jetson_ws/install/bbb_package/lib/bbb_package/data_processing_node_straight
[1.619s] -- Up-to-date: /home/jetson/bbb_jetson_ws/install/bbb_package/lib/bbb_package/data_processing_node_zz
[1.621s] -- Up-to-date: /home/jetson/bbb_jetson_ws/install/bbb_package/share/bbb_package/launch
[1.622s] -- Up-to-date: /home/jetson/bbb_jetson_ws/install/bbb_package/share/bbb_package/launch/thesis.launch.py
[1.624s] -- Installing: /home/jetson/bbb_jetson_ws/install/bbb_package/share/bbb_package/package.dsv
[1.633s] Invoked command in '/home/jetson/bbb_jetson_ws/build/bbb_package' returned '0': AMENT_PREFIX_PATH=/home/jetson/bbb_jetson_ws/install/serial:${AMENT_PREFIX_PATH} CMAKE_PREFIX_PATH=/home/jetson/bbb_jetson_ws/install/serial:/opt/ros/foxy LD_LIBRARY_PATH=/home/jetson/bbb_jetson_ws/install/serial/lib:${LD_LIBRARY_PATH} /usr/bin/cmake --install /home/jetson/bbb_jetson_ws/build/bbb_package
