[0.102s] Invoking command in '/home/jetson/bbb_jetson_ws/build/bbb_package': CMAKE_PREFIX_PATH=/home/jetson/bbb_jetson_ws/install/serial:/home/jetson/bbb_jetson_ws/install/ros2_laser_scan_matcher:/home/jetson/bbb_jetson_ws/install/diffdrive_arduino:/home/jetson/bbb_jetson_ws/install/bbb_package:/home/jetson/bbb_jetson_ws/install/micro_ros_setup:/home/jetson/bbb_jetson_ws/install/csm:/home/jetson/bbb_jetson_ws/install/bbb_robot:/opt/ros/foxy /usr/bin/cmake --build /home/jetson/bbb_jetson_ws/build/bbb_package -- -j4 -l4
[0.693s] [  9%] Built target read_IMU
[0.736s] [ 18%] Built target pid_node
[0.777s] [ 36%] Built target delta_angle_node
[0.779s] [ 36%] Built target read_lidar
[1.138s] [ 40%] [32mBuilding CXX object CMakeFiles/tune_fuzzy_node.dir/src/tune_fuzzy_node.cpp.o[0m
[1.246s] [ 50%] Built target tune_node
[1.333s] [ 59%] Built target fuzzy_longitudinal_controllers
[1.355s] [ 68%] Built target circumference_node
[1.907s] [ 77%] Built target straight_line_node
[2.006s] [ 86%] Built target stanley_node
[2.083s] [ 95%] Built target sinusoidal_node
[43.904s] [100%] [32m[1mLinking CXX executable tune_fuzzy_node[0m
[46.392s] [100%] Built target tune_fuzzy_node
[46.497s] Invoked command in '/home/jetson/bbb_jetson_ws/build/bbb_package' returned '0': CMAKE_PREFIX_PATH=/home/jetson/bbb_jetson_ws/install/serial:/home/jetson/bbb_jetson_ws/install/ros2_laser_scan_matcher:/home/jetson/bbb_jetson_ws/install/diffdrive_arduino:/home/jetson/bbb_jetson_ws/install/bbb_package:/home/jetson/bbb_jetson_ws/install/micro_ros_setup:/home/jetson/bbb_jetson_ws/install/csm:/home/jetson/bbb_jetson_ws/install/bbb_robot:/opt/ros/foxy /usr/bin/cmake --build /home/jetson/bbb_jetson_ws/build/bbb_package -- -j4 -l4
[46.948s] Invoking command in '/home/jetson/bbb_jetson_ws/build/bbb_package': CMAKE_PREFIX_PATH=/home/jetson/bbb_jetson_ws/install/serial:/home/jetson/bbb_jetson_ws/install/ros2_laser_scan_matcher:/home/jetson/bbb_jetson_ws/install/diffdrive_arduino:/home/jetson/bbb_jetson_ws/install/bbb_package:/home/jetson/bbb_jetson_ws/install/micro_ros_setup:/home/jetson/bbb_jetson_ws/install/csm:/home/jetson/bbb_jetson_ws/install/bbb_robot:/opt/ros/foxy /usr/bin/cmake --install /home/jetson/bbb_jetson_ws/build/bbb_package
[46.997s] -- Install configuration: ""
[47.005s] -- Up-to-date: /home/jetson/bbb_jetson_ws/install/bbb_package/share/bbb_package/launch
[47.010s] -- Installing: /home/jetson/bbb_jetson_ws/install/bbb_package/share/bbb_package/package.dsv
[47.028s] Invoked command in '/home/jetson/bbb_jetson_ws/build/bbb_package' returned '0': CMAKE_PREFIX_PATH=/home/jetson/bbb_jetson_ws/install/serial:/home/jetson/bbb_jetson_ws/install/ros2_laser_scan_matcher:/home/jetson/bbb_jetson_ws/install/diffdrive_arduino:/home/jetson/bbb_jetson_ws/install/bbb_package:/home/jetson/bbb_jetson_ws/install/micro_ros_setup:/home/jetson/bbb_jetson_ws/install/csm:/home/jetson/bbb_jetson_ws/install/bbb_robot:/opt/ros/foxy /usr/bin/cmake --install /home/jetson/bbb_jetson_ws/build/bbb_package
