[0.103s] Invoking command in '/home/jetson/bbb_jetson_ws/build/bbb_package': AMENT_PREFIX_PATH=/home/jetson/bbb_jetson_ws/install/serial:${AMENT_PREFIX_PATH} CMAKE_PREFIX_PATH=/home/jetson/bbb_jetson_ws/install/serial:/opt/ros/foxy LD_LIBRARY_PATH=/home/jetson/bbb_jetson_ws/install/serial/lib:${LD_LIBRARY_PATH} /usr/bin/cmake /home/jetson/bbb_jetson_ws/src/bbb_package -DCMAKE_INSTALL_PREFIX=/home/jetson/bbb_jetson_ws/install/bbb_package
[0.593s] -- The C compiler identification is GNU 9.4.0
[1.012s] -- The CXX compiler identification is GNU 9.4.0
[1.058s] -- Check for working C compiler: /usr/bin/cc
[1.710s] -- Check for working C compiler: /usr/bin/cc -- works
[1.710s] -- Detecting C compiler ABI info
[2.429s] -- Detecting C compiler ABI info - done
[2.518s] -- Detecting C compile features
[2.519s] -- Detecting C compile features - done
[2.540s] -- Check for working CXX compiler: /usr/bin/c++
[3.278s] -- Check for working CXX compiler: /usr/bin/c++ -- works
[3.288s] -- Detecting CXX compiler ABI info
[4.062s] -- Detecting CXX compiler ABI info - done
[4.155s] -- Detecting CXX compile features
[4.158s] -- Detecting CXX compile features - done
[4.173s] -- Found ament_cmake: 0.9.12 (/opt/ros/foxy/share/ament_cmake/cmake)
[4.328s] -- Found PythonInterp: /usr/bin/python3 (found suitable version "3.8.10", minimum required is "3") 
[4.328s] -- Using PYTHON_EXECUTABLE: /usr/bin/python3
[5.856s] -- Found rclcpp: 2.4.3 (/opt/ros/foxy/share/rclcpp/cmake)
[6.312s] -- Using all available rosidl_typesupport_c: rosidl_typesupport_fastrtps_c;rosidl_typesupport_introspection_c
[6.346s] -- Found rosidl_adapter: 1.3.1 (/opt/ros/foxy/share/rosidl_adapter/cmake)
[6.744s] -- Found OpenSSL: /usr/lib/aarch64-linux-gnu/libcrypto.so (found version "1.1.1f")  
[6.842s] -- Found FastRTPS: /opt/ros/foxy/include  
[7.177s] -- Using all available rosidl_typesupport_cpp: rosidl_typesupport_fastrtps_cpp;rosidl_typesupport_introspection_cpp
[7.419s] -- Found rmw_implementation_cmake: 1.0.4 (/opt/ros/foxy/share/rmw_implementation_cmake/cmake)
[7.426s] -- Using RMW implementation 'rmw_fastrtps_cpp' as default
[7.435s] -- Looking for pthread.h
[7.908s] -- Looking for pthread.h - found
[7.909s] -- Performing Test CMAKE_HAVE_LIBC_PTHREAD
[8.410s] -- Performing Test CMAKE_HAVE_LIBC_PTHREAD - Failed
[8.411s] -- Looking for pthread_create in pthreads
[8.962s] -- Looking for pthread_create in pthreads - not found
[8.963s] -- Looking for pthread_create in pthread
[9.557s] -- Looking for pthread_create in pthread - found
[9.562s] -- Found Threads: TRUE  
[10.441s] -- Found geometry_msgs: 2.0.5 (/opt/ros/foxy/share/geometry_msgs/cmake)
[10.592s] -- Found serial: 1.2.1 (/home/jetson/bbb_jetson_ws/install/serial/share/serial/cmake)
[10.607s] -- Found tf2_msgs: 0.13.14 (/opt/ros/foxy/share/tf2_msgs/cmake)
[11.560s] -- Found ament_lint_auto: 0.9.8 (/opt/ros/foxy/share/ament_lint_auto/cmake)
[12.033s] -- Added test 'cppcheck' to perform static code analysis on C / C++ code
[12.036s] -- Configured cppcheck include dirs: 
[12.037s] -- Configured cppcheck exclude dirs and/or files: 
[12.043s] -- Added test 'flake8' to check Python code syntax and style conventions
[12.051s] -- Added test 'lint_cmake' to check CMake code style
[12.057s] -- Added test 'pep257' to check Python code against some of the style conventions in PEP 257
[12.073s] -- Added test 'uncrustify' to check C / C++ code style
[12.074s] -- Configured uncrustify additional arguments: 
[12.079s] -- Added test 'xmllint' to check XML markup files
[12.104s] -- Configuring done
[12.589s] -- Generating done
[12.599s] -- Build files have been written to: /home/jetson/bbb_jetson_ws/build/bbb_package
[12.646s] Invoked command in '/home/jetson/bbb_jetson_ws/build/bbb_package' returned '0': AMENT_PREFIX_PATH=/home/jetson/bbb_jetson_ws/install/serial:${AMENT_PREFIX_PATH} CMAKE_PREFIX_PATH=/home/jetson/bbb_jetson_ws/install/serial:/opt/ros/foxy LD_LIBRARY_PATH=/home/jetson/bbb_jetson_ws/install/serial/lib:${LD_LIBRARY_PATH} /usr/bin/cmake /home/jetson/bbb_jetson_ws/src/bbb_package -DCMAKE_INSTALL_PREFIX=/home/jetson/bbb_jetson_ws/install/bbb_package
[12.650s] Invoking command in '/home/jetson/bbb_jetson_ws/build/bbb_package': AMENT_PREFIX_PATH=/home/jetson/bbb_jetson_ws/install/serial:${AMENT_PREFIX_PATH} CMAKE_PREFIX_PATH=/home/jetson/bbb_jetson_ws/install/serial:/opt/ros/foxy LD_LIBRARY_PATH=/home/jetson/bbb_jetson_ws/install/serial/lib:${LD_LIBRARY_PATH} /usr/bin/cmake --build /home/jetson/bbb_jetson_ws/build/bbb_package -- -j4 -l4
[12.860s] [35m[1mScanning dependencies of target delta_angle[0m
[13.186s] [  2%] [32mBuilding CXX object CMakeFiles/delta_angle.dir/src/delta_angle.cpp.o[0m
[34.758s] [  5%] [32m[1mLinking CXX executable delta_angle[0m
[35.851s] [  5%] Built target delta_angle
[35.888s] [35m[1mScanning dependencies of target data_processing_node_zz[0m
[36.086s] [  7%] [32mBuilding CXX object CMakeFiles/data_processing_node_zz.dir/src/data_processing_node_zz.cpp.o[0m
[62.768s] [ 10%] [32m[1mLinking CXX executable data_processing_node_zz[0m
[64.365s] [ 10%] Built target data_processing_node_zz
[64.398s] [35m[1mScanning dependencies of target data_processing_node_straight[0m
[64.809s] [ 12%] [32mBuilding CXX object CMakeFiles/data_processing_node_straight.dir/src/data_processing_node_straight.cpp.o[0m
[87.724s] [35m[1mScanning dependencies of target data_processing_node[0m
[88.014s] [ 15%] [32mBuilding CXX object CMakeFiles/data_processing_node.dir/src/data_processing_node.cpp.o[0m
[88.969s] [35m[1mScanning dependencies of target data_processing_node_circle[0m
[89.358s] [35m[1mScanning dependencies of target data_processing_node_trap[0m
[89.391s] [ 17%] [32mBuilding CXX object CMakeFiles/data_processing_node_circle.dir/src/data_processing_node_circle.cpp.o[0m
[89.791s] [ 20%] [32mBuilding CXX object CMakeFiles/data_processing_node_trap.dir/src/data_processing_node_trap.cpp.o[0m
[94.234s] [ 22%] [32m[1mLinking CXX executable data_processing_node_straight[0m
[97.553s] [ 22%] Built target data_processing_node_straight
[132.816s] [ 25%] [32m[1mLinking CXX executable data_processing_node_circle[0m
[133.492s] [ 27%] [32m[1mLinking CXX executable data_processing_node[0m
[133.529s] [ 30%] [32m[1mLinking CXX executable data_processing_node_trap[0m
[135.230s] [ 30%] Built target data_processing_node_trap
[135.284s] [ 30%] Built target data_processing_node_circle
[135.363s] [ 30%] Built target data_processing_node
[135.472s] [35m[1mScanning dependencies of target read_lidar[0m
[135.700s] [ 32%] [32mBuilding CXX object CMakeFiles/read_lidar.dir/src/read_lidar.cpp.o[0m
[153.939s] [ 35%] [32m[1mLinking CXX executable read_lidar[0m
[154.921s] [ 35%] Built target read_lidar
[154.953s] [35m[1mScanning dependencies of target pid_node[0m
[155.131s] [ 37%] [32mBuilding CXX object CMakeFiles/pid_node.dir/src/pid_node.cpp.o[0m
[175.275s] [ 40%] [32m[1mLinking CXX executable pid_node[0m
[176.156s] [ 40%] Built target pid_node
[176.193s] [35m[1mScanning dependencies of target delta_angle_node[0m
[176.320s] [ 42%] [32mBuilding CXX object CMakeFiles/delta_angle_node.dir/src/delta_angle_node.cpp.o[0m
[187.036s] [ 45%] [32m[1mLinking CXX executable delta_angle_node[0m
[187.600s] [ 45%] Built target delta_angle_node
[187.633s] [35m[1mScanning dependencies of target tune_node[0m
[187.756s] [ 47%] [32mBuilding CXX object CMakeFiles/tune_node.dir/src/tune_node.cpp.o[0m
[188.741s] [35m[1mScanning dependencies of target tune_fuzzy_node[0m
[188.888s] [ 50%] [32mBuilding CXX object CMakeFiles/tune_fuzzy_node.dir/src/tune_fuzzy_node.cpp.o[0m
[189.854s] [35m[1mScanning dependencies of target read_IMU[0m
[190.116s] [ 52%] [32mBuilding CXX object CMakeFiles/read_IMU.dir/src/read_IMU.cpp.o[0m
[191.034s] [35m[1mScanning dependencies of target controllers_node[0m
[191.341s] [ 55%] [32mBuilding CXX object CMakeFiles/controllers_node.dir/src/controllers_node.cpp.o[0m
[205.549s] [ 57%] [32m[1mLinking CXX executable read_IMU[0m
[206.354s] [ 57%] Built target read_IMU
[207.685s] [ 60%] [32m[1mLinking CXX executable tune_node[0m
[208.610s] [ 60%] Built target tune_node
[212.523s] [ 62%] [32m[1mLinking CXX executable tune_fuzzy_node[0m
[213.327s] [ 65%] [32m[1mLinking CXX executable controllers_node[0m
[213.512s] [ 65%] Built target tune_fuzzy_node
[214.246s] [ 65%] Built target controllers_node
[214.280s] [35m[1mScanning dependencies of target circumference_node[0m
[214.422s] [ 67%] [32mBuilding CXX object CMakeFiles/circumference_node.dir/src/circumference_node.cpp.o[0m
[227.424s] [35m[1mScanning dependencies of target lidar_tune[0m
[227.591s] [ 70%] [32mBuilding CXX object CMakeFiles/lidar_tune.dir/src/lidar_tune.cpp.o[0m
[229.555s] [35m[1mScanning dependencies of target fuzzy_longitudinal_controllers[0m
[229.778s] [ 72%] [32mBuilding CXX object CMakeFiles/fuzzy_longitudinal_controllers.dir/src/fuzzy_longitudinal_controllers.cpp.o[0m
[231.682s] [35m[1mScanning dependencies of target data_processing_node_eight[0m
[232.059s] [ 75%] [32mBuilding CXX object CMakeFiles/data_processing_node_eight.dir/src/data_processing_node_eight.cpp.o[0m
[233.506s] [ 77%] [32m[1mLinking CXX executable circumference_node[0m
[234.459s] [ 77%] Built target circumference_node
[237.501s] [35m[1mScanning dependencies of target straight_line_node[0m
[237.807s] [ 80%] [32mBuilding CXX object CMakeFiles/straight_line_node.dir/src/straight_line_node.cpp.o[0m
[250.377s] [ 82%] [32m[1mLinking CXX executable lidar_tune[0m
[251.751s] [ 82%] Built target lidar_tune
[253.521s] [ 85%] [32m[1mLinking CXX executable fuzzy_longitudinal_controllers[0m
[254.495s] [ 85%] Built target fuzzy_longitudinal_controllers
[259.377s] [ 87%] [32m[1mLinking CXX executable straight_line_node[0m
[260.306s] [ 87%] Built target straight_line_node
[260.368s] [ 90%] [32m[1mLinking CXX executable data_processing_node_eight[0m
[261.630s] [ 90%] Built target data_processing_node_eight
[261.662s] [35m[1mScanning dependencies of target sinusoidal_node[0m
[261.784s] [ 92%] [32mBuilding CXX object CMakeFiles/sinusoidal_node.dir/src/sinusoidal_node.cpp.o[0m
[272.221s] [ 95%] [32m[1mLinking CXX executable sinusoidal_node[0m
[272.818s] [ 95%] Built target sinusoidal_node
[272.853s] [35m[1mScanning dependencies of target stanley_node[0m
[272.995s] [ 97%] [32mBuilding CXX object CMakeFiles/stanley_node.dir/src/stanley_node.cpp.o[0m
[296.378s] [100%] [32m[1mLinking CXX executable stanley_node[0m
[297.585s] [100%] Built target stanley_node
[297.622s] Invoked command in '/home/jetson/bbb_jetson_ws/build/bbb_package' returned '0': AMENT_PREFIX_PATH=/home/jetson/bbb_jetson_ws/install/serial:${AMENT_PREFIX_PATH} CMAKE_PREFIX_PATH=/home/jetson/bbb_jetson_ws/install/serial:/opt/ros/foxy LD_LIBRARY_PATH=/home/jetson/bbb_jetson_ws/install/serial/lib:${LD_LIBRARY_PATH} /usr/bin/cmake --build /home/jetson/bbb_jetson_ws/build/bbb_package -- -j4 -l4
[297.816s] Invoking command in '/home/jetson/bbb_jetson_ws/build/bbb_package': AMENT_PREFIX_PATH=/home/jetson/bbb_jetson_ws/install/serial:${AMENT_PREFIX_PATH} CMAKE_PREFIX_PATH=/home/jetson/bbb_jetson_ws/install/serial:/opt/ros/foxy LD_LIBRARY_PATH=/home/jetson/bbb_jetson_ws/install/serial/lib:${LD_LIBRARY_PATH} /usr/bin/cmake --install /home/jetson/bbb_jetson_ws/build/bbb_package
[297.844s] -- Install configuration: ""
[297.845s] -- Installing: /home/jetson/bbb_jetson_ws/install/bbb_package/lib/bbb_package/read_IMU
[297.849s] -- Set runtime path of "/home/jetson/bbb_jetson_ws/install/bbb_package/lib/bbb_package/read_IMU" to ""
[297.849s] -- Installing: /home/jetson/bbb_jetson_ws/install/bbb_package/lib/bbb_package/read_lidar
[297.856s] -- Set runtime path of "/home/jetson/bbb_jetson_ws/install/bbb_package/lib/bbb_package/read_lidar" to ""
[297.856s] -- Installing: /home/jetson/bbb_jetson_ws/install/bbb_package/lib/bbb_package/pid_node
[297.864s] -- Set runtime path of "/home/jetson/bbb_jetson_ws/install/bbb_package/lib/bbb_package/pid_node" to ""
[297.865s] -- Installing: /home/jetson/bbb_jetson_ws/install/bbb_package/lib/bbb_package/tune_fuzzy_node
[297.872s] -- Set runtime path of "/home/jetson/bbb_jetson_ws/install/bbb_package/lib/bbb_package/tune_fuzzy_node" to ""
[297.872s] -- Installing: /home/jetson/bbb_jetson_ws/install/bbb_package/lib/bbb_package/straight_line_node
[297.880s] -- Set runtime path of "/home/jetson/bbb_jetson_ws/install/bbb_package/lib/bbb_package/straight_line_node" to ""
[297.880s] -- Installing: /home/jetson/bbb_jetson_ws/install/bbb_package/lib/bbb_package/circumference_node
[297.887s] -- Set runtime path of "/home/jetson/bbb_jetson_ws/install/bbb_package/lib/bbb_package/circumference_node" to ""
[297.887s] -- Installing: /home/jetson/bbb_jetson_ws/install/bbb_package/lib/bbb_package/sinusoidal_node
[297.891s] -- Set runtime path of "/home/jetson/bbb_jetson_ws/install/bbb_package/lib/bbb_package/sinusoidal_node" to ""
[297.891s] -- Installing: /home/jetson/bbb_jetson_ws/install/bbb_package/lib/bbb_package/tune_node
[297.898s] -- Set runtime path of "/home/jetson/bbb_jetson_ws/install/bbb_package/lib/bbb_package/tune_node" to ""
[297.898s] -- Installing: /home/jetson/bbb_jetson_ws/install/bbb_package/lib/bbb_package/delta_angle_node
[297.902s] -- Set runtime path of "/home/jetson/bbb_jetson_ws/install/bbb_package/lib/bbb_package/delta_angle_node" to ""
[297.902s] -- Installing: /home/jetson/bbb_jetson_ws/install/bbb_package/lib/bbb_package/fuzzy_longitudinal_controllers
[297.909s] -- Set runtime path of "/home/jetson/bbb_jetson_ws/install/bbb_package/lib/bbb_package/fuzzy_longitudinal_controllers" to ""
[297.910s] -- Installing: /home/jetson/bbb_jetson_ws/install/bbb_package/lib/bbb_package/stanley_node
[297.919s] -- Set runtime path of "/home/jetson/bbb_jetson_ws/install/bbb_package/lib/bbb_package/stanley_node" to ""
[297.920s] -- Installing: /home/jetson/bbb_jetson_ws/install/bbb_package/lib/bbb_package/controllers_node
[297.927s] -- Set runtime path of "/home/jetson/bbb_jetson_ws/install/bbb_package/lib/bbb_package/controllers_node" to ""
[297.927s] -- Installing: /home/jetson/bbb_jetson_ws/install/bbb_package/lib/bbb_package/data_processing_node_straight
[297.968s] -- Set runtime path of "/home/jetson/bbb_jetson_ws/install/bbb_package/lib/bbb_package/data_processing_node_straight" to ""
[297.968s] -- Installing: /home/jetson/bbb_jetson_ws/install/bbb_package/lib/bbb_package/data_processing_node_zz
[298.007s] -- Set runtime path of "/home/jetson/bbb_jetson_ws/install/bbb_package/lib/bbb_package/data_processing_node_zz" to ""
[298.008s] -- Installing: /home/jetson/bbb_jetson_ws/install/bbb_package/lib/bbb_package/data_processing_node_circle
[298.018s] -- Set runtime path of "/home/jetson/bbb_jetson_ws/install/bbb_package/lib/bbb_package/data_processing_node_circle" to ""
[298.018s] -- Installing: /home/jetson/bbb_jetson_ws/install/bbb_package/lib/bbb_package/data_processing_node_trap
[298.028s] -- Set runtime path of "/home/jetson/bbb_jetson_ws/install/bbb_package/lib/bbb_package/data_processing_node_trap" to ""
[298.028s] -- Installing: /home/jetson/bbb_jetson_ws/install/bbb_package/lib/bbb_package/lidar_tune
[298.035s] -- Set runtime path of "/home/jetson/bbb_jetson_ws/install/bbb_package/lib/bbb_package/lidar_tune" to ""
[298.036s] -- Installing: /home/jetson/bbb_jetson_ws/install/bbb_package/lib/bbb_package/data_processing_node_eight
[298.046s] -- Set runtime path of "/home/jetson/bbb_jetson_ws/install/bbb_package/lib/bbb_package/data_processing_node_eight" to ""
[298.046s] -- Installing: /home/jetson/bbb_jetson_ws/install/bbb_package/lib/bbb_package/delta_angle
[298.074s] -- Set runtime path of "/home/jetson/bbb_jetson_ws/install/bbb_package/lib/bbb_package/delta_angle" to ""
[298.074s] -- Installing: /home/jetson/bbb_jetson_ws/install/bbb_package/share/bbb_package/launch
[298.074s] -- Installing: /home/jetson/bbb_jetson_ws/install/bbb_package/share/bbb_package/launch/rplidar.launch.py.save
[298.076s] -- Installing: /home/jetson/bbb_jetson_ws/install/bbb_package/share/bbb_package/launch/thesis.launch.py
[298.077s] -- Installing: /home/jetson/bbb_jetson_ws/install/bbb_package/share/bbb_package/launch/rplidar.launch.py
[298.078s] -- Installing: /home/jetson/bbb_jetson_ws/install/bbb_package/share/ament_index/resource_index/package_run_dependencies/bbb_package
[298.080s] -- Installing: /home/jetson/bbb_jetson_ws/install/bbb_package/share/ament_index/resource_index/parent_prefix_path/bbb_package
[298.081s] -- Installing: /home/jetson/bbb_jetson_ws/install/bbb_package/share/bbb_package/environment/ament_prefix_path.sh
[298.081s] -- Installing: /home/jetson/bbb_jetson_ws/install/bbb_package/share/bbb_package/environment/ament_prefix_path.dsv
[298.082s] -- Installing: /home/jetson/bbb_jetson_ws/install/bbb_package/share/bbb_package/environment/path.sh
[298.083s] -- Installing: /home/jetson/bbb_jetson_ws/install/bbb_package/share/bbb_package/environment/path.dsv
[298.083s] -- Installing: /home/jetson/bbb_jetson_ws/install/bbb_package/share/bbb_package/local_setup.bash
[298.084s] -- Installing: /home/jetson/bbb_jetson_ws/install/bbb_package/share/bbb_package/local_setup.sh
[298.085s] -- Installing: /home/jetson/bbb_jetson_ws/install/bbb_package/share/bbb_package/local_setup.zsh
[298.086s] -- Installing: /home/jetson/bbb_jetson_ws/install/bbb_package/share/bbb_package/local_setup.dsv
[298.087s] -- Installing: /home/jetson/bbb_jetson_ws/install/bbb_package/share/bbb_package/package.dsv
[298.088s] -- Installing: /home/jetson/bbb_jetson_ws/install/bbb_package/share/ament_index/resource_index/packages/bbb_package
[298.088s] -- Installing: /home/jetson/bbb_jetson_ws/install/bbb_package/share/bbb_package/cmake/bbb_packageConfig.cmake
[298.089s] -- Installing: /home/jetson/bbb_jetson_ws/install/bbb_package/share/bbb_package/cmake/bbb_packageConfig-version.cmake
[298.090s] -- Installing: /home/jetson/bbb_jetson_ws/install/bbb_package/share/bbb_package/package.xml
[298.101s] Invoked command in '/home/jetson/bbb_jetson_ws/build/bbb_package' returned '0': AMENT_PREFIX_PATH=/home/jetson/bbb_jetson_ws/install/serial:${AMENT_PREFIX_PATH} CMAKE_PREFIX_PATH=/home/jetson/bbb_jetson_ws/install/serial:/opt/ros/foxy LD_LIBRARY_PATH=/home/jetson/bbb_jetson_ws/install/serial/lib:${LD_LIBRARY_PATH} /usr/bin/cmake --install /home/jetson/bbb_jetson_ws/build/bbb_package
