[0.114s] Invoking command in '/home/jetson/bbb_jetson_ws/build/csm': CMAKE_PREFIX_PATH=${CMAKE_PREFIX_PATH}:/opt/ros/foxy /usr/bin/cmake /home/jetson/bbb_jetson_ws/src/csm -DCMAKE_INSTALL_PREFIX=/home/jetson/bbb_jetson_ws/install/csm
[0.990s] -- The C compiler identification is GNU 9.4.0
[1.692s] -- The CXX compiler identification is GNU 9.4.0
[1.756s] -- Check for working C compiler: /usr/bin/cc
[2.343s] -- Check for working C compiler: /usr/bin/cc -- works
[2.366s] -- Detecting C compiler ABI info
[3.048s] -- Detecting C compiler ABI info - done
[3.189s] -- Detecting C compile features
[3.198s] -- Detecting C compile features - done
[3.263s] -- Check for working CXX compiler: /usr/bin/c++
[4.037s] -- Check for working CXX compiler: /usr/bin/c++ -- works
[4.057s] -- Detecting CXX compiler ABI info
[4.826s] -- Detecting CXX compiler ABI info - done
[4.970s] -- Detecting CXX compile features
[4.975s] -- Detecting CXX compile features - done
[5.007s] -- Found ament_cmake: 0.9.12 (/opt/ros/foxy/share/ament_cmake/cmake)
[5.247s] -- Found PythonInterp: /usr/bin/python3 (found suitable version "3.8.10", minimum required is "3") 
[5.250s] -- Using PYTHON_EXECUTABLE: /usr/bin/python3
[7.194s] -- Found rclcpp: 2.4.3 (/opt/ros/foxy/share/rclcpp/cmake)
[7.832s] -- Using all available rosidl_typesupport_c: rosidl_typesupport_fastrtps_c;rosidl_typesupport_introspection_c
[7.950s] -- Found rosidl_adapter: 1.3.1 (/opt/ros/foxy/share/rosidl_adapter/cmake)
[9.137s] -- Found OpenSSL: /usr/lib/aarch64-linux-gnu/libcrypto.so (found version "1.1.1f")  
[9.405s] -- Found FastRTPS: /opt/ros/foxy/include  
[10.252s] -- Using all available rosidl_typesupport_cpp: rosidl_typesupport_fastrtps_cpp;rosidl_typesupport_introspection_cpp
[11.238s] -- Found rmw_implementation_cmake: 1.0.4 (/opt/ros/foxy/share/rmw_implementation_cmake/cmake)
[11.286s] -- Using RMW implementation 'rmw_fastrtps_cpp' as default
[11.302s] -- Looking for pthread.h
[12.365s] -- Looking for pthread.h - found
[12.366s] -- Performing Test CMAKE_HAVE_LIBC_PTHREAD
[13.734s] -- Performing Test CMAKE_HAVE_LIBC_PTHREAD - Failed
[13.738s] -- Looking for pthread_create in pthreads
[14.906s] -- Looking for pthread_create in pthreads - not found
[14.908s] -- Looking for pthread_create in pthread
[16.238s] -- Looking for pthread_create in pthread - found
[16.260s] -- Found Threads: TRUE  
[19.826s] -- Configuring done
[19.951s] -- Generating done
[19.970s] -- Build files have been written to: /home/jetson/bbb_jetson_ws/build/csm
[20.040s] Invoked command in '/home/jetson/bbb_jetson_ws/build/csm' returned '0': CMAKE_PREFIX_PATH=${CMAKE_PREFIX_PATH}:/opt/ros/foxy /usr/bin/cmake /home/jetson/bbb_jetson_ws/src/csm -DCMAKE_INSTALL_PREFIX=/home/jetson/bbb_jetson_ws/install/csm
[20.059s] Invoking command in '/home/jetson/bbb_jetson_ws/build/csm': CMAKE_PREFIX_PATH=${CMAKE_PREFIX_PATH}:/opt/ros/foxy /usr/bin/cmake --build /home/jetson/bbb_jetson_ws/build/csm -- -j4 -l4
[20.644s] [35m[1mScanning dependencies of target csm[0m
[22.134s] [  4%] [32mBuilding CXX object CMakeFiles/csm.dir/src/csm/math_utils.cpp.o[0m
[22.246s] [  8%] [32mBuilding CXX object CMakeFiles/csm.dir/src/csm/math_utils_gsl.cpp.o[0m
[22.248s] [ 12%] [32mBuilding CXX object CMakeFiles/csm.dir/src/csm/laser_data.cpp.o[0m
[22.289s] [ 16%] [32mBuilding CXX object CMakeFiles/csm.dir/src/csm/utils.cpp.o[0m
[39.800s] [ 20%] [32mBuilding CXX object CMakeFiles/csm.dir/src/csm/logging.cpp.o[0m
[40.008s] [ 25%] [32mBuilding CXX object CMakeFiles/csm.dir/src/csm/sm_options.cpp.o[0m
[41.018s] [ 29%] [32mBuilding CXX object CMakeFiles/csm.dir/src/csm/orientation.cpp.o[0m
[41.830s] [ 33%] [32mBuilding CXX object CMakeFiles/csm.dir/src/csm/clustering.cpp.o[0m
[55.766s] [ 37%] [32mBuilding CXX object CMakeFiles/csm.dir/src/egsl/egsl_misc.cpp.o[0m
[58.828s] [ 41%] [32mBuilding CXX object CMakeFiles/csm.dir/src/egsl/egsl_ops.cpp.o[0m
[60.917s] [ 45%] [32mBuilding CXX object CMakeFiles/csm.dir/src/egsl/egsl_conversions.cpp.o[0m
[63.035s] [ 50%] [32mBuilding CXX object CMakeFiles/csm.dir/src/egsl/egsl.cpp.o[0m
[84.252s] [ 54%] [32mBuilding CXX object CMakeFiles/csm.dir/src/icp/icp.cpp.o[0m
[85.014s] [ 58%] [32mBuilding CXX object CMakeFiles/csm.dir/src/gpc/gpc_utils.cpp.o[0m
[87.207s] [ 62%] [32mBuilding CXX object CMakeFiles/csm.dir/src/icp/icp_corr_dumb.cpp.o[0m
[88.424s] [ 66%] [32mBuilding CXX object CMakeFiles/csm.dir/src/gpc/gpc.cpp.o[0m
[172.691s] [ 70%] [32mBuilding CXX object CMakeFiles/csm.dir/src/icp/icp_debug.cpp.o[0m
[180.612s] [ 75%] [32mBuilding CXX object CMakeFiles/csm.dir/src/icp/icp_loop.cpp.o[0m
[187.444s] [ 79%] [32mBuilding CXX object CMakeFiles/csm.dir/src/icp/icp_outliers.cpp.o[0m
[188.509s] [ 83%] [32mBuilding CXX object CMakeFiles/csm.dir/src/options/options.cpp.o[0m
[189.730s] [ 87%] [32mBuilding CXX object CMakeFiles/csm.dir/src/icp/icp_covariance.cpp.o[0m
[190.913s] [ 91%] [32mBuilding CXX object CMakeFiles/csm.dir/src/icp/icp_corr_tricks.cpp.o[0m
[191.459s] [ 95%] [32mBuilding CXX object CMakeFiles/csm.dir/src/options/options_interface.cpp.o[0m
[213.046s] [100%] [32m[1mLinking CXX shared library libcsm.so[0m
[216.149s] [100%] Built target csm
[216.278s] Invoked command in '/home/jetson/bbb_jetson_ws/build/csm' returned '0': CMAKE_PREFIX_PATH=${CMAKE_PREFIX_PATH}:/opt/ros/foxy /usr/bin/cmake --build /home/jetson/bbb_jetson_ws/build/csm -- -j4 -l4
[216.915s] Invoking command in '/home/jetson/bbb_jetson_ws/build/csm': CMAKE_PREFIX_PATH=${CMAKE_PREFIX_PATH}:/opt/ros/foxy /usr/bin/cmake --install /home/jetson/bbb_jetson_ws/build/csm
[217.027s] -- Install configuration: ""
[217.031s] -- Installing: /home/jetson/bbb_jetson_ws/install/csm/lib/libcsm.so
[217.270s] -- Up-to-date: /home/jetson/bbb_jetson_ws/install/csm/include/..//include
[217.272s] -- Up-to-date: /home/jetson/bbb_jetson_ws/install/csm/include/..//include/gsl_eigen
[217.278s] -- Up-to-date: /home/jetson/bbb_jetson_ws/install/csm/include/..//include/gsl_eigen/gsl_eigen.h
[217.280s] -- Up-to-date: /home/jetson/bbb_jetson_ws/install/csm/include/..//include/csm
[217.282s] -- Up-to-date: /home/jetson/bbb_jetson_ws/install/csm/include/..//include/csm/restrict.h
[217.284s] -- Up-to-date: /home/jetson/bbb_jetson_ws/install/csm/include/..//include/csm/laser_data_inline.h
[217.285s] -- Up-to-date: /home/jetson/bbb_jetson_ws/install/csm/include/..//include/csm/csm.h
[217.287s] -- Up-to-date: /home/jetson/bbb_jetson_ws/install/csm/include/..//include/csm/laser_data.h
[217.289s] -- Up-to-date: /home/jetson/bbb_jetson_ws/install/csm/include/..//include/csm/algos.h
[217.291s] -- Up-to-date: /home/jetson/bbb_jetson_ws/install/csm/share/csm/resource
[217.302s] -- Up-to-date: /home/jetson/bbb_jetson_ws/install/csm/share/csm/resource/csm
[217.306s] -- Up-to-date: /home/jetson/bbb_jetson_ws/install/csm/include/../gsl_eigen
[217.307s] -- Up-to-date: /home/jetson/bbb_jetson_ws/install/csm/include/../gsl_eigen/gsl_eigen.h
[217.313s] -- Up-to-date: /home/jetson/bbb_jetson_ws/install/csm/share/csm/environment/library_path.sh
[217.314s] -- Installing: /home/jetson/bbb_jetson_ws/install/csm/share/csm/environment/library_path.dsv
[217.319s] -- Installing: /home/jetson/bbb_jetson_ws/install/csm/share/ament_index/resource_index/package_run_dependencies/csm
[217.328s] -- Installing: /home/jetson/bbb_jetson_ws/install/csm/share/ament_index/resource_index/parent_prefix_path/csm
[217.333s] -- Up-to-date: /home/jetson/bbb_jetson_ws/install/csm/share/csm/environment/ament_prefix_path.sh
[217.334s] -- Installing: /home/jetson/bbb_jetson_ws/install/csm/share/csm/environment/ament_prefix_path.dsv
[217.351s] -- Up-to-date: /home/jetson/bbb_jetson_ws/install/csm/share/csm/environment/path.sh
[217.353s] -- Installing: /home/jetson/bbb_jetson_ws/install/csm/share/csm/environment/path.dsv
[217.354s] -- Installing: /home/jetson/bbb_jetson_ws/install/csm/share/csm/local_setup.bash
[217.358s] -- Installing: /home/jetson/bbb_jetson_ws/install/csm/share/csm/local_setup.sh
[217.359s] -- Installing: /home/jetson/bbb_jetson_ws/install/csm/share/csm/local_setup.zsh
[217.365s] -- Installing: /home/jetson/bbb_jetson_ws/install/csm/share/csm/local_setup.dsv
[217.374s] -- Installing: /home/jetson/bbb_jetson_ws/install/csm/share/csm/package.dsv
[217.388s] -- Installing: /home/jetson/bbb_jetson_ws/install/csm/share/ament_index/resource_index/packages/csm
[217.389s] -- Installing: /home/jetson/bbb_jetson_ws/install/csm/share/csm/cmake/ament_cmake_export_dependencies-extras.cmake
[217.390s] -- Installing: /home/jetson/bbb_jetson_ws/install/csm/share/csm/cmake/ament_cmake_export_include_directories-extras.cmake
[217.391s] -- Installing: /home/jetson/bbb_jetson_ws/install/csm/share/csm/cmake/ament_cmake_export_libraries-extras.cmake
[217.395s] -- Installing: /home/jetson/bbb_jetson_ws/install/csm/share/csm/cmake/csmConfig.cmake
[217.408s] -- Installing: /home/jetson/bbb_jetson_ws/install/csm/share/csm/cmake/csmConfig-version.cmake
[217.417s] -- Up-to-date: /home/jetson/bbb_jetson_ws/install/csm/share/csm/package.xml
[217.425s] Invoked command in '/home/jetson/bbb_jetson_ws/build/csm' returned '0': CMAKE_PREFIX_PATH=${CMAKE_PREFIX_PATH}:/opt/ros/foxy /usr/bin/cmake --install /home/jetson/bbb_jetson_ws/build/csm
