[0.050s] Invoking command in '/home/jetson/bbb_jetson_ws/build/bbb_package': CMAKE_PREFIX_PATH=/home/jetson/bbb_jetson_ws/install/serial:/home/jetson/bbb_jetson_ws/install/ros2_laser_scan_matcher:/home/jetson/bbb_jetson_ws/install/diffdrive_arduino:/home/jetson/bbb_jetson_ws/install/bbb_package:/home/jetson/bbb_jetson_ws/install/micro_ros_setup:/home/jetson/bbb_jetson_ws/install/csm:/home/jetson/bbb_jetson_ws/install/bbb_robot:/opt/ros/foxy /usr/bin/cmake --build /home/jetson/bbb_jetson_ws/build/bbb_package -- -j4 -l4
[0.467s] [  9%] Built target read_IMU
[0.475s] [ 18%] Built target pid_node
[0.488s] [ 27%] Built target delta_angle_node
[0.507s] [ 36%] Built target read_lidar
[0.609s] [35m[1mScanning dependencies of target tune_fuzzy_node[0m
[0.870s] [ 45%] Built target circumference_node
[0.874s] [ 54%] Built target fuzzy_longitudinal_controllers
[0.938s] [ 63%] Built target tune_node
[0.978s] [ 68%] [32mBuilding CXX object CMakeFiles/tune_fuzzy_node.dir/src/tune_fuzzy_node.cpp.o[0m
[1.266s] [ 77%] Built target straight_line_node
[1.336s] [ 95%] Built target stanley_node
[1.337s] [ 95%] Built target sinusoidal_node
[20.195s] [100%] [32m[1mLinking CXX executable tune_fuzzy_node[0m
[21.176s] [100%] Built target tune_fuzzy_node
[21.215s] Invoked command in '/home/jetson/bbb_jetson_ws/build/bbb_package' returned '0': CMAKE_PREFIX_PATH=/home/jetson/bbb_jetson_ws/install/serial:/home/jetson/bbb_jetson_ws/install/ros2_laser_scan_matcher:/home/jetson/bbb_jetson_ws/install/diffdrive_arduino:/home/jetson/bbb_jetson_ws/install/bbb_package:/home/jetson/bbb_jetson_ws/install/micro_ros_setup:/home/jetson/bbb_jetson_ws/install/csm:/home/jetson/bbb_jetson_ws/install/bbb_robot:/opt/ros/foxy /usr/bin/cmake --build /home/jetson/bbb_jetson_ws/build/bbb_package -- -j4 -l4
[21.415s] Invoking command in '/home/jetson/bbb_jetson_ws/build/bbb_package': CMAKE_PREFIX_PATH=/home/jetson/bbb_jetson_ws/install/serial:/home/jetson/bbb_jetson_ws/install/ros2_laser_scan_matcher:/home/jetson/bbb_jetson_ws/install/diffdrive_arduino:/home/jetson/bbb_jetson_ws/install/bbb_package:/home/jetson/bbb_jetson_ws/install/micro_ros_setup:/home/jetson/bbb_jetson_ws/install/csm:/home/jetson/bbb_jetson_ws/install/bbb_robot:/opt/ros/foxy /usr/bin/cmake --install /home/jetson/bbb_jetson_ws/build/bbb_package
[21.443s] -- Install configuration: ""
[21.447s] -- Up-to-date: /home/jetson/bbb_jetson_ws/install/bbb_package/share/bbb_package/launch
[21.450s] -- Installing: /home/jetson/bbb_jetson_ws/install/bbb_package/share/bbb_package/package.dsv
[21.460s] Invoked command in '/home/jetson/bbb_jetson_ws/build/bbb_package' returned '0': CMAKE_PREFIX_PATH=/home/jetson/bbb_jetson_ws/install/serial:/home/jetson/bbb_jetson_ws/install/ros2_laser_scan_matcher:/home/jetson/bbb_jetson_ws/install/diffdrive_arduino:/home/jetson/bbb_jetson_ws/install/bbb_package:/home/jetson/bbb_jetson_ws/install/micro_ros_setup:/home/jetson/bbb_jetson_ws/install/csm:/home/jetson/bbb_jetson_ws/install/bbb_robot:/opt/ros/foxy /usr/bin/cmake --install /home/jetson/bbb_jetson_ws/build/bbb_package
