[35m[1mScanning dependencies of target delta_angle[0m
[  5%] Built target data_processing_node_circle
[ 10%] Built target data_processing_node_trap
[ 12%] [32mBuilding CXX object CMakeFiles/delta_angle.dir/src/delta_angle.cpp.o[0m
[ 17%] Built target data_processing_node_zz
[ 22%] Built target data_processing_node_straight
[ 27%] Built target data_processing_node
[ 32%] Built target controllers_node
[ 37%] Built target read_lidar
[ 42%] Built target read_IMU
[ 47%] Built target pid_node
[ 52%] Built target delta_angle_node
[ 57%] Built target tune_fuzzy_node
[ 62%] Built target tune_node
[ 67%] Built target data_processing_node_eight
[ 72%] Built target circumference_node
[ 77%] Built target fuzzy_longitudinal_controllers
[ 82%] Built target lidar_tune
[ 87%] Built target stanley_node
[ 92%] Built target straight_line_node
[ 97%] Built target sinusoidal_node
[100%] [32m[1mLinking CXX executable delta_angle[0m
[100%] Built target delta_angle
-- Install configuration: ""
-- Up-to-date: /home/jetson/bbb_jetson_ws/install/bbb_package/lib/bbb_package/controllers_node
-- Up-to-date: /home/jetson/bbb_jetson_ws/install/bbb_package/lib/bbb_package/data_processing_node_straight
-- Up-to-date: /home/jetson/bbb_jetson_ws/install/bbb_package/lib/bbb_package/data_processing_node_zz
-- Up-to-date: /home/jetson/bbb_jetson_ws/install/bbb_package/lib/bbb_package/data_processing_node_circle
-- Up-to-date: /home/jetson/bbb_jetson_ws/install/bbb_package/lib/bbb_package/data_processing_node_trap
-- Up-to-date: /home/jetson/bbb_jetson_ws/install/bbb_package/lib/bbb_package/lidar_tune
-- Up-to-date: /home/jetson/bbb_jetson_ws/install/bbb_package/lib/bbb_package/data_processing_node_eight
-- Installing: /home/jetson/bbb_jetson_ws/install/bbb_package/lib/bbb_package/delta_angle
-- Set runtime path of "/home/jetson/bbb_jetson_ws/install/bbb_package/lib/bbb_package/delta_angle" to ""
-- Up-to-date: /home/jetson/bbb_jetson_ws/install/bbb_package/share/bbb_package/launch
-- Up-to-date: /home/jetson/bbb_jetson_ws/install/bbb_package/share/bbb_package/launch/thesis.launch.py
-- Installing: /home/jetson/bbb_jetson_ws/install/bbb_package/share/bbb_package/package.dsv
