[  3%] [32mBuilding CXX object CMakeFiles/data_processing_node_straight.dir/src/data_processing_node_straight.cpp.o[0m
[ 16%] Built target data_processing_node_zz
[ 13%] Built target controllers_node
[ 23%] Built target data_processing_node
[ 30%] Built target pid_node
[ 36%] Built target read_IMU
[ 43%] Built target read_lidar
[ 50%] Built target delta_angle_node
[ 56%] Built target tune_node
[ 63%] Built target tune_fuzzy_node
[ 70%] Built target fuzzy_longitudinal_controllers
[ 76%] Built target circumference_node
[ 83%] Built target straight_line_node
[ 90%] Built target stanley_node
[ 96%] Built target sinusoidal_node
[01m[K/home/jetson/bbb_jetson_ws/src/bbb_package/src/data_processing_node_straight.cpp:[m[K In member function ‘[01m[Kvoid DataProcessingNode::initializeArrays()[m[K’:
[01m[K/home/jetson/bbb_jetson_ws/src/bbb_package/src/data_processing_node_straight.cpp:188:37:[m[K [01;31m[Kerror: [m[Kno matching function for call to ‘[01m[Ktan(double, int)[m[K’
  188 | #define A (std::tan(135*M_PI / 180,1[01;31m[K)[m[K)
      |                                     [01;31m[K^[m[K
[01m[K/home/jetson/bbb_jetson_ws/src/bbb_package/src/data_processing_node_straight.cpp:221:27:[m[K [01;36m[Knote: [m[Kin expansion of macro ‘[01m[KA[m[K’
  221 |     theta[0] = std::atan2([01;36m[KA[m[K, 1);
      |                           [01;36m[K^[m[K
In file included from [01m[K/usr/include/features.h:461[m[K,
                 from [01m[K/usr/include/aarch64-linux-gnu/c++/9/bits/os_defines.h:39[m[K,
                 from [01m[K/usr/include/aarch64-linux-gnu/c++/9/bits/c++config.h:528[m[K,
                 from [01m[K/usr/include/c++/9/cmath:41[m[K,
                 from [01m[K/home/jetson/bbb_jetson_ws/src/bbb_package/src/data_processing_node_straight.cpp:177[m[K:
[01m[K/usr/include/aarch64-linux-gnu/bits/mathcalls.h:66:1:[m[K [01;36m[Knote: [m[Kcandidate: ‘[01m[Kdouble tan(double)[m[K’
   66 | [01;36m[K__MATHCALL[m[K (tan,, (_Mdouble_ __x));
      | [01;36m[K^~~~~~~~~~[m[K
[01m[K/usr/include/aarch64-linux-gnu/bits/mathcalls.h:66:1:[m[K [01;36m[Knote: [m[K  candidate expects 1 argument, 2 provided
In file included from [01m[K/home/jetson/bbb_jetson_ws/src/bbb_package/src/data_processing_node_straight.cpp:177[m[K:
[01m[K/usr/include/c++/9/cmath:482:3:[m[K [01;36m[Knote: [m[Kcandidate: ‘[01m[Kconstexpr float std::tan(float)[m[K’
  482 |   [01;36m[Ktan[m[K(float __x)
      |   [01;36m[K^~~[m[K
[01m[K/usr/include/c++/9/cmath:482:3:[m[K [01;36m[Knote: [m[K  candidate expects 1 argument, 2 provided
[01m[K/usr/include/c++/9/cmath:486:3:[m[K [01;36m[Knote: [m[Kcandidate: ‘[01m[Kconstexpr long double std::tan(long double)[m[K’
  486 |   [01;36m[Ktan[m[K(long double __x)
      |   [01;36m[K^~~[m[K
[01m[K/usr/include/c++/9/cmath:486:3:[m[K [01;36m[Knote: [m[K  candidate expects 1 argument, 2 provided
[01m[K/usr/include/c++/9/cmath:494:5:[m[K [01;36m[Knote: [m[Kcandidate: ‘[01m[Ktemplate<class _Tp> constexpr typename __gnu_cxx::__enable_if<std::__is_integer<_Tp>::__value, double>::__type std::tan(_Tp)[m[K’
  494 |     [01;36m[Ktan[m[K(_Tp __x)
      |     [01;36m[K^~~[m[K
[01m[K/usr/include/c++/9/cmath:494:5:[m[K [01;36m[Knote: [m[K  template argument deduction/substitution failed:
[01m[K/home/jetson/bbb_jetson_ws/src/bbb_package/src/data_processing_node_straight.cpp:188:37:[m[K [01;36m[Knote: [m[K  candidate expects 1 argument, 2 provided
  188 | #define A (std::tan(135*M_PI / 180,1[01;36m[K)[m[K)
      |                                     [01;36m[K^[m[K
[01m[K/home/jetson/bbb_jetson_ws/src/bbb_package/src/data_processing_node_straight.cpp:221:27:[m[K [01;36m[Knote: [m[Kin expansion of macro ‘[01m[KA[m[K’
  221 |     theta[0] = std::atan2([01;36m[KA[m[K, 1);
      |                           [01;36m[K^[m[K
[01m[K/home/jetson/bbb_jetson_ws/src/bbb_package/src/data_processing_node_straight.cpp:188:37:[m[K [01;31m[Kerror: [m[Kno matching function for call to ‘[01m[Ktan(double, int)[m[K’
  188 | #define A (std::tan(135*M_PI / 180,1[01;31m[K)[m[K)
      |                                     [01;31m[K^[m[K
[01m[K/home/jetson/bbb_jetson_ws/src/bbb_package/src/data_processing_node_straight.cpp:225:14:[m[K [01;36m[Knote: [m[Kin expansion of macro ‘[01m[KA[m[K’
  225 |       y[i] = [01;36m[KA[m[K * x[i] + B;
      |              [01;36m[K^[m[K
In file included from [01m[K/usr/include/features.h:461[m[K,
                 from [01m[K/usr/include/aarch64-linux-gnu/c++/9/bits/os_defines.h:39[m[K,
                 from [01m[K/usr/include/aarch64-linux-gnu/c++/9/bits/c++config.h:528[m[K,
                 from [01m[K/usr/include/c++/9/cmath:41[m[K,
                 from [01m[K/home/jetson/bbb_jetson_ws/src/bbb_package/src/data_processing_node_straight.cpp:177[m[K:
[01m[K/usr/include/aarch64-linux-gnu/bits/mathcalls.h:66:1:[m[K [01;36m[Knote: [m[Kcandidate: ‘[01m[Kdouble tan(double)[m[K’
   66 | [01;36m[K__MATHCALL[m[K (tan,, (_Mdouble_ __x));
      | [01;36m[K^~~~~~~~~~[m[K
[01m[K/usr/include/aarch64-linux-gnu/bits/mathcalls.h:66:1:[m[K [01;36m[Knote: [m[K  candidate expects 1 argument, 2 provided
In file included from [01m[K/home/jetson/bbb_jetson_ws/src/bbb_package/src/data_processing_node_straight.cpp:177[m[K:
[01m[K/usr/include/c++/9/cmath:482:3:[m[K [01;36m[Knote: [m[Kcandidate: ‘[01m[Kconstexpr float std::tan(float)[m[K’
  482 |   [01;36m[Ktan[m[K(float __x)
      |   [01;36m[K^~~[m[K
[01m[K/usr/include/c++/9/cmath:482:3:[m[K [01;36m[Knote: [m[K  candidate expects 1 argument, 2 provided
[01m[K/usr/include/c++/9/cmath:486:3:[m[K [01;36m[Knote: [m[Kcandidate: ‘[01m[Kconstexpr long double std::tan(long double)[m[K’
  486 |   [01;36m[Ktan[m[K(long double __x)
      |   [01;36m[K^~~[m[K
[01m[K/usr/include/c++/9/cmath:486:3:[m[K [01;36m[Knote: [m[K  candidate expects 1 argument, 2 provided
[01m[K/usr/include/c++/9/cmath:494:5:[m[K [01;36m[Knote: [m[Kcandidate: ‘[01m[Ktemplate<class _Tp> constexpr typename __gnu_cxx::__enable_if<std::__is_integer<_Tp>::__value, double>::__type std::tan(_Tp)[m[K’
  494 |     [01;36m[Ktan[m[K(_Tp __x)
      |     [01;36m[K^~~[m[K
[01m[K/usr/include/c++/9/cmath:494:5:[m[K [01;36m[Knote: [m[K  template argument deduction/substitution failed:
[01m[K/home/jetson/bbb_jetson_ws/src/bbb_package/src/data_processing_node_straight.cpp:188:37:[m[K [01;36m[Knote: [m[K  candidate expects 1 argument, 2 provided
  188 | #define A (std::tan(135*M_PI / 180,1[01;36m[K)[m[K)
      |                                     [01;36m[K^[m[K
[01m[K/home/jetson/bbb_jetson_ws/src/bbb_package/src/data_processing_node_straight.cpp:225:14:[m[K [01;36m[Knote: [m[Kin expansion of macro ‘[01m[KA[m[K’
  225 |       y[i] = [01;36m[KA[m[K * x[i] + B;
      |              [01;36m[K^[m[K
[01m[K/home/jetson/bbb_jetson_ws/src/bbb_package/src/data_processing_node_straight.cpp:188:37:[m[K [01;31m[Kerror: [m[Kno matching function for call to ‘[01m[Ktan(double, int)[m[K’
  188 | #define A (std::tan(135*M_PI / 180,1[01;31m[K)[m[K)
      |                                     [01;31m[K^[m[K
[01m[K/home/jetson/bbb_jetson_ws/src/bbb_package/src/data_processing_node_straight.cpp:226:29:[m[K [01;36m[Knote: [m[Kin expansion of macro ‘[01m[KA[m[K’
  226 |       theta[i] = std::atan2([01;36m[KA[m[K, 1);
      |                             [01;36m[K^[m[K
In file included from [01m[K/usr/include/features.h:461[m[K,
                 from [01m[K/usr/include/aarch64-linux-gnu/c++/9/bits/os_defines.h:39[m[K,
                 from [01m[K/usr/include/aarch64-linux-gnu/c++/9/bits/c++config.h:528[m[K,
                 from [01m[K/usr/include/c++/9/cmath:41[m[K,
                 from [01m[K/home/jetson/bbb_jetson_ws/src/bbb_package/src/data_processing_node_straight.cpp:177[m[K:
[01m[K/usr/include/aarch64-linux-gnu/bits/mathcalls.h:66:1:[m[K [01;36m[Knote: [m[Kcandidate: ‘[01m[Kdouble tan(double)[m[K’
   66 | [01;36m[K__MATHCALL[m[K (tan,, (_Mdouble_ __x));
      | [01;36m[K^~~~~~~~~~[m[K
[01m[K/usr/include/aarch64-linux-gnu/bits/mathcalls.h:66:1:[m[K [01;36m[Knote: [m[K  candidate expects 1 argument, 2 provided
In file included from [01m[K/home/jetson/bbb_jetson_ws/src/bbb_package/src/data_processing_node_straight.cpp:177[m[K:
[01m[K/usr/include/c++/9/cmath:482:3:[m[K [01;36m[Knote: [m[Kcandidate: ‘[01m[Kconstexpr float std::tan(float)[m[K’
  482 |   [01;36m[Ktan[m[K(float __x)
      |   [01;36m[K^~~[m[K
[01m[K/usr/include/c++/9/cmath:482:3:[m[K [01;36m[Knote: [m[K  candidate expects 1 argument, 2 provided
[01m[K/usr/include/c++/9/cmath:486:3:[m[K [01;36m[Knote: [m[Kcandidate: ‘[01m[Kconstexpr long double std::tan(long double)[m[K’
  486 |   [01;36m[Ktan[m[K(long double __x)
      |   [01;36m[K^~~[m[K
[01m[K/usr/include/c++/9/cmath:486:3:[m[K [01;36m[Knote: [m[K  candidate expects 1 argument, 2 provided
[01m[K/usr/include/c++/9/cmath:494:5:[m[K [01;36m[Knote: [m[Kcandidate: ‘[01m[Ktemplate<class _Tp> constexpr typename __gnu_cxx::__enable_if<std::__is_integer<_Tp>::__value, double>::__type std::tan(_Tp)[m[K’
  494 |     [01;36m[Ktan[m[K(_Tp __x)
      |     [01;36m[K^~~[m[K
[01m[K/usr/include/c++/9/cmath:494:5:[m[K [01;36m[Knote: [m[K  template argument deduction/substitution failed:
[01m[K/home/jetson/bbb_jetson_ws/src/bbb_package/src/data_processing_node_straight.cpp:188:37:[m[K [01;36m[Knote: [m[K  candidate expects 1 argument, 2 provided
  188 | #define A (std::tan(135*M_PI / 180,1[01;36m[K)[m[K)
      |                                     [01;36m[K^[m[K
[01m[K/home/jetson/bbb_jetson_ws/src/bbb_package/src/data_processing_node_straight.cpp:226:29:[m[K [01;36m[Knote: [m[Kin expansion of macro ‘[01m[KA[m[K’
  226 |       theta[i] = std::atan2([01;36m[KA[m[K, 1);
      |                             [01;36m[K^[m[K
make[2]: *** [CMakeFiles/data_processing_node_straight.dir/build.make:63: CMakeFiles/data_processing_node_straight.dir/src/data_processing_node_straight.cpp.o] Interrupt
make[1]: *** [CMakeFiles/Makefile2:133: CMakeFiles/data_processing_node_straight.dir/all] Interrupt
make: *** [Makefile:141: all] Interrupt
