[1.598s] Invoking command in '/home/jetson/bbb_jetson_ws/build/diffdrive_arduino': AMENT_PREFIX_PATH=/home/jetson/bbb_jetson_ws/install/serial:${AMENT_PREFIX_PATH} CMAKE_PREFIX_PATH=/home/jetson/bbb_jetson_ws/install/serial:/opt/ros/foxy LD_LIBRARY_PATH=/home/jetson/bbb_jetson_ws/install/serial/lib:${LD_LIBRARY_PATH} /usr/bin/cmake --build /home/jetson/bbb_jetson_ws/build/diffdrive_arduino -- -j4 -l4
[1.849s] [ 42%] Built target fake_robot
[1.853s] [100%] Built target diffdrive_arduino
[1.886s] Invoked command in '/home/jetson/bbb_jetson_ws/build/diffdrive_arduino' returned '0': AMENT_PREFIX_PATH=/home/jetson/bbb_jetson_ws/install/serial:${AMENT_PREFIX_PATH} CMAKE_PREFIX_PATH=/home/jetson/bbb_jetson_ws/install/serial:/opt/ros/foxy LD_LIBRARY_PATH=/home/jetson/bbb_jetson_ws/install/serial/lib:${LD_LIBRARY_PATH} /usr/bin/cmake --build /home/jetson/bbb_jetson_ws/build/diffdrive_arduino -- -j4 -l4
[1.975s] Invoking command in '/home/jetson/bbb_jetson_ws/build/diffdrive_arduino': AMENT_PREFIX_PATH=/home/jetson/bbb_jetson_ws/install/serial:${AMENT_PREFIX_PATH} CMAKE_PREFIX_PATH=/home/jetson/bbb_jetson_ws/install/serial:/opt/ros/foxy LD_LIBRARY_PATH=/home/jetson/bbb_jetson_ws/install/serial/lib:${LD_LIBRARY_PATH} /usr/bin/cmake --install /home/jetson/bbb_jetson_ws/build/diffdrive_arduino
[2.006s] -- Install configuration: ""
[2.009s] -- Execute custom install script
[2.011s] -- Up-to-date symlink: /home/jetson/bbb_jetson_ws/install/diffdrive_arduino/share/diffdrive_arduino//robot_hardware.xml
[2.012s] -- Up-to-date symlink: /home/jetson/bbb_jetson_ws/install/diffdrive_arduino/share/diffdrive_arduino//fake_robot_hardware.xml
[2.014s] -- Up-to-date symlink: /home/jetson/bbb_jetson_ws/install/diffdrive_arduino/lib/libdiffdrive_arduino.so
[2.015s] -- Up-to-date symlink: /home/jetson/bbb_jetson_ws/install/diffdrive_arduino/lib/libfake_robot.so
[2.017s] -- Up-to-date symlink: /home/jetson/bbb_jetson_ws/install/diffdrive_arduino/share/diffdrive_arduino/controllers/robot_controller_example.yaml
[2.017s] -- Up-to-date symlink: /home/jetson/bbb_jetson_ws/install/diffdrive_arduino/share/diffdrive_arduino/fake_robot.launch.py
[2.020s] -- Up-to-date symlink: /home/jetson/bbb_jetson_ws/install/diffdrive_arduino/share/diffdrive_arduino/test_robot.launch.py
[2.021s] -- Up-to-date symlink: /home/jetson/bbb_jetson_ws/install/diffdrive_arduino/share/diffdrive_arduino/environment/library_path.sh
[2.021s] -- Up-to-date symlink: /home/jetson/bbb_jetson_ws/install/diffdrive_arduino/share/diffdrive_arduino/environment/library_path.dsv
[2.022s] -- Up-to-date symlink: /home/jetson/bbb_jetson_ws/install/diffdrive_arduino/share/ament_index/resource_index/package_run_dependencies/diffdrive_arduino
[2.022s] -- Up-to-date symlink: /home/jetson/bbb_jetson_ws/install/diffdrive_arduino/share/ament_index/resource_index/parent_prefix_path/diffdrive_arduino
[2.025s] -- Up-to-date symlink: /home/jetson/bbb_jetson_ws/install/diffdrive_arduino/share/diffdrive_arduino/environment/ament_prefix_path.sh
[2.025s] -- Up-to-date symlink: /home/jetson/bbb_jetson_ws/install/diffdrive_arduino/share/diffdrive_arduino/environment/ament_prefix_path.dsv
[2.026s] -- Up-to-date symlink: /home/jetson/bbb_jetson_ws/install/diffdrive_arduino/share/diffdrive_arduino/environment/path.sh
[2.026s] -- Up-to-date symlink: /home/jetson/bbb_jetson_ws/install/diffdrive_arduino/share/diffdrive_arduino/environment/path.dsv
[2.027s] -- Up-to-date symlink: /home/jetson/bbb_jetson_ws/install/diffdrive_arduino/share/diffdrive_arduino/local_setup.bash
[2.027s] -- Up-to-date symlink: /home/jetson/bbb_jetson_ws/install/diffdrive_arduino/share/diffdrive_arduino/local_setup.sh
[2.028s] -- Up-to-date symlink: /home/jetson/bbb_jetson_ws/install/diffdrive_arduino/share/diffdrive_arduino/local_setup.zsh
[2.028s] -- Up-to-date symlink: /home/jetson/bbb_jetson_ws/install/diffdrive_arduino/share/diffdrive_arduino/local_setup.dsv
[2.029s] -- Symlinking: /home/jetson/bbb_jetson_ws/install/diffdrive_arduino/share/diffdrive_arduino/package.dsv
[2.056s] -- Up-to-date symlink: /home/jetson/bbb_jetson_ws/install/diffdrive_arduino/share/ament_index/resource_index/packages/diffdrive_arduino
[2.058s] -- Up-to-date symlink: /home/jetson/bbb_jetson_ws/install/diffdrive_arduino/share/ament_index/resource_index/hardware_interface__pluginlib__plugin/diffdrive_arduino
[2.059s] -- Up-to-date symlink: /home/jetson/bbb_jetson_ws/install/diffdrive_arduino/share/diffdrive_arduino/cmake/ament_cmake_export_libraries-extras.cmake
[2.061s] -- Up-to-date symlink: /home/jetson/bbb_jetson_ws/install/diffdrive_arduino/share/diffdrive_arduino/cmake/ament_cmake_export_dependencies-extras.cmake
[2.062s] -- Up-to-date symlink: /home/jetson/bbb_jetson_ws/install/diffdrive_arduino/share/diffdrive_arduino/cmake/diffdrive_arduinoConfig.cmake
[2.063s] -- Up-to-date symlink: /home/jetson/bbb_jetson_ws/install/diffdrive_arduino/share/diffdrive_arduino/cmake/diffdrive_arduinoConfig-version.cmake
[2.065s] -- Up-to-date symlink: /home/jetson/bbb_jetson_ws/install/diffdrive_arduino/share/diffdrive_arduino/package.xml
[2.484s] Invoked command in '/home/jetson/bbb_jetson_ws/build/diffdrive_arduino' returned '0': AMENT_PREFIX_PATH=/home/jetson/bbb_jetson_ws/install/serial:${AMENT_PREFIX_PATH} CMAKE_PREFIX_PATH=/home/jetson/bbb_jetson_ws/install/serial:/opt/ros/foxy LD_LIBRARY_PATH=/home/jetson/bbb_jetson_ws/install/serial/lib:${LD_LIBRARY_PATH} /usr/bin/cmake --install /home/jetson/bbb_jetson_ws/build/diffdrive_arduino
