[1.744s] Invoking command in '/home/jetson/bbb_jetson_ws/build/serial': CMAKE_PREFIX_PATH=${CMAKE_PREFIX_PATH}:/home/jetson/bbb_jetson_ws/install/bbb:/opt/ros/foxy /usr/bin/cmake --build /home/jetson/bbb_jetson_ws/build/serial -- -j4 -l4
[1.949s] [ 14%] Built target gtest_main
[1.963s] [ 28%] Built target gtest
[1.985s] [ 57%] Built target serial
[2.067s] [ 78%] Built target serial-test
[2.068s] [ 85%] Built target serial_example
[2.082s] [100%] Built target serial-test-timer
[2.120s] Invoked command in '/home/jetson/bbb_jetson_ws/build/serial' returned '0': CMAKE_PREFIX_PATH=${CMAKE_PREFIX_PATH}:/home/jetson/bbb_jetson_ws/install/bbb:/opt/ros/foxy /usr/bin/cmake --build /home/jetson/bbb_jetson_ws/build/serial -- -j4 -l4
[3.098s] Invoking command in '/home/jetson/bbb_jetson_ws/build/serial': CMAKE_PREFIX_PATH=${CMAKE_PREFIX_PATH}:/home/jetson/bbb_jetson_ws/install/bbb:/opt/ros/foxy /usr/bin/cmake --install /home/jetson/bbb_jetson_ws/build/serial
[3.129s] -- Install configuration: ""
[3.131s] -- Execute custom install script
[3.135s] -- Up-to-date symlink: /home/jetson/bbb_jetson_ws/install/serial/lib/libserial.a
[3.137s] -- Up-to-date symlink: /home/jetson/bbb_jetson_ws/install/serial/include/serial/serial.h
[3.138s] -- Up-to-date symlink: /home/jetson/bbb_jetson_ws/install/serial/include/serial/v8stdint.h
[3.140s] -- Up-to-date symlink: /home/jetson/bbb_jetson_ws/install/serial/share/serial/environment/library_path.sh
[3.141s] -- Up-to-date symlink: /home/jetson/bbb_jetson_ws/install/serial/share/serial/environment/library_path.dsv
[3.143s] -- Up-to-date symlink: /home/jetson/bbb_jetson_ws/install/serial/share/ament_index/resource_index/package_run_dependencies/serial
[3.145s] -- Up-to-date symlink: /home/jetson/bbb_jetson_ws/install/serial/share/ament_index/resource_index/parent_prefix_path/serial
[3.147s] -- Up-to-date symlink: /home/jetson/bbb_jetson_ws/install/serial/share/serial/environment/ament_prefix_path.sh
[3.148s] -- Up-to-date symlink: /home/jetson/bbb_jetson_ws/install/serial/share/serial/environment/ament_prefix_path.dsv
[3.149s] -- Up-to-date symlink: /home/jetson/bbb_jetson_ws/install/serial/share/serial/environment/path.sh
[3.150s] -- Up-to-date symlink: /home/jetson/bbb_jetson_ws/install/serial/share/serial/environment/path.dsv
[3.152s] -- Up-to-date symlink: /home/jetson/bbb_jetson_ws/install/serial/share/serial/local_setup.bash
[3.153s] -- Up-to-date symlink: /home/jetson/bbb_jetson_ws/install/serial/share/serial/local_setup.sh
[3.155s] -- Up-to-date symlink: /home/jetson/bbb_jetson_ws/install/serial/share/serial/local_setup.zsh
[3.156s] -- Up-to-date symlink: /home/jetson/bbb_jetson_ws/install/serial/share/serial/local_setup.dsv
[3.157s] -- Symlinking: /home/jetson/bbb_jetson_ws/install/serial/share/serial/package.dsv
[3.187s] -- Up-to-date symlink: /home/jetson/bbb_jetson_ws/install/serial/share/ament_index/resource_index/packages/serial
[3.188s] -- Up-to-date symlink: /home/jetson/bbb_jetson_ws/install/serial/share/serial/cmake/ament_cmake_export_include_directories-extras.cmake
[3.189s] -- Up-to-date symlink: /home/jetson/bbb_jetson_ws/install/serial/share/serial/cmake/ament_cmake_export_libraries-extras.cmake
[3.190s] -- Up-to-date symlink: /home/jetson/bbb_jetson_ws/install/serial/share/serial/cmake/serialConfig.cmake
[3.191s] -- Up-to-date symlink: /home/jetson/bbb_jetson_ws/install/serial/share/serial/cmake/serialConfig-version.cmake
[3.192s] -- Up-to-date symlink: /home/jetson/bbb_jetson_ws/install/serial/share/serial/package.xml
[4.325s] Invoked command in '/home/jetson/bbb_jetson_ws/build/serial' returned '0': CMAKE_PREFIX_PATH=${CMAKE_PREFIX_PATH}:/home/jetson/bbb_jetson_ws/install/bbb:/opt/ros/foxy /usr/bin/cmake --install /home/jetson/bbb_jetson_ws/build/serial
