[35m[1mScanning dependencies of target read_IMU[0m
[ 33%] Built target read_pico
[ 66%] Built target read_host
[ 83%] [32mBuilding CXX object CMakeFiles/read_IMU.dir/src/read_IMU.cpp.o[0m
In file included from [01m[K/opt/ros/foxy/include/rclcpp/service.hpp:34[m[K,
                 from [01m[K/opt/ros/foxy/include/rclcpp/callback_group.hpp:25[m[K,
                 from [01m[K/opt/ros/foxy/include/rclcpp/any_executable.hpp:20[m[K,
                 from [01m[K/opt/ros/foxy/include/rclcpp/memory_strategy.hpp:24[m[K,
                 from [01m[K/opt/ros/foxy/include/rclcpp/memory_strategies.hpp:18[m[K,
                 from [01m[K/opt/ros/foxy/include/rclcpp/executor_options.hpp:20[m[K,
                 from [01m[K/opt/ros/foxy/include/rclcpp/executor.hpp:33[m[K,
                 from [01m[K/opt/ros/foxy/include/rclcpp/executors/multi_threaded_executor.hpp:26[m[K,
                 from [01m[K/opt/ros/foxy/include/rclcpp/executors.hpp:21[m[K,
                 from [01m[K/opt/ros/foxy/include/rclcpp/rclcpp.hpp:146[m[K,
                 from [01m[K/home/jetson/bbb_jetson_ws/src/bbb_package/src/read_IMU.cpp:5[m[K:
[01m[K/home/jetson/bbb_jetson_ws/src/bbb_package/src/read_IMU.cpp:[m[K In function ‘[01m[Kint main(int, char**)[m[K’:
[01m[K/home/jetson/bbb_jetson_ws/src/bbb_package/src/read_IMU.cpp:12:15:[m[K [01;31m[Kerror: [m[Kinvalid use of ‘[01m[Kthis[m[K’ in non-member function
   12 |   RCLCPP_INFO([01;31m[Kthis[m[K->get_logger(), "angular_z: %lf",6.33);
      |               [01;31m[K^~~~[m[K
[01m[K/home/jetson/bbb_jetson_ws/src/bbb_package/src/read_IMU.cpp:12:15:[m[K [01;31m[Kerror: [m[Kinvalid use of ‘[01m[Kthis[m[K’ in non-member function
[01m[K/home/jetson/bbb_jetson_ws/src/bbb_package/src/read_IMU.cpp:12:3:[m[K [01;31m[Kerror: [m[Ktemplate argument 1 is invalid
   12 |   [01;31m[KRCLCPP_INFO[m[K(this->get_logger(), "angular_z: %lf",6.33);
      |   [01;31m[K^~~~~~~~~~~[m[K
[01m[K/home/jetson/bbb_jetson_ws/src/bbb_package/src/read_IMU.cpp:12:3:[m[K [01;31m[Kerror: [m[Ktemplate argument 1 is invalid
   12 |   [01;31m[KRCLCPP_INFO[m[K(this->get_logger(), "angular_z: %lf",6.33);
      |   [01;31m[K^~~~~~~~~~~[m[K
[01m[K/home/jetson/bbb_jetson_ws/src/bbb_package/src/read_IMU.cpp:12:3:[m[K [01;31m[Kerror: [m[Ktemplate argument 1 is invalid
   12 |   [01;31m[KRCLCPP_INFO[m[K(this->get_logger(), "angular_z: %lf",6.33);
      |   [01;31m[K^~~~~~~~~~~[m[K
In file included from [01m[K/opt/ros/foxy/include/rclcpp/client.hpp:40[m[K,
                 from [01m[K/opt/ros/foxy/include/rclcpp/callback_group.hpp:23[m[K,
                 from [01m[K/opt/ros/foxy/include/rclcpp/any_executable.hpp:20[m[K,
                 from [01m[K/opt/ros/foxy/include/rclcpp/memory_strategy.hpp:24[m[K,
                 from [01m[K/opt/ros/foxy/include/rclcpp/memory_strategies.hpp:18[m[K,
                 from [01m[K/opt/ros/foxy/include/rclcpp/executor_options.hpp:20[m[K,
                 from [01m[K/opt/ros/foxy/include/rclcpp/executor.hpp:33[m[K,
                 from [01m[K/opt/ros/foxy/include/rclcpp/executors/multi_threaded_executor.hpp:26[m[K,
                 from [01m[K/opt/ros/foxy/include/rclcpp/executors.hpp:21[m[K,
                 from [01m[K/opt/ros/foxy/include/rclcpp/rclcpp.hpp:146[m[K,
                 from [01m[K/home/jetson/bbb_jetson_ws/src/bbb_package/src/read_IMU.cpp:5[m[K:
[01m[K/home/jetson/bbb_jetson_ws/src/bbb_package/src/read_IMU.cpp:12:15:[m[K [01;31m[Kerror: [m[Kinvalid use of ‘[01m[Kthis[m[K’ in non-member function
   12 |   RCLCPP_INFO([01;31m[Kthis[m[K->get_logger(), "angular_z: %lf",6.33);
      |               [01;31m[K^~~~[m[K
[01m[K/home/jetson/bbb_jetson_ws/src/bbb_package/src/read_IMU.cpp:12:15:[m[K [01;31m[Kerror: [m[Kinvalid use of ‘[01m[Kthis[m[K’ in non-member function
   12 |   RCLCPP_INFO([01;31m[Kthis[m[K->get_logger(), "angular_z: %lf",6.33);
      |               [01;31m[K^~~~[m[K
[01m[K/home/jetson/bbb_jetson_ws/src/bbb_package/src/read_IMU.cpp:11:14:[m[K [01;35m[Kwarning: [m[Kunused parameter ‘[01m[Kargc[m[K’ [[01;35m[K-Wunused-parameter[m[K]
   11 | int main([01;35m[Kint argc[m[K, char *argv[]) {
      |          [01;35m[K~~~~^~~~[m[K
[01m[K/home/jetson/bbb_jetson_ws/src/bbb_package/src/read_IMU.cpp:11:26:[m[K [01;35m[Kwarning: [m[Kunused parameter ‘[01m[Kargv[m[K’ [[01;35m[K-Wunused-parameter[m[K]
   11 | int main(int argc, [01;35m[Kchar *argv[][m[K) {
      |                    [01;35m[K~~~~~~^~~~~~[m[K
make[2]: *** [CMakeFiles/read_IMU.dir/build.make:63: CMakeFiles/read_IMU.dir/src/read_IMU.cpp.o] Error 1
make[1]: *** [CMakeFiles/Makefile2:136: CMakeFiles/read_IMU.dir/all] Error 2
make: *** [Makefile:141: all] Error 2
