[35m[1mScanning dependencies of target read_IMU[0m
[ 10%] Built target delta_angle_node
[ 20%] Built target pid_node
[ 25%] [32mBuilding CXX object CMakeFiles/read_IMU.dir/src/read_IMU.cpp.o[0m
[ 35%] Built target read_lidar
[35m[1mScanning dependencies of target fuzzy_longitudinal_controllers[0m
[ 45%] Built target tune_fuzzy_node
[ 55%] Built target tune_node
[ 65%] Built target straight_line_node
[ 70%] [32mBuilding CXX object CMakeFiles/fuzzy_longitudinal_controllers.dir/src/fuzzy_longitudinal_controllers.cpp.o[0m
[ 80%] Built target circumference_node
[ 90%] Built target sinusoidal_node
[01m[K/home/jetson/bbb_jetson_ws/src/bbb_package/src/read_IMU.cpp:[m[K In member function ‘[01m[Kvoid SerialNode::timer_callback()[m[K’:
[01m[K/home/jetson/bbb_jetson_ws/src/bbb_package/src/read_IMU.cpp:96:13:[m[K [01;31m[Kerror: [m[K‘[01m[Kcounter[m[K’ was not declared in this scope
   96 |             [01;31m[Kcounter[m[K ++;
      |             [01;31m[K^~~~~~~[m[K
[01m[K/home/jetson/bbb_jetson_ws/src/bbb_package/src/read_IMU.cpp:104:13:[m[K [01;31m[Kerror: [m[Kexpected primary-expression before ‘[01m[Kauto[m[K’
  104 |             [01;31m[Kauto[m[K message = std_msgs::msg::Float64MultiArray();
      |             [01;31m[K^~~~[m[K
[01m[K/home/jetson/bbb_jetson_ws/src/bbb_package/src/read_IMU.cpp:105:13:[m[K [01;31m[Kerror: [m[K‘[01m[Kmessage[m[K’ was not declared in this scope
  105 |             [01;31m[Kmessage[m[K.data.resize(1);
      |             [01;31m[K^~~~~~~[m[K
[01m[K/home/jetson/bbb_jetson_ws/src/bbb_package/src/read_IMU.cpp:[m[K In function ‘[01m[Kint main(int, char**)[m[K’:
[01m[K/home/jetson/bbb_jetson_ws/src/bbb_package/src/read_IMU.cpp:116:9:[m[K [01;35m[Kwarning: [m[Kunused variable ‘[01m[Kcounter[m[K’ [[01;35m[K-Wunused-variable[m[K]
  116 |     int [01;35m[Kcounter[m[K = 0;
      |         [01;35m[K^~~~~~~[m[K
make[2]: *** [CMakeFiles/read_IMU.dir/build.make:63: CMakeFiles/read_IMU.dir/src/read_IMU.cpp.o] Error 1
make[1]: *** [CMakeFiles/Makefile2:96: CMakeFiles/read_IMU.dir/all] Error 2
make[1]: *** Waiting for unfinished jobs....
[ 95%] [32m[1mLinking CXX executable fuzzy_longitudinal_controllers[0m
[ 95%] Built target fuzzy_longitudinal_controllers
make: *** [Makefile:141: all] Error 2
