[8.116s] DEBUG:colcon:Command line arguments: ['/usr/bin/colcon', 'build']
[8.116s] DEBUG:colcon:Parsed command line arguments: Namespace(allow_overriding=[], ament_cmake_args=None, base_paths=['.'], build_base='build', catkin_cmake_args=None, catkin_skip_building_tests=False, cmake_args=None, cmake_clean_cache=False, cmake_clean_first=False, cmake_force_configure=False, cmake_target=None, cmake_target_skip_unavailable=False, continue_on_error=False, event_handlers=None, executor='parallel', ignore_user_meta=False, install_base='install', log_base=None, log_level=None, main=<bound method BuildVerb.main of <colcon_core.verb.build.BuildVerb object at 0x7fa31b6880>>, merge_install=False, metas=['./colcon.meta'], packages_above=None, packages_above_and_dependencies=None, packages_above_depth=None, packages_end=None, packages_ignore=None, packages_ignore_regex=None, packages_select=None, packages_select_build_failed=False, packages_select_by_dep=None, packages_select_regex=None, packages_select_test_failures=False, packages_skip=None, packages_skip_build_finished=False, packages_skip_by_dep=None, packages_skip_regex=None, packages_skip_test_passed=False, packages_skip_up_to=None, packages_start=None, packages_up_to=None, packages_up_to_regex=None, parallel_workers=4, paths=None, symlink_install=False, test_result_base=None, verb_extension=<colcon_core.verb.build.BuildVerb object at 0x7fa31b6880>, verb_name='build', verb_parser=<colcon_defaults.argument_parser.defaults.DefaultArgumentsDecorator object at 0x7fa2de7700>)
[8.516s] Level 1:colcon.colcon_core.package_discovery:discover_packages(colcon_meta) check parameters
[8.516s] Level 1:colcon.colcon_core.package_discovery:discover_packages(recursive) check parameters
[8.526s] Level 1:colcon.colcon_core.package_discovery:discover_packages(ignore) check parameters
[8.526s] Level 1:colcon.colcon_core.package_discovery:discover_packages(path) check parameters
[8.526s] Level 1:colcon.colcon_core.package_discovery:discover_packages(colcon_meta) discover
[8.526s] Level 1:colcon.colcon_core.package_discovery:discover_packages(recursive) discover
[8.526s] INFO:colcon.colcon_core.package_discovery:Crawling recursively for packages in '/home/jetson/bbb_jetson_ws'
[8.528s] Level 1:colcon.colcon_core.package_identification:_identify(.) by extensions ['ignore', 'ignore_ament_install']
[8.528s] Level 1:colcon.colcon_core.package_identification:_identify(.) by extension 'ignore'
[8.528s] Level 1:colcon.colcon_core.package_identification:_identify(.) by extension 'ignore_ament_install'
[8.528s] Level 1:colcon.colcon_core.package_identification:_identify(.) by extensions ['colcon_pkg']
[8.528s] Level 1:colcon.colcon_core.package_identification:_identify(.) by extension 'colcon_pkg'
[8.529s] Level 1:colcon.colcon_core.package_identification:_identify(.) by extensions ['colcon_meta']
[8.529s] Level 1:colcon.colcon_core.package_identification:_identify(.) by extension 'colcon_meta'
[8.529s] Level 1:colcon.colcon_core.package_identification:_identify(.) by extensions ['ros']
[8.529s] Level 1:colcon.colcon_core.package_identification:_identify(.) by extension 'ros'
[8.578s] Level 1:colcon.colcon_core.package_identification:_identify(.) by extensions ['cmake', 'python']
[8.579s] Level 1:colcon.colcon_core.package_identification:_identify(.) by extension 'cmake'
[8.579s] Level 1:colcon.colcon_core.package_identification:_identify(.) by extension 'python'
[8.579s] Level 1:colcon.colcon_core.package_identification:_identify(.) by extensions ['python_setup_py']
[8.579s] Level 1:colcon.colcon_core.package_identification:_identify(.) by extension 'python_setup_py'
[8.580s] Level 1:colcon.colcon_core.package_identification:_identify(build) by extensions ['ignore', 'ignore_ament_install']
[8.580s] Level 1:colcon.colcon_core.package_identification:_identify(build) by extension 'ignore'
[8.580s] Level 1:colcon.colcon_core.package_identification:_identify(build) ignored
[8.581s] Level 1:colcon.colcon_core.package_identification:_identify(install) by extensions ['ignore', 'ignore_ament_install']
[8.581s] Level 1:colcon.colcon_core.package_identification:_identify(install) by extension 'ignore'
[8.581s] Level 1:colcon.colcon_core.package_identification:_identify(install) ignored
[8.581s] Level 1:colcon.colcon_core.package_identification:_identify(log) by extensions ['ignore', 'ignore_ament_install']
[8.582s] Level 1:colcon.colcon_core.package_identification:_identify(log) by extension 'ignore'
[8.582s] Level 1:colcon.colcon_core.package_identification:_identify(log) ignored
[8.582s] Level 1:colcon.colcon_core.package_identification:_identify(src) by extensions ['ignore', 'ignore_ament_install']
[8.582s] Level 1:colcon.colcon_core.package_identification:_identify(src) by extension 'ignore'
[8.582s] Level 1:colcon.colcon_core.package_identification:_identify(src) by extension 'ignore_ament_install'
[8.583s] Level 1:colcon.colcon_core.package_identification:_identify(src) by extensions ['colcon_pkg']
[8.583s] Level 1:colcon.colcon_core.package_identification:_identify(src) by extension 'colcon_pkg'
[8.583s] Level 1:colcon.colcon_core.package_identification:_identify(src) by extensions ['colcon_meta']
[8.583s] Level 1:colcon.colcon_core.package_identification:_identify(src) by extension 'colcon_meta'
[8.583s] Level 1:colcon.colcon_core.package_identification:_identify(src) by extensions ['ros']
[8.583s] Level 1:colcon.colcon_core.package_identification:_identify(src) by extension 'ros'
[8.584s] Level 1:colcon.colcon_core.package_identification:_identify(src) by extensions ['cmake', 'python']
[8.584s] Level 1:colcon.colcon_core.package_identification:_identify(src) by extension 'cmake'
[8.584s] Level 1:colcon.colcon_core.package_identification:_identify(src) by extension 'python'
[8.584s] Level 1:colcon.colcon_core.package_identification:_identify(src) by extensions ['python_setup_py']
[8.584s] Level 1:colcon.colcon_core.package_identification:_identify(src) by extension 'python_setup_py'
[8.584s] Level 1:colcon.colcon_core.package_identification:_identify(src/bbb_package) by extensions ['ignore', 'ignore_ament_install']
[8.585s] Level 1:colcon.colcon_core.package_identification:_identify(src/bbb_package) by extension 'ignore'
[8.585s] Level 1:colcon.colcon_core.package_identification:_identify(src/bbb_package) by extension 'ignore_ament_install'
[8.585s] Level 1:colcon.colcon_core.package_identification:_identify(src/bbb_package) by extensions ['colcon_pkg']
[8.585s] Level 1:colcon.colcon_core.package_identification:_identify(src/bbb_package) by extension 'colcon_pkg'
[8.585s] Level 1:colcon.colcon_core.package_identification:_identify(src/bbb_package) by extensions ['colcon_meta']
[8.585s] Level 1:colcon.colcon_core.package_identification:_identify(src/bbb_package) by extension 'colcon_meta'
[8.586s] Level 1:colcon.colcon_core.package_identification:_identify(src/bbb_package) by extensions ['ros']
[8.586s] Level 1:colcon.colcon_core.package_identification:_identify(src/bbb_package) by extension 'ros'
[8.596s] DEBUG:colcon.colcon_core.package_identification:Package 'src/bbb_package' with type 'ros.ament_cmake' and name 'bbb_package'
[8.596s] Level 1:colcon.colcon_core.package_identification:_identify(src/bbb_robot) by extensions ['ignore', 'ignore_ament_install']
[8.597s] Level 1:colcon.colcon_core.package_identification:_identify(src/bbb_robot) by extension 'ignore'
[8.597s] Level 1:colcon.colcon_core.package_identification:_identify(src/bbb_robot) by extension 'ignore_ament_install'
[8.597s] Level 1:colcon.colcon_core.package_identification:_identify(src/bbb_robot) by extensions ['colcon_pkg']
[8.597s] Level 1:colcon.colcon_core.package_identification:_identify(src/bbb_robot) by extension 'colcon_pkg'
[8.598s] Level 1:colcon.colcon_core.package_identification:_identify(src/bbb_robot) by extensions ['colcon_meta']
[8.598s] Level 1:colcon.colcon_core.package_identification:_identify(src/bbb_robot) by extension 'colcon_meta'
[8.598s] Level 1:colcon.colcon_core.package_identification:_identify(src/bbb_robot) by extensions ['ros']
[8.598s] Level 1:colcon.colcon_core.package_identification:_identify(src/bbb_robot) by extension 'ros'
[8.600s] DEBUG:colcon.colcon_core.package_identification:Package 'src/bbb_robot' with type 'ros.ament_cmake' and name 'bbb_robot'
[8.601s] Level 1:colcon.colcon_core.package_identification:_identify(src/csm) by extensions ['ignore', 'ignore_ament_install']
[8.601s] Level 1:colcon.colcon_core.package_identification:_identify(src/csm) by extension 'ignore'
[8.601s] Level 1:colcon.colcon_core.package_identification:_identify(src/csm) by extension 'ignore_ament_install'
[8.601s] Level 1:colcon.colcon_core.package_identification:_identify(src/csm) by extensions ['colcon_pkg']
[8.602s] Level 1:colcon.colcon_core.package_identification:_identify(src/csm) by extension 'colcon_pkg'
[8.602s] Level 1:colcon.colcon_core.package_identification:_identify(src/csm) by extensions ['colcon_meta']
[8.602s] Level 1:colcon.colcon_core.package_identification:_identify(src/csm) by extension 'colcon_meta'
[8.602s] Level 1:colcon.colcon_core.package_identification:_identify(src/csm) by extensions ['ros']
[8.602s] Level 1:colcon.colcon_core.package_identification:_identify(src/csm) by extension 'ros'
[8.605s] DEBUG:colcon.colcon_core.package_identification:Package 'src/csm' with type 'ros.ament_cmake' and name 'csm'
[8.605s] Level 1:colcon.colcon_core.package_identification:_identify(src/diffdrive_arduino) by extensions ['ignore', 'ignore_ament_install']
[8.605s] Level 1:colcon.colcon_core.package_identification:_identify(src/diffdrive_arduino) by extension 'ignore'
[8.606s] Level 1:colcon.colcon_core.package_identification:_identify(src/diffdrive_arduino) by extension 'ignore_ament_install'
[8.606s] Level 1:colcon.colcon_core.package_identification:_identify(src/diffdrive_arduino) by extensions ['colcon_pkg']
[8.606s] Level 1:colcon.colcon_core.package_identification:_identify(src/diffdrive_arduino) by extension 'colcon_pkg'
[8.606s] Level 1:colcon.colcon_core.package_identification:_identify(src/diffdrive_arduino) by extensions ['colcon_meta']
[8.606s] Level 1:colcon.colcon_core.package_identification:_identify(src/diffdrive_arduino) by extension 'colcon_meta'
[8.606s] Level 1:colcon.colcon_core.package_identification:_identify(src/diffdrive_arduino) by extensions ['ros']
[8.606s] Level 1:colcon.colcon_core.package_identification:_identify(src/diffdrive_arduino) by extension 'ros'
[8.610s] DEBUG:colcon.colcon_core.package_identification:Package 'src/diffdrive_arduino' with type 'ros.ament_cmake' and name 'diffdrive_arduino'
[8.610s] Level 1:colcon.colcon_core.package_identification:_identify(src/ros2_laser_scan_matcher) by extensions ['ignore', 'ignore_ament_install']
[8.610s] Level 1:colcon.colcon_core.package_identification:_identify(src/ros2_laser_scan_matcher) by extension 'ignore'
[8.611s] Level 1:colcon.colcon_core.package_identification:_identify(src/ros2_laser_scan_matcher) by extension 'ignore_ament_install'
[8.611s] Level 1:colcon.colcon_core.package_identification:_identify(src/ros2_laser_scan_matcher) by extensions ['colcon_pkg']
[8.611s] Level 1:colcon.colcon_core.package_identification:_identify(src/ros2_laser_scan_matcher) by extension 'colcon_pkg'
[8.611s] Level 1:colcon.colcon_core.package_identification:_identify(src/ros2_laser_scan_matcher) by extensions ['colcon_meta']
[8.611s] Level 1:colcon.colcon_core.package_identification:_identify(src/ros2_laser_scan_matcher) by extension 'colcon_meta'
[8.611s] Level 1:colcon.colcon_core.package_identification:_identify(src/ros2_laser_scan_matcher) by extensions ['ros']
[8.612s] Level 1:colcon.colcon_core.package_identification:_identify(src/ros2_laser_scan_matcher) by extension 'ros'
[8.614s] DEBUG:colcon.colcon_core.package_identification:Package 'src/ros2_laser_scan_matcher' with type 'ros.ament_cmake' and name 'ros2_laser_scan_matcher'
[8.615s] Level 1:colcon.colcon_core.package_identification:_identify(src/serial) by extensions ['ignore', 'ignore_ament_install']
[8.615s] Level 1:colcon.colcon_core.package_identification:_identify(src/serial) by extension 'ignore'
[8.615s] Level 1:colcon.colcon_core.package_identification:_identify(src/serial) by extension 'ignore_ament_install'
[8.616s] Level 1:colcon.colcon_core.package_identification:_identify(src/serial) by extensions ['colcon_pkg']
[8.616s] Level 1:colcon.colcon_core.package_identification:_identify(src/serial) by extension 'colcon_pkg'
[8.616s] Level 1:colcon.colcon_core.package_identification:_identify(src/serial) by extensions ['colcon_meta']
[8.616s] Level 1:colcon.colcon_core.package_identification:_identify(src/serial) by extension 'colcon_meta'
[8.616s] Level 1:colcon.colcon_core.package_identification:_identify(src/serial) by extensions ['ros']
[8.616s] Level 1:colcon.colcon_core.package_identification:_identify(src/serial) by extension 'ros'
[8.619s] DEBUG:colcon.colcon_core.package_identification:Package 'src/serial' with type 'ros.ament_cmake' and name 'serial'
[8.619s] Level 1:colcon.colcon_core.package_discovery:discover_packages(recursive) using defaults
[8.620s] Level 1:colcon.colcon_core.package_discovery:discover_packages(ignore) discover
[8.620s] Level 1:colcon.colcon_core.package_discovery:discover_packages(ignore) using defaults
[8.620s] Level 1:colcon.colcon_core.package_discovery:discover_packages(path) discover
[8.620s] Level 1:colcon.colcon_core.package_discovery:discover_packages(path) using defaults
[9.367s] Level 1:colcon.colcon_core.package_discovery:discover_packages(prefix_path) check parameters
[9.367s] Level 1:colcon.colcon_core.package_discovery:discover_packages(prefix_path) discover
[9.640s] DEBUG:colcon.colcon_installed_package_information.package_discovery:Found 287 installed packages in /opt/ros/foxy
[9.647s] Level 1:colcon.colcon_core.package_discovery:discover_packages(prefix_path) using defaults
[10.212s] Level 5:colcon.colcon_core.verb:set package 'bbb_package' build argument 'cmake_args' from command line to 'None'
[10.213s] Level 5:colcon.colcon_core.verb:set package 'bbb_package' build argument 'cmake_target' from command line to 'None'
[10.213s] Level 5:colcon.colcon_core.verb:set package 'bbb_package' build argument 'cmake_target_skip_unavailable' from command line to 'False'
[10.213s] Level 5:colcon.colcon_core.verb:set package 'bbb_package' build argument 'cmake_clean_cache' from command line to 'False'
[10.213s] Level 5:colcon.colcon_core.verb:set package 'bbb_package' build argument 'cmake_clean_first' from command line to 'False'
[10.213s] Level 5:colcon.colcon_core.verb:set package 'bbb_package' build argument 'cmake_force_configure' from command line to 'False'
[10.213s] Level 5:colcon.colcon_core.verb:set package 'bbb_package' build argument 'ament_cmake_args' from command line to 'None'
[10.213s] Level 5:colcon.colcon_core.verb:set package 'bbb_package' build argument 'catkin_cmake_args' from command line to 'None'
[10.213s] Level 5:colcon.colcon_core.verb:set package 'bbb_package' build argument 'catkin_skip_building_tests' from command line to 'False'
[10.214s] DEBUG:colcon.colcon_core.verb:Building package 'bbb_package' with the following arguments: {'ament_cmake_args': None, 'build_base': '/home/jetson/bbb_jetson_ws/build/bbb_package', 'catkin_cmake_args': None, 'catkin_skip_building_tests': False, 'cmake_args': None, 'cmake_clean_cache': False, 'cmake_clean_first': False, 'cmake_force_configure': False, 'cmake_target': None, 'cmake_target_skip_unavailable': False, 'install_base': '/home/jetson/bbb_jetson_ws/install/bbb_package', 'merge_install': False, 'path': '/home/jetson/bbb_jetson_ws/src/bbb_package', 'symlink_install': False, 'test_result_base': None}
[10.344s] Level 5:colcon.colcon_core.verb:set package 'bbb_robot' build argument 'cmake_args' from command line to 'None'
[10.345s] Level 5:colcon.colcon_core.verb:set package 'bbb_robot' build argument 'cmake_target' from command line to 'None'
[10.345s] Level 5:colcon.colcon_core.verb:set package 'bbb_robot' build argument 'cmake_target_skip_unavailable' from command line to 'False'
[10.345s] Level 5:colcon.colcon_core.verb:set package 'bbb_robot' build argument 'cmake_clean_cache' from command line to 'False'
[10.345s] Level 5:colcon.colcon_core.verb:set package 'bbb_robot' build argument 'cmake_clean_first' from command line to 'False'
[10.345s] Level 5:colcon.colcon_core.verb:set package 'bbb_robot' build argument 'cmake_force_configure' from command line to 'False'
[10.345s] Level 5:colcon.colcon_core.verb:set package 'bbb_robot' build argument 'ament_cmake_args' from command line to 'None'
[10.345s] Level 5:colcon.colcon_core.verb:set package 'bbb_robot' build argument 'catkin_cmake_args' from command line to 'None'
[10.345s] Level 5:colcon.colcon_core.verb:set package 'bbb_robot' build argument 'catkin_skip_building_tests' from command line to 'False'
[10.346s] DEBUG:colcon.colcon_core.verb:Building package 'bbb_robot' with the following arguments: {'ament_cmake_args': None, 'build_base': '/home/jetson/bbb_jetson_ws/build/bbb_robot', 'catkin_cmake_args': None, 'catkin_skip_building_tests': False, 'cmake_args': None, 'cmake_clean_cache': False, 'cmake_clean_first': False, 'cmake_force_configure': False, 'cmake_target': None, 'cmake_target_skip_unavailable': False, 'install_base': '/home/jetson/bbb_jetson_ws/install/bbb_robot', 'merge_install': False, 'path': '/home/jetson/bbb_jetson_ws/src/bbb_robot', 'symlink_install': False, 'test_result_base': None}
[10.474s] Level 5:colcon.colcon_core.verb:set package 'csm' build argument 'cmake_args' from command line to 'None'
[10.474s] Level 5:colcon.colcon_core.verb:set package 'csm' build argument 'cmake_target' from command line to 'None'
[10.474s] Level 5:colcon.colcon_core.verb:set package 'csm' build argument 'cmake_target_skip_unavailable' from command line to 'False'
[10.474s] Level 5:colcon.colcon_core.verb:set package 'csm' build argument 'cmake_clean_cache' from command line to 'False'
[10.474s] Level 5:colcon.colcon_core.verb:set package 'csm' build argument 'cmake_clean_first' from command line to 'False'
[10.474s] Level 5:colcon.colcon_core.verb:set package 'csm' build argument 'cmake_force_configure' from command line to 'False'
[10.474s] Level 5:colcon.colcon_core.verb:set package 'csm' build argument 'ament_cmake_args' from command line to 'None'
[10.475s] Level 5:colcon.colcon_core.verb:set package 'csm' build argument 'catkin_cmake_args' from command line to 'None'
[10.475s] Level 5:colcon.colcon_core.verb:set package 'csm' build argument 'catkin_skip_building_tests' from command line to 'False'
[10.475s] DEBUG:colcon.colcon_core.verb:Building package 'csm' with the following arguments: {'ament_cmake_args': None, 'build_base': '/home/jetson/bbb_jetson_ws/build/csm', 'catkin_cmake_args': None, 'catkin_skip_building_tests': False, 'cmake_args': None, 'cmake_clean_cache': False, 'cmake_clean_first': False, 'cmake_force_configure': False, 'cmake_target': None, 'cmake_target_skip_unavailable': False, 'install_base': '/home/jetson/bbb_jetson_ws/install/csm', 'merge_install': False, 'path': '/home/jetson/bbb_jetson_ws/src/csm', 'symlink_install': False, 'test_result_base': None}
[10.608s] Level 5:colcon.colcon_core.verb:set package 'serial' build argument 'cmake_args' from command line to 'None'
[10.608s] Level 5:colcon.colcon_core.verb:set package 'serial' build argument 'cmake_target' from command line to 'None'
[10.608s] Level 5:colcon.colcon_core.verb:set package 'serial' build argument 'cmake_target_skip_unavailable' from command line to 'False'
[10.608s] Level 5:colcon.colcon_core.verb:set package 'serial' build argument 'cmake_clean_cache' from command line to 'False'
[10.608s] Level 5:colcon.colcon_core.verb:set package 'serial' build argument 'cmake_clean_first' from command line to 'False'
[10.608s] Level 5:colcon.colcon_core.verb:set package 'serial' build argument 'cmake_force_configure' from command line to 'False'
[10.608s] Level 5:colcon.colcon_core.verb:set package 'serial' build argument 'ament_cmake_args' from command line to 'None'
[10.608s] Level 5:colcon.colcon_core.verb:set package 'serial' build argument 'catkin_cmake_args' from command line to 'None'
[10.609s] Level 5:colcon.colcon_core.verb:set package 'serial' build argument 'catkin_skip_building_tests' from command line to 'False'
[10.609s] DEBUG:colcon.colcon_core.verb:Building package 'serial' with the following arguments: {'ament_cmake_args': None, 'build_base': '/home/jetson/bbb_jetson_ws/build/serial', 'catkin_cmake_args': None, 'catkin_skip_building_tests': False, 'cmake_args': None, 'cmake_clean_cache': False, 'cmake_clean_first': False, 'cmake_force_configure': False, 'cmake_target': None, 'cmake_target_skip_unavailable': False, 'install_base': '/home/jetson/bbb_jetson_ws/install/serial', 'merge_install': False, 'path': '/home/jetson/bbb_jetson_ws/src/serial', 'symlink_install': False, 'test_result_base': None}
[10.776s] Level 5:colcon.colcon_core.verb:set package 'diffdrive_arduino' build argument 'cmake_args' from command line to 'None'
[10.776s] Level 5:colcon.colcon_core.verb:set package 'diffdrive_arduino' build argument 'cmake_target' from command line to 'None'
[10.776s] Level 5:colcon.colcon_core.verb:set package 'diffdrive_arduino' build argument 'cmake_target_skip_unavailable' from command line to 'False'
[10.776s] Level 5:colcon.colcon_core.verb:set package 'diffdrive_arduino' build argument 'cmake_clean_cache' from command line to 'False'
[10.776s] Level 5:colcon.colcon_core.verb:set package 'diffdrive_arduino' build argument 'cmake_clean_first' from command line to 'False'
[10.777s] Level 5:colcon.colcon_core.verb:set package 'diffdrive_arduino' build argument 'cmake_force_configure' from command line to 'False'
[10.777s] Level 5:colcon.colcon_core.verb:set package 'diffdrive_arduino' build argument 'ament_cmake_args' from command line to 'None'
[10.777s] Level 5:colcon.colcon_core.verb:set package 'diffdrive_arduino' build argument 'catkin_cmake_args' from command line to 'None'
[10.777s] Level 5:colcon.colcon_core.verb:set package 'diffdrive_arduino' build argument 'catkin_skip_building_tests' from command line to 'False'
[10.777s] DEBUG:colcon.colcon_core.verb:Building package 'diffdrive_arduino' with the following arguments: {'ament_cmake_args': None, 'build_base': '/home/jetson/bbb_jetson_ws/build/diffdrive_arduino', 'catkin_cmake_args': None, 'catkin_skip_building_tests': False, 'cmake_args': None, 'cmake_clean_cache': False, 'cmake_clean_first': False, 'cmake_force_configure': False, 'cmake_target': None, 'cmake_target_skip_unavailable': False, 'install_base': '/home/jetson/bbb_jetson_ws/install/diffdrive_arduino', 'merge_install': False, 'path': '/home/jetson/bbb_jetson_ws/src/diffdrive_arduino', 'symlink_install': False, 'test_result_base': None}
[10.903s] Level 5:colcon.colcon_core.verb:set package 'ros2_laser_scan_matcher' build argument 'cmake_args' from command line to 'None'
[10.903s] Level 5:colcon.colcon_core.verb:set package 'ros2_laser_scan_matcher' build argument 'cmake_target' from command line to 'None'
[10.903s] Level 5:colcon.colcon_core.verb:set package 'ros2_laser_scan_matcher' build argument 'cmake_target_skip_unavailable' from command line to 'False'
[10.903s] Level 5:colcon.colcon_core.verb:set package 'ros2_laser_scan_matcher' build argument 'cmake_clean_cache' from command line to 'False'
[10.903s] Level 5:colcon.colcon_core.verb:set package 'ros2_laser_scan_matcher' build argument 'cmake_clean_first' from command line to 'False'
[10.903s] Level 5:colcon.colcon_core.verb:set package 'ros2_laser_scan_matcher' build argument 'cmake_force_configure' from command line to 'False'
[10.904s] Level 5:colcon.colcon_core.verb:set package 'ros2_laser_scan_matcher' build argument 'ament_cmake_args' from command line to 'None'
[10.904s] Level 5:colcon.colcon_core.verb:set package 'ros2_laser_scan_matcher' build argument 'catkin_cmake_args' from command line to 'None'
[10.904s] Level 5:colcon.colcon_core.verb:set package 'ros2_laser_scan_matcher' build argument 'catkin_skip_building_tests' from command line to 'False'
[10.904s] DEBUG:colcon.colcon_core.verb:Building package 'ros2_laser_scan_matcher' with the following arguments: {'ament_cmake_args': None, 'build_base': '/home/jetson/bbb_jetson_ws/build/ros2_laser_scan_matcher', 'catkin_cmake_args': None, 'catkin_skip_building_tests': False, 'cmake_args': None, 'cmake_clean_cache': False, 'cmake_clean_first': False, 'cmake_force_configure': False, 'cmake_target': None, 'cmake_target_skip_unavailable': False, 'install_base': '/home/jetson/bbb_jetson_ws/install/ros2_laser_scan_matcher', 'merge_install': False, 'path': '/home/jetson/bbb_jetson_ws/src/ros2_laser_scan_matcher', 'symlink_install': False, 'test_result_base': None}
[11.031s] INFO:colcon.colcon_core.executor:Executing jobs using 'parallel' executor
[11.161s] DEBUG:colcon.colcon_parallel_executor.executor.parallel:run_until_complete
[11.162s] INFO:colcon.colcon_ros.task.ament_cmake.build:Building ROS package in '/home/jetson/bbb_jetson_ws/src/csm' with build type 'ament_cmake'
[11.162s] INFO:colcon.colcon_cmake.task.cmake.build:Building CMake package in '/home/jetson/bbb_jetson_ws/src/csm'
[11.311s] INFO:colcon.colcon_core.plugin_system:Skipping extension 'colcon_core.shell.bat': Not used on non-Windows systems
[11.312s] INFO:colcon.colcon_core.shell:Skip shell extension 'powershell' for command environment: Not usable outside of PowerShell
[11.312s] DEBUG:colcon.colcon_core.shell:Skip shell extension 'dsv' for command environment
[11.598s] INFO:colcon.colcon_ros.task.ament_cmake.build:Building ROS package in '/home/jetson/bbb_jetson_ws/src/serial' with build type 'ament_cmake'
[11.598s] INFO:colcon.colcon_cmake.task.cmake.build:Building CMake package in '/home/jetson/bbb_jetson_ws/src/serial'
[11.737s] INFO:colcon.colcon_core.shell:Skip shell extension 'powershell' for command environment: Not usable outside of PowerShell
[11.737s] DEBUG:colcon.colcon_core.shell:Skip shell extension 'dsv' for command environment
[12.020s] INFO:colcon.colcon_ros.task.ament_cmake.build:Building ROS package in '/home/jetson/bbb_jetson_ws/src/bbb_package' with build type 'ament_cmake'
[12.020s] INFO:colcon.colcon_cmake.task.cmake.build:Building CMake package in '/home/jetson/bbb_jetson_ws/src/bbb_package'
[12.162s] INFO:colcon.colcon_core.shell:Skip shell extension 'powershell' for command environment: Not usable outside of PowerShell
[12.162s] DEBUG:colcon.colcon_core.shell:Skip shell extension 'dsv' for command environment
[12.458s] INFO:colcon.colcon_ros.task.ament_cmake.build:Building ROS package in '/home/jetson/bbb_jetson_ws/src/bbb_robot' with build type 'ament_cmake'
[12.459s] INFO:colcon.colcon_cmake.task.cmake.build:Building CMake package in '/home/jetson/bbb_jetson_ws/src/bbb_robot'
[12.603s] INFO:colcon.colcon_core.shell:Skip shell extension 'powershell' for command environment: Not usable outside of PowerShell
[12.603s] DEBUG:colcon.colcon_core.shell:Skip shell extension 'dsv' for command environment
[12.910s] DEBUG:colcon.colcon_core.event_handler.log_command:Invoking command in '/home/jetson/bbb_jetson_ws/build/csm': CMAKE_PREFIX_PATH=/opt/ros/foxy /usr/bin/cmake --build /home/jetson/bbb_jetson_ws/build/csm -- -j4 -l4
[12.976s] DEBUG:colcon.colcon_core.event_handler.log_command:Invoking command in '/home/jetson/bbb_jetson_ws/build/serial': CMAKE_PREFIX_PATH=/opt/ros/foxy /usr/bin/cmake --build /home/jetson/bbb_jetson_ws/build/serial -- -j4 -l4
[12.994s] DEBUG:colcon.colcon_core.event_handler.log_command:Invoking command in '/home/jetson/bbb_jetson_ws/build/bbb_package': CMAKE_PREFIX_PATH=/opt/ros/foxy /usr/bin/cmake --build /home/jetson/bbb_jetson_ws/build/bbb_package -- -j4 -l4
[13.039s] DEBUG:colcon.colcon_core.event_handler.log_command:Invoking command in '/home/jetson/bbb_jetson_ws/build/bbb_robot': CMAKE_PREFIX_PATH=/opt/ros/foxy /usr/bin/cmake --build /home/jetson/bbb_jetson_ws/build/bbb_robot -- -j4 -l4
[13.196s] DEBUG:colcon.colcon_core.event_handler.log_command:Invoked command in '/home/jetson/bbb_jetson_ws/build/bbb_package' returned '0': CMAKE_PREFIX_PATH=/opt/ros/foxy /usr/bin/cmake --build /home/jetson/bbb_jetson_ws/build/bbb_package -- -j4 -l4
[13.213s] DEBUG:colcon.colcon_core.event_handler.log_command:Invoked command in '/home/jetson/bbb_jetson_ws/build/bbb_robot' returned '0': CMAKE_PREFIX_PATH=/opt/ros/foxy /usr/bin/cmake --build /home/jetson/bbb_jetson_ws/build/bbb_robot -- -j4 -l4
[13.360s] DEBUG:colcon.colcon_core.event_handler.log_command:Invoking command in '/home/jetson/bbb_jetson_ws/build/bbb_robot': CMAKE_PREFIX_PATH=/opt/ros/foxy /usr/bin/cmake --install /home/jetson/bbb_jetson_ws/build/bbb_robot
[13.392s] DEBUG:colcon.colcon_core.event_handler.log_command:Invoking command in '/home/jetson/bbb_jetson_ws/build/bbb_package': CMAKE_PREFIX_PATH=/opt/ros/foxy /usr/bin/cmake --install /home/jetson/bbb_jetson_ws/build/bbb_package
[13.447s] DEBUG:colcon.colcon_core.event_handler.log_command:Invoked command in '/home/jetson/bbb_jetson_ws/build/serial' returned '0': CMAKE_PREFIX_PATH=/opt/ros/foxy /usr/bin/cmake --build /home/jetson/bbb_jetson_ws/build/serial -- -j4 -l4
[13.471s] DEBUG:colcon.colcon_core.event_handler.log_command:Invoked command in '/home/jetson/bbb_jetson_ws/build/csm' returned '0': CMAKE_PREFIX_PATH=/opt/ros/foxy /usr/bin/cmake --build /home/jetson/bbb_jetson_ws/build/csm -- -j4 -l4
[13.496s] Level 1:colcon.colcon_core.environment:create_environment_scripts_only(bbb_robot)
[13.498s] DEBUG:colcon.colcon_core.event_handler.log_command:Invoked command in '/home/jetson/bbb_jetson_ws/build/bbb_robot' returned '0': CMAKE_PREFIX_PATH=/opt/ros/foxy /usr/bin/cmake --install /home/jetson/bbb_jetson_ws/build/bbb_robot
[13.687s] Level 1:colcon.colcon_core.environment:checking '/home/jetson/bbb_jetson_ws/install/bbb_robot' for CMake module files
[13.689s] Level 1:colcon.colcon_core.environment:checking '/home/jetson/bbb_jetson_ws/install/bbb_robot' for CMake config files
[13.691s] Level 1:colcon.colcon_core.shell:create_environment_hook('bbb_robot', 'cmake_prefix_path')
[13.827s] INFO:colcon.colcon_core.shell:Creating environment hook '/home/jetson/bbb_jetson_ws/install/bbb_robot/share/bbb_robot/hook/cmake_prefix_path.ps1'
[13.832s] INFO:colcon.colcon_core.shell:Creating environment descriptor '/home/jetson/bbb_jetson_ws/install/bbb_robot/share/bbb_robot/hook/cmake_prefix_path.dsv'
[13.834s] INFO:colcon.colcon_core.shell:Creating environment hook '/home/jetson/bbb_jetson_ws/install/bbb_robot/share/bbb_robot/hook/cmake_prefix_path.sh'
[13.838s] Level 1:colcon.colcon_core.environment:checking '/home/jetson/bbb_jetson_ws/install/bbb_robot/bin'
[13.838s] Level 1:colcon.colcon_core.environment:checking '/home/jetson/bbb_jetson_ws/install/bbb_robot/lib/pkgconfig/bbb_robot.pc'
[13.839s] Level 1:colcon.colcon_core.environment:checking '/home/jetson/bbb_jetson_ws/install/bbb_robot/lib/python3.8/site-packages'
[13.839s] Level 1:colcon.colcon_core.environment:checking '/home/jetson/bbb_jetson_ws/install/bbb_robot/bin'
[13.975s] INFO:colcon.colcon_core.shell:Creating package script '/home/jetson/bbb_jetson_ws/install/bbb_robot/share/bbb_robot/package.ps1'
[13.980s] INFO:colcon.colcon_core.shell:Creating package descriptor '/home/jetson/bbb_jetson_ws/install/bbb_robot/share/bbb_robot/package.dsv'
[13.982s] INFO:colcon.colcon_core.shell:Creating package script '/home/jetson/bbb_jetson_ws/install/bbb_robot/share/bbb_robot/package.sh'
[13.985s] INFO:colcon.colcon_core.shell:Creating package script '/home/jetson/bbb_jetson_ws/install/bbb_robot/share/bbb_robot/package.bash'
[13.991s] INFO:colcon.colcon_core.shell:Creating package script '/home/jetson/bbb_jetson_ws/install/bbb_robot/share/bbb_robot/package.zsh'
[13.997s] Level 1:colcon.colcon_core.environment:create_file_with_runtime_dependencies(/home/jetson/bbb_jetson_ws/install/bbb_robot/share/colcon-core/packages/bbb_robot)
[14.008s] Level 1:colcon.colcon_core.environment:create_environment_scripts_only(bbb_package)
[14.010s] DEBUG:colcon.colcon_core.event_handler.log_command:Invoked command in '/home/jetson/bbb_jetson_ws/build/bbb_package' returned '0': CMAKE_PREFIX_PATH=/opt/ros/foxy /usr/bin/cmake --install /home/jetson/bbb_jetson_ws/build/bbb_package
[14.153s] Level 1:colcon.colcon_core.environment:checking '/home/jetson/bbb_jetson_ws/install/bbb_package' for CMake module files
[14.156s] Level 1:colcon.colcon_core.environment:checking '/home/jetson/bbb_jetson_ws/install/bbb_package' for CMake config files
[14.157s] Level 1:colcon.colcon_core.shell:create_environment_hook('bbb_package', 'cmake_prefix_path')
[14.293s] INFO:colcon.colcon_core.shell:Creating environment hook '/home/jetson/bbb_jetson_ws/install/bbb_package/share/bbb_package/hook/cmake_prefix_path.ps1'
[14.296s] INFO:colcon.colcon_core.shell:Creating environment descriptor '/home/jetson/bbb_jetson_ws/install/bbb_package/share/bbb_package/hook/cmake_prefix_path.dsv'
[14.297s] INFO:colcon.colcon_core.shell:Creating environment hook '/home/jetson/bbb_jetson_ws/install/bbb_package/share/bbb_package/hook/cmake_prefix_path.sh'
[14.298s] Level 1:colcon.colcon_core.environment:checking '/home/jetson/bbb_jetson_ws/install/bbb_package/bin'
[14.299s] Level 1:colcon.colcon_core.environment:checking '/home/jetson/bbb_jetson_ws/install/bbb_package/lib/pkgconfig/bbb_package.pc'
[14.300s] Level 1:colcon.colcon_core.environment:checking '/home/jetson/bbb_jetson_ws/install/bbb_package/lib/python3.8/site-packages'
[14.300s] Level 1:colcon.colcon_core.environment:checking '/home/jetson/bbb_jetson_ws/install/bbb_package/bin'
[14.433s] INFO:colcon.colcon_core.shell:Creating package script '/home/jetson/bbb_jetson_ws/install/bbb_package/share/bbb_package/package.ps1'
[14.436s] INFO:colcon.colcon_core.shell:Creating package descriptor '/home/jetson/bbb_jetson_ws/install/bbb_package/share/bbb_package/package.dsv'
[14.438s] INFO:colcon.colcon_core.shell:Creating package script '/home/jetson/bbb_jetson_ws/install/bbb_package/share/bbb_package/package.sh'
[14.439s] INFO:colcon.colcon_core.shell:Creating package script '/home/jetson/bbb_jetson_ws/install/bbb_package/share/bbb_package/package.bash'
[14.440s] INFO:colcon.colcon_core.shell:Creating package script '/home/jetson/bbb_jetson_ws/install/bbb_package/share/bbb_package/package.zsh'
[14.441s] Level 1:colcon.colcon_core.environment:create_file_with_runtime_dependencies(/home/jetson/bbb_jetson_ws/install/bbb_package/share/colcon-core/packages/bbb_package)
[14.459s] DEBUG:colcon.colcon_core.event_handler.log_command:Invoking command in '/home/jetson/bbb_jetson_ws/build/serial': CMAKE_PREFIX_PATH=/opt/ros/foxy /usr/bin/cmake --install /home/jetson/bbb_jetson_ws/build/serial
[14.480s] DEBUG:colcon.colcon_core.event_handler.log_command:Invoking command in '/home/jetson/bbb_jetson_ws/build/csm': CMAKE_PREFIX_PATH=/opt/ros/foxy /usr/bin/cmake --install /home/jetson/bbb_jetson_ws/build/csm
[14.666s] Level 1:colcon.colcon_core.environment:create_environment_scripts_only(bbb_robot)
[14.808s] Level 1:colcon.colcon_core.environment:checking '/home/jetson/bbb_jetson_ws/install/bbb_robot' for CMake module files
[14.810s] Level 1:colcon.colcon_core.environment:checking '/home/jetson/bbb_jetson_ws/install/bbb_robot' for CMake config files
[14.814s] Level 1:colcon.colcon_core.shell:create_environment_hook('bbb_robot', 'cmake_prefix_path')
[14.954s] INFO:colcon.colcon_core.shell:Creating environment hook '/home/jetson/bbb_jetson_ws/install/bbb_robot/share/bbb_robot/hook/cmake_prefix_path.ps1'
[14.955s] INFO:colcon.colcon_core.shell:Creating environment descriptor '/home/jetson/bbb_jetson_ws/install/bbb_robot/share/bbb_robot/hook/cmake_prefix_path.dsv'
[14.957s] INFO:colcon.colcon_core.shell:Creating environment hook '/home/jetson/bbb_jetson_ws/install/bbb_robot/share/bbb_robot/hook/cmake_prefix_path.sh'
[14.958s] Level 1:colcon.colcon_core.environment:checking '/home/jetson/bbb_jetson_ws/install/bbb_robot/bin'
[14.959s] Level 1:colcon.colcon_core.environment:checking '/home/jetson/bbb_jetson_ws/install/bbb_robot/lib/pkgconfig/bbb_robot.pc'
[14.960s] Level 1:colcon.colcon_core.environment:checking '/home/jetson/bbb_jetson_ws/install/bbb_robot/lib/python3.8/site-packages'
[14.960s] Level 1:colcon.colcon_core.environment:checking '/home/jetson/bbb_jetson_ws/install/bbb_robot/bin'
[15.101s] INFO:colcon.colcon_core.shell:Creating package script '/home/jetson/bbb_jetson_ws/install/bbb_robot/share/bbb_robot/package.ps1'
[15.102s] INFO:colcon.colcon_core.shell:Creating package descriptor '/home/jetson/bbb_jetson_ws/install/bbb_robot/share/bbb_robot/package.dsv'
[15.104s] INFO:colcon.colcon_core.shell:Creating package script '/home/jetson/bbb_jetson_ws/install/bbb_robot/share/bbb_robot/package.sh'
[15.105s] INFO:colcon.colcon_core.shell:Creating package script '/home/jetson/bbb_jetson_ws/install/bbb_robot/share/bbb_robot/package.bash'
[15.106s] INFO:colcon.colcon_core.shell:Creating package script '/home/jetson/bbb_jetson_ws/install/bbb_robot/share/bbb_robot/package.zsh'
[15.108s] Level 1:colcon.colcon_core.environment:create_file_with_runtime_dependencies(/home/jetson/bbb_jetson_ws/install/bbb_robot/share/colcon-core/packages/bbb_robot)
[15.113s] Level 1:colcon.colcon_core.environment:create_environment_scripts_only(csm)
[15.114s] DEBUG:colcon.colcon_core.event_handler.log_command:Invoked command in '/home/jetson/bbb_jetson_ws/build/csm' returned '0': CMAKE_PREFIX_PATH=/opt/ros/foxy /usr/bin/cmake --install /home/jetson/bbb_jetson_ws/build/csm
[15.293s] Level 1:colcon.colcon_core.environment:checking '/home/jetson/bbb_jetson_ws/install/csm' for CMake module files
[15.295s] Level 1:colcon.colcon_core.environment:checking '/home/jetson/bbb_jetson_ws/install/csm' for CMake config files
[15.297s] Level 1:colcon.colcon_core.shell:create_environment_hook('csm', 'cmake_prefix_path')
[15.435s] INFO:colcon.colcon_core.shell:Creating environment hook '/home/jetson/bbb_jetson_ws/install/csm/share/csm/hook/cmake_prefix_path.ps1'
[15.437s] INFO:colcon.colcon_core.shell:Creating environment descriptor '/home/jetson/bbb_jetson_ws/install/csm/share/csm/hook/cmake_prefix_path.dsv'
[15.438s] INFO:colcon.colcon_core.shell:Creating environment hook '/home/jetson/bbb_jetson_ws/install/csm/share/csm/hook/cmake_prefix_path.sh'
[15.439s] Level 1:colcon.colcon_core.environment:checking '/home/jetson/bbb_jetson_ws/install/csm/lib'
[15.440s] Level 1:colcon.colcon_core.shell:create_environment_hook('csm', 'ld_library_path_lib')
[15.579s] INFO:colcon.colcon_core.shell:Creating environment hook '/home/jetson/bbb_jetson_ws/install/csm/share/csm/hook/ld_library_path_lib.ps1'
[15.581s] INFO:colcon.colcon_core.shell:Creating environment descriptor '/home/jetson/bbb_jetson_ws/install/csm/share/csm/hook/ld_library_path_lib.dsv'
[15.582s] INFO:colcon.colcon_core.shell:Creating environment hook '/home/jetson/bbb_jetson_ws/install/csm/share/csm/hook/ld_library_path_lib.sh'
[15.583s] Level 1:colcon.colcon_core.environment:checking '/home/jetson/bbb_jetson_ws/install/csm/bin'
[15.584s] Level 1:colcon.colcon_core.environment:checking '/home/jetson/bbb_jetson_ws/install/csm/lib/pkgconfig/csm.pc'
[15.584s] Level 1:colcon.colcon_core.environment:checking '/home/jetson/bbb_jetson_ws/install/csm/lib/python3.8/site-packages'
[15.585s] Level 1:colcon.colcon_core.environment:checking '/home/jetson/bbb_jetson_ws/install/csm/bin'
[15.725s] INFO:colcon.colcon_core.shell:Creating package script '/home/jetson/bbb_jetson_ws/install/csm/share/csm/package.ps1'
[15.727s] INFO:colcon.colcon_core.shell:Creating package descriptor '/home/jetson/bbb_jetson_ws/install/csm/share/csm/package.dsv'
[15.728s] INFO:colcon.colcon_core.shell:Creating package script '/home/jetson/bbb_jetson_ws/install/csm/share/csm/package.sh'
[15.730s] INFO:colcon.colcon_core.shell:Creating package script '/home/jetson/bbb_jetson_ws/install/csm/share/csm/package.bash'
[15.731s] INFO:colcon.colcon_core.shell:Creating package script '/home/jetson/bbb_jetson_ws/install/csm/share/csm/package.zsh'
[15.732s] Level 1:colcon.colcon_core.environment:create_file_with_runtime_dependencies(/home/jetson/bbb_jetson_ws/install/csm/share/colcon-core/packages/csm)
[15.741s] Level 1:colcon.colcon_core.environment:create_environment_scripts_only(serial)
[15.743s] DEBUG:colcon.colcon_core.event_handler.log_command:Invoked command in '/home/jetson/bbb_jetson_ws/build/serial' returned '0': CMAKE_PREFIX_PATH=/opt/ros/foxy /usr/bin/cmake --install /home/jetson/bbb_jetson_ws/build/serial
[15.900s] Level 1:colcon.colcon_core.environment:checking '/home/jetson/bbb_jetson_ws/install/serial' for CMake module files
[15.902s] Level 1:colcon.colcon_core.environment:checking '/home/jetson/bbb_jetson_ws/install/serial' for CMake config files
[15.903s] Level 1:colcon.colcon_core.shell:create_environment_hook('serial', 'cmake_prefix_path')
[16.038s] INFO:colcon.colcon_core.shell:Creating environment hook '/home/jetson/bbb_jetson_ws/install/serial/share/serial/hook/cmake_prefix_path.ps1'
[16.040s] INFO:colcon.colcon_core.shell:Creating environment descriptor '/home/jetson/bbb_jetson_ws/install/serial/share/serial/hook/cmake_prefix_path.dsv'
[16.041s] INFO:colcon.colcon_core.shell:Creating environment hook '/home/jetson/bbb_jetson_ws/install/serial/share/serial/hook/cmake_prefix_path.sh'
[16.043s] Level 1:colcon.colcon_core.environment:checking '/home/jetson/bbb_jetson_ws/install/serial/lib'
[16.043s] Level 1:colcon.colcon_core.environment:checking '/home/jetson/bbb_jetson_ws/install/serial/bin'
[16.043s] Level 1:colcon.colcon_core.environment:checking '/home/jetson/bbb_jetson_ws/install/serial/lib/pkgconfig/serial.pc'
[16.044s] Level 1:colcon.colcon_core.environment:checking '/home/jetson/bbb_jetson_ws/install/serial/lib/python3.8/site-packages'
[16.044s] Level 1:colcon.colcon_core.environment:checking '/home/jetson/bbb_jetson_ws/install/serial/bin'
[16.179s] INFO:colcon.colcon_core.shell:Creating package script '/home/jetson/bbb_jetson_ws/install/serial/share/serial/package.ps1'
[16.181s] INFO:colcon.colcon_core.shell:Creating package descriptor '/home/jetson/bbb_jetson_ws/install/serial/share/serial/package.dsv'
[16.182s] INFO:colcon.colcon_core.shell:Creating package script '/home/jetson/bbb_jetson_ws/install/serial/share/serial/package.sh'
[16.183s] INFO:colcon.colcon_core.shell:Creating package script '/home/jetson/bbb_jetson_ws/install/serial/share/serial/package.bash'
[16.184s] INFO:colcon.colcon_core.shell:Creating package script '/home/jetson/bbb_jetson_ws/install/serial/share/serial/package.zsh'
[16.185s] Level 1:colcon.colcon_core.environment:create_file_with_runtime_dependencies(/home/jetson/bbb_jetson_ws/install/serial/share/colcon-core/packages/serial)
[16.345s] Level 1:colcon.colcon_core.environment:create_environment_scripts_only(bbb_package)
[16.485s] Level 1:colcon.colcon_core.environment:checking '/home/jetson/bbb_jetson_ws/install/bbb_package' for CMake module files
[16.487s] Level 1:colcon.colcon_core.environment:checking '/home/jetson/bbb_jetson_ws/install/bbb_package' for CMake config files
[16.489s] Level 1:colcon.colcon_core.shell:create_environment_hook('bbb_package', 'cmake_prefix_path')
[16.626s] INFO:colcon.colcon_core.shell:Creating environment hook '/home/jetson/bbb_jetson_ws/install/bbb_package/share/bbb_package/hook/cmake_prefix_path.ps1'
[16.627s] INFO:colcon.colcon_core.shell:Creating environment descriptor '/home/jetson/bbb_jetson_ws/install/bbb_package/share/bbb_package/hook/cmake_prefix_path.dsv'
[16.628s] INFO:colcon.colcon_core.shell:Creating environment hook '/home/jetson/bbb_jetson_ws/install/bbb_package/share/bbb_package/hook/cmake_prefix_path.sh'
[16.630s] Level 1:colcon.colcon_core.environment:checking '/home/jetson/bbb_jetson_ws/install/bbb_package/bin'
[16.630s] Level 1:colcon.colcon_core.environment:checking '/home/jetson/bbb_jetson_ws/install/bbb_package/lib/pkgconfig/bbb_package.pc'
[16.631s] Level 1:colcon.colcon_core.environment:checking '/home/jetson/bbb_jetson_ws/install/bbb_package/lib/python3.8/site-packages'
[16.632s] Level 1:colcon.colcon_core.environment:checking '/home/jetson/bbb_jetson_ws/install/bbb_package/bin'
[16.768s] INFO:colcon.colcon_core.shell:Creating package script '/home/jetson/bbb_jetson_ws/install/bbb_package/share/bbb_package/package.ps1'
[16.770s] INFO:colcon.colcon_core.shell:Creating package descriptor '/home/jetson/bbb_jetson_ws/install/bbb_package/share/bbb_package/package.dsv'
[16.771s] INFO:colcon.colcon_core.shell:Creating package script '/home/jetson/bbb_jetson_ws/install/bbb_package/share/bbb_package/package.sh'
[16.773s] INFO:colcon.colcon_core.shell:Creating package script '/home/jetson/bbb_jetson_ws/install/bbb_package/share/bbb_package/package.bash'
[16.774s] INFO:colcon.colcon_core.shell:Creating package script '/home/jetson/bbb_jetson_ws/install/bbb_package/share/bbb_package/package.zsh'
[16.775s] Level 1:colcon.colcon_core.environment:create_file_with_runtime_dependencies(/home/jetson/bbb_jetson_ws/install/bbb_package/share/colcon-core/packages/bbb_package)
[16.921s] Level 1:colcon.colcon_core.environment:create_environment_scripts_only(csm)
[17.060s] Level 1:colcon.colcon_core.environment:checking '/home/jetson/bbb_jetson_ws/install/csm' for CMake module files
[17.062s] Level 1:colcon.colcon_core.environment:checking '/home/jetson/bbb_jetson_ws/install/csm' for CMake config files
[17.063s] Level 1:colcon.colcon_core.shell:create_environment_hook('csm', 'cmake_prefix_path')
[17.206s] INFO:colcon.colcon_core.shell:Creating environment hook '/home/jetson/bbb_jetson_ws/install/csm/share/csm/hook/cmake_prefix_path.ps1'
[17.207s] INFO:colcon.colcon_core.shell:Creating environment descriptor '/home/jetson/bbb_jetson_ws/install/csm/share/csm/hook/cmake_prefix_path.dsv'
[17.208s] INFO:colcon.colcon_core.shell:Creating environment hook '/home/jetson/bbb_jetson_ws/install/csm/share/csm/hook/cmake_prefix_path.sh'
[17.211s] Level 1:colcon.colcon_core.environment:checking '/home/jetson/bbb_jetson_ws/install/csm/lib'
[17.211s] Level 1:colcon.colcon_core.shell:create_environment_hook('csm', 'ld_library_path_lib')
[17.353s] INFO:colcon.colcon_core.shell:Creating environment hook '/home/jetson/bbb_jetson_ws/install/csm/share/csm/hook/ld_library_path_lib.ps1'
[17.354s] INFO:colcon.colcon_core.shell:Creating environment descriptor '/home/jetson/bbb_jetson_ws/install/csm/share/csm/hook/ld_library_path_lib.dsv'
[17.356s] INFO:colcon.colcon_core.shell:Creating environment hook '/home/jetson/bbb_jetson_ws/install/csm/share/csm/hook/ld_library_path_lib.sh'
[17.357s] Level 1:colcon.colcon_core.environment:checking '/home/jetson/bbb_jetson_ws/install/csm/bin'
[17.358s] Level 1:colcon.colcon_core.environment:checking '/home/jetson/bbb_jetson_ws/install/csm/lib/pkgconfig/csm.pc'
[17.358s] Level 1:colcon.colcon_core.environment:checking '/home/jetson/bbb_jetson_ws/install/csm/lib/python3.8/site-packages'
[17.359s] Level 1:colcon.colcon_core.environment:checking '/home/jetson/bbb_jetson_ws/install/csm/bin'
[17.495s] INFO:colcon.colcon_core.shell:Creating package script '/home/jetson/bbb_jetson_ws/install/csm/share/csm/package.ps1'
[17.497s] INFO:colcon.colcon_core.shell:Creating package descriptor '/home/jetson/bbb_jetson_ws/install/csm/share/csm/package.dsv'
[17.498s] INFO:colcon.colcon_core.shell:Creating package script '/home/jetson/bbb_jetson_ws/install/csm/share/csm/package.sh'
[17.500s] INFO:colcon.colcon_core.shell:Creating package script '/home/jetson/bbb_jetson_ws/install/csm/share/csm/package.bash'
[17.501s] INFO:colcon.colcon_core.shell:Creating package script '/home/jetson/bbb_jetson_ws/install/csm/share/csm/package.zsh'
[17.502s] Level 1:colcon.colcon_core.environment:create_file_with_runtime_dependencies(/home/jetson/bbb_jetson_ws/install/csm/share/colcon-core/packages/csm)
[17.640s] Level 1:colcon.colcon_core.environment:create_environment_scripts_only(serial)
[17.777s] Level 1:colcon.colcon_core.environment:checking '/home/jetson/bbb_jetson_ws/install/serial' for CMake module files
[17.779s] Level 1:colcon.colcon_core.environment:checking '/home/jetson/bbb_jetson_ws/install/serial' for CMake config files
[17.780s] Level 1:colcon.colcon_core.shell:create_environment_hook('serial', 'cmake_prefix_path')
[17.914s] INFO:colcon.colcon_core.shell:Creating environment hook '/home/jetson/bbb_jetson_ws/install/serial/share/serial/hook/cmake_prefix_path.ps1'
[17.916s] INFO:colcon.colcon_core.shell:Creating environment descriptor '/home/jetson/bbb_jetson_ws/install/serial/share/serial/hook/cmake_prefix_path.dsv'
[17.917s] INFO:colcon.colcon_core.shell:Creating environment hook '/home/jetson/bbb_jetson_ws/install/serial/share/serial/hook/cmake_prefix_path.sh'
[17.918s] Level 1:colcon.colcon_core.environment:checking '/home/jetson/bbb_jetson_ws/install/serial/lib'
[17.919s] Level 1:colcon.colcon_core.environment:checking '/home/jetson/bbb_jetson_ws/install/serial/bin'
[17.919s] Level 1:colcon.colcon_core.environment:checking '/home/jetson/bbb_jetson_ws/install/serial/lib/pkgconfig/serial.pc'
[17.919s] Level 1:colcon.colcon_core.environment:checking '/home/jetson/bbb_jetson_ws/install/serial/lib/python3.8/site-packages'
[17.920s] Level 1:colcon.colcon_core.environment:checking '/home/jetson/bbb_jetson_ws/install/serial/bin'
[18.058s] INFO:colcon.colcon_core.shell:Creating package script '/home/jetson/bbb_jetson_ws/install/serial/share/serial/package.ps1'
[18.059s] INFO:colcon.colcon_core.shell:Creating package descriptor '/home/jetson/bbb_jetson_ws/install/serial/share/serial/package.dsv'
[18.061s] INFO:colcon.colcon_core.shell:Creating package script '/home/jetson/bbb_jetson_ws/install/serial/share/serial/package.sh'
[18.062s] INFO:colcon.colcon_core.shell:Creating package script '/home/jetson/bbb_jetson_ws/install/serial/share/serial/package.bash'
[18.064s] INFO:colcon.colcon_core.shell:Creating package script '/home/jetson/bbb_jetson_ws/install/serial/share/serial/package.zsh'
[18.065s] Level 1:colcon.colcon_core.environment:create_file_with_runtime_dependencies(/home/jetson/bbb_jetson_ws/install/serial/share/colcon-core/packages/serial)
[18.066s] INFO:colcon.colcon_ros.task.ament_cmake.build:Building ROS package in '/home/jetson/bbb_jetson_ws/src/diffdrive_arduino' with build type 'ament_cmake'
[18.066s] INFO:colcon.colcon_cmake.task.cmake.build:Building CMake package in '/home/jetson/bbb_jetson_ws/src/diffdrive_arduino'
[18.207s] INFO:colcon.colcon_core.shell:Skip shell extension 'powershell' for command environment: Not usable outside of PowerShell
[18.207s] DEBUG:colcon.colcon_core.shell:Skip shell extension 'dsv' for command environment
[18.498s] INFO:colcon.colcon_ros.task.ament_cmake.build:Building ROS package in '/home/jetson/bbb_jetson_ws/src/ros2_laser_scan_matcher' with build type 'ament_cmake'
[18.499s] INFO:colcon.colcon_cmake.task.cmake.build:Building CMake package in '/home/jetson/bbb_jetson_ws/src/ros2_laser_scan_matcher'
[18.639s] INFO:colcon.colcon_core.shell:Skip shell extension 'powershell' for command environment: Not usable outside of PowerShell
[18.640s] DEBUG:colcon.colcon_core.shell:Skip shell extension 'dsv' for command environment
[18.947s] DEBUG:colcon.colcon_core.event_handler.log_command:Invoking command in '/home/jetson/bbb_jetson_ws/build/diffdrive_arduino': AMENT_PREFIX_PATH=/home/jetson/bbb_jetson_ws/install/serial:${AMENT_PREFIX_PATH} CMAKE_PREFIX_PATH=/home/jetson/bbb_jetson_ws/install/serial:/opt/ros/foxy LD_LIBRARY_PATH=/home/jetson/bbb_jetson_ws/install/serial/lib:${LD_LIBRARY_PATH} /usr/bin/cmake --build /home/jetson/bbb_jetson_ws/build/diffdrive_arduino -- -j4 -l4
[18.964s] DEBUG:colcon.colcon_core.event_handler.log_command:Invoking command in '/home/jetson/bbb_jetson_ws/build/ros2_laser_scan_matcher': AMENT_PREFIX_PATH=/home/jetson/bbb_jetson_ws/install/csm:${AMENT_PREFIX_PATH} CMAKE_PREFIX_PATH=/home/jetson/bbb_jetson_ws/install/csm:/opt/ros/foxy LD_LIBRARY_PATH=/home/jetson/bbb_jetson_ws/install/csm/lib:${LD_LIBRARY_PATH} /usr/bin/cmake --build /home/jetson/bbb_jetson_ws/build/ros2_laser_scan_matcher -- -j4 -l4
[19.231s] DEBUG:colcon.colcon_core.event_handler.log_command:Invoked command in '/home/jetson/bbb_jetson_ws/build/diffdrive_arduino' returned '0': AMENT_PREFIX_PATH=/home/jetson/bbb_jetson_ws/install/serial:${AMENT_PREFIX_PATH} CMAKE_PREFIX_PATH=/home/jetson/bbb_jetson_ws/install/serial:/opt/ros/foxy LD_LIBRARY_PATH=/home/jetson/bbb_jetson_ws/install/serial/lib:${LD_LIBRARY_PATH} /usr/bin/cmake --build /home/jetson/bbb_jetson_ws/build/diffdrive_arduino -- -j4 -l4
[19.268s] DEBUG:colcon.colcon_core.event_handler.log_command:Invoked command in '/home/jetson/bbb_jetson_ws/build/ros2_laser_scan_matcher' returned '0': AMENT_PREFIX_PATH=/home/jetson/bbb_jetson_ws/install/csm:${AMENT_PREFIX_PATH} CMAKE_PREFIX_PATH=/home/jetson/bbb_jetson_ws/install/csm:/opt/ros/foxy LD_LIBRARY_PATH=/home/jetson/bbb_jetson_ws/install/csm/lib:${LD_LIBRARY_PATH} /usr/bin/cmake --build /home/jetson/bbb_jetson_ws/build/ros2_laser_scan_matcher -- -j4 -l4
[19.319s] DEBUG:colcon.colcon_core.event_handler.log_command:Invoking command in '/home/jetson/bbb_jetson_ws/build/diffdrive_arduino': AMENT_PREFIX_PATH=/home/jetson/bbb_jetson_ws/install/serial:${AMENT_PREFIX_PATH} CMAKE_PREFIX_PATH=/home/jetson/bbb_jetson_ws/install/serial:/opt/ros/foxy LD_LIBRARY_PATH=/home/jetson/bbb_jetson_ws/install/serial/lib:${LD_LIBRARY_PATH} /usr/bin/cmake --install /home/jetson/bbb_jetson_ws/build/diffdrive_arduino
[19.340s] DEBUG:colcon.colcon_core.event_handler.log_command:Invoking command in '/home/jetson/bbb_jetson_ws/build/ros2_laser_scan_matcher': AMENT_PREFIX_PATH=/home/jetson/bbb_jetson_ws/install/csm:${AMENT_PREFIX_PATH} CMAKE_PREFIX_PATH=/home/jetson/bbb_jetson_ws/install/csm:/opt/ros/foxy LD_LIBRARY_PATH=/home/jetson/bbb_jetson_ws/install/csm/lib:${LD_LIBRARY_PATH} /usr/bin/cmake --install /home/jetson/bbb_jetson_ws/build/ros2_laser_scan_matcher
[19.381s] Level 1:colcon.colcon_core.environment:create_environment_scripts_only(ros2_laser_scan_matcher)
[19.384s] DEBUG:colcon.colcon_core.event_handler.log_command:Invoked command in '/home/jetson/bbb_jetson_ws/build/ros2_laser_scan_matcher' returned '0': AMENT_PREFIX_PATH=/home/jetson/bbb_jetson_ws/install/csm:${AMENT_PREFIX_PATH} CMAKE_PREFIX_PATH=/home/jetson/bbb_jetson_ws/install/csm:/opt/ros/foxy LD_LIBRARY_PATH=/home/jetson/bbb_jetson_ws/install/csm/lib:${LD_LIBRARY_PATH} /usr/bin/cmake --install /home/jetson/bbb_jetson_ws/build/ros2_laser_scan_matcher
[19.523s] Level 1:colcon.colcon_core.environment:checking '/home/jetson/bbb_jetson_ws/install/ros2_laser_scan_matcher' for CMake module files
[19.525s] Level 1:colcon.colcon_core.environment:checking '/home/jetson/bbb_jetson_ws/install/ros2_laser_scan_matcher' for CMake config files
[19.526s] Level 1:colcon.colcon_core.shell:create_environment_hook('ros2_laser_scan_matcher', 'cmake_prefix_path')
[19.664s] INFO:colcon.colcon_core.shell:Creating environment hook '/home/jetson/bbb_jetson_ws/install/ros2_laser_scan_matcher/share/ros2_laser_scan_matcher/hook/cmake_prefix_path.ps1'
[19.667s] INFO:colcon.colcon_core.shell:Creating environment descriptor '/home/jetson/bbb_jetson_ws/install/ros2_laser_scan_matcher/share/ros2_laser_scan_matcher/hook/cmake_prefix_path.dsv'
[19.668s] INFO:colcon.colcon_core.shell:Creating environment hook '/home/jetson/bbb_jetson_ws/install/ros2_laser_scan_matcher/share/ros2_laser_scan_matcher/hook/cmake_prefix_path.sh'
[19.670s] Level 1:colcon.colcon_core.environment:checking '/home/jetson/bbb_jetson_ws/install/ros2_laser_scan_matcher/lib'
[19.670s] Level 1:colcon.colcon_core.environment:checking '/home/jetson/bbb_jetson_ws/install/ros2_laser_scan_matcher/bin'
[19.670s] Level 1:colcon.colcon_core.environment:checking '/home/jetson/bbb_jetson_ws/install/ros2_laser_scan_matcher/lib/pkgconfig/ros2_laser_scan_matcher.pc'
[19.671s] Level 1:colcon.colcon_core.environment:checking '/home/jetson/bbb_jetson_ws/install/ros2_laser_scan_matcher/lib/python3.8/site-packages'
[19.672s] Level 1:colcon.colcon_core.environment:checking '/home/jetson/bbb_jetson_ws/install/ros2_laser_scan_matcher/bin'
[19.807s] INFO:colcon.colcon_core.shell:Creating package script '/home/jetson/bbb_jetson_ws/install/ros2_laser_scan_matcher/share/ros2_laser_scan_matcher/package.ps1'
[19.810s] INFO:colcon.colcon_core.shell:Creating package descriptor '/home/jetson/bbb_jetson_ws/install/ros2_laser_scan_matcher/share/ros2_laser_scan_matcher/package.dsv'
[19.811s] INFO:colcon.colcon_core.shell:Creating package script '/home/jetson/bbb_jetson_ws/install/ros2_laser_scan_matcher/share/ros2_laser_scan_matcher/package.sh'
[19.812s] INFO:colcon.colcon_core.shell:Creating package script '/home/jetson/bbb_jetson_ws/install/ros2_laser_scan_matcher/share/ros2_laser_scan_matcher/package.bash'
[19.814s] INFO:colcon.colcon_core.shell:Creating package script '/home/jetson/bbb_jetson_ws/install/ros2_laser_scan_matcher/share/ros2_laser_scan_matcher/package.zsh'
[19.815s] Level 1:colcon.colcon_core.environment:create_file_with_runtime_dependencies(/home/jetson/bbb_jetson_ws/install/ros2_laser_scan_matcher/share/colcon-core/packages/ros2_laser_scan_matcher)
[19.826s] Level 1:colcon.colcon_core.environment:create_environment_scripts_only(diffdrive_arduino)
[19.828s] DEBUG:colcon.colcon_core.event_handler.log_command:Invoked command in '/home/jetson/bbb_jetson_ws/build/diffdrive_arduino' returned '0': AMENT_PREFIX_PATH=/home/jetson/bbb_jetson_ws/install/serial:${AMENT_PREFIX_PATH} CMAKE_PREFIX_PATH=/home/jetson/bbb_jetson_ws/install/serial:/opt/ros/foxy LD_LIBRARY_PATH=/home/jetson/bbb_jetson_ws/install/serial/lib:${LD_LIBRARY_PATH} /usr/bin/cmake --install /home/jetson/bbb_jetson_ws/build/diffdrive_arduino
[19.971s] Level 1:colcon.colcon_core.environment:checking '/home/jetson/bbb_jetson_ws/install/diffdrive_arduino' for CMake module files
[19.973s] Level 1:colcon.colcon_core.environment:checking '/home/jetson/bbb_jetson_ws/install/diffdrive_arduino' for CMake config files
[19.975s] Level 1:colcon.colcon_core.shell:create_environment_hook('diffdrive_arduino', 'cmake_prefix_path')
[20.109s] INFO:colcon.colcon_core.shell:Creating environment hook '/home/jetson/bbb_jetson_ws/install/diffdrive_arduino/share/diffdrive_arduino/hook/cmake_prefix_path.ps1'
[20.112s] INFO:colcon.colcon_core.shell:Creating environment descriptor '/home/jetson/bbb_jetson_ws/install/diffdrive_arduino/share/diffdrive_arduino/hook/cmake_prefix_path.dsv'
[20.113s] INFO:colcon.colcon_core.shell:Creating environment hook '/home/jetson/bbb_jetson_ws/install/diffdrive_arduino/share/diffdrive_arduino/hook/cmake_prefix_path.sh'
[20.115s] Level 1:colcon.colcon_core.environment:checking '/home/jetson/bbb_jetson_ws/install/diffdrive_arduino/lib'
[20.115s] Level 1:colcon.colcon_core.shell:create_environment_hook('diffdrive_arduino', 'ld_library_path_lib')
[20.254s] INFO:colcon.colcon_core.shell:Creating environment hook '/home/jetson/bbb_jetson_ws/install/diffdrive_arduino/share/diffdrive_arduino/hook/ld_library_path_lib.ps1'
[20.256s] INFO:colcon.colcon_core.shell:Creating environment descriptor '/home/jetson/bbb_jetson_ws/install/diffdrive_arduino/share/diffdrive_arduino/hook/ld_library_path_lib.dsv'
[20.258s] INFO:colcon.colcon_core.shell:Creating environment hook '/home/jetson/bbb_jetson_ws/install/diffdrive_arduino/share/diffdrive_arduino/hook/ld_library_path_lib.sh'
[20.259s] Level 1:colcon.colcon_core.environment:checking '/home/jetson/bbb_jetson_ws/install/diffdrive_arduino/bin'
[20.259s] Level 1:colcon.colcon_core.environment:checking '/home/jetson/bbb_jetson_ws/install/diffdrive_arduino/lib/pkgconfig/diffdrive_arduino.pc'
[20.260s] Level 1:colcon.colcon_core.environment:checking '/home/jetson/bbb_jetson_ws/install/diffdrive_arduino/lib/python3.8/site-packages'
[20.260s] Level 1:colcon.colcon_core.environment:checking '/home/jetson/bbb_jetson_ws/install/diffdrive_arduino/bin'
[20.401s] INFO:colcon.colcon_core.shell:Creating package script '/home/jetson/bbb_jetson_ws/install/diffdrive_arduino/share/diffdrive_arduino/package.ps1'
[20.403s] INFO:colcon.colcon_core.shell:Creating package descriptor '/home/jetson/bbb_jetson_ws/install/diffdrive_arduino/share/diffdrive_arduino/package.dsv'
[20.405s] INFO:colcon.colcon_core.shell:Creating package script '/home/jetson/bbb_jetson_ws/install/diffdrive_arduino/share/diffdrive_arduino/package.sh'
[20.406s] INFO:colcon.colcon_core.shell:Creating package script '/home/jetson/bbb_jetson_ws/install/diffdrive_arduino/share/diffdrive_arduino/package.bash'
[20.407s] INFO:colcon.colcon_core.shell:Creating package script '/home/jetson/bbb_jetson_ws/install/diffdrive_arduino/share/diffdrive_arduino/package.zsh'
[20.408s] Level 1:colcon.colcon_core.environment:create_file_with_runtime_dependencies(/home/jetson/bbb_jetson_ws/install/diffdrive_arduino/share/colcon-core/packages/diffdrive_arduino)
[20.566s] Level 1:colcon.colcon_core.environment:create_environment_scripts_only(ros2_laser_scan_matcher)
[20.700s] Level 1:colcon.colcon_core.environment:checking '/home/jetson/bbb_jetson_ws/install/ros2_laser_scan_matcher' for CMake module files
[20.702s] Level 1:colcon.colcon_core.environment:checking '/home/jetson/bbb_jetson_ws/install/ros2_laser_scan_matcher' for CMake config files
[20.703s] Level 1:colcon.colcon_core.shell:create_environment_hook('ros2_laser_scan_matcher', 'cmake_prefix_path')
[20.840s] INFO:colcon.colcon_core.shell:Creating environment hook '/home/jetson/bbb_jetson_ws/install/ros2_laser_scan_matcher/share/ros2_laser_scan_matcher/hook/cmake_prefix_path.ps1'
[20.842s] INFO:colcon.colcon_core.shell:Creating environment descriptor '/home/jetson/bbb_jetson_ws/install/ros2_laser_scan_matcher/share/ros2_laser_scan_matcher/hook/cmake_prefix_path.dsv'
[20.844s] INFO:colcon.colcon_core.shell:Creating environment hook '/home/jetson/bbb_jetson_ws/install/ros2_laser_scan_matcher/share/ros2_laser_scan_matcher/hook/cmake_prefix_path.sh'
[20.845s] Level 1:colcon.colcon_core.environment:checking '/home/jetson/bbb_jetson_ws/install/ros2_laser_scan_matcher/lib'
[20.846s] Level 1:colcon.colcon_core.environment:checking '/home/jetson/bbb_jetson_ws/install/ros2_laser_scan_matcher/bin'
[20.846s] Level 1:colcon.colcon_core.environment:checking '/home/jetson/bbb_jetson_ws/install/ros2_laser_scan_matcher/lib/pkgconfig/ros2_laser_scan_matcher.pc'
[20.847s] Level 1:colcon.colcon_core.environment:checking '/home/jetson/bbb_jetson_ws/install/ros2_laser_scan_matcher/lib/python3.8/site-packages'
[20.848s] Level 1:colcon.colcon_core.environment:checking '/home/jetson/bbb_jetson_ws/install/ros2_laser_scan_matcher/bin'
[20.982s] INFO:colcon.colcon_core.shell:Creating package script '/home/jetson/bbb_jetson_ws/install/ros2_laser_scan_matcher/share/ros2_laser_scan_matcher/package.ps1'
[20.986s] INFO:colcon.colcon_core.shell:Creating package descriptor '/home/jetson/bbb_jetson_ws/install/ros2_laser_scan_matcher/share/ros2_laser_scan_matcher/package.dsv'
[20.988s] INFO:colcon.colcon_core.shell:Creating package script '/home/jetson/bbb_jetson_ws/install/ros2_laser_scan_matcher/share/ros2_laser_scan_matcher/package.sh'
[20.990s] INFO:colcon.colcon_core.shell:Creating package script '/home/jetson/bbb_jetson_ws/install/ros2_laser_scan_matcher/share/ros2_laser_scan_matcher/package.bash'
[20.992s] INFO:colcon.colcon_core.shell:Creating package script '/home/jetson/bbb_jetson_ws/install/ros2_laser_scan_matcher/share/ros2_laser_scan_matcher/package.zsh'
[20.993s] Level 1:colcon.colcon_core.environment:create_file_with_runtime_dependencies(/home/jetson/bbb_jetson_ws/install/ros2_laser_scan_matcher/share/colcon-core/packages/ros2_laser_scan_matcher)
[21.132s] Level 1:colcon.colcon_core.environment:create_environment_scripts_only(diffdrive_arduino)
[21.270s] Level 1:colcon.colcon_core.environment:checking '/home/jetson/bbb_jetson_ws/install/diffdrive_arduino' for CMake module files
[21.272s] Level 1:colcon.colcon_core.environment:checking '/home/jetson/bbb_jetson_ws/install/diffdrive_arduino' for CMake config files
[21.274s] Level 1:colcon.colcon_core.shell:create_environment_hook('diffdrive_arduino', 'cmake_prefix_path')
[21.414s] INFO:colcon.colcon_core.shell:Creating environment hook '/home/jetson/bbb_jetson_ws/install/diffdrive_arduino/share/diffdrive_arduino/hook/cmake_prefix_path.ps1'
[21.416s] INFO:colcon.colcon_core.shell:Creating environment descriptor '/home/jetson/bbb_jetson_ws/install/diffdrive_arduino/share/diffdrive_arduino/hook/cmake_prefix_path.dsv'
[21.417s] INFO:colcon.colcon_core.shell:Creating environment hook '/home/jetson/bbb_jetson_ws/install/diffdrive_arduino/share/diffdrive_arduino/hook/cmake_prefix_path.sh'
[21.419s] Level 1:colcon.colcon_core.environment:checking '/home/jetson/bbb_jetson_ws/install/diffdrive_arduino/lib'
[21.419s] Level 1:colcon.colcon_core.shell:create_environment_hook('diffdrive_arduino', 'ld_library_path_lib')
[21.594s] INFO:colcon.colcon_core.shell:Creating environment hook '/home/jetson/bbb_jetson_ws/install/diffdrive_arduino/share/diffdrive_arduino/hook/ld_library_path_lib.ps1'
[21.597s] INFO:colcon.colcon_core.shell:Creating environment descriptor '/home/jetson/bbb_jetson_ws/install/diffdrive_arduino/share/diffdrive_arduino/hook/ld_library_path_lib.dsv'
[21.598s] INFO:colcon.colcon_core.shell:Creating environment hook '/home/jetson/bbb_jetson_ws/install/diffdrive_arduino/share/diffdrive_arduino/hook/ld_library_path_lib.sh'
[21.599s] Level 1:colcon.colcon_core.environment:checking '/home/jetson/bbb_jetson_ws/install/diffdrive_arduino/bin'
[21.599s] Level 1:colcon.colcon_core.environment:checking '/home/jetson/bbb_jetson_ws/install/diffdrive_arduino/lib/pkgconfig/diffdrive_arduino.pc'
[21.600s] Level 1:colcon.colcon_core.environment:checking '/home/jetson/bbb_jetson_ws/install/diffdrive_arduino/lib/python3.8/site-packages'
[21.601s] Level 1:colcon.colcon_core.environment:checking '/home/jetson/bbb_jetson_ws/install/diffdrive_arduino/bin'
[21.734s] INFO:colcon.colcon_core.shell:Creating package script '/home/jetson/bbb_jetson_ws/install/diffdrive_arduino/share/diffdrive_arduino/package.ps1'
[21.736s] INFO:colcon.colcon_core.shell:Creating package descriptor '/home/jetson/bbb_jetson_ws/install/diffdrive_arduino/share/diffdrive_arduino/package.dsv'
[21.738s] INFO:colcon.colcon_core.shell:Creating package script '/home/jetson/bbb_jetson_ws/install/diffdrive_arduino/share/diffdrive_arduino/package.sh'
[21.740s] INFO:colcon.colcon_core.shell:Creating package script '/home/jetson/bbb_jetson_ws/install/diffdrive_arduino/share/diffdrive_arduino/package.bash'
[21.741s] INFO:colcon.colcon_core.shell:Creating package script '/home/jetson/bbb_jetson_ws/install/diffdrive_arduino/share/diffdrive_arduino/package.zsh'
[21.743s] Level 1:colcon.colcon_core.environment:create_file_with_runtime_dependencies(/home/jetson/bbb_jetson_ws/install/diffdrive_arduino/share/colcon-core/packages/diffdrive_arduino)
[21.743s] DEBUG:colcon.colcon_parallel_executor.executor.parallel:closing loop
[21.745s] DEBUG:colcon.colcon_parallel_executor.executor.parallel:loop closed
[21.745s] DEBUG:colcon.colcon_parallel_executor.executor.parallel:run_until_complete finished with '0'
[21.746s] DEBUG:colcon.colcon_core.event_reactor:joining thread
[21.899s] INFO:colcon.colcon_core.plugin_system:Skipping extension 'colcon_notification.desktop_notification.terminal_notifier': Not used on non-Darwin systems
[21.899s] INFO:colcon.colcon_core.plugin_system:Skipping extension 'colcon_notification.desktop_notification.win32': Not used on non-Windows systems
[21.900s] INFO:colcon.colcon_notification.desktop_notification:Sending desktop notification using 'notify2'
[21.937s] DEBUG:colcon.colcon_core.event_reactor:joined thread
[22.069s] INFO:colcon.colcon_core.shell:Creating prefix script '/home/jetson/bbb_jetson_ws/install/local_setup.ps1'
[22.076s] INFO:colcon.colcon_core.shell:Creating prefix util module '/home/jetson/bbb_jetson_ws/install/_local_setup_util_ps1.py'
[22.081s] INFO:colcon.colcon_core.shell:Creating prefix chain script '/home/jetson/bbb_jetson_ws/install/setup.ps1'
[22.231s] INFO:colcon.colcon_core.shell:Creating prefix script '/home/jetson/bbb_jetson_ws/install/local_setup.sh'
[22.234s] INFO:colcon.colcon_core.shell:Creating prefix util module '/home/jetson/bbb_jetson_ws/install/_local_setup_util_sh.py'
[22.235s] INFO:colcon.colcon_core.shell:Creating prefix chain script '/home/jetson/bbb_jetson_ws/install/setup.sh'
[22.374s] INFO:colcon.colcon_core.shell:Creating prefix script '/home/jetson/bbb_jetson_ws/install/local_setup.bash'
[22.377s] INFO:colcon.colcon_core.shell:Creating prefix chain script '/home/jetson/bbb_jetson_ws/install/setup.bash'
[22.513s] INFO:colcon.colcon_core.shell:Creating prefix script '/home/jetson/bbb_jetson_ws/install/local_setup.zsh'
[22.515s] INFO:colcon.colcon_core.shell:Creating prefix chain script '/home/jetson/bbb_jetson_ws/install/setup.zsh'
