[0.162s] Invoking command in '/home/jetson/bbb_jetson_ws/build/bbb_package': CMAKE_PREFIX_PATH=/home/jetson/bbb_jetson_ws/install/serial:/home/jetson/bbb_jetson_ws/install/ros2_laser_scan_matcher:/home/jetson/bbb_jetson_ws/install/diffdrive_arduino:/home/jetson/bbb_jetson_ws/install/bbb_package:/home/jetson/bbb_jetson_ws/install/micro_ros_setup:/home/jetson/bbb_jetson_ws/install/csm:/home/jetson/bbb_jetson_ws/install/bbb_robot:/opt/ros/foxy /usr/bin/cmake --build /home/jetson/bbb_jetson_ws/build/bbb_package -- -j4 -l4
[0.718s] [35m[1mScanning dependencies of target data_processing_node[0m
[1.099s] [  7%] Built target read_lidar
[1.171s] [ 15%] Built target controllers_node
[1.205s] [ 23%] Built target read_IMU
[1.333s] [ 26%] [32mBuilding CXX object CMakeFiles/data_processing_node.dir/src/data_processing_node.cpp.o[0m
[1.793s] [ 34%] Built target delta_angle_node
[1.888s] [ 42%] Built target tune_node
[1.896s] [ 50%] Built target pid_node
[2.356s] [ 57%] Built target tune_fuzzy_node
[2.469s] [ 65%] Built target fuzzy_longitudinal_controllers
[2.558s] [ 73%] Built target circumference_node
[2.580s] [35m[1mScanning dependencies of target straight_line_node[0m
[3.224s] [ 76%] [32mBuilding CXX object CMakeFiles/straight_line_node.dir/src/straight_line_node.cpp.o[0m
[3.294s] [ 84%] Built target sinusoidal_node
[3.353s] [ 92%] Built target stanley_node
[66.467s] [ 96%] [32m[1mLinking CXX executable straight_line_node[0m
[68.949s] [ 96%] Built target straight_line_node
[76.490s] [100%] [32m[1mLinking CXX executable data_processing_node[0m
[78.768s] [100%] Built target data_processing_node
[78.841s] Invoked command in '/home/jetson/bbb_jetson_ws/build/bbb_package' returned '0': CMAKE_PREFIX_PATH=/home/jetson/bbb_jetson_ws/install/serial:/home/jetson/bbb_jetson_ws/install/ros2_laser_scan_matcher:/home/jetson/bbb_jetson_ws/install/diffdrive_arduino:/home/jetson/bbb_jetson_ws/install/bbb_package:/home/jetson/bbb_jetson_ws/install/micro_ros_setup:/home/jetson/bbb_jetson_ws/install/csm:/home/jetson/bbb_jetson_ws/install/bbb_robot:/opt/ros/foxy /usr/bin/cmake --build /home/jetson/bbb_jetson_ws/build/bbb_package -- -j4 -l4
[79.240s] Invoking command in '/home/jetson/bbb_jetson_ws/build/bbb_package': CMAKE_PREFIX_PATH=/home/jetson/bbb_jetson_ws/install/serial:/home/jetson/bbb_jetson_ws/install/ros2_laser_scan_matcher:/home/jetson/bbb_jetson_ws/install/diffdrive_arduino:/home/jetson/bbb_jetson_ws/install/bbb_package:/home/jetson/bbb_jetson_ws/install/micro_ros_setup:/home/jetson/bbb_jetson_ws/install/csm:/home/jetson/bbb_jetson_ws/install/bbb_robot:/opt/ros/foxy /usr/bin/cmake --install /home/jetson/bbb_jetson_ws/build/bbb_package
[79.285s] -- Install configuration: ""
[79.295s] -- Up-to-date: /home/jetson/bbb_jetson_ws/install/bbb_package/lib/bbb_package/controllers_node
[79.301s] -- Installing: /home/jetson/bbb_jetson_ws/install/bbb_package/lib/bbb_package/data_processing_node
[79.334s] -- Set runtime path of "/home/jetson/bbb_jetson_ws/install/bbb_package/lib/bbb_package/data_processing_node" to ""
[79.336s] -- Up-to-date: /home/jetson/bbb_jetson_ws/install/bbb_package/share/bbb_package/launch
[79.338s] -- Up-to-date: /home/jetson/bbb_jetson_ws/install/bbb_package/share/bbb_package/launch/thesis.launch.py
[79.340s] -- Installing: /home/jetson/bbb_jetson_ws/install/bbb_package/share/bbb_package/package.dsv
[79.356s] Invoked command in '/home/jetson/bbb_jetson_ws/build/bbb_package' returned '0': CMAKE_PREFIX_PATH=/home/jetson/bbb_jetson_ws/install/serial:/home/jetson/bbb_jetson_ws/install/ros2_laser_scan_matcher:/home/jetson/bbb_jetson_ws/install/diffdrive_arduino:/home/jetson/bbb_jetson_ws/install/bbb_package:/home/jetson/bbb_jetson_ws/install/micro_ros_setup:/home/jetson/bbb_jetson_ws/install/csm:/home/jetson/bbb_jetson_ws/install/bbb_robot:/opt/ros/foxy /usr/bin/cmake --install /home/jetson/bbb_jetson_ws/build/bbb_package
