[0.110s] Invoking command in '/home/jetson/bbb_jetson_ws/build/serial': CMAKE_PREFIX_PATH=${CMAKE_PREFIX_PATH}:/opt/ros/foxy /usr/bin/cmake /home/jetson/bbb_jetson_ws/src/serial -DCMAKE_INSTALL_PREFIX=/home/jetson/bbb_jetson_ws/install/serial
[1.024s] -- The C compiler identification is GNU 9.4.0
[1.747s] -- The CXX compiler identification is GNU 9.4.0
[1.798s] -- Check for working C compiler: /usr/bin/cc
[2.385s] -- Check for working C compiler: /usr/bin/cc -- works
[2.406s] -- Detecting C compiler ABI info
[3.090s] -- Detecting C compiler ABI info - done
[3.263s] -- Detecting C compile features
[3.266s] -- Detecting C compile features - done
[3.299s] -- Check for working CXX compiler: /usr/bin/c++
[3.994s] -- Check for working CXX compiler: /usr/bin/c++ -- works
[4.039s] -- Detecting CXX compiler ABI info
[4.769s] -- Detecting CXX compiler ABI info - done
[4.906s] -- Detecting CXX compile features
[4.912s] -- Detecting CXX compile features - done
[4.976s] -- Found ament_cmake: 0.9.12 (/opt/ros/foxy/share/ament_cmake/cmake)
[5.208s] -- Found PythonInterp: /usr/bin/python3 (found suitable version "3.8.10", minimum required is "3") 
[5.209s] -- Using PYTHON_EXECUTABLE: /usr/bin/python3
[7.215s] -- Found ament_cmake_gtest: 0.9.12 (/opt/ros/foxy/share/ament_cmake_gtest/cmake)
[7.317s] -- Found Boost: /usr/lib/aarch64-linux-gnu/cmake/Boost-1.71.0/BoostConfig.cmake (found version "1.71.0")  
[7.360s] -- Found gtest sources under '/opt/ros/foxy/src/gtest_vendor': C++ tests using 'Google Test' will be built
[7.382s] -- Looking for pthread.h
[7.985s] -- Looking for pthread.h - found
[7.992s] -- Performing Test CMAKE_HAVE_LIBC_PTHREAD
[8.823s] -- Performing Test CMAKE_HAVE_LIBC_PTHREAD - Failed
[8.825s] -- Check if compiler accepts -pthread
[9.435s] -- Check if compiler accepts -pthread - yes
[9.450s] -- Found Threads: TRUE  
[9.994s] -- Configuring done
[10.131s] -- Generating done
[10.149s] -- Build files have been written to: /home/jetson/bbb_jetson_ws/build/serial
[10.189s] Invoked command in '/home/jetson/bbb_jetson_ws/build/serial' returned '0': CMAKE_PREFIX_PATH=${CMAKE_PREFIX_PATH}:/opt/ros/foxy /usr/bin/cmake /home/jetson/bbb_jetson_ws/src/serial -DCMAKE_INSTALL_PREFIX=/home/jetson/bbb_jetson_ws/install/serial
[10.206s] Invoking command in '/home/jetson/bbb_jetson_ws/build/serial': CMAKE_PREFIX_PATH=${CMAKE_PREFIX_PATH}:/opt/ros/foxy /usr/bin/cmake --build /home/jetson/bbb_jetson_ws/build/serial -- -j4 -l4
[10.478s] [35m[1mScanning dependencies of target gtest_main[0m
[10.500s] [35m[1mScanning dependencies of target gtest[0m
[10.513s] [35m[1mScanning dependencies of target serial[0m
[10.662s] [  7%] [32mBuilding CXX object CMakeFiles/serial.dir/src/impl/unix.cc.o[0m
[10.684s] [ 14%] [32mBuilding CXX object gtest/CMakeFiles/gtest_main.dir/src/gtest_main.cc.o[0m
[10.710s] [ 21%] [32mBuilding CXX object CMakeFiles/serial.dir/src/serial.cc.o[0m
[10.816s] [ 28%] [32mBuilding CXX object gtest/CMakeFiles/gtest.dir/src/gtest-all.cc.o[0m
[16.325s] [ 35%] [32mBuilding CXX object CMakeFiles/serial.dir/src/impl/list_ports/list_ports_linux.cc.o[0m
[20.264s] [ 42%] [32m[1mLinking CXX static library libgtest_main.a[0m
[20.609s] [ 42%] Built target gtest_main
[21.837s] [ 50%] [32m[1mLinking CXX static library libserial.a[0m
[22.743s] [ 50%] Built target serial
[22.971s] [35m[1mScanning dependencies of target serial_example[0m
[23.246s] [ 57%] [32mBuilding CXX object CMakeFiles/serial_example.dir/examples/serial_example.cc.o[0m
[30.855s] [ 64%] [32m[1mLinking CXX executable serial_example[0m
[32.008s] [ 64%] Built target serial_example
[55.826s] [ 71%] [32m[1mLinking CXX static library libgtest.a[0m
[56.164s] [ 71%] Built target gtest
[56.224s] [35m[1mScanning dependencies of target serial-test-timer[0m
[56.326s] [ 78%] [32mBuilding CXX object tests/CMakeFiles/serial-test-timer.dir/unit/unix_timer_tests.cc.o[0m
[61.044s] [ 85%] [32m[1mLinking CXX executable serial-test-timer[0m
[62.489s] [ 85%] Built target serial-test-timer
[62.592s] [35m[1mScanning dependencies of target serial-test[0m
[62.770s] [ 92%] [32mBuilding CXX object tests/CMakeFiles/serial-test.dir/unix_serial_tests.cc.o[0m
[71.525s] [100%] [32m[1mLinking CXX executable serial-test[0m
[72.959s] [100%] Built target serial-test
[73.043s] Invoked command in '/home/jetson/bbb_jetson_ws/build/serial' returned '0': CMAKE_PREFIX_PATH=${CMAKE_PREFIX_PATH}:/opt/ros/foxy /usr/bin/cmake --build /home/jetson/bbb_jetson_ws/build/serial -- -j4 -l4
[73.297s] Invoking command in '/home/jetson/bbb_jetson_ws/build/serial': CMAKE_PREFIX_PATH=${CMAKE_PREFIX_PATH}:/opt/ros/foxy /usr/bin/cmake --install /home/jetson/bbb_jetson_ws/build/serial
[73.354s] -- Install configuration: ""
[73.364s] -- Installing: /home/jetson/bbb_jetson_ws/install/serial/share/serial/package.dsv
[73.377s] Invoked command in '/home/jetson/bbb_jetson_ws/build/serial' returned '0': CMAKE_PREFIX_PATH=${CMAKE_PREFIX_PATH}:/opt/ros/foxy /usr/bin/cmake --install /home/jetson/bbb_jetson_ws/build/serial
