[0.148s] Invoking command in '/home/jetson/bbb_jetson_ws/build/tune_package': CMAKE_PREFIX_PATH=${CMAKE_PREFIX_PATH}:/opt/ros/foxy /usr/bin/cmake --build /home/jetson/bbb_jetson_ws/build/tune_package -- -j4 -l4
[0.612s] [35m[1mScanning dependencies of target data_processing_node[0m
[0.888s] [ 50%] Built target straight_line_node
[1.047s] [ 75%] [32mBuilding CXX object CMakeFiles/data_processing_node.dir/src/data_processing_node.cpp.o[0m
[83.067s] [100%] [32m[1mLinking CXX executable data_processing_node[0m
[86.794s] [100%] Built target data_processing_node
[86.906s] Invoked command in '/home/jetson/bbb_jetson_ws/build/tune_package' returned '0': CMAKE_PREFIX_PATH=${CMAKE_PREFIX_PATH}:/opt/ros/foxy /usr/bin/cmake --build /home/jetson/bbb_jetson_ws/build/tune_package -- -j4 -l4
[87.276s] Invoking command in '/home/jetson/bbb_jetson_ws/build/tune_package': CMAKE_PREFIX_PATH=${CMAKE_PREFIX_PATH}:/opt/ros/foxy /usr/bin/cmake --install /home/jetson/bbb_jetson_ws/build/tune_package
[87.374s] -- Install configuration: ""
[87.378s] -- Up-to-date: /home/jetson/bbb_jetson_ws/install/tune_package/lib/tune_package/straight_line_node
[87.385s] -- Installing: /home/jetson/bbb_jetson_ws/install/tune_package/lib/tune_package/data_processing_node
[87.426s] -- Set runtime path of "/home/jetson/bbb_jetson_ws/install/tune_package/lib/tune_package/data_processing_node" to ""
[87.428s] -- Up-to-date: /home/jetson/bbb_jetson_ws/install/tune_package/share/tune_package/launch
[87.432s] -- Up-to-date: /home/jetson/bbb_jetson_ws/install/tune_package/share/tune_package/launch/tune.launch.py
[87.435s] -- Up-to-date: /home/jetson/bbb_jetson_ws/install/tune_package/share/ament_index/resource_index/package_run_dependencies/tune_package
[87.438s] -- Up-to-date: /home/jetson/bbb_jetson_ws/install/tune_package/share/ament_index/resource_index/parent_prefix_path/tune_package
[87.441s] -- Up-to-date: /home/jetson/bbb_jetson_ws/install/tune_package/share/tune_package/environment/ament_prefix_path.sh
[87.443s] -- Up-to-date: /home/jetson/bbb_jetson_ws/install/tune_package/share/tune_package/environment/ament_prefix_path.dsv
[87.444s] -- Up-to-date: /home/jetson/bbb_jetson_ws/install/tune_package/share/tune_package/environment/path.sh
[87.445s] -- Up-to-date: /home/jetson/bbb_jetson_ws/install/tune_package/share/tune_package/environment/path.dsv
[87.447s] -- Up-to-date: /home/jetson/bbb_jetson_ws/install/tune_package/share/tune_package/local_setup.bash
[87.448s] -- Up-to-date: /home/jetson/bbb_jetson_ws/install/tune_package/share/tune_package/local_setup.sh
[87.449s] -- Up-to-date: /home/jetson/bbb_jetson_ws/install/tune_package/share/tune_package/local_setup.zsh
[87.453s] -- Up-to-date: /home/jetson/bbb_jetson_ws/install/tune_package/share/tune_package/local_setup.dsv
[87.460s] -- Installing: /home/jetson/bbb_jetson_ws/install/tune_package/share/tune_package/package.dsv
[87.462s] -- Up-to-date: /home/jetson/bbb_jetson_ws/install/tune_package/share/ament_index/resource_index/packages/tune_package
[87.463s] -- Up-to-date: /home/jetson/bbb_jetson_ws/install/tune_package/share/tune_package/cmake/tune_packageConfig.cmake
[87.465s] -- Up-to-date: /home/jetson/bbb_jetson_ws/install/tune_package/share/tune_package/cmake/tune_packageConfig-version.cmake
[87.467s] -- Up-to-date: /home/jetson/bbb_jetson_ws/install/tune_package/share/tune_package/package.xml
[87.470s] Invoked command in '/home/jetson/bbb_jetson_ws/build/tune_package' returned '0': CMAKE_PREFIX_PATH=${CMAKE_PREFIX_PATH}:/opt/ros/foxy /usr/bin/cmake --install /home/jetson/bbb_jetson_ws/build/tune_package
