[0.095s] Invoking command in '/home/jetson/bbb_jetson_ws/build/serial': CMAKE_PREFIX_PATH=${CMAKE_PREFIX_PATH}:/opt/ros/foxy /usr/bin/cmake /home/jetson/bbb_jetson_ws/src/serial -DCMAKE_INSTALL_PREFIX=/home/jetson/bbb_jetson_ws/install/serial
[0.763s] -- The C compiler identification is GNU 9.4.0
[1.234s] -- The CXX compiler identification is GNU 9.4.0
[1.254s] -- Check for working C compiler: /usr/bin/cc
[1.551s] -- Check for working C compiler: /usr/bin/cc -- works
[1.554s] -- Detecting C compiler ABI info
[1.888s] -- Detecting C compiler ABI info - done
[1.937s] -- Detecting C compile features
[1.938s] -- Detecting C compile features - done
[1.947s] -- Check for working CXX compiler: /usr/bin/c++
[2.285s] -- Check for working CXX compiler: /usr/bin/c++ -- works
[2.289s] -- Detecting CXX compiler ABI info
[2.686s] -- Detecting CXX compiler ABI info - done
[2.743s] -- Detecting CXX compile features
[2.745s] -- Detecting CXX compile features - done
[2.764s] -- Found ament_cmake: 0.9.12 (/opt/ros/foxy/share/ament_cmake/cmake)
[2.882s] -- Found PythonInterp: /usr/bin/python3 (found suitable version "3.8.10", minimum required is "3") 
[2.883s] -- Using PYTHON_EXECUTABLE: /usr/bin/python3
[3.874s] -- Found ament_cmake_gtest: 0.9.12 (/opt/ros/foxy/share/ament_cmake_gtest/cmake)
[3.926s] -- Found Boost: /usr/lib/aarch64-linux-gnu/cmake/Boost-1.71.0/BoostConfig.cmake (found version "1.71.0")  
[3.948s] -- Found gtest sources under '/opt/ros/foxy/src/gtest_vendor': C++ tests using 'Google Test' will be built
[3.962s] -- Looking for pthread.h
[4.229s] -- Looking for pthread.h - found
[4.229s] -- Performing Test CMAKE_HAVE_LIBC_PTHREAD
[4.580s] -- Performing Test CMAKE_HAVE_LIBC_PTHREAD - Failed
[4.581s] -- Check if compiler accepts -pthread
[5.043s] -- Check if compiler accepts -pthread - yes
[5.049s] -- Found Threads: TRUE  
[5.442s] -- Configuring done
[5.509s] -- Generating done
[5.515s] -- Build files have been written to: /home/jetson/bbb_jetson_ws/build/serial
[5.538s] Invoked command in '/home/jetson/bbb_jetson_ws/build/serial' returned '0': CMAKE_PREFIX_PATH=${CMAKE_PREFIX_PATH}:/opt/ros/foxy /usr/bin/cmake /home/jetson/bbb_jetson_ws/src/serial -DCMAKE_INSTALL_PREFIX=/home/jetson/bbb_jetson_ws/install/serial
[5.541s] Invoking command in '/home/jetson/bbb_jetson_ws/build/serial': CMAKE_PREFIX_PATH=${CMAKE_PREFIX_PATH}:/opt/ros/foxy /usr/bin/cmake --build /home/jetson/bbb_jetson_ws/build/serial -- -j4 -l4
[5.688s] [35m[1mScanning dependencies of target gtest[0m
[5.698s] [35m[1mScanning dependencies of target serial[0m
[5.700s] [35m[1mScanning dependencies of target gtest_main[0m
[5.840s] [  7%] [32mBuilding CXX object CMakeFiles/serial.dir/src/impl/unix.cc.o[0m
[5.843s] [ 14%] [32mBuilding CXX object gtest/CMakeFiles/gtest_main.dir/src/gtest_main.cc.o[0m
[5.857s] [ 21%] [32mBuilding CXX object CMakeFiles/serial.dir/src/serial.cc.o[0m
[5.888s] [ 28%] [32mBuilding CXX object gtest/CMakeFiles/gtest.dir/src/gtest-all.cc.o[0m
[8.742s] [ 35%] [32mBuilding CXX object CMakeFiles/serial.dir/src/impl/list_ports/list_ports_linux.cc.o[0m
[11.066s] [ 42%] [32m[1mLinking CXX static library libgtest_main.a[0m
[11.340s] [ 42%] Built target gtest_main
[11.793s] [ 50%] [32m[1mLinking CXX static library libserial.a[0m
[12.073s] [ 50%] Built target serial
[12.174s] [35m[1mScanning dependencies of target serial_example[0m
[12.310s] [ 57%] [32mBuilding CXX object CMakeFiles/serial_example.dir/examples/serial_example.cc.o[0m
[15.454s] [ 64%] [32m[1mLinking CXX executable serial_example[0m
[16.091s] [ 64%] Built target serial_example
[29.848s] [ 71%] [32m[1mLinking CXX static library libgtest.a[0m
[30.087s] [ 71%] Built target gtest
[30.130s] [35m[1mScanning dependencies of target serial-test-timer[0m
[30.309s] [ 78%] [32mBuilding CXX object tests/CMakeFiles/serial-test-timer.dir/unit/unix_timer_tests.cc.o[0m
[34.158s] [ 85%] [32m[1mLinking CXX executable serial-test-timer[0m
[34.780s] [ 85%] Built target serial-test-timer
[34.819s] [35m[1mScanning dependencies of target serial-test[0m
[34.934s] [ 92%] [32mBuilding CXX object tests/CMakeFiles/serial-test.dir/unix_serial_tests.cc.o[0m
[38.779s] [100%] [32m[1mLinking CXX executable serial-test[0m
[39.456s] [100%] Built target serial-test
[39.519s] Invoked command in '/home/jetson/bbb_jetson_ws/build/serial' returned '0': CMAKE_PREFIX_PATH=${CMAKE_PREFIX_PATH}:/opt/ros/foxy /usr/bin/cmake --build /home/jetson/bbb_jetson_ws/build/serial -- -j4 -l4
[39.932s] Invoking command in '/home/jetson/bbb_jetson_ws/build/serial': CMAKE_PREFIX_PATH=${CMAKE_PREFIX_PATH}:/opt/ros/foxy /usr/bin/cmake --install /home/jetson/bbb_jetson_ws/build/serial
[39.994s] -- Install configuration: ""
[40.010s] -- Installing: /home/jetson/bbb_jetson_ws/install/serial/share/serial/package.dsv
[40.023s] Invoked command in '/home/jetson/bbb_jetson_ws/build/serial' returned '0': CMAKE_PREFIX_PATH=${CMAKE_PREFIX_PATH}:/opt/ros/foxy /usr/bin/cmake --install /home/jetson/bbb_jetson_ws/build/serial
