[0.795s] Invoking command in '/home/jetson/bbb_jetson_ws/build/bbb_package': CMAKE_PREFIX_PATH=/home/jetson/bbb_jetson_ws/install/serial:/home/jetson/bbb_jetson_ws/install/ros2_laser_scan_matcher:/home/jetson/bbb_jetson_ws/install/diffdrive_arduino:/home/jetson/bbb_jetson_ws/install/bbb_package:/home/jetson/bbb_jetson_ws/install/micro_ros_setup:/home/jetson/bbb_jetson_ws/install/csm:/home/jetson/bbb_jetson_ws/install/bbb_robot:/opt/ros/foxy /usr/bin/cmake --build /home/jetson/bbb_jetson_ws/build/bbb_package -- -j4 -l4
[1.079s] [35m[1mScanning dependencies of target read_IMU[0m
[1.350s] [ 10%] Built target delta_angle_node
[1.467s] [ 20%] Built target read_lidar
[1.557s] [ 30%] Built target pid_node
[1.567s] [ 35%] [32mBuilding CXX object CMakeFiles/read_IMU.dir/src/read_IMU.cpp.o[0m
[1.916s] [ 45%] Built target tune_node
[1.988s] [ 65%] Built target fuzzy_longitudinal_controllers
[1.992s] [ 65%] Built target tune_fuzzy_node
[2.318s] [ 75%] Built target straight_line_node
[2.397s] [ 95%] Built target sinusoidal_node
[2.399s] [ 95%] Built target circumference_node
[7.285s] In file included from [01m[K/opt/ros/foxy/include/rclcpp/service.hpp:34[m[K,
[7.286s]                  from [01m[K/opt/ros/foxy/include/rclcpp/callback_group.hpp:25[m[K,
[7.287s]                  from [01m[K/opt/ros/foxy/include/rclcpp/any_executable.hpp:20[m[K,
[7.288s]                  from [01m[K/opt/ros/foxy/include/rclcpp/memory_strategy.hpp:24[m[K,
[7.294s]                  from [01m[K/opt/ros/foxy/include/rclcpp/memory_strategies.hpp:18[m[K,
[7.295s]                  from [01m[K/opt/ros/foxy/include/rclcpp/executor_options.hpp:20[m[K,
[7.299s]                  from [01m[K/opt/ros/foxy/include/rclcpp/executor.hpp:33[m[K,
[7.300s]                  from [01m[K/opt/ros/foxy/include/rclcpp/executors/multi_threaded_executor.hpp:26[m[K,
[7.301s]                  from [01m[K/opt/ros/foxy/include/rclcpp/executors.hpp:21[m[K,
[7.302s]                  from [01m[K/opt/ros/foxy/include/rclcpp/rclcpp.hpp:146[m[K,
[7.303s]                  from [01m[K/home/jetson/bbb_jetson_ws/src/bbb_package/src/read_IMU.cpp:11[m[K:
[7.305s] [01m[K/home/jetson/bbb_jetson_ws/src/bbb_package/src/read_IMU.cpp:[m[K In function ‘[01m[Kint main(int, char**)[m[K’:
[7.308s] [01m[K/home/jetson/bbb_jetson_ws/src/bbb_package/src/read_IMU.cpp:153:34:[m[K [01;31m[Kerror: [m[K‘[01m[Kget_logger[m[K’ was not declared in this scope; did you mean ‘[01m[Krclcpp::get_logger[m[K’?
[7.309s]   153 |             } else {RCLCPP_ERROR([01;31m[Kget_logger[m[K(), "yaw error ");}
[7.310s]       |                                  [01;31m[K^~~~~~~~~~[m[K
[7.311s] In file included from [01m[K/opt/ros/foxy/include/rclcpp/logging.hpp:23[m[K,
[7.312s]                  from [01m[K/opt/ros/foxy/include/rclcpp/service.hpp:34[m[K,
[7.312s]                  from [01m[K/opt/ros/foxy/include/rclcpp/callback_group.hpp:25[m[K,
[7.313s]                  from [01m[K/opt/ros/foxy/include/rclcpp/any_executable.hpp:20[m[K,
[7.315s]                  from [01m[K/opt/ros/foxy/include/rclcpp/memory_strategy.hpp:24[m[K,
[7.315s]                  from [01m[K/opt/ros/foxy/include/rclcpp/memory_strategies.hpp:18[m[K,
[7.316s]                  from [01m[K/opt/ros/foxy/include/rclcpp/executor_options.hpp:20[m[K,
[7.317s]                  from [01m[K/opt/ros/foxy/include/rclcpp/executor.hpp:33[m[K,
[7.318s]                  from [01m[K/opt/ros/foxy/include/rclcpp/executors/multi_threaded_executor.hpp:26[m[K,
[7.319s]                  from [01m[K/opt/ros/foxy/include/rclcpp/executors.hpp:21[m[K,
[7.320s]                  from [01m[K/opt/ros/foxy/include/rclcpp/rclcpp.hpp:146[m[K,
[7.321s]                  from [01m[K/home/jetson/bbb_jetson_ws/src/bbb_package/src/read_IMU.cpp:11[m[K:
[7.322s] [01m[K/opt/ros/foxy/include/rclcpp/logger.hpp:80:17:[m[K [01;36m[Knote: [m[K‘[01m[Krclcpp::get_logger[m[K’ declared here
[7.323s]    80 |   friend Logger [01;36m[Krclcpp[m[K::get_logger(const std::string & name);
[7.324s]       |                 [01;36m[K^~~~~~[m[K
[7.325s] In file included from [01m[K/opt/ros/foxy/include/rclcpp/service.hpp:34[m[K,
[7.325s]                  from [01m[K/opt/ros/foxy/include/rclcpp/callback_group.hpp:25[m[K,
[7.327s]                  from [01m[K/opt/ros/foxy/include/rclcpp/any_executable.hpp:20[m[K,
[7.327s]                  from [01m[K/opt/ros/foxy/include/rclcpp/memory_strategy.hpp:24[m[K,
[7.328s]                  from [01m[K/opt/ros/foxy/include/rclcpp/memory_strategies.hpp:18[m[K,
[7.329s]                  from [01m[K/opt/ros/foxy/include/rclcpp/executor_options.hpp:20[m[K,
[7.331s]                  from [01m[K/opt/ros/foxy/include/rclcpp/executor.hpp:33[m[K,
[7.331s]                  from [01m[K/opt/ros/foxy/include/rclcpp/executors/multi_threaded_executor.hpp:26[m[K,
[7.332s]                  from [01m[K/opt/ros/foxy/include/rclcpp/executors.hpp:21[m[K,
[7.333s]                  from [01m[K/opt/ros/foxy/include/rclcpp/rclcpp.hpp:146[m[K,
[7.334s]                  from [01m[K/home/jetson/bbb_jetson_ws/src/bbb_package/src/read_IMU.cpp:11[m[K:
[7.335s] [01m[K/home/jetson/bbb_jetson_ws/src/bbb_package/src/read_IMU.cpp:153:21:[m[K [01;31m[Kerror: [m[Ktemplate argument 1 is invalid
[7.336s]   153 |             } else {[01;31m[KRCLCPP_ERROR[m[K(get_logger(), "yaw error ");}
[7.337s]       |                     [01;31m[K^~~~~~~~~~~~[m[K
[7.338s] [01m[K/home/jetson/bbb_jetson_ws/src/bbb_package/src/read_IMU.cpp:153:21:[m[K [01;31m[Kerror: [m[Ktemplate argument 1 is invalid
[7.339s]   153 |             } else {[01;31m[KRCLCPP_ERROR[m[K(get_logger(), "yaw error ");}
[7.340s]       |                     [01;31m[K^~~~~~~~~~~~[m[K
[7.341s] [01m[K/home/jetson/bbb_jetson_ws/src/bbb_package/src/read_IMU.cpp:153:21:[m[K [01;31m[Kerror: [m[Ktemplate argument 1 is invalid
[7.342s]   153 |             } else {[01;31m[KRCLCPP_ERROR[m[K(get_logger(), "yaw error ");}
[7.343s]       |                     [01;31m[K^~~~~~~~~~~~[m[K
[7.344s] [01m[K/home/jetson/bbb_jetson_ws/src/bbb_package/src/read_IMU.cpp:157:33:[m[K [01;31m[Kerror: [m[K‘[01m[Kget_logger[m[K’ was not declared in this scope; did you mean ‘[01m[Krclcpp::get_logger[m[K’?
[7.345s]   157 |                     RCLCPP_INFO([01;31m[Kget_logger[m[K(), "init_yaw_0 = %lf ", init_yaw);
[7.346s]       |                                 [01;31m[K^~~~~~~~~~[m[K
[7.348s] In file included from [01m[K/opt/ros/foxy/include/rclcpp/logging.hpp:23[m[K,
[7.349s]                  from [01m[K/opt/ros/foxy/include/rclcpp/service.hpp:34[m[K,
[7.349s]                  from [01m[K/opt/ros/foxy/include/rclcpp/callback_group.hpp:25[m[K,
[7.351s]                  from [01m[K/opt/ros/foxy/include/rclcpp/any_executable.hpp:20[m[K,
[7.351s]                  from [01m[K/opt/ros/foxy/include/rclcpp/memory_strategy.hpp:24[m[K,
[7.352s]                  from [01m[K/opt/ros/foxy/include/rclcpp/memory_strategies.hpp:18[m[K,
[7.353s]                  from [01m[K/opt/ros/foxy/include/rclcpp/executor_options.hpp:20[m[K,
[7.355s]                  from [01m[K/opt/ros/foxy/include/rclcpp/executor.hpp:33[m[K,
[7.356s]                  from [01m[K/opt/ros/foxy/include/rclcpp/executors/multi_threaded_executor.hpp:26[m[K,
[7.357s]                  from [01m[K/opt/ros/foxy/include/rclcpp/executors.hpp:21[m[K,
[7.358s]                  from [01m[K/opt/ros/foxy/include/rclcpp/rclcpp.hpp:146[m[K,
[7.359s]                  from [01m[K/home/jetson/bbb_jetson_ws/src/bbb_package/src/read_IMU.cpp:11[m[K:
[7.360s] [01m[K/opt/ros/foxy/include/rclcpp/logger.hpp:80:17:[m[K [01;36m[Knote: [m[K‘[01m[Krclcpp::get_logger[m[K’ declared here
[7.361s]    80 |   friend Logger [01;36m[Krclcpp[m[K::get_logger(const std::string & name);
[7.362s]       |                 [01;36m[K^~~~~~[m[K
[7.363s] In file included from [01m[K/opt/ros/foxy/include/rclcpp/service.hpp:34[m[K,
[7.364s]                  from [01m[K/opt/ros/foxy/include/rclcpp/callback_group.hpp:25[m[K,
[7.365s]                  from [01m[K/opt/ros/foxy/include/rclcpp/any_executable.hpp:20[m[K,
[7.366s]                  from [01m[K/opt/ros/foxy/include/rclcpp/memory_strategy.hpp:24[m[K,
[7.367s]                  from [01m[K/opt/ros/foxy/include/rclcpp/memory_strategies.hpp:18[m[K,
[7.368s]                  from [01m[K/opt/ros/foxy/include/rclcpp/executor_options.hpp:20[m[K,
[7.369s]                  from [01m[K/opt/ros/foxy/include/rclcpp/executor.hpp:33[m[K,
[7.370s]                  from [01m[K/opt/ros/foxy/include/rclcpp/executors/multi_threaded_executor.hpp:26[m[K,
[7.371s]                  from [01m[K/opt/ros/foxy/include/rclcpp/executors.hpp:21[m[K,
[7.372s]                  from [01m[K/opt/ros/foxy/include/rclcpp/rclcpp.hpp:146[m[K,
[7.373s]                  from [01m[K/home/jetson/bbb_jetson_ws/src/bbb_package/src/read_IMU.cpp:11[m[K:
[7.374s] [01m[K/home/jetson/bbb_jetson_ws/src/bbb_package/src/read_IMU.cpp:157:21:[m[K [01;31m[Kerror: [m[Ktemplate argument 1 is invalid
[7.375s]   157 |                     [01;31m[KRCLCPP_INFO[m[K(get_logger(), "init_yaw_0 = %lf ", init_yaw);
[7.376s]       |                     [01;31m[K^~~~~~~~~~~[m[K
[7.377s] [01m[K/home/jetson/bbb_jetson_ws/src/bbb_package/src/read_IMU.cpp:157:21:[m[K [01;31m[Kerror: [m[Ktemplate argument 1 is invalid
[7.378s]   157 |                     [01;31m[KRCLCPP_INFO[m[K(get_logger(), "init_yaw_0 = %lf ", init_yaw);
[7.379s]       |                     [01;31m[K^~~~~~~~~~~[m[K
[7.379s] [01m[K/home/jetson/bbb_jetson_ws/src/bbb_package/src/read_IMU.cpp:157:21:[m[K [01;31m[Kerror: [m[Ktemplate argument 1 is invalid
[7.380s]   157 |                     [01;31m[KRCLCPP_INFO[m[K(get_logger(), "init_yaw_0 = %lf ", init_yaw);
[7.381s]       |                     [01;31m[K^~~~~~~~~~~[m[K
[7.382s] [01m[K/home/jetson/bbb_jetson_ws/src/bbb_package/src/read_IMU.cpp:160:33:[m[K [01;31m[Kerror: [m[K‘[01m[Kget_logger[m[K’ was not declared in this scope; did you mean ‘[01m[Krclcpp::get_logger[m[K’?
[7.383s]   160 |                     RCLCPP_INFO([01;31m[Kget_logger[m[K(), "init_yaw_1 = %lf ", init_yaw);
[7.384s]       |                                 [01;31m[K^~~~~~~~~~[m[K
[7.385s] In file included from [01m[K/opt/ros/foxy/include/rclcpp/logging.hpp:23[m[K,
[7.386s]                  from [01m[K/opt/ros/foxy/include/rclcpp/service.hpp:34[m[K,
[7.387s]                  from [01m[K/opt/ros/foxy/include/rclcpp/callback_group.hpp:25[m[K,
[7.388s]                  from [01m[K/opt/ros/foxy/include/rclcpp/any_executable.hpp:20[m[K,
[7.389s]                  from [01m[K/opt/ros/foxy/include/rclcpp/memory_strategy.hpp:24[m[K,
[7.390s]                  from [01m[K/opt/ros/foxy/include/rclcpp/memory_strategies.hpp:18[m[K,
[7.391s]                  from [01m[K/opt/ros/foxy/include/rclcpp/executor_options.hpp:20[m[K,
[7.392s]                  from [01m[K/opt/ros/foxy/include/rclcpp/executor.hpp:33[m[K,
[7.393s]                  from [01m[K/opt/ros/foxy/include/rclcpp/executors/multi_threaded_executor.hpp:26[m[K,
[7.394s]                  from [01m[K/opt/ros/foxy/include/rclcpp/executors.hpp:21[m[K,
[7.395s]                  from [01m[K/opt/ros/foxy/include/rclcpp/rclcpp.hpp:146[m[K,
[7.396s]                  from [01m[K/home/jetson/bbb_jetson_ws/src/bbb_package/src/read_IMU.cpp:11[m[K:
[7.397s] [01m[K/opt/ros/foxy/include/rclcpp/logger.hpp:80:17:[m[K [01;36m[Knote: [m[K‘[01m[Krclcpp::get_logger[m[K’ declared here
[7.398s]    80 |   friend Logger [01;36m[Krclcpp[m[K::get_logger(const std::string & name);
[7.399s]       |                 [01;36m[K^~~~~~[m[K
[7.399s] In file included from [01m[K/opt/ros/foxy/include/rclcpp/service.hpp:34[m[K,
[7.400s]                  from [01m[K/opt/ros/foxy/include/rclcpp/callback_group.hpp:25[m[K,
[7.401s]                  from [01m[K/opt/ros/foxy/include/rclcpp/any_executable.hpp:20[m[K,
[7.402s]                  from [01m[K/opt/ros/foxy/include/rclcpp/memory_strategy.hpp:24[m[K,
[7.403s]                  from [01m[K/opt/ros/foxy/include/rclcpp/memory_strategies.hpp:18[m[K,
[7.404s]                  from [01m[K/opt/ros/foxy/include/rclcpp/executor_options.hpp:20[m[K,
[7.405s]                  from [01m[K/opt/ros/foxy/include/rclcpp/executor.hpp:33[m[K,
[7.406s]                  from [01m[K/opt/ros/foxy/include/rclcpp/executors/multi_threaded_executor.hpp:26[m[K,
[7.407s]                  from [01m[K/opt/ros/foxy/include/rclcpp/executors.hpp:21[m[K,
[7.408s]                  from [01m[K/opt/ros/foxy/include/rclcpp/rclcpp.hpp:146[m[K,
[7.409s]                  from [01m[K/home/jetson/bbb_jetson_ws/src/bbb_package/src/read_IMU.cpp:11[m[K:
[7.409s] [01m[K/home/jetson/bbb_jetson_ws/src/bbb_package/src/read_IMU.cpp:160:21:[m[K [01;31m[Kerror: [m[Ktemplate argument 1 is invalid
[7.410s]   160 |                     [01;31m[KRCLCPP_INFO[m[K(get_logger(), "init_yaw_1 = %lf ", init_yaw);
[7.411s]       |                     [01;31m[K^~~~~~~~~~~[m[K
[7.412s] [01m[K/home/jetson/bbb_jetson_ws/src/bbb_package/src/read_IMU.cpp:160:21:[m[K [01;31m[Kerror: [m[Ktemplate argument 1 is invalid
[7.413s]   160 |                     [01;31m[KRCLCPP_INFO[m[K(get_logger(), "init_yaw_1 = %lf ", init_yaw);
[7.414s]       |                     [01;31m[K^~~~~~~~~~~[m[K
[7.415s] [01m[K/home/jetson/bbb_jetson_ws/src/bbb_package/src/read_IMU.cpp:160:21:[m[K [01;31m[Kerror: [m[Ktemplate argument 1 is invalid
[7.416s]   160 |                     [01;31m[KRCLCPP_INFO[m[K(get_logger(), "init_yaw_1 = %lf ", init_yaw);
[7.417s]       |                     [01;31m[K^~~~~~~~~~~[m[K
[7.418s] [01m[K/home/jetson/bbb_jetson_ws/src/bbb_package/src/read_IMU.cpp:170:33:[m[K [01;31m[Kerror: [m[K‘[01m[Kget_logger[m[K’ was not declared in this scope; did you mean ‘[01m[Krclcpp::get_logger[m[K’?
[7.420s]   170 |                     RCLCPP_INFO([01;31m[Kget_logger[m[K(), "yaw = %lf ", yaw);
[7.421s]       |                                 [01;31m[K^~~~~~~~~~[m[K
[7.422s] In file included from [01m[K/opt/ros/foxy/include/rclcpp/logging.hpp:23[m[K,
[7.423s]                  from [01m[K/opt/ros/foxy/include/rclcpp/service.hpp:34[m[K,
[7.424s]                  from [01m[K/opt/ros/foxy/include/rclcpp/callback_group.hpp:25[m[K,
[7.425s]                  from [01m[K/opt/ros/foxy/include/rclcpp/any_executable.hpp:20[m[K,
[7.427s]                  from [01m[K/opt/ros/foxy/include/rclcpp/memory_strategy.hpp:24[m[K,
[7.428s]                  from [01m[K/opt/ros/foxy/include/rclcpp/memory_strategies.hpp:18[m[K,
[7.429s]                  from [01m[K/opt/ros/foxy/include/rclcpp/executor_options.hpp:20[m[K,
[7.430s]                  from [01m[K/opt/ros/foxy/include/rclcpp/executor.hpp:33[m[K,
[7.431s]                  from [01m[K/opt/ros/foxy/include/rclcpp/executors/multi_threaded_executor.hpp:26[m[K,
[7.432s]                  from [01m[K/opt/ros/foxy/include/rclcpp/executors.hpp:21[m[K,
[7.433s]                  from [01m[K/opt/ros/foxy/include/rclcpp/rclcpp.hpp:146[m[K,
[7.434s]                  from [01m[K/home/jetson/bbb_jetson_ws/src/bbb_package/src/read_IMU.cpp:11[m[K:
[7.435s] [01m[K/opt/ros/foxy/include/rclcpp/logger.hpp:80:17:[m[K [01;36m[Knote: [m[K‘[01m[Krclcpp::get_logger[m[K’ declared here
[7.436s]    80 |   friend Logger [01;36m[Krclcpp[m[K::get_logger(const std::string & name);
[7.437s]       |                 [01;36m[K^~~~~~[m[K
[7.439s] In file included from [01m[K/opt/ros/foxy/include/rclcpp/service.hpp:34[m[K,
[7.440s]                  from [01m[K/opt/ros/foxy/include/rclcpp/callback_group.hpp:25[m[K,
[7.441s]                  from [01m[K/opt/ros/foxy/include/rclcpp/any_executable.hpp:20[m[K,
[7.442s]                  from [01m[K/opt/ros/foxy/include/rclcpp/memory_strategy.hpp:24[m[K,
[7.443s]                  from [01m[K/opt/ros/foxy/include/rclcpp/memory_strategies.hpp:18[m[K,
[7.445s]                  from [01m[K/opt/ros/foxy/include/rclcpp/executor_options.hpp:20[m[K,
[7.445s]                  from [01m[K/opt/ros/foxy/include/rclcpp/executor.hpp:33[m[K,
[7.447s]                  from [01m[K/opt/ros/foxy/include/rclcpp/executors/multi_threaded_executor.hpp:26[m[K,
[7.448s]                  from [01m[K/opt/ros/foxy/include/rclcpp/executors.hpp:21[m[K,
[7.449s]                  from [01m[K/opt/ros/foxy/include/rclcpp/rclcpp.hpp:146[m[K,
[7.451s]                  from [01m[K/home/jetson/bbb_jetson_ws/src/bbb_package/src/read_IMU.cpp:11[m[K:
[7.451s] [01m[K/home/jetson/bbb_jetson_ws/src/bbb_package/src/read_IMU.cpp:170:21:[m[K [01;31m[Kerror: [m[Ktemplate argument 1 is invalid
[7.452s]   170 |                     [01;31m[KRCLCPP_INFO[m[K(get_logger(), "yaw = %lf ", yaw);
[7.453s]       |                     [01;31m[K^~~~~~~~~~~[m[K
[7.455s] [01m[K/home/jetson/bbb_jetson_ws/src/bbb_package/src/read_IMU.cpp:170:21:[m[K [01;31m[Kerror: [m[Ktemplate argument 1 is invalid
[7.456s]   170 |                     [01;31m[KRCLCPP_INFO[m[K(get_logger(), "yaw = %lf ", yaw);
[7.457s]       |                     [01;31m[K^~~~~~~~~~~[m[K
[7.458s] [01m[K/home/jetson/bbb_jetson_ws/src/bbb_package/src/read_IMU.cpp:170:21:[m[K [01;31m[Kerror: [m[Ktemplate argument 1 is invalid
[7.459s]   170 |                     [01;31m[KRCLCPP_INFO[m[K(get_logger(), "yaw = %lf ", yaw);
[7.460s]       |                     [01;31m[K^~~~~~~~~~~[m[K
[10.673s] make[2]: *** [CMakeFiles/read_IMU.dir/build.make:63: CMakeFiles/read_IMU.dir/src/read_IMU.cpp.o] Error 1
[10.675s] make[1]: *** [CMakeFiles/Makefile2:96: CMakeFiles/read_IMU.dir/all] Error 2
[10.676s] make: *** [Makefile:141: all] Error 2
[10.684s] Invoked command in '/home/jetson/bbb_jetson_ws/build/bbb_package' returned '2': CMAKE_PREFIX_PATH=/home/jetson/bbb_jetson_ws/install/serial:/home/jetson/bbb_jetson_ws/install/ros2_laser_scan_matcher:/home/jetson/bbb_jetson_ws/install/diffdrive_arduino:/home/jetson/bbb_jetson_ws/install/bbb_package:/home/jetson/bbb_jetson_ws/install/micro_ros_setup:/home/jetson/bbb_jetson_ws/install/csm:/home/jetson/bbb_jetson_ws/install/bbb_robot:/opt/ros/foxy /usr/bin/cmake --build /home/jetson/bbb_jetson_ws/build/bbb_package -- -j4 -l4
