[0.822s] Invoking command in '/home/jetson/bbb_jetson_ws/build/bbb_package': CMAKE_PREFIX_PATH=/home/jetson/bbb_jetson_ws/install/serial:/home/jetson/bbb_jetson_ws/install/ros2_laser_scan_matcher:/home/jetson/bbb_jetson_ws/install/diffdrive_arduino:/home/jetson/bbb_jetson_ws/install/bbb_package:/home/jetson/bbb_jetson_ws/install/micro_ros_setup:/home/jetson/bbb_jetson_ws/install/csm:/home/jetson/bbb_jetson_ws/install/bbb_robot:/opt/ros/foxy /usr/bin/cmake --build /home/jetson/bbb_jetson_ws/build/bbb_package -- -j4 -l4
[1.073s] [35m[1mScanning dependencies of target read_IMU[0m
[1.435s] [ 10%] Built target delta_angle_node
[1.514s] [ 20%] Built target read_lidar
[1.569s] [ 25%] [32mBuilding CXX object CMakeFiles/read_IMU.dir/src/read_IMU.cpp.o[0m
[1.571s] [ 35%] Built target pid_node
[1.937s] [ 45%] Built target tune_fuzzy_node
[1.940s] [ 55%] Built target tune_node
[2.039s] [ 65%] Built target fuzzy_longitudinal_controllers
[2.332s] [ 75%] Built target straight_line_node
[2.341s] [ 85%] Built target circumference_node
[2.403s] [ 95%] Built target sinusoidal_node
[7.400s] In file included from [01m[K/opt/ros/foxy/include/rclcpp/service.hpp:34[m[K,
[7.402s]                  from [01m[K/opt/ros/foxy/include/rclcpp/callback_group.hpp:25[m[K,
[7.403s]                  from [01m[K/opt/ros/foxy/include/rclcpp/any_executable.hpp:20[m[K,
[7.404s]                  from [01m[K/opt/ros/foxy/include/rclcpp/memory_strategy.hpp:24[m[K,
[7.406s]                  from [01m[K/opt/ros/foxy/include/rclcpp/memory_strategies.hpp:18[m[K,
[7.407s]                  from [01m[K/opt/ros/foxy/include/rclcpp/executor_options.hpp:20[m[K,
[7.433s]                  from [01m[K/opt/ros/foxy/include/rclcpp/executor.hpp:33[m[K,
[7.434s]                  from [01m[K/opt/ros/foxy/include/rclcpp/executors/multi_threaded_executor.hpp:26[m[K,
[7.435s]                  from [01m[K/opt/ros/foxy/include/rclcpp/executors.hpp:21[m[K,
[7.436s]                  from [01m[K/opt/ros/foxy/include/rclcpp/rclcpp.hpp:146[m[K,
[7.437s]                  from [01m[K/home/jetson/bbb_jetson_ws/src/bbb_package/src/read_IMU.cpp:11[m[K:
[7.438s] [01m[K/home/jetson/bbb_jetson_ws/src/bbb_package/src/read_IMU.cpp:[m[K In function ‘[01m[Kint main(int, char**)[m[K’:
[7.439s] [01m[K/home/jetson/bbb_jetson_ws/src/bbb_package/src/read_IMU.cpp:154:34:[m[K [01;31m[Kerror: [m[K‘[01m[Kget_logger[m[K’ was not declared in this scope; did you mean ‘[01m[Krclcpp::get_logger[m[K’?
[7.440s]   154 |             } else {RCLCPP_ERROR([01;31m[Kget_logger[m[K(), "yaw error ");}
[7.441s]       |                                  [01;31m[K^~~~~~~~~~[m[K
[7.441s] In file included from [01m[K/opt/ros/foxy/include/rclcpp/logging.hpp:23[m[K,
[7.442s]                  from [01m[K/opt/ros/foxy/include/rclcpp/service.hpp:34[m[K,
[7.443s]                  from [01m[K/opt/ros/foxy/include/rclcpp/callback_group.hpp:25[m[K,
[7.451s]                  from [01m[K/opt/ros/foxy/include/rclcpp/any_executable.hpp:20[m[K,
[7.452s]                  from [01m[K/opt/ros/foxy/include/rclcpp/memory_strategy.hpp:24[m[K,
[7.453s]                  from [01m[K/opt/ros/foxy/include/rclcpp/memory_strategies.hpp:18[m[K,
[7.455s]                  from [01m[K/opt/ros/foxy/include/rclcpp/executor_options.hpp:20[m[K,
[7.456s]                  from [01m[K/opt/ros/foxy/include/rclcpp/executor.hpp:33[m[K,
[7.457s]                  from [01m[K/opt/ros/foxy/include/rclcpp/executors/multi_threaded_executor.hpp:26[m[K,
[7.458s]                  from [01m[K/opt/ros/foxy/include/rclcpp/executors.hpp:21[m[K,
[7.459s]                  from [01m[K/opt/ros/foxy/include/rclcpp/rclcpp.hpp:146[m[K,
[7.459s]                  from [01m[K/home/jetson/bbb_jetson_ws/src/bbb_package/src/read_IMU.cpp:11[m[K:
[7.461s] [01m[K/opt/ros/foxy/include/rclcpp/logger.hpp:80:17:[m[K [01;36m[Knote: [m[K‘[01m[Krclcpp::get_logger[m[K’ declared here
[7.462s]    80 |   friend Logger [01;36m[Krclcpp[m[K::get_logger(const std::string & name);
[7.463s]       |                 [01;36m[K^~~~~~[m[K
[7.463s] In file included from [01m[K/opt/ros/foxy/include/rclcpp/service.hpp:34[m[K,
[7.464s]                  from [01m[K/opt/ros/foxy/include/rclcpp/callback_group.hpp:25[m[K,
[7.465s]                  from [01m[K/opt/ros/foxy/include/rclcpp/any_executable.hpp:20[m[K,
[7.466s]                  from [01m[K/opt/ros/foxy/include/rclcpp/memory_strategy.hpp:24[m[K,
[7.468s]                  from [01m[K/opt/ros/foxy/include/rclcpp/memory_strategies.hpp:18[m[K,
[7.469s]                  from [01m[K/opt/ros/foxy/include/rclcpp/executor_options.hpp:20[m[K,
[7.470s]                  from [01m[K/opt/ros/foxy/include/rclcpp/executor.hpp:33[m[K,
[7.471s]                  from [01m[K/opt/ros/foxy/include/rclcpp/executors/multi_threaded_executor.hpp:26[m[K,
[7.472s]                  from [01m[K/opt/ros/foxy/include/rclcpp/executors.hpp:21[m[K,
[7.473s]                  from [01m[K/opt/ros/foxy/include/rclcpp/rclcpp.hpp:146[m[K,
[7.474s]                  from [01m[K/home/jetson/bbb_jetson_ws/src/bbb_package/src/read_IMU.cpp:11[m[K:
[7.475s] [01m[K/home/jetson/bbb_jetson_ws/src/bbb_package/src/read_IMU.cpp:154:21:[m[K [01;31m[Kerror: [m[Ktemplate argument 1 is invalid
[7.477s]   154 |             } else {[01;31m[KRCLCPP_ERROR[m[K(get_logger(), "yaw error ");}
[7.478s]       |                     [01;31m[K^~~~~~~~~~~~[m[K
[7.479s] [01m[K/home/jetson/bbb_jetson_ws/src/bbb_package/src/read_IMU.cpp:154:21:[m[K [01;31m[Kerror: [m[Ktemplate argument 1 is invalid
[7.480s]   154 |             } else {[01;31m[KRCLCPP_ERROR[m[K(get_logger(), "yaw error ");}
[7.480s]       |                     [01;31m[K^~~~~~~~~~~~[m[K
[7.481s] [01m[K/home/jetson/bbb_jetson_ws/src/bbb_package/src/read_IMU.cpp:154:21:[m[K [01;31m[Kerror: [m[Ktemplate argument 1 is invalid
[7.482s]   154 |             } else {[01;31m[KRCLCPP_ERROR[m[K(get_logger(), "yaw error ");}
[7.484s]       |                     [01;31m[K^~~~~~~~~~~~[m[K
[7.485s] [01m[K/home/jetson/bbb_jetson_ws/src/bbb_package/src/read_IMU.cpp:158:29:[m[K [01;31m[Kerror: [m[K‘[01m[Kget_logger[m[K’ was not declared in this scope; did you mean ‘[01m[Krclcpp::get_logger[m[K’?
[7.486s]   158 |                 RCLCPP_INFO([01;31m[Kget_logger[m[K(), "init_yaw_0 = %lf ", init_yaw);
[7.487s]       |                             [01;31m[K^~~~~~~~~~[m[K
[7.487s] In file included from [01m[K/opt/ros/foxy/include/rclcpp/logging.hpp:23[m[K,
[7.488s]                  from [01m[K/opt/ros/foxy/include/rclcpp/service.hpp:34[m[K,
[7.489s]                  from [01m[K/opt/ros/foxy/include/rclcpp/callback_group.hpp:25[m[K,
[7.490s]                  from [01m[K/opt/ros/foxy/include/rclcpp/any_executable.hpp:20[m[K,
[7.491s]                  from [01m[K/opt/ros/foxy/include/rclcpp/memory_strategy.hpp:24[m[K,
[7.492s]                  from [01m[K/opt/ros/foxy/include/rclcpp/memory_strategies.hpp:18[m[K,
[7.493s]                  from [01m[K/opt/ros/foxy/include/rclcpp/executor_options.hpp:20[m[K,
[7.494s]                  from [01m[K/opt/ros/foxy/include/rclcpp/executor.hpp:33[m[K,
[7.495s]                  from [01m[K/opt/ros/foxy/include/rclcpp/executors/multi_threaded_executor.hpp:26[m[K,
[7.497s]                  from [01m[K/opt/ros/foxy/include/rclcpp/executors.hpp:21[m[K,
[7.498s]                  from [01m[K/opt/ros/foxy/include/rclcpp/rclcpp.hpp:146[m[K,
[7.499s]                  from [01m[K/home/jetson/bbb_jetson_ws/src/bbb_package/src/read_IMU.cpp:11[m[K:
[7.500s] [01m[K/opt/ros/foxy/include/rclcpp/logger.hpp:80:17:[m[K [01;36m[Knote: [m[K‘[01m[Krclcpp::get_logger[m[K’ declared here
[7.501s]    80 |   friend Logger [01;36m[Krclcpp[m[K::get_logger(const std::string & name);
[7.502s]       |                 [01;36m[K^~~~~~[m[K
[7.503s] In file included from [01m[K/opt/ros/foxy/include/rclcpp/service.hpp:34[m[K,
[7.504s]                  from [01m[K/opt/ros/foxy/include/rclcpp/callback_group.hpp:25[m[K,
[7.505s]                  from [01m[K/opt/ros/foxy/include/rclcpp/any_executable.hpp:20[m[K,
[7.506s]                  from [01m[K/opt/ros/foxy/include/rclcpp/memory_strategy.hpp:24[m[K,
[7.507s]                  from [01m[K/opt/ros/foxy/include/rclcpp/memory_strategies.hpp:18[m[K,
[7.508s]                  from [01m[K/opt/ros/foxy/include/rclcpp/executor_options.hpp:20[m[K,
[7.509s]                  from [01m[K/opt/ros/foxy/include/rclcpp/executor.hpp:33[m[K,
[7.510s]                  from [01m[K/opt/ros/foxy/include/rclcpp/executors/multi_threaded_executor.hpp:26[m[K,
[7.511s]                  from [01m[K/opt/ros/foxy/include/rclcpp/executors.hpp:21[m[K,
[7.511s]                  from [01m[K/opt/ros/foxy/include/rclcpp/rclcpp.hpp:146[m[K,
[7.513s]                  from [01m[K/home/jetson/bbb_jetson_ws/src/bbb_package/src/read_IMU.cpp:11[m[K:
[7.514s] [01m[K/home/jetson/bbb_jetson_ws/src/bbb_package/src/read_IMU.cpp:158:17:[m[K [01;31m[Kerror: [m[Ktemplate argument 1 is invalid
[7.515s]   158 |                 [01;31m[KRCLCPP_INFO[m[K(get_logger(), "init_yaw_0 = %lf ", init_yaw);
[7.516s]       |                 [01;31m[K^~~~~~~~~~~[m[K
[7.517s] [01m[K/home/jetson/bbb_jetson_ws/src/bbb_package/src/read_IMU.cpp:158:17:[m[K [01;31m[Kerror: [m[Ktemplate argument 1 is invalid
[7.518s]   158 |                 [01;31m[KRCLCPP_INFO[m[K(get_logger(), "init_yaw_0 = %lf ", init_yaw);
[7.520s]       |                 [01;31m[K^~~~~~~~~~~[m[K
[7.521s] [01m[K/home/jetson/bbb_jetson_ws/src/bbb_package/src/read_IMU.cpp:158:17:[m[K [01;31m[Kerror: [m[Ktemplate argument 1 is invalid
[7.522s]   158 |                 [01;31m[KRCLCPP_INFO[m[K(get_logger(), "init_yaw_0 = %lf ", init_yaw);
[7.523s]       |                 [01;31m[K^~~~~~~~~~~[m[K
[7.524s] [01m[K/home/jetson/bbb_jetson_ws/src/bbb_package/src/read_IMU.cpp:161:29:[m[K [01;31m[Kerror: [m[K‘[01m[Kget_logger[m[K’ was not declared in this scope; did you mean ‘[01m[Krclcpp::get_logger[m[K’?
[7.525s]   161 |                 RCLCPP_INFO([01;31m[Kget_logger[m[K(), "init_yaw_1 = %lf ", init_yaw);
[7.526s]       |                             [01;31m[K^~~~~~~~~~[m[K
[7.527s] In file included from [01m[K/opt/ros/foxy/include/rclcpp/logging.hpp:23[m[K,
[7.528s]                  from [01m[K/opt/ros/foxy/include/rclcpp/service.hpp:34[m[K,
[7.529s]                  from [01m[K/opt/ros/foxy/include/rclcpp/callback_group.hpp:25[m[K,
[7.530s]                  from [01m[K/opt/ros/foxy/include/rclcpp/any_executable.hpp:20[m[K,
[7.531s]                  from [01m[K/opt/ros/foxy/include/rclcpp/memory_strategy.hpp:24[m[K,
[7.532s]                  from [01m[K/opt/ros/foxy/include/rclcpp/memory_strategies.hpp:18[m[K,
[7.532s]                  from [01m[K/opt/ros/foxy/include/rclcpp/executor_options.hpp:20[m[K,
[7.533s]                  from [01m[K/opt/ros/foxy/include/rclcpp/executor.hpp:33[m[K,
[7.534s]                  from [01m[K/opt/ros/foxy/include/rclcpp/executors/multi_threaded_executor.hpp:26[m[K,
[7.535s]                  from [01m[K/opt/ros/foxy/include/rclcpp/executors.hpp:21[m[K,
[7.536s]                  from [01m[K/opt/ros/foxy/include/rclcpp/rclcpp.hpp:146[m[K,
[7.537s]                  from [01m[K/home/jetson/bbb_jetson_ws/src/bbb_package/src/read_IMU.cpp:11[m[K:
[7.538s] [01m[K/opt/ros/foxy/include/rclcpp/logger.hpp:80:17:[m[K [01;36m[Knote: [m[K‘[01m[Krclcpp::get_logger[m[K’ declared here
[7.539s]    80 |   friend Logger [01;36m[Krclcpp[m[K::get_logger(const std::string & name);
[7.539s]       |                 [01;36m[K^~~~~~[m[K
[7.541s] In file included from [01m[K/opt/ros/foxy/include/rclcpp/service.hpp:34[m[K,
[7.541s]                  from [01m[K/opt/ros/foxy/include/rclcpp/callback_group.hpp:25[m[K,
[7.542s]                  from [01m[K/opt/ros/foxy/include/rclcpp/any_executable.hpp:20[m[K,
[7.543s]                  from [01m[K/opt/ros/foxy/include/rclcpp/memory_strategy.hpp:24[m[K,
[7.544s]                  from [01m[K/opt/ros/foxy/include/rclcpp/memory_strategies.hpp:18[m[K,
[7.545s]                  from [01m[K/opt/ros/foxy/include/rclcpp/executor_options.hpp:20[m[K,
[7.546s]                  from [01m[K/opt/ros/foxy/include/rclcpp/executor.hpp:33[m[K,
[7.547s]                  from [01m[K/opt/ros/foxy/include/rclcpp/executors/multi_threaded_executor.hpp:26[m[K,
[7.548s]                  from [01m[K/opt/ros/foxy/include/rclcpp/executors.hpp:21[m[K,
[7.549s]                  from [01m[K/opt/ros/foxy/include/rclcpp/rclcpp.hpp:146[m[K,
[7.550s]                  from [01m[K/home/jetson/bbb_jetson_ws/src/bbb_package/src/read_IMU.cpp:11[m[K:
[7.551s] [01m[K/home/jetson/bbb_jetson_ws/src/bbb_package/src/read_IMU.cpp:161:17:[m[K [01;31m[Kerror: [m[Ktemplate argument 1 is invalid
[7.551s]   161 |                 [01;31m[KRCLCPP_INFO[m[K(get_logger(), "init_yaw_1 = %lf ", init_yaw);
[7.552s]       |                 [01;31m[K^~~~~~~~~~~[m[K
[7.553s] [01m[K/home/jetson/bbb_jetson_ws/src/bbb_package/src/read_IMU.cpp:161:17:[m[K [01;31m[Kerror: [m[Ktemplate argument 1 is invalid
[7.554s]   161 |                 [01;31m[KRCLCPP_INFO[m[K(get_logger(), "init_yaw_1 = %lf ", init_yaw);
[7.555s]       |                 [01;31m[K^~~~~~~~~~~[m[K
[7.556s] [01m[K/home/jetson/bbb_jetson_ws/src/bbb_package/src/read_IMU.cpp:161:17:[m[K [01;31m[Kerror: [m[Ktemplate argument 1 is invalid
[7.557s]   161 |                 [01;31m[KRCLCPP_INFO[m[K(get_logger(), "init_yaw_1 = %lf ", init_yaw);
[7.558s]       |                 [01;31m[K^~~~~~~~~~~[m[K
[7.559s] [01m[K/home/jetson/bbb_jetson_ws/src/bbb_package/src/read_IMU.cpp:171:29:[m[K [01;31m[Kerror: [m[K‘[01m[Kget_logger[m[K’ was not declared in this scope; did you mean ‘[01m[Krclcpp::get_logger[m[K’?
[7.560s]   171 |                 RCLCPP_INFO([01;31m[Kget_logger[m[K(), "yaw = %lf ", yaw);
[7.561s]       |                             [01;31m[K^~~~~~~~~~[m[K
[7.562s] In file included from [01m[K/opt/ros/foxy/include/rclcpp/logging.hpp:23[m[K,
[7.563s]                  from [01m[K/opt/ros/foxy/include/rclcpp/service.hpp:34[m[K,
[7.564s]                  from [01m[K/opt/ros/foxy/include/rclcpp/callback_group.hpp:25[m[K,
[7.565s]                  from [01m[K/opt/ros/foxy/include/rclcpp/any_executable.hpp:20[m[K,
[7.566s]                  from [01m[K/opt/ros/foxy/include/rclcpp/memory_strategy.hpp:24[m[K,
[7.567s]                  from [01m[K/opt/ros/foxy/include/rclcpp/memory_strategies.hpp:18[m[K,
[7.569s]                  from [01m[K/opt/ros/foxy/include/rclcpp/executor_options.hpp:20[m[K,
[7.570s]                  from [01m[K/opt/ros/foxy/include/rclcpp/executor.hpp:33[m[K,
[7.571s]                  from [01m[K/opt/ros/foxy/include/rclcpp/executors/multi_threaded_executor.hpp:26[m[K,
[7.572s]                  from [01m[K/opt/ros/foxy/include/rclcpp/executors.hpp:21[m[K,
[7.573s]                  from [01m[K/opt/ros/foxy/include/rclcpp/rclcpp.hpp:146[m[K,
[7.574s]                  from [01m[K/home/jetson/bbb_jetson_ws/src/bbb_package/src/read_IMU.cpp:11[m[K:
[7.575s] [01m[K/opt/ros/foxy/include/rclcpp/logger.hpp:80:17:[m[K [01;36m[Knote: [m[K‘[01m[Krclcpp::get_logger[m[K’ declared here
[7.576s]    80 |   friend Logger [01;36m[Krclcpp[m[K::get_logger(const std::string & name);
[7.577s]       |                 [01;36m[K^~~~~~[m[K
[7.578s] In file included from [01m[K/opt/ros/foxy/include/rclcpp/service.hpp:34[m[K,
[7.579s]                  from [01m[K/opt/ros/foxy/include/rclcpp/callback_group.hpp:25[m[K,
[7.580s]                  from [01m[K/opt/ros/foxy/include/rclcpp/any_executable.hpp:20[m[K,
[7.581s]                  from [01m[K/opt/ros/foxy/include/rclcpp/memory_strategy.hpp:24[m[K,
[7.582s]                  from [01m[K/opt/ros/foxy/include/rclcpp/memory_strategies.hpp:18[m[K,
[7.583s]                  from [01m[K/opt/ros/foxy/include/rclcpp/executor_options.hpp:20[m[K,
[7.584s]                  from [01m[K/opt/ros/foxy/include/rclcpp/executor.hpp:33[m[K,
[7.585s]                  from [01m[K/opt/ros/foxy/include/rclcpp/executors/multi_threaded_executor.hpp:26[m[K,
[7.586s]                  from [01m[K/opt/ros/foxy/include/rclcpp/executors.hpp:21[m[K,
[7.587s]                  from [01m[K/opt/ros/foxy/include/rclcpp/rclcpp.hpp:146[m[K,
[7.588s]                  from [01m[K/home/jetson/bbb_jetson_ws/src/bbb_package/src/read_IMU.cpp:11[m[K:
[7.589s] [01m[K/home/jetson/bbb_jetson_ws/src/bbb_package/src/read_IMU.cpp:171:17:[m[K [01;31m[Kerror: [m[Ktemplate argument 1 is invalid
[7.590s]   171 |                 [01;31m[KRCLCPP_INFO[m[K(get_logger(), "yaw = %lf ", yaw);
[7.590s]       |                 [01;31m[K^~~~~~~~~~~[m[K
[7.591s] [01m[K/home/jetson/bbb_jetson_ws/src/bbb_package/src/read_IMU.cpp:171:17:[m[K [01;31m[Kerror: [m[Ktemplate argument 1 is invalid
[7.593s]   171 |                 [01;31m[KRCLCPP_INFO[m[K(get_logger(), "yaw = %lf ", yaw);
[7.594s]       |                 [01;31m[K^~~~~~~~~~~[m[K
[7.595s] [01m[K/home/jetson/bbb_jetson_ws/src/bbb_package/src/read_IMU.cpp:171:17:[m[K [01;31m[Kerror: [m[Ktemplate argument 1 is invalid
[7.595s]   171 |                 [01;31m[KRCLCPP_INFO[m[K(get_logger(), "yaw = %lf ", yaw);
[7.597s]       |                 [01;31m[K^~~~~~~~~~~[m[K
[10.880s] make[2]: *** [CMakeFiles/read_IMU.dir/build.make:63: CMakeFiles/read_IMU.dir/src/read_IMU.cpp.o] Error 1
[10.882s] make[1]: *** [CMakeFiles/Makefile2:96: CMakeFiles/read_IMU.dir/all] Error 2
[10.884s] make: *** [Makefile:141: all] Error 2
[10.892s] Invoked command in '/home/jetson/bbb_jetson_ws/build/bbb_package' returned '2': CMAKE_PREFIX_PATH=/home/jetson/bbb_jetson_ws/install/serial:/home/jetson/bbb_jetson_ws/install/ros2_laser_scan_matcher:/home/jetson/bbb_jetson_ws/install/diffdrive_arduino:/home/jetson/bbb_jetson_ws/install/bbb_package:/home/jetson/bbb_jetson_ws/install/micro_ros_setup:/home/jetson/bbb_jetson_ws/install/csm:/home/jetson/bbb_jetson_ws/install/bbb_robot:/opt/ros/foxy /usr/bin/cmake --build /home/jetson/bbb_jetson_ws/build/bbb_package -- -j4 -l4
