[35m[1mScanning dependencies of target data_processing_node_circle[0m
[  5%] Built target data_processing_node_trap
[ 10%] Built target data_processing_node_straight
[ 13%] [32mBuilding CXX object CMakeFiles/data_processing_node_circle.dir/src/data_processing_node_circle.cpp.o[0m
[ 18%] Built target data_processing_node_zz
[ 23%] Built target read_IMU
[ 28%] Built target data_processing_node
[ 34%] Built target controllers_node
[ 39%] Built target read_lidar
[ 44%] Built target pid_node
[ 50%] Built target delta_angle_node
[ 55%] Built target tune_node
[ 60%] Built target tune_fuzzy_node
[ 65%] Built target data_processing_node_eight
[ 71%] Built target fuzzy_longitudinal_controllers
[ 76%] Built target circumference_node
[ 81%] Built target lidar_tune
[ 86%] Built target straight_line_node
[ 92%] Built target stanley_node
[ 97%] Built target sinusoidal_node
[01m[K/home/jetson/bbb_jetson_ws/src/bbb_package/src/data_processing_node_circle.cpp:[m[K In constructor ‘[01m[KDataProcessingNode::DataProcessingNode()[m[K’:
[01m[K/home/jetson/bbb_jetson_ws/src/bbb_package/src/data_processing_node_circle.cpp:32:116:[m[K [01;31m[Kerror: [m[Kexpected identifier before ‘[01m[K,[m[K’ token
   32 |     : Node("Stanley_node"), angleIMU(0.0), actual_position({0.0, 0.0}), pre_actual_position({0.0, 0.0}), index(0), [01;31m[K,[m[Kpre_index (0), d_min(0.0) {
      |                                                                                                                    [01;31m[K^[m[K
make[2]: *** [CMakeFiles/data_processing_node_circle.dir/build.make:63: CMakeFiles/data_processing_node_circle.dir/src/data_processing_node_circle.cpp.o] Error 1
make[1]: *** [CMakeFiles/Makefile2:141: CMakeFiles/data_processing_node_circle.dir/all] Error 2
make: *** [Makefile:141: all] Error 2
