[0.250s] Invoking command in '/home/jetson/bbb_jetson_ws/src/build/diffdrive_arduino': AMENT_PREFIX_PATH=/home/jetson/bbb_jetson_ws/src/install/serial:${AMENT_PREFIX_PATH} CMAKE_PREFIX_PATH=/home/jetson/bbb_jetson_ws/src/install/serial:/opt/ros/foxy LD_LIBRARY_PATH=/home/jetson/bbb_jetson_ws/src/install/serial/lib:${LD_LIBRARY_PATH} /usr/bin/cmake /home/jetson/bbb_jetson_ws/src/diffdrive_arduino -DCMAKE_INSTALL_PREFIX=/home/jetson/bbb_jetson_ws/src/install/diffdrive_arduino
[1.138s] -- The C compiler identification is GNU 9.4.0
[1.762s] -- The CXX compiler identification is GNU 9.4.0
[1.841s] -- Check for working C compiler: /usr/bin/cc
[3.106s] -- Check for working C compiler: /usr/bin/cc -- works
[3.125s] -- Detecting C compiler ABI info
[4.270s] -- Detecting C compiler ABI info - done
[4.463s] -- Detecting C compile features
[4.468s] -- Detecting C compile features - done
[4.503s] -- Check for working CXX compiler: /usr/bin/c++
[5.646s] -- Check for working CXX compiler: /usr/bin/c++ -- works
[5.666s] -- Detecting CXX compiler ABI info
[6.765s] -- Detecting CXX compiler ABI info - done
[6.886s] -- Detecting CXX compile features
[6.895s] -- Detecting CXX compile features - done
[6.957s] -- Found ament_cmake: 0.9.12 (/opt/ros/foxy/share/ament_cmake/cmake)
[7.275s] -- Found PythonInterp: /usr/bin/python3 (found suitable version "3.8.10", minimum required is "3") 
[7.279s] -- Using PYTHON_EXECUTABLE: /usr/bin/python3
[10.689s] -- Found serial: 1.2.1 (/home/jetson/bbb_jetson_ws/src/install/serial/share/serial/cmake)
[10.731s] -- Found hardware_interface: 0.11.0 (/opt/ros/foxy/share/hardware_interface/cmake)
[11.538s] -- Using all available rosidl_typesupport_c: rosidl_typesupport_fastrtps_c;rosidl_typesupport_introspection_c
[11.749s] -- Found rosidl_adapter: 1.3.1 (/opt/ros/foxy/share/rosidl_adapter/cmake)
[13.324s] -- Found OpenSSL: /usr/lib/aarch64-linux-gnu/libcrypto.so (found version "1.1.1f")  
[13.829s] -- Found FastRTPS: /opt/ros/foxy/include  
[15.431s] -- Using all available rosidl_typesupport_cpp: rosidl_typesupport_fastrtps_cpp;rosidl_typesupport_introspection_cpp
[24.163s] -- Found controller_manager: 0.11.0 (/opt/ros/foxy/share/controller_manager/cmake)
[25.224s] -- Found rmw_implementation_cmake: 1.0.4 (/opt/ros/foxy/share/rmw_implementation_cmake/cmake)
[25.248s] -- Using RMW implementation 'rmw_fastrtps_cpp' as default
[25.261s] -- Looking for pthread.h
[26.337s] -- Looking for pthread.h - found
[26.342s] -- Performing Test CMAKE_HAVE_LIBC_PTHREAD
[27.515s] -- Performing Test CMAKE_HAVE_LIBC_PTHREAD - Failed
[27.519s] -- Looking for pthread_create in pthreads
[28.466s] -- Looking for pthread_create in pthreads - not found
[28.470s] -- Looking for pthread_create in pthread
[29.769s] -- Looking for pthread_create in pthread - found
[29.795s] -- Found Threads: TRUE  
[37.129s] -- Configuring done
[37.818s] -- Generating done
[37.858s] -- Build files have been written to: /home/jetson/bbb_jetson_ws/src/build/diffdrive_arduino
[37.961s] Invoked command in '/home/jetson/bbb_jetson_ws/src/build/diffdrive_arduino' returned '0': AMENT_PREFIX_PATH=/home/jetson/bbb_jetson_ws/src/install/serial:${AMENT_PREFIX_PATH} CMAKE_PREFIX_PATH=/home/jetson/bbb_jetson_ws/src/install/serial:/opt/ros/foxy LD_LIBRARY_PATH=/home/jetson/bbb_jetson_ws/src/install/serial/lib:${LD_LIBRARY_PATH} /usr/bin/cmake /home/jetson/bbb_jetson_ws/src/diffdrive_arduino -DCMAKE_INSTALL_PREFIX=/home/jetson/bbb_jetson_ws/src/install/diffdrive_arduino
[37.979s] Invoking command in '/home/jetson/bbb_jetson_ws/src/build/diffdrive_arduino': AMENT_PREFIX_PATH=/home/jetson/bbb_jetson_ws/src/install/serial:${AMENT_PREFIX_PATH} CMAKE_PREFIX_PATH=/home/jetson/bbb_jetson_ws/src/install/serial:/opt/ros/foxy LD_LIBRARY_PATH=/home/jetson/bbb_jetson_ws/src/install/serial/lib:${LD_LIBRARY_PATH} /usr/bin/cmake --build /home/jetson/bbb_jetson_ws/src/build/diffdrive_arduino -- -j4 -l4
[38.637s] [35m[1mScanning dependencies of target fake_robot[0m
[39.174s] [ 14%] [32mBuilding CXX object CMakeFiles/fake_robot.dir/src/fake_robot.cpp.o[0m
[68.322s] [ 28%] [32mBuilding CXX object CMakeFiles/fake_robot.dir/src/wheel.cpp.o[0m
[70.973s] [ 42%] [32m[1mLinking CXX shared library libfake_robot.so[0m
[72.499s] [ 42%] Built target fake_robot
[72.582s] [35m[1mScanning dependencies of target diffdrive_arduino[0m
[73.292s] [ 57%] [32mBuilding CXX object CMakeFiles/diffdrive_arduino.dir/src/diffdrive_arduino.cpp.o[0m
[91.930s] [ 71%] [32mBuilding CXX object CMakeFiles/diffdrive_arduino.dir/src/arduino_comms.cpp.o[0m
[100.538s] [ 85%] [32mBuilding CXX object CMakeFiles/diffdrive_arduino.dir/src/wheel.cpp.o[0m
[101.581s] [100%] [32m[1mLinking CXX shared library libdiffdrive_arduino.so[0m
[102.859s] [100%] Built target diffdrive_arduino
[102.924s] Invoked command in '/home/jetson/bbb_jetson_ws/src/build/diffdrive_arduino' returned '0': AMENT_PREFIX_PATH=/home/jetson/bbb_jetson_ws/src/install/serial:${AMENT_PREFIX_PATH} CMAKE_PREFIX_PATH=/home/jetson/bbb_jetson_ws/src/install/serial:/opt/ros/foxy LD_LIBRARY_PATH=/home/jetson/bbb_jetson_ws/src/install/serial/lib:${LD_LIBRARY_PATH} /usr/bin/cmake --build /home/jetson/bbb_jetson_ws/src/build/diffdrive_arduino -- -j4 -l4
[103.070s] Invoking command in '/home/jetson/bbb_jetson_ws/src/build/diffdrive_arduino': AMENT_PREFIX_PATH=/home/jetson/bbb_jetson_ws/src/install/serial:${AMENT_PREFIX_PATH} CMAKE_PREFIX_PATH=/home/jetson/bbb_jetson_ws/src/install/serial:/opt/ros/foxy LD_LIBRARY_PATH=/home/jetson/bbb_jetson_ws/src/install/serial/lib:${LD_LIBRARY_PATH} /usr/bin/cmake --install /home/jetson/bbb_jetson_ws/src/build/diffdrive_arduino
[103.117s] -- Install configuration: ""
[103.119s] -- Installing: /home/jetson/bbb_jetson_ws/src/install/diffdrive_arduino/share/diffdrive_arduino/robot_hardware.xml
[103.122s] -- Installing: /home/jetson/bbb_jetson_ws/src/install/diffdrive_arduino/share/diffdrive_arduino/fake_robot_hardware.xml
[103.124s] -- Installing: /home/jetson/bbb_jetson_ws/src/install/diffdrive_arduino/lib/libdiffdrive_arduino.so
[103.133s] -- Set runtime path of "/home/jetson/bbb_jetson_ws/src/install/diffdrive_arduino/lib/libdiffdrive_arduino.so" to ""
[103.135s] -- Installing: /home/jetson/bbb_jetson_ws/src/install/diffdrive_arduino/lib/libfake_robot.so
[103.142s] -- Set runtime path of "/home/jetson/bbb_jetson_ws/src/install/diffdrive_arduino/lib/libfake_robot.so" to ""
[103.144s] -- Installing: /home/jetson/bbb_jetson_ws/src/install/diffdrive_arduino/share/diffdrive_arduino/controllers
[103.146s] -- Installing: /home/jetson/bbb_jetson_ws/src/install/diffdrive_arduino/share/diffdrive_arduino/controllers/robot_controller_example.yaml
[103.147s] -- Up-to-date: /home/jetson/bbb_jetson_ws/src/install/diffdrive_arduino/share/diffdrive_arduino
[103.149s] -- Installing: /home/jetson/bbb_jetson_ws/src/install/diffdrive_arduino/share/diffdrive_arduino/test_robot.launch.py
[103.152s] -- Installing: /home/jetson/bbb_jetson_ws/src/install/diffdrive_arduino/share/diffdrive_arduino/fake_robot.launch.py
[103.160s] -- Installing: /home/jetson/bbb_jetson_ws/src/install/diffdrive_arduino/share/diffdrive_arduino/environment/library_path.sh
[103.161s] -- Installing: /home/jetson/bbb_jetson_ws/src/install/diffdrive_arduino/share/diffdrive_arduino/environment/library_path.dsv
[103.164s] -- Installing: /home/jetson/bbb_jetson_ws/src/install/diffdrive_arduino/share/ament_index/resource_index/package_run_dependencies/diffdrive_arduino
[103.167s] -- Installing: /home/jetson/bbb_jetson_ws/src/install/diffdrive_arduino/share/ament_index/resource_index/parent_prefix_path/diffdrive_arduino
[103.169s] -- Installing: /home/jetson/bbb_jetson_ws/src/install/diffdrive_arduino/share/diffdrive_arduino/environment/ament_prefix_path.sh
[103.170s] -- Installing: /home/jetson/bbb_jetson_ws/src/install/diffdrive_arduino/share/diffdrive_arduino/environment/ament_prefix_path.dsv
[103.171s] -- Installing: /home/jetson/bbb_jetson_ws/src/install/diffdrive_arduino/share/diffdrive_arduino/environment/path.sh
[103.172s] -- Installing: /home/jetson/bbb_jetson_ws/src/install/diffdrive_arduino/share/diffdrive_arduino/environment/path.dsv
[103.173s] -- Installing: /home/jetson/bbb_jetson_ws/src/install/diffdrive_arduino/share/diffdrive_arduino/local_setup.bash
[103.175s] -- Installing: /home/jetson/bbb_jetson_ws/src/install/diffdrive_arduino/share/diffdrive_arduino/local_setup.sh
[103.176s] -- Installing: /home/jetson/bbb_jetson_ws/src/install/diffdrive_arduino/share/diffdrive_arduino/local_setup.zsh
[103.178s] -- Installing: /home/jetson/bbb_jetson_ws/src/install/diffdrive_arduino/share/diffdrive_arduino/local_setup.dsv
[103.179s] -- Installing: /home/jetson/bbb_jetson_ws/src/install/diffdrive_arduino/share/diffdrive_arduino/package.dsv
[103.181s] -- Installing: /home/jetson/bbb_jetson_ws/src/install/diffdrive_arduino/share/ament_index/resource_index/packages/diffdrive_arduino
[103.182s] -- Installing: /home/jetson/bbb_jetson_ws/src/install/diffdrive_arduino/share/ament_index/resource_index/hardware_interface__pluginlib__plugin/diffdrive_arduino
[103.184s] -- Installing: /home/jetson/bbb_jetson_ws/src/install/diffdrive_arduino/share/diffdrive_arduino/cmake/ament_cmake_export_libraries-extras.cmake
[103.188s] -- Installing: /home/jetson/bbb_jetson_ws/src/install/diffdrive_arduino/share/diffdrive_arduino/cmake/ament_cmake_export_dependencies-extras.cmake
[103.192s] -- Installing: /home/jetson/bbb_jetson_ws/src/install/diffdrive_arduino/share/diffdrive_arduino/cmake/diffdrive_arduinoConfig.cmake
[103.194s] -- Installing: /home/jetson/bbb_jetson_ws/src/install/diffdrive_arduino/share/diffdrive_arduino/cmake/diffdrive_arduinoConfig-version.cmake
[103.195s] -- Installing: /home/jetson/bbb_jetson_ws/src/install/diffdrive_arduino/share/diffdrive_arduino/package.xml
[103.214s] Invoked command in '/home/jetson/bbb_jetson_ws/src/build/diffdrive_arduino' returned '0': AMENT_PREFIX_PATH=/home/jetson/bbb_jetson_ws/src/install/serial:${AMENT_PREFIX_PATH} CMAKE_PREFIX_PATH=/home/jetson/bbb_jetson_ws/src/install/serial:/opt/ros/foxy LD_LIBRARY_PATH=/home/jetson/bbb_jetson_ws/src/install/serial/lib:${LD_LIBRARY_PATH} /usr/bin/cmake --install /home/jetson/bbb_jetson_ws/src/build/diffdrive_arduino
