[2.561s] DEBUG:colcon:Command line arguments: ['/usr/bin/colcon', 'build', '--packages-select', 'bbb_package']
[2.562s] DEBUG:colcon:Parsed command line arguments: Namespace(allow_overriding=[], ament_cmake_args=None, base_paths=['.'], build_base='build', catkin_cmake_args=None, catkin_skip_building_tests=False, cmake_args=None, cmake_clean_cache=False, cmake_clean_first=False, cmake_force_configure=False, cmake_target=None, cmake_target_skip_unavailable=False, continue_on_error=False, event_handlers=None, executor='parallel', ignore_user_meta=False, install_base='install', log_base=None, log_level=None, main=<bound method BuildVerb.main of <colcon_core.verb.build.BuildVerb object at 0x7f9f739a30>>, merge_install=False, metas=['./colcon.meta'], packages_above=None, packages_above_and_dependencies=None, packages_above_depth=None, packages_end=None, packages_ignore=None, packages_ignore_regex=None, packages_select=['bbb_package'], packages_select_build_failed=False, packages_select_by_dep=None, packages_select_regex=None, packages_select_test_failures=False, packages_skip=None, packages_skip_build_finished=False, packages_skip_by_dep=None, packages_skip_regex=None, packages_skip_test_passed=False, packages_skip_up_to=None, packages_start=None, packages_up_to=None, packages_up_to_regex=None, parallel_workers=4, paths=None, symlink_install=False, test_result_base=None, verb_extension=<colcon_core.verb.build.BuildVerb object at 0x7f9f739a30>, verb_name='build', verb_parser=<colcon_defaults.argument_parser.defaults.DefaultArgumentsDecorator object at 0x7f9f6466d0>)
[4.989s] Level 1:colcon.colcon_core.package_discovery:discover_packages(colcon_meta) check parameters
[4.992s] Level 1:colcon.colcon_core.package_discovery:discover_packages(recursive) check parameters
[4.993s] Level 1:colcon.colcon_core.package_discovery:discover_packages(ignore) check parameters
[4.995s] Level 1:colcon.colcon_core.package_discovery:discover_packages(path) check parameters
[4.996s] Level 1:colcon.colcon_core.package_discovery:discover_packages(colcon_meta) discover
[4.998s] Level 1:colcon.colcon_core.package_discovery:discover_packages(recursive) discover
[4.999s] INFO:colcon.colcon_core.package_discovery:Crawling recursively for packages in '/home/jetson/bbb_jetson_ws'
[5.001s] Level 1:colcon.colcon_core.package_identification:_identify(.) by extensions ['ignore', 'ignore_ament_install']
[5.003s] Level 1:colcon.colcon_core.package_identification:_identify(.) by extension 'ignore'
[5.005s] Level 1:colcon.colcon_core.package_identification:_identify(.) by extension 'ignore_ament_install'
[5.007s] Level 1:colcon.colcon_core.package_identification:_identify(.) by extensions ['colcon_pkg']
[5.008s] Level 1:colcon.colcon_core.package_identification:_identify(.) by extension 'colcon_pkg'
[5.010s] Level 1:colcon.colcon_core.package_identification:_identify(.) by extensions ['colcon_meta']
[5.011s] Level 1:colcon.colcon_core.package_identification:_identify(.) by extension 'colcon_meta'
[5.013s] Level 1:colcon.colcon_core.package_identification:_identify(.) by extensions ['ros']
[5.014s] Level 1:colcon.colcon_core.package_identification:_identify(.) by extension 'ros'
[5.165s] Level 1:colcon.colcon_core.package_identification:_identify(.) by extensions ['cmake', 'python']
[5.167s] Level 1:colcon.colcon_core.package_identification:_identify(.) by extension 'cmake'
[5.168s] Level 1:colcon.colcon_core.package_identification:_identify(.) by extension 'python'
[5.170s] Level 1:colcon.colcon_core.package_identification:_identify(.) by extensions ['python_setup_py']
[5.171s] Level 1:colcon.colcon_core.package_identification:_identify(.) by extension 'python_setup_py'
[5.174s] Level 1:colcon.colcon_core.package_identification:_identify(build) by extensions ['ignore', 'ignore_ament_install']
[5.176s] Level 1:colcon.colcon_core.package_identification:_identify(build) by extension 'ignore'
[5.178s] Level 1:colcon.colcon_core.package_identification:_identify(build) ignored
[5.180s] Level 1:colcon.colcon_core.package_identification:_identify(frames) by extensions ['ignore', 'ignore_ament_install']
[5.182s] Level 1:colcon.colcon_core.package_identification:_identify(frames) by extension 'ignore'
[5.184s] Level 1:colcon.colcon_core.package_identification:_identify(frames) by extension 'ignore_ament_install'
[5.185s] Level 1:colcon.colcon_core.package_identification:_identify(frames) by extensions ['colcon_pkg']
[5.187s] Level 1:colcon.colcon_core.package_identification:_identify(frames) by extension 'colcon_pkg'
[5.188s] Level 1:colcon.colcon_core.package_identification:_identify(frames) by extensions ['colcon_meta']
[5.190s] Level 1:colcon.colcon_core.package_identification:_identify(frames) by extension 'colcon_meta'
[5.191s] Level 1:colcon.colcon_core.package_identification:_identify(frames) by extensions ['ros']
[5.193s] Level 1:colcon.colcon_core.package_identification:_identify(frames) by extension 'ros'
[5.195s] Level 1:colcon.colcon_core.package_identification:_identify(frames) by extensions ['cmake', 'python']
[5.196s] Level 1:colcon.colcon_core.package_identification:_identify(frames) by extension 'cmake'
[5.198s] Level 1:colcon.colcon_core.package_identification:_identify(frames) by extension 'python'
[5.199s] Level 1:colcon.colcon_core.package_identification:_identify(frames) by extensions ['python_setup_py']
[5.201s] Level 1:colcon.colcon_core.package_identification:_identify(frames) by extension 'python_setup_py'
[5.203s] Level 1:colcon.colcon_core.package_identification:_identify(install) by extensions ['ignore', 'ignore_ament_install']
[5.205s] Level 1:colcon.colcon_core.package_identification:_identify(install) by extension 'ignore'
[5.207s] Level 1:colcon.colcon_core.package_identification:_identify(install) ignored
[5.242s] Level 1:colcon.colcon_core.package_identification:_identify(log) by extensions ['ignore', 'ignore_ament_install']
[5.250s] Level 1:colcon.colcon_core.package_identification:_identify(log) by extension 'ignore'
[5.252s] Level 1:colcon.colcon_core.package_identification:_identify(log) ignored
[5.254s] Level 1:colcon.colcon_core.package_identification:_identify(src) by extensions ['ignore', 'ignore_ament_install']
[5.261s] Level 1:colcon.colcon_core.package_identification:_identify(src) by extension 'ignore'
[5.262s] Level 1:colcon.colcon_core.package_identification:_identify(src) by extension 'ignore_ament_install'
[5.263s] Level 1:colcon.colcon_core.package_identification:_identify(src) by extensions ['colcon_pkg']
[5.264s] Level 1:colcon.colcon_core.package_identification:_identify(src) by extension 'colcon_pkg'
[5.273s] Level 1:colcon.colcon_core.package_identification:_identify(src) by extensions ['colcon_meta']
[5.273s] Level 1:colcon.colcon_core.package_identification:_identify(src) by extension 'colcon_meta'
