[0.627s] DEBUG:colcon:Command line arguments: ['/usr/bin/colcon', 'build', '--packages-select', 'bbb_package']
[0.628s] DEBUG:colcon:Parsed command line arguments: Namespace(allow_overriding=[], ament_cmake_args=None, base_paths=['.'], build_base='build', catkin_cmake_args=None, catkin_skip_building_tests=False, cmake_args=None, cmake_clean_cache=False, cmake_clean_first=False, cmake_force_configure=False, cmake_target=None, cmake_target_skip_unavailable=False, continue_on_error=False, event_handlers=None, executor='parallel', ignore_user_meta=False, install_base='install', log_base=None, log_level=None, main=<bound method BuildVerb.main of <colcon_core.verb.build.BuildVerb object at 0x7fa0e9e9d0>>, merge_install=False, metas=['./colcon.meta'], packages_above=None, packages_above_and_dependencies=None, packages_above_depth=None, packages_end=None, packages_ignore=None, packages_ignore_regex=None, packages_select=['bbb_package'], packages_select_build_failed=False, packages_select_by_dep=None, packages_select_regex=None, packages_select_test_failures=False, packages_skip=None, packages_skip_build_finished=False, packages_skip_by_dep=None, packages_skip_regex=None, packages_skip_test_passed=False, packages_skip_up_to=None, packages_start=None, packages_up_to=None, packages_up_to_regex=None, parallel_workers=4, paths=None, symlink_install=False, test_result_base=None, verb_extension=<colcon_core.verb.build.BuildVerb object at 0x7fa0e9e9d0>, verb_name='build', verb_parser=<colcon_defaults.argument_parser.defaults.DefaultArgumentsDecorator object at 0x7fa0dab670>)
[1.179s] Level 1:colcon.colcon_core.package_discovery:discover_packages(colcon_meta) check parameters
[1.179s] Level 1:colcon.colcon_core.package_discovery:discover_packages(recursive) check parameters
[1.179s] Level 1:colcon.colcon_core.package_discovery:discover_packages(ignore) check parameters
[1.179s] Level 1:colcon.colcon_core.package_discovery:discover_packages(path) check parameters
[1.180s] Level 1:colcon.colcon_core.package_discovery:discover_packages(colcon_meta) discover
[1.180s] Level 1:colcon.colcon_core.package_discovery:discover_packages(recursive) discover
[1.180s] INFO:colcon.colcon_core.package_discovery:Crawling recursively for packages in '/home/jetson/bbb_jetson_ws'
[1.180s] Level 1:colcon.colcon_core.package_identification:_identify(.) by extensions ['ignore', 'ignore_ament_install']
[1.181s] Level 1:colcon.colcon_core.package_identification:_identify(.) by extension 'ignore'
[1.181s] Level 1:colcon.colcon_core.package_identification:_identify(.) by extension 'ignore_ament_install'
[1.181s] Level 1:colcon.colcon_core.package_identification:_identify(.) by extensions ['colcon_pkg']
[1.181s] Level 1:colcon.colcon_core.package_identification:_identify(.) by extension 'colcon_pkg'
[1.181s] Level 1:colcon.colcon_core.package_identification:_identify(.) by extensions ['colcon_meta']
[1.181s] Level 1:colcon.colcon_core.package_identification:_identify(.) by extension 'colcon_meta'
[1.181s] Level 1:colcon.colcon_core.package_identification:_identify(.) by extensions ['ros']
[1.182s] Level 1:colcon.colcon_core.package_identification:_identify(.) by extension 'ros'
[1.221s] Level 1:colcon.colcon_core.package_identification:_identify(.) by extensions ['cmake', 'python']
[1.221s] Level 1:colcon.colcon_core.package_identification:_identify(.) by extension 'cmake'
[1.222s] Level 1:colcon.colcon_core.package_identification:_identify(.) by extension 'python'
[1.222s] Level 1:colcon.colcon_core.package_identification:_identify(.) by extensions ['python_setup_py']
[1.222s] Level 1:colcon.colcon_core.package_identification:_identify(.) by extension 'python_setup_py'
[1.222s] Level 1:colcon.colcon_core.package_identification:_identify(build) by extensions ['ignore', 'ignore_ament_install']
[1.223s] Level 1:colcon.colcon_core.package_identification:_identify(build) by extension 'ignore'
[1.223s] Level 1:colcon.colcon_core.package_identification:_identify(build) ignored
[1.223s] Level 1:colcon.colcon_core.package_identification:_identify(frames) by extensions ['ignore', 'ignore_ament_install']
[1.223s] Level 1:colcon.colcon_core.package_identification:_identify(frames) by extension 'ignore'
[1.224s] Level 1:colcon.colcon_core.package_identification:_identify(frames) by extension 'ignore_ament_install'
[1.224s] Level 1:colcon.colcon_core.package_identification:_identify(frames) by extensions ['colcon_pkg']
[1.224s] Level 1:colcon.colcon_core.package_identification:_identify(frames) by extension 'colcon_pkg'
[1.224s] Level 1:colcon.colcon_core.package_identification:_identify(frames) by extensions ['colcon_meta']
[1.224s] Level 1:colcon.colcon_core.package_identification:_identify(frames) by extension 'colcon_meta'
[1.224s] Level 1:colcon.colcon_core.package_identification:_identify(frames) by extensions ['ros']
[1.224s] Level 1:colcon.colcon_core.package_identification:_identify(frames) by extension 'ros'
[1.225s] Level 1:colcon.colcon_core.package_identification:_identify(frames) by extensions ['cmake', 'python']
[1.225s] Level 1:colcon.colcon_core.package_identification:_identify(frames) by extension 'cmake'
[1.225s] Level 1:colcon.colcon_core.package_identification:_identify(frames) by extension 'python'
[1.225s] Level 1:colcon.colcon_core.package_identification:_identify(frames) by extensions ['python_setup_py']
[1.225s] Level 1:colcon.colcon_core.package_identification:_identify(frames) by extension 'python_setup_py'
[1.225s] Level 1:colcon.colcon_core.package_identification:_identify(install) by extensions ['ignore', 'ignore_ament_install']
[1.226s] Level 1:colcon.colcon_core.package_identification:_identify(install) by extension 'ignore'
[1.226s] Level 1:colcon.colcon_core.package_identification:_identify(install) ignored
[1.230s] Level 1:colcon.colcon_core.package_identification:_identify(log) by extensions ['ignore', 'ignore_ament_install']
[1.231s] Level 1:colcon.colcon_core.package_identification:_identify(log) by extension 'ignore'
[1.231s] Level 1:colcon.colcon_core.package_identification:_identify(log) ignored
[1.231s] Level 1:colcon.colcon_core.package_identification:_identify(src) by extensions ['ignore', 'ignore_ament_install']
[1.231s] Level 1:colcon.colcon_core.package_identification:_identify(src) by extension 'ignore'
[1.232s] Level 1:colcon.colcon_core.package_identification:_identify(src) by extension 'ignore_ament_install'
[1.232s] Level 1:colcon.colcon_core.package_identification:_identify(src) by extensions ['colcon_pkg']
[1.232s] Level 1:colcon.colcon_core.package_identification:_identify(src) by extension 'colcon_pkg'
[1.232s] Level 1:colcon.colcon_core.package_identification:_identify(src) by extensions ['colcon_meta']
[1.232s] Level 1:colcon.colcon_core.package_identification:_identify(src) by extension 'colcon_meta'
[1.232s] Level 1:colcon.colcon_core.package_identification:_identify(src) by extensions ['ros']
[1.232s] Level 1:colcon.colcon_core.package_identification:_identify(src) by extension 'ros'
[1.233s] Level 1:colcon.colcon_core.package_identification:_identify(src) by extensions ['cmake', 'python']
[1.233s] Level 1:colcon.colcon_core.package_identification:_identify(src) by extension 'cmake'
[1.233s] Level 1:colcon.colcon_core.package_identification:_identify(src) by extension 'python'
[1.233s] Level 1:colcon.colcon_core.package_identification:_identify(src) by extensions ['python_setup_py']
[1.233s] Level 1:colcon.colcon_core.package_identification:_identify(src) by extension 'python_setup_py'
[1.233s] Level 1:colcon.colcon_core.package_identification:_identify(src/bbb_package) by extensions ['ignore', 'ignore_ament_install']
[1.234s] Level 1:colcon.colcon_core.package_identification:_identify(src/bbb_package) by extension 'ignore'
[1.234s] Level 1:colcon.colcon_core.package_identification:_identify(src/bbb_package) by extension 'ignore_ament_install'
[1.234s] Level 1:colcon.colcon_core.package_identification:_identify(src/bbb_package) by extensions ['colcon_pkg']
[1.234s] Level 1:colcon.colcon_core.package_identification:_identify(src/bbb_package) by extension 'colcon_pkg'
[1.235s] Level 1:colcon.colcon_core.package_identification:_identify(src/bbb_package) by extensions ['colcon_meta']
[1.235s] Level 1:colcon.colcon_core.package_identification:_identify(src/bbb_package) by extension 'colcon_meta'
[1.235s] Level 1:colcon.colcon_core.package_identification:_identify(src/bbb_package) by extensions ['ros']
[1.235s] Level 1:colcon.colcon_core.package_identification:_identify(src/bbb_package) by extension 'ros'
[1.243s] DEBUG:colcon.colcon_core.package_identification:Package 'src/bbb_package' with type 'ros.ament_cmake' and name 'bbb_package'
[1.244s] Level 1:colcon.colcon_core.package_identification:_identify(src/bbb_robot) by extensions ['ignore', 'ignore_ament_install']
[1.244s] Level 1:colcon.colcon_core.package_identification:_identify(src/bbb_robot) by extension 'ignore'
[1.244s] Level 1:colcon.colcon_core.package_identification:_identify(src/bbb_robot) by extension 'ignore_ament_install'
[1.245s] Level 1:colcon.colcon_core.package_identification:_identify(src/bbb_robot) by extensions ['colcon_pkg']
[1.245s] Level 1:colcon.colcon_core.package_identification:_identify(src/bbb_robot) by extension 'colcon_pkg'
[1.245s] Level 1:colcon.colcon_core.package_identification:_identify(src/bbb_robot) by extensions ['colcon_meta']
[1.245s] Level 1:colcon.colcon_core.package_identification:_identify(src/bbb_robot) by extension 'colcon_meta'
[1.245s] Level 1:colcon.colcon_core.package_identification:_identify(src/bbb_robot) by extensions ['ros']
[1.245s] Level 1:colcon.colcon_core.package_identification:_identify(src/bbb_robot) by extension 'ros'
[1.247s] DEBUG:colcon.colcon_core.package_identification:Package 'src/bbb_robot' with type 'ros.ament_cmake' and name 'bbb_robot'
[1.247s] Level 1:colcon.colcon_core.package_identification:_identify(src/build) by extensions ['ignore', 'ignore_ament_install']
[1.247s] Level 1:colcon.colcon_core.package_identification:_identify(src/build) by extension 'ignore'
[1.248s] Level 1:colcon.colcon_core.package_identification:_identify(src/build) ignored
[1.248s] Level 1:colcon.colcon_core.package_identification:_identify(src/csm) by extensions ['ignore', 'ignore_ament_install']
[1.248s] Level 1:colcon.colcon_core.package_identification:_identify(src/csm) by extension 'ignore'
[1.248s] Level 1:colcon.colcon_core.package_identification:_identify(src/csm) by extension 'ignore_ament_install'
[1.248s] Level 1:colcon.colcon_core.package_identification:_identify(src/csm) by extensions ['colcon_pkg']
[1.249s] Level 1:colcon.colcon_core.package_identification:_identify(src/csm) by extension 'colcon_pkg'
[1.249s] Level 1:colcon.colcon_core.package_identification:_identify(src/csm) by extensions ['colcon_meta']
[1.249s] Level 1:colcon.colcon_core.package_identification:_identify(src/csm) by extension 'colcon_meta'
[1.249s] Level 1:colcon.colcon_core.package_identification:_identify(src/csm) by extensions ['ros']
[1.249s] Level 1:colcon.colcon_core.package_identification:_identify(src/csm) by extension 'ros'
[1.251s] DEBUG:colcon.colcon_core.package_identification:Package 'src/csm' with type 'ros.ament_cmake' and name 'csm'
[1.252s] Level 1:colcon.colcon_core.package_identification:_identify(src/diffdrive_arduino) by extensions ['ignore', 'ignore_ament_install']
[1.252s] Level 1:colcon.colcon_core.package_identification:_identify(src/diffdrive_arduino) by extension 'ignore'
[1.252s] Level 1:colcon.colcon_core.package_identification:_identify(src/diffdrive_arduino) by extension 'ignore_ament_install'
[1.252s] Level 1:colcon.colcon_core.package_identification:_identify(src/diffdrive_arduino) by extensions ['colcon_pkg']
[1.252s] Level 1:colcon.colcon_core.package_identification:_identify(src/diffdrive_arduino) by extension 'colcon_pkg'
[1.252s] Level 1:colcon.colcon_core.package_identification:_identify(src/diffdrive_arduino) by extensions ['colcon_meta']
[1.253s] Level 1:colcon.colcon_core.package_identification:_identify(src/diffdrive_arduino) by extension 'colcon_meta'
[1.253s] Level 1:colcon.colcon_core.package_identification:_identify(src/diffdrive_arduino) by extensions ['ros']
[1.253s] Level 1:colcon.colcon_core.package_identification:_identify(src/diffdrive_arduino) by extension 'ros'
[1.256s] DEBUG:colcon.colcon_core.package_identification:Package 'src/diffdrive_arduino' with type 'ros.ament_cmake' and name 'diffdrive_arduino'
[1.256s] Level 1:colcon.colcon_core.package_identification:_identify(src/install) by extensions ['ignore', 'ignore_ament_install']
[1.257s] Level 1:colcon.colcon_core.package_identification:_identify(src/install) by extension 'ignore'
[1.257s] Level 1:colcon.colcon_core.package_identification:_identify(src/install) ignored
[1.257s] Level 1:colcon.colcon_core.package_identification:_identify(src/log) by extensions ['ignore', 'ignore_ament_install']
[1.257s] Level 1:colcon.colcon_core.package_identification:_identify(src/log) by extension 'ignore'
[1.258s] Level 1:colcon.colcon_core.package_identification:_identify(src/log) ignored
[1.258s] Level 1:colcon.colcon_core.package_identification:_identify(src/ros2_laser_scan_matcher) by extensions ['ignore', 'ignore_ament_install']
[1.258s] Level 1:colcon.colcon_core.package_identification:_identify(src/ros2_laser_scan_matcher) by extension 'ignore'
[1.258s] Level 1:colcon.colcon_core.package_identification:_identify(src/ros2_laser_scan_matcher) by extension 'ignore_ament_install'
[1.258s] Level 1:colcon.colcon_core.package_identification:_identify(src/ros2_laser_scan_matcher) by extensions ['colcon_pkg']
[1.259s] Level 1:colcon.colcon_core.package_identification:_identify(src/ros2_laser_scan_matcher) by extension 'colcon_pkg'
[1.259s] Level 1:colcon.colcon_core.package_identification:_identify(src/ros2_laser_scan_matcher) by extensions ['colcon_meta']
[1.259s] Level 1:colcon.colcon_core.package_identification:_identify(src/ros2_laser_scan_matcher) by extension 'colcon_meta'
[1.259s] Level 1:colcon.colcon_core.package_identification:_identify(src/ros2_laser_scan_matcher) by extensions ['ros']
[1.259s] Level 1:colcon.colcon_core.package_identification:_identify(src/ros2_laser_scan_matcher) by extension 'ros'
[1.261s] DEBUG:colcon.colcon_core.package_identification:Package 'src/ros2_laser_scan_matcher' with type 'ros.ament_cmake' and name 'ros2_laser_scan_matcher'
[1.262s] Level 1:colcon.colcon_core.package_identification:_identify(src/serial) by extensions ['ignore', 'ignore_ament_install']
[1.262s] Level 1:colcon.colcon_core.package_identification:_identify(src/serial) by extension 'ignore'
[1.262s] Level 1:colcon.colcon_core.package_identification:_identify(src/serial) by extension 'ignore_ament_install'
[1.262s] Level 1:colcon.colcon_core.package_identification:_identify(src/serial) by extensions ['colcon_pkg']
[1.262s] Level 1:colcon.colcon_core.package_identification:_identify(src/serial) by extension 'colcon_pkg'
[1.262s] Level 1:colcon.colcon_core.package_identification:_identify(src/serial) by extensions ['colcon_meta']
[1.263s] Level 1:colcon.colcon_core.package_identification:_identify(src/serial) by extension 'colcon_meta'
[1.263s] Level 1:colcon.colcon_core.package_identification:_identify(src/serial) by extensions ['ros']
[1.263s] Level 1:colcon.colcon_core.package_identification:_identify(src/serial) by extension 'ros'
[1.264s] DEBUG:colcon.colcon_core.package_identification:Package 'src/serial' with type 'ros.ament_cmake' and name 'serial'
[1.265s] Level 1:colcon.colcon_core.package_identification:_identify(src/tune_package) by extensions ['ignore', 'ignore_ament_install']
[1.265s] Level 1:colcon.colcon_core.package_identification:_identify(src/tune_package) by extension 'ignore'
[1.265s] Level 1:colcon.colcon_core.package_identification:_identify(src/tune_package) by extension 'ignore_ament_install'
[1.265s] Level 1:colcon.colcon_core.package_identification:_identify(src/tune_package) by extensions ['colcon_pkg']
[1.265s] Level 1:colcon.colcon_core.package_identification:_identify(src/tune_package) by extension 'colcon_pkg'
[1.265s] Level 1:colcon.colcon_core.package_identification:_identify(src/tune_package) by extensions ['colcon_meta']
[1.266s] Level 1:colcon.colcon_core.package_identification:_identify(src/tune_package) by extension 'colcon_meta'
[1.266s] Level 1:colcon.colcon_core.package_identification:_identify(src/tune_package) by extensions ['ros']
[1.266s] Level 1:colcon.colcon_core.package_identification:_identify(src/tune_package) by extension 'ros'
[1.267s] DEBUG:colcon.colcon_core.package_identification:Package 'src/tune_package' with type 'ros.ament_cmake' and name 'tune_package'
[1.267s] Level 1:colcon.colcon_core.package_discovery:discover_packages(recursive) using defaults
[1.268s] Level 1:colcon.colcon_core.package_discovery:discover_packages(ignore) discover
[1.268s] Level 1:colcon.colcon_core.package_discovery:discover_packages(ignore) using defaults
[1.268s] Level 1:colcon.colcon_core.package_discovery:discover_packages(path) discover
[1.268s] Level 1:colcon.colcon_core.package_discovery:discover_packages(path) using defaults
[1.319s] INFO:colcon.colcon_core.package_selection:Skipping not selected package 'bbb_robot' in 'src/bbb_robot'
[1.319s] INFO:colcon.colcon_core.package_selection:Skipping not selected package 'csm' in 'src/csm'
[1.319s] INFO:colcon.colcon_core.package_selection:Skipping not selected package 'serial' in 'src/serial'
[1.319s] INFO:colcon.colcon_core.package_selection:Skipping not selected package 'tune_package' in 'src/tune_package'
[1.319s] INFO:colcon.colcon_core.package_selection:Skipping not selected package 'diffdrive_arduino' in 'src/diffdrive_arduino'
[1.319s] INFO:colcon.colcon_core.package_selection:Skipping not selected package 'ros2_laser_scan_matcher' in 'src/ros2_laser_scan_matcher'
[1.320s] Level 1:colcon.colcon_core.package_discovery:discover_packages(prefix_path) check parameters
[1.320s] Level 1:colcon.colcon_core.package_discovery:discover_packages(prefix_path) discover
[1.327s] DEBUG:colcon.colcon_installed_package_information.package_discovery:Found 8 installed packages in /home/jetson/bbb_jetson_ws/install
[1.333s] DEBUG:colcon.colcon_installed_package_information.package_discovery:Found 290 installed packages in /opt/ros/foxy
[1.340s] Level 1:colcon.colcon_core.package_discovery:discover_packages(prefix_path) using defaults
[1.624s] Level 5:colcon.colcon_core.verb:set package 'bbb_package' build argument 'cmake_args' from command line to 'None'
[1.624s] Level 5:colcon.colcon_core.verb:set package 'bbb_package' build argument 'cmake_target' from command line to 'None'
[1.624s] Level 5:colcon.colcon_core.verb:set package 'bbb_package' build argument 'cmake_target_skip_unavailable' from command line to 'False'
[1.624s] Level 5:colcon.colcon_core.verb:set package 'bbb_package' build argument 'cmake_clean_cache' from command line to 'False'
[1.624s] Level 5:colcon.colcon_core.verb:set package 'bbb_package' build argument 'cmake_clean_first' from command line to 'False'
[1.624s] Level 5:colcon.colcon_core.verb:set package 'bbb_package' build argument 'cmake_force_configure' from command line to 'False'
[1.624s] Level 5:colcon.colcon_core.verb:set package 'bbb_package' build argument 'ament_cmake_args' from command line to 'None'
[1.624s] Level 5:colcon.colcon_core.verb:set package 'bbb_package' build argument 'catkin_cmake_args' from command line to 'None'
[1.624s] Level 5:colcon.colcon_core.verb:set package 'bbb_package' build argument 'catkin_skip_building_tests' from command line to 'False'
[1.625s] DEBUG:colcon.colcon_core.verb:Building package 'bbb_package' with the following arguments: {'ament_cmake_args': None, 'build_base': '/home/jetson/bbb_jetson_ws/build/bbb_package', 'catkin_cmake_args': None, 'catkin_skip_building_tests': False, 'cmake_args': None, 'cmake_clean_cache': False, 'cmake_clean_first': False, 'cmake_force_configure': False, 'cmake_target': None, 'cmake_target_skip_unavailable': False, 'install_base': '/home/jetson/bbb_jetson_ws/install/bbb_package', 'merge_install': False, 'path': '/home/jetson/bbb_jetson_ws/src/bbb_package', 'symlink_install': False, 'test_result_base': None}
[1.625s] INFO:colcon.colcon_core.executor:Executing jobs using 'parallel' executor
[1.628s] DEBUG:colcon.colcon_parallel_executor.executor.parallel:run_until_complete
[1.628s] INFO:colcon.colcon_ros.task.ament_cmake.build:Building ROS package in '/home/jetson/bbb_jetson_ws/src/bbb_package' with build type 'ament_cmake'
[1.629s] INFO:colcon.colcon_cmake.task.cmake.build:Building CMake package in '/home/jetson/bbb_jetson_ws/src/bbb_package'
[1.636s] INFO:colcon.colcon_core.plugin_system:Skipping extension 'colcon_core.shell.bat': Not used on non-Windows systems
[1.636s] INFO:colcon.colcon_core.shell:Skip shell extension 'powershell' for command environment: Not usable outside of PowerShell
[1.636s] DEBUG:colcon.colcon_core.shell:Skip shell extension 'dsv' for command environment
[1.671s] DEBUG:colcon.colcon_core.event_handler.log_command:Invoking command in '/home/jetson/bbb_jetson_ws/build/bbb_package': CMAKE_PREFIX_PATH=/home/jetson/bbb_jetson_ws/install/serial:/home/jetson/bbb_jetson_ws/install/tune_package:/home/jetson/bbb_jetson_ws/install/ros2_laser_scan_matcher:/home/jetson/bbb_jetson_ws/install/diffdrive_arduino:/home/jetson/bbb_jetson_ws/install/bbb_package:/home/jetson/bbb_jetson_ws/install/micro_ros_setup:/home/jetson/bbb_jetson_ws/install/csm:/home/jetson/bbb_jetson_ws/install/bbb_robot:/opt/ros/foxy /usr/bin/cmake --build /home/jetson/bbb_jetson_ws/build/bbb_package -- -j4 -l4
[18.177s] DEBUG:colcon.colcon_core.event_handler.log_command:Invoked command in '/home/jetson/bbb_jetson_ws/build/bbb_package' returned '0': CMAKE_PREFIX_PATH=/home/jetson/bbb_jetson_ws/install/serial:/home/jetson/bbb_jetson_ws/install/tune_package:/home/jetson/bbb_jetson_ws/install/ros2_laser_scan_matcher:/home/jetson/bbb_jetson_ws/install/diffdrive_arduino:/home/jetson/bbb_jetson_ws/install/bbb_package:/home/jetson/bbb_jetson_ws/install/micro_ros_setup:/home/jetson/bbb_jetson_ws/install/csm:/home/jetson/bbb_jetson_ws/install/bbb_robot:/opt/ros/foxy /usr/bin/cmake --build /home/jetson/bbb_jetson_ws/build/bbb_package -- -j4 -l4
[18.416s] DEBUG:colcon.colcon_core.event_handler.log_command:Invoking command in '/home/jetson/bbb_jetson_ws/build/bbb_package': CMAKE_PREFIX_PATH=/home/jetson/bbb_jetson_ws/install/serial:/home/jetson/bbb_jetson_ws/install/tune_package:/home/jetson/bbb_jetson_ws/install/ros2_laser_scan_matcher:/home/jetson/bbb_jetson_ws/install/diffdrive_arduino:/home/jetson/bbb_jetson_ws/install/bbb_package:/home/jetson/bbb_jetson_ws/install/micro_ros_setup:/home/jetson/bbb_jetson_ws/install/csm:/home/jetson/bbb_jetson_ws/install/bbb_robot:/opt/ros/foxy /usr/bin/cmake --install /home/jetson/bbb_jetson_ws/build/bbb_package
[18.456s] Level 1:colcon.colcon_core.environment:create_environment_scripts_only(bbb_package)
[18.458s] DEBUG:colcon.colcon_core.event_handler.log_command:Invoked command in '/home/jetson/bbb_jetson_ws/build/bbb_package' returned '0': CMAKE_PREFIX_PATH=/home/jetson/bbb_jetson_ws/install/serial:/home/jetson/bbb_jetson_ws/install/tune_package:/home/jetson/bbb_jetson_ws/install/ros2_laser_scan_matcher:/home/jetson/bbb_jetson_ws/install/diffdrive_arduino:/home/jetson/bbb_jetson_ws/install/bbb_package:/home/jetson/bbb_jetson_ws/install/micro_ros_setup:/home/jetson/bbb_jetson_ws/install/csm:/home/jetson/bbb_jetson_ws/install/bbb_robot:/opt/ros/foxy /usr/bin/cmake --install /home/jetson/bbb_jetson_ws/build/bbb_package
[18.465s] Level 1:colcon.colcon_core.environment:checking '/home/jetson/bbb_jetson_ws/install/bbb_package' for CMake module files
[18.468s] Level 1:colcon.colcon_core.environment:checking '/home/jetson/bbb_jetson_ws/install/bbb_package' for CMake config files
[18.470s] Level 1:colcon.colcon_core.shell:create_environment_hook('bbb_package', 'cmake_prefix_path')
[18.471s] INFO:colcon.colcon_core.shell:Creating environment hook '/home/jetson/bbb_jetson_ws/install/bbb_package/share/bbb_package/hook/cmake_prefix_path.ps1'
[18.473s] INFO:colcon.colcon_core.shell:Creating environment descriptor '/home/jetson/bbb_jetson_ws/install/bbb_package/share/bbb_package/hook/cmake_prefix_path.dsv'
[18.474s] INFO:colcon.colcon_core.shell:Creating environment hook '/home/jetson/bbb_jetson_ws/install/bbb_package/share/bbb_package/hook/cmake_prefix_path.sh'
[18.477s] Level 1:colcon.colcon_core.environment:checking '/home/jetson/bbb_jetson_ws/install/bbb_package/lib'
[18.478s] Level 1:colcon.colcon_core.environment:checking '/home/jetson/bbb_jetson_ws/install/bbb_package/bin'
[18.478s] Level 1:colcon.colcon_core.environment:checking '/home/jetson/bbb_jetson_ws/install/bbb_package/lib/pkgconfig/bbb_package.pc'
[18.479s] Level 1:colcon.colcon_core.environment:checking '/home/jetson/bbb_jetson_ws/install/bbb_package/lib/python3.8/site-packages'
[18.479s] Level 1:colcon.colcon_core.environment:checking '/home/jetson/bbb_jetson_ws/install/bbb_package/bin'
[18.480s] INFO:colcon.colcon_core.shell:Creating package script '/home/jetson/bbb_jetson_ws/install/bbb_package/share/bbb_package/package.ps1'
[18.483s] INFO:colcon.colcon_core.shell:Creating package descriptor '/home/jetson/bbb_jetson_ws/install/bbb_package/share/bbb_package/package.dsv'
[18.484s] INFO:colcon.colcon_core.shell:Creating package script '/home/jetson/bbb_jetson_ws/install/bbb_package/share/bbb_package/package.sh'
[18.487s] INFO:colcon.colcon_core.shell:Creating package script '/home/jetson/bbb_jetson_ws/install/bbb_package/share/bbb_package/package.bash'
[18.489s] INFO:colcon.colcon_core.shell:Creating package script '/home/jetson/bbb_jetson_ws/install/bbb_package/share/bbb_package/package.zsh'
[18.491s] Level 1:colcon.colcon_core.environment:create_file_with_runtime_dependencies(/home/jetson/bbb_jetson_ws/install/bbb_package/share/colcon-core/packages/bbb_package)
[18.662s] Level 1:colcon.colcon_core.environment:create_environment_scripts_only(bbb_package)
[18.663s] Level 1:colcon.colcon_core.environment:checking '/home/jetson/bbb_jetson_ws/install/bbb_package' for CMake module files
[18.667s] Level 1:colcon.colcon_core.environment:checking '/home/jetson/bbb_jetson_ws/install/bbb_package' for CMake config files
[18.669s] Level 1:colcon.colcon_core.shell:create_environment_hook('bbb_package', 'cmake_prefix_path')
[18.670s] INFO:colcon.colcon_core.shell:Creating environment hook '/home/jetson/bbb_jetson_ws/install/bbb_package/share/bbb_package/hook/cmake_prefix_path.ps1'
[18.671s] INFO:colcon.colcon_core.shell:Creating environment descriptor '/home/jetson/bbb_jetson_ws/install/bbb_package/share/bbb_package/hook/cmake_prefix_path.dsv'
[18.672s] INFO:colcon.colcon_core.shell:Creating environment hook '/home/jetson/bbb_jetson_ws/install/bbb_package/share/bbb_package/hook/cmake_prefix_path.sh'
[18.673s] Level 1:colcon.colcon_core.environment:checking '/home/jetson/bbb_jetson_ws/install/bbb_package/lib'
[18.674s] Level 1:colcon.colcon_core.environment:checking '/home/jetson/bbb_jetson_ws/install/bbb_package/bin'
[18.674s] Level 1:colcon.colcon_core.environment:checking '/home/jetson/bbb_jetson_ws/install/bbb_package/lib/pkgconfig/bbb_package.pc'
[18.675s] Level 1:colcon.colcon_core.environment:checking '/home/jetson/bbb_jetson_ws/install/bbb_package/lib/python3.8/site-packages'
[18.675s] Level 1:colcon.colcon_core.environment:checking '/home/jetson/bbb_jetson_ws/install/bbb_package/bin'
[18.676s] INFO:colcon.colcon_core.shell:Creating package script '/home/jetson/bbb_jetson_ws/install/bbb_package/share/bbb_package/package.ps1'
[18.678s] INFO:colcon.colcon_core.shell:Creating package descriptor '/home/jetson/bbb_jetson_ws/install/bbb_package/share/bbb_package/package.dsv'
[18.680s] INFO:colcon.colcon_core.shell:Creating package script '/home/jetson/bbb_jetson_ws/install/bbb_package/share/bbb_package/package.sh'
[18.681s] INFO:colcon.colcon_core.shell:Creating package script '/home/jetson/bbb_jetson_ws/install/bbb_package/share/bbb_package/package.bash'
[18.682s] INFO:colcon.colcon_core.shell:Creating package script '/home/jetson/bbb_jetson_ws/install/bbb_package/share/bbb_package/package.zsh'
[18.683s] Level 1:colcon.colcon_core.environment:create_file_with_runtime_dependencies(/home/jetson/bbb_jetson_ws/install/bbb_package/share/colcon-core/packages/bbb_package)
[18.684s] DEBUG:colcon.colcon_parallel_executor.executor.parallel:closing loop
[18.685s] DEBUG:colcon.colcon_parallel_executor.executor.parallel:loop closed
[18.685s] DEBUG:colcon.colcon_parallel_executor.executor.parallel:run_until_complete finished with '0'
[18.686s] DEBUG:colcon.colcon_core.event_reactor:joining thread
[18.703s] INFO:colcon.colcon_core.plugin_system:Skipping extension 'colcon_notification.desktop_notification.terminal_notifier': Not used on non-Darwin systems
[18.703s] INFO:colcon.colcon_core.plugin_system:Skipping extension 'colcon_notification.desktop_notification.win32': Not used on non-Windows systems
[18.703s] INFO:colcon.colcon_notification.desktop_notification:Sending desktop notification using 'notify2'
[18.734s] DEBUG:colcon.colcon_core.event_reactor:joined thread
[18.735s] INFO:colcon.colcon_core.shell:Creating prefix script '/home/jetson/bbb_jetson_ws/install/local_setup.ps1'
[18.738s] INFO:colcon.colcon_core.shell:Creating prefix util module '/home/jetson/bbb_jetson_ws/install/_local_setup_util_ps1.py'
[18.743s] INFO:colcon.colcon_core.shell:Creating prefix chain script '/home/jetson/bbb_jetson_ws/install/setup.ps1'
[18.747s] INFO:colcon.colcon_core.shell:Creating prefix script '/home/jetson/bbb_jetson_ws/install/local_setup.sh'
[18.749s] INFO:colcon.colcon_core.shell:Creating prefix util module '/home/jetson/bbb_jetson_ws/install/_local_setup_util_sh.py'
[18.750s] INFO:colcon.colcon_core.shell:Creating prefix chain script '/home/jetson/bbb_jetson_ws/install/setup.sh'
[18.756s] INFO:colcon.colcon_core.shell:Creating prefix script '/home/jetson/bbb_jetson_ws/install/local_setup.bash'
[18.757s] INFO:colcon.colcon_core.shell:Creating prefix chain script '/home/jetson/bbb_jetson_ws/install/setup.bash'
[18.761s] INFO:colcon.colcon_core.shell:Creating prefix script '/home/jetson/bbb_jetson_ws/install/local_setup.zsh'
[18.763s] INFO:colcon.colcon_core.shell:Creating prefix chain script '/home/jetson/bbb_jetson_ws/install/setup.zsh'
