[2.480s] DEBUG:colcon:Command line arguments: ['/usr/bin/colcon', 'build', '--packages-select', 'bbb_package']
[2.481s] DEBUG:colcon:Parsed command line arguments: Namespace(allow_overriding=[], ament_cmake_args=None, base_paths=['.'], build_base='build', catkin_cmake_args=None, catkin_skip_building_tests=False, cmake_args=None, cmake_clean_cache=False, cmake_clean_first=False, cmake_force_configure=False, cmake_target=None, cmake_target_skip_unavailable=False, continue_on_error=False, event_handlers=None, executor='parallel', ignore_user_meta=False, install_base='install', log_base=None, log_level=None, main=<bound method BuildVerb.main of <colcon_core.verb.build.BuildVerb object at 0x7f77ffba00>>, merge_install=False, metas=['./colcon.meta'], packages_above=None, packages_above_and_dependencies=None, packages_above_depth=None, packages_end=None, packages_ignore=None, packages_ignore_regex=None, packages_select=['bbb_package'], packages_select_build_failed=False, packages_select_by_dep=None, packages_select_regex=None, packages_select_test_failures=False, packages_skip=None, packages_skip_build_finished=False, packages_skip_by_dep=None, packages_skip_regex=None, packages_skip_test_passed=False, packages_skip_up_to=None, packages_start=None, packages_up_to=None, packages_up_to_regex=None, parallel_workers=4, paths=None, symlink_install=False, test_result_base=None, verb_extension=<colcon_core.verb.build.BuildVerb object at 0x7f77ffba00>, verb_name='build', verb_parser=<colcon_defaults.argument_parser.defaults.DefaultArgumentsDecorator object at 0x7f77f086a0>)
[4.696s] Level 1:colcon.colcon_core.package_discovery:discover_packages(colcon_meta) check parameters
[4.697s] Level 1:colcon.colcon_core.package_discovery:discover_packages(recursive) check parameters
[4.698s] Level 1:colcon.colcon_core.package_discovery:discover_packages(ignore) check parameters
[4.698s] Level 1:colcon.colcon_core.package_discovery:discover_packages(path) check parameters
[4.699s] Level 1:colcon.colcon_core.package_discovery:discover_packages(colcon_meta) discover
[4.699s] Level 1:colcon.colcon_core.package_discovery:discover_packages(recursive) discover
[4.700s] INFO:colcon.colcon_core.package_discovery:Crawling recursively for packages in '/home/jetson/bbb_jetson_ws'
[4.701s] Level 1:colcon.colcon_core.package_identification:_identify(.) by extensions ['ignore', 'ignore_ament_install']
[4.702s] Level 1:colcon.colcon_core.package_identification:_identify(.) by extension 'ignore'
[4.703s] Level 1:colcon.colcon_core.package_identification:_identify(.) by extension 'ignore_ament_install'
[4.703s] Level 1:colcon.colcon_core.package_identification:_identify(.) by extensions ['colcon_pkg']
[4.704s] Level 1:colcon.colcon_core.package_identification:_identify(.) by extension 'colcon_pkg'
[4.704s] Level 1:colcon.colcon_core.package_identification:_identify(.) by extensions ['colcon_meta']
[4.705s] Level 1:colcon.colcon_core.package_identification:_identify(.) by extension 'colcon_meta'
[4.705s] Level 1:colcon.colcon_core.package_identification:_identify(.) by extensions ['ros']
[4.706s] Level 1:colcon.colcon_core.package_identification:_identify(.) by extension 'ros'
[4.845s] Level 1:colcon.colcon_core.package_identification:_identify(.) by extensions ['cmake', 'python']
[4.846s] Level 1:colcon.colcon_core.package_identification:_identify(.) by extension 'cmake'
[4.847s] Level 1:colcon.colcon_core.package_identification:_identify(.) by extension 'python'
[4.847s] Level 1:colcon.colcon_core.package_identification:_identify(.) by extensions ['python_setup_py']
[4.848s] Level 1:colcon.colcon_core.package_identification:_identify(.) by extension 'python_setup_py'
[4.849s] Level 1:colcon.colcon_core.package_identification:_identify(build) by extensions ['ignore', 'ignore_ament_install']
[4.850s] Level 1:colcon.colcon_core.package_identification:_identify(build) by extension 'ignore'
[4.851s] Level 1:colcon.colcon_core.package_identification:_identify(build) ignored
[4.852s] Level 1:colcon.colcon_core.package_identification:_identify(frames) by extensions ['ignore', 'ignore_ament_install']
[4.853s] Level 1:colcon.colcon_core.package_identification:_identify(frames) by extension 'ignore'
[4.854s] Level 1:colcon.colcon_core.package_identification:_identify(frames) by extension 'ignore_ament_install'
[4.855s] Level 1:colcon.colcon_core.package_identification:_identify(frames) by extensions ['colcon_pkg']
[4.855s] Level 1:colcon.colcon_core.package_identification:_identify(frames) by extension 'colcon_pkg'
[4.856s] Level 1:colcon.colcon_core.package_identification:_identify(frames) by extensions ['colcon_meta']
[4.856s] Level 1:colcon.colcon_core.package_identification:_identify(frames) by extension 'colcon_meta'
[4.857s] Level 1:colcon.colcon_core.package_identification:_identify(frames) by extensions ['ros']
[4.857s] Level 1:colcon.colcon_core.package_identification:_identify(frames) by extension 'ros'
[4.859s] Level 1:colcon.colcon_core.package_identification:_identify(frames) by extensions ['cmake', 'python']
[4.859s] Level 1:colcon.colcon_core.package_identification:_identify(frames) by extension 'cmake'
[4.860s] Level 1:colcon.colcon_core.package_identification:_identify(frames) by extension 'python'
[4.860s] Level 1:colcon.colcon_core.package_identification:_identify(frames) by extensions ['python_setup_py']
[4.861s] Level 1:colcon.colcon_core.package_identification:_identify(frames) by extension 'python_setup_py'
[4.862s] Level 1:colcon.colcon_core.package_identification:_identify(install) by extensions ['ignore', 'ignore_ament_install']
[4.863s] Level 1:colcon.colcon_core.package_identification:_identify(install) by extension 'ignore'
[4.864s] Level 1:colcon.colcon_core.package_identification:_identify(install) ignored
[4.878s] Level 1:colcon.colcon_core.package_identification:_identify(log) by extensions ['ignore', 'ignore_ament_install']
[4.879s] Level 1:colcon.colcon_core.package_identification:_identify(log) by extension 'ignore'
[4.881s] Level 1:colcon.colcon_core.package_identification:_identify(log) ignored
[4.883s] Level 1:colcon.colcon_core.package_identification:_identify(src) by extensions ['ignore', 'ignore_ament_install']
[4.884s] Level 1:colcon.colcon_core.package_identification:_identify(src) by extension 'ignore'
[4.885s] Level 1:colcon.colcon_core.package_identification:_identify(src) by extension 'ignore_ament_install'
[4.886s] Level 1:colcon.colcon_core.package_identification:_identify(src) by extensions ['colcon_pkg']
[4.887s] Level 1:colcon.colcon_core.package_identification:_identify(src) by extension 'colcon_pkg'
[4.887s] Level 1:colcon.colcon_core.package_identification:_identify(src) by extensions ['colcon_meta']
[4.888s] Level 1:colcon.colcon_core.package_identification:_identify(src) by extension 'colcon_meta'
[4.888s] Level 1:colcon.colcon_core.package_identification:_identify(src) by extensions ['ros']
[4.889s] Level 1:colcon.colcon_core.package_identification:_identify(src) by extension 'ros'
[4.890s] Level 1:colcon.colcon_core.package_identification:_identify(src) by extensions ['cmake', 'python']
[4.891s] Level 1:colcon.colcon_core.package_identification:_identify(src) by extension 'cmake'
[4.891s] Level 1:colcon.colcon_core.package_identification:_identify(src) by extension 'python'
[4.892s] Level 1:colcon.colcon_core.package_identification:_identify(src) by extensions ['python_setup_py']
[4.892s] Level 1:colcon.colcon_core.package_identification:_identify(src) by extension 'python_setup_py'
[4.894s] Level 1:colcon.colcon_core.package_identification:_identify(src/bbb_package) by extensions ['ignore', 'ignore_ament_install']
[4.895s] Level 1:colcon.colcon_core.package_identification:_identify(src/bbb_package) by extension 'ignore'
[4.896s] Level 1:colcon.colcon_core.package_identification:_identify(src/bbb_package) by extension 'ignore_ament_install'
[4.897s] Level 1:colcon.colcon_core.package_identification:_identify(src/bbb_package) by extensions ['colcon_pkg']
[4.897s] Level 1:colcon.colcon_core.package_identification:_identify(src/bbb_package) by extension 'colcon_pkg'
[4.898s] Level 1:colcon.colcon_core.package_identification:_identify(src/bbb_package) by extensions ['colcon_meta']
[4.898s] Level 1:colcon.colcon_core.package_identification:_identify(src/bbb_package) by extension 'colcon_meta'
[4.899s] Level 1:colcon.colcon_core.package_identification:_identify(src/bbb_package) by extensions ['ros']
[4.900s] Level 1:colcon.colcon_core.package_identification:_identify(src/bbb_package) by extension 'ros'
[4.931s] DEBUG:colcon.colcon_core.package_identification:Package 'src/bbb_package' with type 'ros.ament_cmake' and name 'bbb_package'
[4.933s] Level 1:colcon.colcon_core.package_identification:_identify(src/bbb_robot) by extensions ['ignore', 'ignore_ament_install']
[4.934s] Level 1:colcon.colcon_core.package_identification:_identify(src/bbb_robot) by extension 'ignore'
[4.935s] Level 1:colcon.colcon_core.package_identification:_identify(src/bbb_robot) by extension 'ignore_ament_install'
[4.936s] Level 1:colcon.colcon_core.package_identification:_identify(src/bbb_robot) by extensions ['colcon_pkg']
[4.936s] Level 1:colcon.colcon_core.package_identification:_identify(src/bbb_robot) by extension 'colcon_pkg'
[4.937s] Level 1:colcon.colcon_core.package_identification:_identify(src/bbb_robot) by extensions ['colcon_meta']
[4.937s] Level 1:colcon.colcon_core.package_identification:_identify(src/bbb_robot) by extension 'colcon_meta'
[4.938s] Level 1:colcon.colcon_core.package_identification:_identify(src/bbb_robot) by extensions ['ros']
[4.939s] Level 1:colcon.colcon_core.package_identification:_identify(src/bbb_robot) by extension 'ros'
[4.944s] DEBUG:colcon.colcon_core.package_identification:Package 'src/bbb_robot' with type 'ros.ament_cmake' and name 'bbb_robot'
[4.945s] Level 1:colcon.colcon_core.package_identification:_identify(src/build) by extensions ['ignore', 'ignore_ament_install']
[4.947s] Level 1:colcon.colcon_core.package_identification:_identify(src/build) by extension 'ignore'
[4.947s] Level 1:colcon.colcon_core.package_identification:_identify(src/build) ignored
[4.949s] Level 1:colcon.colcon_core.package_identification:_identify(src/csm) by extensions ['ignore', 'ignore_ament_install']
[4.950s] Level 1:colcon.colcon_core.package_identification:_identify(src/csm) by extension 'ignore'
[4.951s] Level 1:colcon.colcon_core.package_identification:_identify(src/csm) by extension 'ignore_ament_install'
[4.951s] Level 1:colcon.colcon_core.package_identification:_identify(src/csm) by extensions ['colcon_pkg']
[4.952s] Level 1:colcon.colcon_core.package_identification:_identify(src/csm) by extension 'colcon_pkg'
[4.953s] Level 1:colcon.colcon_core.package_identification:_identify(src/csm) by extensions ['colcon_meta']
[4.953s] Level 1:colcon.colcon_core.package_identification:_identify(src/csm) by extension 'colcon_meta'
[4.954s] Level 1:colcon.colcon_core.package_identification:_identify(src/csm) by extensions ['ros']
[4.954s] Level 1:colcon.colcon_core.package_identification:_identify(src/csm) by extension 'ros'
[4.962s] DEBUG:colcon.colcon_core.package_identification:Package 'src/csm' with type 'ros.ament_cmake' and name 'csm'
[4.964s] Level 1:colcon.colcon_core.package_identification:_identify(src/diffdrive_arduino) by extensions ['ignore', 'ignore_ament_install']
[4.965s] Level 1:colcon.colcon_core.package_identification:_identify(src/diffdrive_arduino) by extension 'ignore'
[4.966s] Level 1:colcon.colcon_core.package_identification:_identify(src/diffdrive_arduino) by extension 'ignore_ament_install'
[4.967s] Level 1:colcon.colcon_core.package_identification:_identify(src/diffdrive_arduino) by extensions ['colcon_pkg']
[4.967s] Level 1:colcon.colcon_core.package_identification:_identify(src/diffdrive_arduino) by extension 'colcon_pkg'
[4.968s] Level 1:colcon.colcon_core.package_identification:_identify(src/diffdrive_arduino) by extensions ['colcon_meta']
[4.968s] Level 1:colcon.colcon_core.package_identification:_identify(src/diffdrive_arduino) by extension 'colcon_meta'
[4.969s] Level 1:colcon.colcon_core.package_identification:_identify(src/diffdrive_arduino) by extensions ['ros']
[4.969s] Level 1:colcon.colcon_core.package_identification:_identify(src/diffdrive_arduino) by extension 'ros'
[4.984s] DEBUG:colcon.colcon_core.package_identification:Package 'src/diffdrive_arduino' with type 'ros.ament_cmake' and name 'diffdrive_arduino'
[4.986s] Level 1:colcon.colcon_core.package_identification:_identify(src/install) by extensions ['ignore', 'ignore_ament_install']
[4.987s] Level 1:colcon.colcon_core.package_identification:_identify(src/install) by extension 'ignore'
[4.987s] Level 1:colcon.colcon_core.package_identification:_identify(src/install) ignored
[4.989s] Level 1:colcon.colcon_core.package_identification:_identify(src/log) by extensions ['ignore', 'ignore_ament_install']
[4.990s] Level 1:colcon.colcon_core.package_identification:_identify(src/log) by extension 'ignore'
[4.990s] Level 1:colcon.colcon_core.package_identification:_identify(src/log) ignored
[4.991s] Level 1:colcon.colcon_core.package_identification:_identify(src/ros2_laser_scan_matcher) by extensions ['ignore', 'ignore_ament_install']
[4.992s] Level 1:colcon.colcon_core.package_identification:_identify(src/ros2_laser_scan_matcher) by extension 'ignore'
[4.993s] Level 1:colcon.colcon_core.package_identification:_identify(src/ros2_laser_scan_matcher) by extension 'ignore_ament_install'
[4.994s] Level 1:colcon.colcon_core.package_identification:_identify(src/ros2_laser_scan_matcher) by extensions ['colcon_pkg']
[4.995s] Level 1:colcon.colcon_core.package_identification:_identify(src/ros2_laser_scan_matcher) by extension 'colcon_pkg'
[4.995s] Level 1:colcon.colcon_core.package_identification:_identify(src/ros2_laser_scan_matcher) by extensions ['colcon_meta']
[4.996s] Level 1:colcon.colcon_core.package_identification:_identify(src/ros2_laser_scan_matcher) by extension 'colcon_meta'
[4.996s] Level 1:colcon.colcon_core.package_identification:_identify(src/ros2_laser_scan_matcher) by extensions ['ros']
[4.997s] Level 1:colcon.colcon_core.package_identification:_identify(src/ros2_laser_scan_matcher) by extension 'ros'
[5.006s] DEBUG:colcon.colcon_core.package_identification:Package 'src/ros2_laser_scan_matcher' with type 'ros.ament_cmake' and name 'ros2_laser_scan_matcher'
[5.008s] Level 1:colcon.colcon_core.package_identification:_identify(src/serial) by extensions ['ignore', 'ignore_ament_install']
[5.009s] Level 1:colcon.colcon_core.package_identification:_identify(src/serial) by extension 'ignore'
[5.010s] Level 1:colcon.colcon_core.package_identification:_identify(src/serial) by extension 'ignore_ament_install'
[5.011s] Level 1:colcon.colcon_core.package_identification:_identify(src/serial) by extensions ['colcon_pkg']
[5.011s] Level 1:colcon.colcon_core.package_identification:_identify(src/serial) by extension 'colcon_pkg'
[5.012s] Level 1:colcon.colcon_core.package_identification:_identify(src/serial) by extensions ['colcon_meta']
[5.012s] Level 1:colcon.colcon_core.package_identification:_identify(src/serial) by extension 'colcon_meta'
[5.013s] Level 1:colcon.colcon_core.package_identification:_identify(src/serial) by extensions ['ros']
[5.013s] Level 1:colcon.colcon_core.package_identification:_identify(src/serial) by extension 'ros'
[5.020s] DEBUG:colcon.colcon_core.package_identification:Package 'src/serial' with type 'ros.ament_cmake' and name 'serial'
[5.021s] Level 1:colcon.colcon_core.package_identification:_identify(src/tune_package) by extensions ['ignore', 'ignore_ament_install']
[5.022s] Level 1:colcon.colcon_core.package_identification:_identify(src/tune_package) by extension 'ignore'
[5.023s] Level 1:colcon.colcon_core.package_identification:_identify(src/tune_package) by extension 'ignore_ament_install'
[5.024s] Level 1:colcon.colcon_core.package_identification:_identify(src/tune_package) by extensions ['colcon_pkg']
[5.024s] Level 1:colcon.colcon_core.package_identification:_identify(src/tune_package) by extension 'colcon_pkg'
[5.025s] Level 1:colcon.colcon_core.package_identification:_identify(src/tune_package) by extensions ['colcon_meta']
[5.025s] Level 1:colcon.colcon_core.package_identification:_identify(src/tune_package) by extension 'colcon_meta'
[5.026s] Level 1:colcon.colcon_core.package_identification:_identify(src/tune_package) by extensions ['ros']
[5.026s] Level 1:colcon.colcon_core.package_identification:_identify(src/tune_package) by extension 'ros'
[5.032s] DEBUG:colcon.colcon_core.package_identification:Package 'src/tune_package' with type 'ros.ament_cmake' and name 'tune_package'
[5.033s] Level 1:colcon.colcon_core.package_discovery:discover_packages(recursive) using defaults
[5.033s] Level 1:colcon.colcon_core.package_discovery:discover_packages(ignore) discover
[5.034s] Level 1:colcon.colcon_core.package_discovery:discover_packages(ignore) using defaults
[5.034s] Level 1:colcon.colcon_core.package_discovery:discover_packages(path) discover
[5.034s] Level 1:colcon.colcon_core.package_discovery:discover_packages(path) using defaults
[5.222s] INFO:colcon.colcon_core.package_selection:Skipping not selected package 'bbb_robot' in 'src/bbb_robot'
[5.223s] INFO:colcon.colcon_core.package_selection:Skipping not selected package 'csm' in 'src/csm'
[5.223s] INFO:colcon.colcon_core.package_selection:Skipping not selected package 'serial' in 'src/serial'
[5.223s] INFO:colcon.colcon_core.package_selection:Skipping not selected package 'tune_package' in 'src/tune_package'
[5.224s] INFO:colcon.colcon_core.package_selection:Skipping not selected package 'diffdrive_arduino' in 'src/diffdrive_arduino'
[5.224s] INFO:colcon.colcon_core.package_selection:Skipping not selected package 'ros2_laser_scan_matcher' in 'src/ros2_laser_scan_matcher'
[5.228s] Level 1:colcon.colcon_core.package_discovery:discover_packages(prefix_path) check parameters
[5.229s] Level 1:colcon.colcon_core.package_discovery:discover_packages(prefix_path) discover
[5.255s] DEBUG:colcon.colcon_installed_package_information.package_discovery:Found 8 installed packages in /home/jetson/bbb_jetson_ws/install
[5.277s] DEBUG:colcon.colcon_installed_package_information.package_discovery:Found 290 installed packages in /opt/ros/foxy
[5.307s] Level 1:colcon.colcon_core.package_discovery:discover_packages(prefix_path) using defaults
[6.454s] Level 5:colcon.colcon_core.verb:set package 'bbb_package' build argument 'cmake_args' from command line to 'None'
[6.455s] Level 5:colcon.colcon_core.verb:set package 'bbb_package' build argument 'cmake_target' from command line to 'None'
[6.455s] Level 5:colcon.colcon_core.verb:set package 'bbb_package' build argument 'cmake_target_skip_unavailable' from command line to 'False'
[6.456s] Level 5:colcon.colcon_core.verb:set package 'bbb_package' build argument 'cmake_clean_cache' from command line to 'False'
[6.456s] Level 5:colcon.colcon_core.verb:set package 'bbb_package' build argument 'cmake_clean_first' from command line to 'False'
[6.457s] Level 5:colcon.colcon_core.verb:set package 'bbb_package' build argument 'cmake_force_configure' from command line to 'False'
[6.457s] Level 5:colcon.colcon_core.verb:set package 'bbb_package' build argument 'ament_cmake_args' from command line to 'None'
[6.457s] Level 5:colcon.colcon_core.verb:set package 'bbb_package' build argument 'catkin_cmake_args' from command line to 'None'
[6.458s] Level 5:colcon.colcon_core.verb:set package 'bbb_package' build argument 'catkin_skip_building_tests' from command line to 'False'
[6.458s] DEBUG:colcon.colcon_core.verb:Building package 'bbb_package' with the following arguments: {'ament_cmake_args': None, 'build_base': '/home/jetson/bbb_jetson_ws/build/bbb_package', 'catkin_cmake_args': None, 'catkin_skip_building_tests': False, 'cmake_args': None, 'cmake_clean_cache': False, 'cmake_clean_first': False, 'cmake_force_configure': False, 'cmake_target': None, 'cmake_target_skip_unavailable': False, 'install_base': '/home/jetson/bbb_jetson_ws/install/bbb_package', 'merge_install': False, 'path': '/home/jetson/bbb_jetson_ws/src/bbb_package', 'symlink_install': False, 'test_result_base': None}
[6.460s] INFO:colcon.colcon_core.executor:Executing jobs using 'parallel' executor
[6.470s] DEBUG:colcon.colcon_parallel_executor.executor.parallel:run_until_complete
[6.472s] INFO:colcon.colcon_ros.task.ament_cmake.build:Building ROS package in '/home/jetson/bbb_jetson_ws/src/bbb_package' with build type 'ament_cmake'
[6.474s] INFO:colcon.colcon_cmake.task.cmake.build:Building CMake package in '/home/jetson/bbb_jetson_ws/src/bbb_package'
[6.504s] INFO:colcon.colcon_core.plugin_system:Skipping extension 'colcon_core.shell.bat': Not used on non-Windows systems
[6.507s] INFO:colcon.colcon_core.shell:Skip shell extension 'powershell' for command environment: Not usable outside of PowerShell
[6.508s] DEBUG:colcon.colcon_core.shell:Skip shell extension 'dsv' for command environment
[6.696s] DEBUG:colcon.colcon_core.event_handler.log_command:Invoking command in '/home/jetson/bbb_jetson_ws/build/bbb_package': CMAKE_PREFIX_PATH=/home/jetson/bbb_jetson_ws/install/serial:/home/jetson/bbb_jetson_ws/install/tune_package:/home/jetson/bbb_jetson_ws/install/ros2_laser_scan_matcher:/home/jetson/bbb_jetson_ws/install/diffdrive_arduino:/home/jetson/bbb_jetson_ws/install/bbb_package:/home/jetson/bbb_jetson_ws/install/micro_ros_setup:/home/jetson/bbb_jetson_ws/install/csm:/home/jetson/bbb_jetson_ws/install/bbb_robot:/opt/ros/foxy /usr/bin/cmake --build /home/jetson/bbb_jetson_ws/build/bbb_package -- -j4 -l4
[89.768s] DEBUG:colcon.colcon_core.event_handler.log_command:Invoked command in '/home/jetson/bbb_jetson_ws/build/bbb_package' returned '0': CMAKE_PREFIX_PATH=/home/jetson/bbb_jetson_ws/install/serial:/home/jetson/bbb_jetson_ws/install/tune_package:/home/jetson/bbb_jetson_ws/install/ros2_laser_scan_matcher:/home/jetson/bbb_jetson_ws/install/diffdrive_arduino:/home/jetson/bbb_jetson_ws/install/bbb_package:/home/jetson/bbb_jetson_ws/install/micro_ros_setup:/home/jetson/bbb_jetson_ws/install/csm:/home/jetson/bbb_jetson_ws/install/bbb_robot:/opt/ros/foxy /usr/bin/cmake --build /home/jetson/bbb_jetson_ws/build/bbb_package -- -j4 -l4
[90.630s] DEBUG:colcon.colcon_core.event_handler.log_command:Invoking command in '/home/jetson/bbb_jetson_ws/build/bbb_package': CMAKE_PREFIX_PATH=/home/jetson/bbb_jetson_ws/install/serial:/home/jetson/bbb_jetson_ws/install/tune_package:/home/jetson/bbb_jetson_ws/install/ros2_laser_scan_matcher:/home/jetson/bbb_jetson_ws/install/diffdrive_arduino:/home/jetson/bbb_jetson_ws/install/bbb_package:/home/jetson/bbb_jetson_ws/install/micro_ros_setup:/home/jetson/bbb_jetson_ws/install/csm:/home/jetson/bbb_jetson_ws/install/bbb_robot:/opt/ros/foxy /usr/bin/cmake --install /home/jetson/bbb_jetson_ws/build/bbb_package
[90.917s] Level 1:colcon.colcon_core.environment:create_environment_scripts_only(bbb_package)
[90.925s] DEBUG:colcon.colcon_core.event_handler.log_command:Invoked command in '/home/jetson/bbb_jetson_ws/build/bbb_package' returned '0': CMAKE_PREFIX_PATH=/home/jetson/bbb_jetson_ws/install/serial:/home/jetson/bbb_jetson_ws/install/tune_package:/home/jetson/bbb_jetson_ws/install/ros2_laser_scan_matcher:/home/jetson/bbb_jetson_ws/install/diffdrive_arduino:/home/jetson/bbb_jetson_ws/install/bbb_package:/home/jetson/bbb_jetson_ws/install/micro_ros_setup:/home/jetson/bbb_jetson_ws/install/csm:/home/jetson/bbb_jetson_ws/install/bbb_robot:/opt/ros/foxy /usr/bin/cmake --install /home/jetson/bbb_jetson_ws/build/bbb_package
[90.957s] Level 1:colcon.colcon_core.environment:checking '/home/jetson/bbb_jetson_ws/install/bbb_package' for CMake module files
[90.968s] Level 1:colcon.colcon_core.environment:checking '/home/jetson/bbb_jetson_ws/install/bbb_package' for CMake config files
[90.975s] Level 1:colcon.colcon_core.shell:create_environment_hook('bbb_package', 'cmake_prefix_path')
[90.979s] INFO:colcon.colcon_core.shell:Creating environment hook '/home/jetson/bbb_jetson_ws/install/bbb_package/share/bbb_package/hook/cmake_prefix_path.ps1'
[90.986s] INFO:colcon.colcon_core.shell:Creating environment descriptor '/home/jetson/bbb_jetson_ws/install/bbb_package/share/bbb_package/hook/cmake_prefix_path.dsv'
[90.991s] INFO:colcon.colcon_core.shell:Creating environment hook '/home/jetson/bbb_jetson_ws/install/bbb_package/share/bbb_package/hook/cmake_prefix_path.sh'
[91.001s] Level 1:colcon.colcon_core.environment:checking '/home/jetson/bbb_jetson_ws/install/bbb_package/lib'
[91.003s] Level 1:colcon.colcon_core.environment:checking '/home/jetson/bbb_jetson_ws/install/bbb_package/bin'
[91.004s] Level 1:colcon.colcon_core.environment:checking '/home/jetson/bbb_jetson_ws/install/bbb_package/lib/pkgconfig/bbb_package.pc'
[91.007s] Level 1:colcon.colcon_core.environment:checking '/home/jetson/bbb_jetson_ws/install/bbb_package/lib/python3.8/site-packages'
[91.010s] Level 1:colcon.colcon_core.environment:checking '/home/jetson/bbb_jetson_ws/install/bbb_package/bin'
[91.015s] INFO:colcon.colcon_core.shell:Creating package script '/home/jetson/bbb_jetson_ws/install/bbb_package/share/bbb_package/package.ps1'
[91.024s] INFO:colcon.colcon_core.shell:Creating package descriptor '/home/jetson/bbb_jetson_ws/install/bbb_package/share/bbb_package/package.dsv'
[91.030s] INFO:colcon.colcon_core.shell:Creating package script '/home/jetson/bbb_jetson_ws/install/bbb_package/share/bbb_package/package.sh'
[91.040s] INFO:colcon.colcon_core.shell:Creating package script '/home/jetson/bbb_jetson_ws/install/bbb_package/share/bbb_package/package.bash'
[91.050s] INFO:colcon.colcon_core.shell:Creating package script '/home/jetson/bbb_jetson_ws/install/bbb_package/share/bbb_package/package.zsh'
[91.059s] Level 1:colcon.colcon_core.environment:create_file_with_runtime_dependencies(/home/jetson/bbb_jetson_ws/install/bbb_package/share/colcon-core/packages/bbb_package)
[91.683s] Level 1:colcon.colcon_core.environment:create_environment_scripts_only(bbb_package)
[91.688s] Level 1:colcon.colcon_core.environment:checking '/home/jetson/bbb_jetson_ws/install/bbb_package' for CMake module files
[91.699s] Level 1:colcon.colcon_core.environment:checking '/home/jetson/bbb_jetson_ws/install/bbb_package' for CMake config files
[91.708s] Level 1:colcon.colcon_core.shell:create_environment_hook('bbb_package', 'cmake_prefix_path')
[91.712s] INFO:colcon.colcon_core.shell:Creating environment hook '/home/jetson/bbb_jetson_ws/install/bbb_package/share/bbb_package/hook/cmake_prefix_path.ps1'
[91.717s] INFO:colcon.colcon_core.shell:Creating environment descriptor '/home/jetson/bbb_jetson_ws/install/bbb_package/share/bbb_package/hook/cmake_prefix_path.dsv'
[91.721s] INFO:colcon.colcon_core.shell:Creating environment hook '/home/jetson/bbb_jetson_ws/install/bbb_package/share/bbb_package/hook/cmake_prefix_path.sh'
[91.727s] Level 1:colcon.colcon_core.environment:checking '/home/jetson/bbb_jetson_ws/install/bbb_package/lib'
[91.728s] Level 1:colcon.colcon_core.environment:checking '/home/jetson/bbb_jetson_ws/install/bbb_package/bin'
[91.737s] Level 1:colcon.colcon_core.environment:checking '/home/jetson/bbb_jetson_ws/install/bbb_package/lib/pkgconfig/bbb_package.pc'
[91.740s] Level 1:colcon.colcon_core.environment:checking '/home/jetson/bbb_jetson_ws/install/bbb_package/lib/python3.8/site-packages'
[91.742s] Level 1:colcon.colcon_core.environment:checking '/home/jetson/bbb_jetson_ws/install/bbb_package/bin'
[91.749s] INFO:colcon.colcon_core.shell:Creating package script '/home/jetson/bbb_jetson_ws/install/bbb_package/share/bbb_package/package.ps1'
[91.756s] INFO:colcon.colcon_core.shell:Creating package descriptor '/home/jetson/bbb_jetson_ws/install/bbb_package/share/bbb_package/package.dsv'
[91.764s] INFO:colcon.colcon_core.shell:Creating package script '/home/jetson/bbb_jetson_ws/install/bbb_package/share/bbb_package/package.sh'
[91.769s] INFO:colcon.colcon_core.shell:Creating package script '/home/jetson/bbb_jetson_ws/install/bbb_package/share/bbb_package/package.bash'
[91.773s] INFO:colcon.colcon_core.shell:Creating package script '/home/jetson/bbb_jetson_ws/install/bbb_package/share/bbb_package/package.zsh'
[91.778s] Level 1:colcon.colcon_core.environment:create_file_with_runtime_dependencies(/home/jetson/bbb_jetson_ws/install/bbb_package/share/colcon-core/packages/bbb_package)
[91.781s] DEBUG:colcon.colcon_parallel_executor.executor.parallel:closing loop
[91.785s] DEBUG:colcon.colcon_parallel_executor.executor.parallel:loop closed
[91.787s] DEBUG:colcon.colcon_parallel_executor.executor.parallel:run_until_complete finished with '0'
[91.788s] DEBUG:colcon.colcon_core.event_reactor:joining thread
[91.850s] INFO:colcon.colcon_core.plugin_system:Skipping extension 'colcon_notification.desktop_notification.terminal_notifier': Not used on non-Darwin systems
[91.851s] INFO:colcon.colcon_core.plugin_system:Skipping extension 'colcon_notification.desktop_notification.win32': Not used on non-Windows systems
[91.852s] INFO:colcon.colcon_notification.desktop_notification:Sending desktop notification using 'notify2'
[91.966s] DEBUG:colcon.colcon_core.event_reactor:joined thread
[91.970s] INFO:colcon.colcon_core.shell:Creating prefix script '/home/jetson/bbb_jetson_ws/install/local_setup.ps1'
[91.983s] INFO:colcon.colcon_core.shell:Creating prefix util module '/home/jetson/bbb_jetson_ws/install/_local_setup_util_ps1.py'
[92.003s] INFO:colcon.colcon_core.shell:Creating prefix chain script '/home/jetson/bbb_jetson_ws/install/setup.ps1'
[92.033s] INFO:colcon.colcon_core.shell:Creating prefix script '/home/jetson/bbb_jetson_ws/install/local_setup.sh'
[92.039s] INFO:colcon.colcon_core.shell:Creating prefix util module '/home/jetson/bbb_jetson_ws/install/_local_setup_util_sh.py'
[92.045s] INFO:colcon.colcon_core.shell:Creating prefix chain script '/home/jetson/bbb_jetson_ws/install/setup.sh'
[92.066s] INFO:colcon.colcon_core.shell:Creating prefix script '/home/jetson/bbb_jetson_ws/install/local_setup.bash'
[92.072s] INFO:colcon.colcon_core.shell:Creating prefix chain script '/home/jetson/bbb_jetson_ws/install/setup.bash'
[92.090s] INFO:colcon.colcon_core.shell:Creating prefix script '/home/jetson/bbb_jetson_ws/install/local_setup.zsh'
[92.096s] INFO:colcon.colcon_core.shell:Creating prefix chain script '/home/jetson/bbb_jetson_ws/install/setup.zsh'
