running egg_info
creating ../../build/BamBoBot_simular/BamBoBot_robot.egg-info
writing ../../build/BamBoBot_simular/BamBoBot_robot.egg-info/PKG-INFO
writing dependency_links to ../../build/BamBoBot_simular/BamBoBot_robot.egg-info/dependency_links.txt
writing entry points to ../../build/BamBoBot_simular/BamBoBot_robot.egg-info/entry_points.txt
writing requirements to ../../build/BamBoBot_simular/BamBoBot_robot.egg-info/requires.txt
writing top-level names to ../../build/BamBoBot_simular/BamBoBot_robot.egg-info/top_level.txt
writing manifest file '../../build/BamBoBot_simular/BamBoBot_robot.egg-info/SOURCES.txt'
reading manifest file '../../build/BamBoBot_simular/BamBoBot_robot.egg-info/SOURCES.txt'
writing manifest file '../../build/BamBoBot_simular/BamBoBot_robot.egg-info/SOURCES.txt'
running build
running build_py
creating /media/ngochoan/Intermediate_memory/mobile_robot/Dissertation/Software/BamBoBot/build/BamBoBot_simular/build
creating /media/ngochoan/Intermediate_memory/mobile_robot/Dissertation/Software/BamBoBot/build/BamBoBot_simular/build/lib
creating /media/ngochoan/Intermediate_memory/mobile_robot/Dissertation/Software/BamBoBot/build/BamBoBot_simular/build/lib/BamBoBot_robot
copying BamBoBot_robot/__init__.py -> /media/ngochoan/Intermediate_memory/mobile_robot/Dissertation/Software/BamBoBot/build/BamBoBot_simular/build/lib/BamBoBot_robot
running install
running install_lib
creating /media/ngochoan/Intermediate_memory/mobile_robot/Dissertation/Software/BamBoBot/install/BamBoBot_simular/lib/python3.10/site-packages/BamBoBot_robot
copying /media/ngochoan/Intermediate_memory/mobile_robot/Dissertation/Software/BamBoBot/build/BamBoBot_simular/build/lib/BamBoBot_robot/__init__.py -> /media/ngochoan/Intermediate_memory/mobile_robot/Dissertation/Software/BamBoBot/install/BamBoBot_simular/lib/python3.10/site-packages/BamBoBot_robot
byte-compiling /media/ngochoan/Intermediate_memory/mobile_robot/Dissertation/Software/BamBoBot/install/BamBoBot_simular/lib/python3.10/site-packages/BamBoBot_robot/__init__.py to __init__.cpython-310.pyc
running install_data
copying resource/BamBoBot_robot -> /media/ngochoan/Intermediate_memory/mobile_robot/Dissertation/Software/BamBoBot/install/BamBoBot_simular/share/ament_index/resource_index/packages
creating /media/ngochoan/Intermediate_memory/mobile_robot/Dissertation/Software/BamBoBot/install/BamBoBot_simular/share/BamBoBot_robot
copying package.xml -> /media/ngochoan/Intermediate_memory/mobile_robot/Dissertation/Software/BamBoBot/install/BamBoBot_simular/share/BamBoBot_robot
creating /media/ngochoan/Intermediate_memory/mobile_robot/Dissertation/Software/BamBoBot/install/BamBoBot_simular/share/BamBoBot_robot/urdf
copying urdf/BamBoBot_urdf.urdf -> /media/ngochoan/Intermediate_memory/mobile_robot/Dissertation/Software/BamBoBot/install/BamBoBot_simular/share/BamBoBot_robot/urdf
creating /media/ngochoan/Intermediate_memory/mobile_robot/Dissertation/Software/BamBoBot/install/BamBoBot_simular/share/BamBoBot_robot/launch
copying launch/display.launch.py -> /media/ngochoan/Intermediate_memory/mobile_robot/Dissertation/Software/BamBoBot/install/BamBoBot_simular/share/BamBoBot_robot/launch
copying launch/gazebo.launch.py -> /media/ngochoan/Intermediate_memory/mobile_robot/Dissertation/Software/BamBoBot/install/BamBoBot_simular/share/BamBoBot_robot/launch
creating /media/ngochoan/Intermediate_memory/mobile_robot/Dissertation/Software/BamBoBot/install/BamBoBot_simular/share/BamBoBot_robot/meshes
copying meshes/base_footprint.STL -> /media/ngochoan/Intermediate_memory/mobile_robot/Dissertation/Software/BamBoBot/install/BamBoBot_simular/share/BamBoBot_robot/meshes
copying meshes/lidar_link.STL -> /media/ngochoan/Intermediate_memory/mobile_robot/Dissertation/Software/BamBoBot/install/BamBoBot_simular/share/BamBoBot_robot/meshes
copying meshes/Wheel1_link.STL -> /media/ngochoan/Intermediate_memory/mobile_robot/Dissertation/Software/BamBoBot/install/BamBoBot_simular/share/BamBoBot_robot/meshes
copying meshes/Wheel2_link.STL -> /media/ngochoan/Intermediate_memory/mobile_robot/Dissertation/Software/BamBoBot/install/BamBoBot_simular/share/BamBoBot_robot/meshes
copying meshes/Wheel3_link.STL -> /media/ngochoan/Intermediate_memory/mobile_robot/Dissertation/Software/BamBoBot/install/BamBoBot_simular/share/BamBoBot_robot/meshes
copying meshes/Wheel4_link.STL -> /media/ngochoan/Intermediate_memory/mobile_robot/Dissertation/Software/BamBoBot/install/BamBoBot_simular/share/BamBoBot_robot/meshes
running install_egg_info
Copying ../../build/BamBoBot_simular/BamBoBot_robot.egg-info to /media/ngochoan/Intermediate_memory/mobile_robot/Dissertation/Software/BamBoBot/install/BamBoBot_simular/lib/python3.10/site-packages/BamBoBot_robot-0.0.0-py3.10.egg-info
running install_scripts
writing list of installed files to '/media/ngochoan/Intermediate_memory/mobile_robot/Dissertation/Software/BamBoBot/build/BamBoBot_simular/install.log'
