[0.043s] Invoking command in '/home/jetson/bbb_jetson_ws/build/bbb_package': CMAKE_PREFIX_PATH=/home/jetson/bbb_jetson_ws/install/serial:/home/jetson/bbb_jetson_ws/install/tune_package:/home/jetson/bbb_jetson_ws/install/ros2_laser_scan_matcher:/home/jetson/bbb_jetson_ws/install/diffdrive_arduino:/home/jetson/bbb_jetson_ws/install/bbb_package:/home/jetson/bbb_jetson_ws/install/micro_ros_setup:/home/jetson/bbb_jetson_ws/install/csm:/home/jetson/bbb_jetson_ws/install/bbb_robot:/opt/ros/foxy /usr/bin/cmake --build /home/jetson/bbb_jetson_ws/build/bbb_package -- -j4 -l4
[0.187s] [35m[1mScanning dependencies of target data_processing_node_trap[0m
[0.269s] [  5%] Built target data_processing_node_circle
[0.312s] [ 11%] Built target data_processing_node_straight
[0.339s] [ 17%] Built target data_processing_node_zz
[0.341s] [ 20%] [32mBuilding CXX object CMakeFiles/data_processing_node_trap.dir/src/data_processing_node_trap.cpp.o[0m
[0.494s] [ 26%] Built target data_processing_node
[0.518s] [ 32%] Built target read_IMU
[0.548s] [ 38%] Built target controllers_node
[0.696s] [ 47%] Built target read_lidar
[0.700s] [ 52%] Built target pid_node
[0.703s] [ 55%] Built target delta_angle_node
[0.827s] [ 61%] Built target tune_node
[0.828s] [ 67%] Built target tune_fuzzy_node
[0.888s] [ 73%] Built target fuzzy_longitudinal_controllers
[0.965s] [ 79%] Built target circumference_node
[0.969s] [ 85%] Built target straight_line_node
[1.031s] [ 91%] Built target stanley_node
[1.095s] [ 97%] Built target sinusoidal_node
[24.238s] [100%] [32m[1mLinking CXX executable data_processing_node_trap[0m
[25.479s] [100%] Built target data_processing_node_trap
[25.528s] Invoked command in '/home/jetson/bbb_jetson_ws/build/bbb_package' returned '0': CMAKE_PREFIX_PATH=/home/jetson/bbb_jetson_ws/install/serial:/home/jetson/bbb_jetson_ws/install/tune_package:/home/jetson/bbb_jetson_ws/install/ros2_laser_scan_matcher:/home/jetson/bbb_jetson_ws/install/diffdrive_arduino:/home/jetson/bbb_jetson_ws/install/bbb_package:/home/jetson/bbb_jetson_ws/install/micro_ros_setup:/home/jetson/bbb_jetson_ws/install/csm:/home/jetson/bbb_jetson_ws/install/bbb_robot:/opt/ros/foxy /usr/bin/cmake --build /home/jetson/bbb_jetson_ws/build/bbb_package -- -j4 -l4
[25.799s] Invoking command in '/home/jetson/bbb_jetson_ws/build/bbb_package': CMAKE_PREFIX_PATH=/home/jetson/bbb_jetson_ws/install/serial:/home/jetson/bbb_jetson_ws/install/tune_package:/home/jetson/bbb_jetson_ws/install/ros2_laser_scan_matcher:/home/jetson/bbb_jetson_ws/install/diffdrive_arduino:/home/jetson/bbb_jetson_ws/install/bbb_package:/home/jetson/bbb_jetson_ws/install/micro_ros_setup:/home/jetson/bbb_jetson_ws/install/csm:/home/jetson/bbb_jetson_ws/install/bbb_robot:/opt/ros/foxy /usr/bin/cmake --install /home/jetson/bbb_jetson_ws/build/bbb_package
[25.825s] -- Install configuration: ""
[25.829s] -- Up-to-date: /home/jetson/bbb_jetson_ws/install/bbb_package/lib/bbb_package/controllers_node
[25.830s] -- Up-to-date: /home/jetson/bbb_jetson_ws/install/bbb_package/lib/bbb_package/data_processing_node_straight
[25.832s] -- Up-to-date: /home/jetson/bbb_jetson_ws/install/bbb_package/lib/bbb_package/data_processing_node_zz
[25.833s] -- Up-to-date: /home/jetson/bbb_jetson_ws/install/bbb_package/lib/bbb_package/data_processing_node_circle
[25.834s] -- Installing: /home/jetson/bbb_jetson_ws/install/bbb_package/lib/bbb_package/data_processing_node_trap
[25.852s] -- Set runtime path of "/home/jetson/bbb_jetson_ws/install/bbb_package/lib/bbb_package/data_processing_node_trap" to ""
[25.855s] -- Up-to-date: /home/jetson/bbb_jetson_ws/install/bbb_package/share/bbb_package/launch
[25.856s] -- Up-to-date: /home/jetson/bbb_jetson_ws/install/bbb_package/share/bbb_package/launch/thesis.launch.py
[25.856s] -- Installing: /home/jetson/bbb_jetson_ws/install/bbb_package/share/bbb_package/package.dsv
[25.859s] Invoked command in '/home/jetson/bbb_jetson_ws/build/bbb_package' returned '0': CMAKE_PREFIX_PATH=/home/jetson/bbb_jetson_ws/install/serial:/home/jetson/bbb_jetson_ws/install/tune_package:/home/jetson/bbb_jetson_ws/install/ros2_laser_scan_matcher:/home/jetson/bbb_jetson_ws/install/diffdrive_arduino:/home/jetson/bbb_jetson_ws/install/bbb_package:/home/jetson/bbb_jetson_ws/install/micro_ros_setup:/home/jetson/bbb_jetson_ws/install/csm:/home/jetson/bbb_jetson_ws/install/bbb_robot:/opt/ros/foxy /usr/bin/cmake --install /home/jetson/bbb_jetson_ws/build/bbb_package
