[0.624s] Invoking command in '/home/jetson/bbb_jetson_ws/build/bbb_robot': CMAKE_PREFIX_PATH=${CMAKE_PREFIX_PATH}:/home/jetson/bbb_jetson_ws/install/bbb:/opt/ros/foxy /usr/bin/cmake --build /home/jetson/bbb_jetson_ws/build/bbb_robot -- -j4 -l4
[0.782s] Invoked command in '/home/jetson/bbb_jetson_ws/build/bbb_robot' returned '0': CMAKE_PREFIX_PATH=${CMAKE_PREFIX_PATH}:/home/jetson/bbb_jetson_ws/install/bbb:/opt/ros/foxy /usr/bin/cmake --build /home/jetson/bbb_jetson_ws/build/bbb_robot -- -j4 -l4
[0.910s] Invoking command in '/home/jetson/bbb_jetson_ws/build/bbb_robot': CMAKE_PREFIX_PATH=${CMAKE_PREFIX_PATH}:/home/jetson/bbb_jetson_ws/install/bbb:/opt/ros/foxy /usr/bin/cmake --install /home/jetson/bbb_jetson_ws/build/bbb_robot
[0.941s] -- Install configuration: ""
[0.946s] -- Execute custom install script
[0.949s] -- Up-to-date symlink: /home/jetson/bbb_jetson_ws/install/bbb_robot/share/bbb_robot/config/empty.yaml
[0.949s] -- Up-to-date symlink: /home/jetson/bbb_jetson_ws/install/bbb_robot/share/bbb_robot/config/gazebo_params.yaml
[0.950s] -- Up-to-date symlink: /home/jetson/bbb_jetson_ws/install/bbb_robot/share/bbb_robot/config/main.rviz
[0.950s] -- Up-to-date symlink: /home/jetson/bbb_jetson_ws/install/bbb_robot/share/bbb_robot/config/mapper_params_online_async.yaml
[0.950s] -- Up-to-date symlink: /home/jetson/bbb_jetson_ws/install/bbb_robot/share/bbb_robot/config/my_controllers.yaml
[0.951s] -- Up-to-date symlink: /home/jetson/bbb_jetson_ws/install/bbb_robot/share/bbb_robot/config/twist_mux.yaml
[0.951s] -- Up-to-date symlink: /home/jetson/bbb_jetson_ws/install/bbb_robot/share/bbb_robot/description/gazebo_control.xacro
[0.952s] -- Up-to-date symlink: /home/jetson/bbb_jetson_ws/install/bbb_robot/share/bbb_robot/description/inertial_macros.xacro
[0.955s] -- Up-to-date symlink: /home/jetson/bbb_jetson_ws/install/bbb_robot/share/bbb_robot/description/lidar2D.xacro
[0.956s] -- Up-to-date symlink: /home/jetson/bbb_jetson_ws/install/bbb_robot/share/bbb_robot/description/robot.urdf.xacro
[0.956s] -- Up-to-date symlink: /home/jetson/bbb_jetson_ws/install/bbb_robot/share/bbb_robot/description/robot_core_differential_robot.xacro
[0.960s] -- Up-to-date symlink: /home/jetson/bbb_jetson_ws/install/bbb_robot/share/bbb_robot/description/robot_core_four_wheel_.xacro
[0.961s] -- Up-to-date symlink: /home/jetson/bbb_jetson_ws/install/bbb_robot/share/bbb_robot/description/ros2_control.xacro
[0.961s] -- Up-to-date symlink: /home/jetson/bbb_jetson_ws/install/bbb_robot/share/bbb_robot/launch/launch_robot.launch.py
[0.963s] -- Up-to-date symlink: /home/jetson/bbb_jetson_ws/install/bbb_robot/share/bbb_robot/launch/launch_sim.launch.py
[0.963s] -- Up-to-date symlink: /home/jetson/bbb_jetson_ws/install/bbb_robot/share/bbb_robot/launch/rsp.launch.py
[0.963s] -- Up-to-date symlink: /home/jetson/bbb_jetson_ws/install/bbb_robot/share/bbb_robot/worlds/empty.world
[0.964s] -- Up-to-date symlink: /home/jetson/bbb_jetson_ws/install/bbb_robot/share/bbb_robot/worlds/virtual.world
[0.964s] -- Up-to-date symlink: /home/jetson/bbb_jetson_ws/install/bbb_robot/share/ament_index/resource_index/package_run_dependencies/bbb_robot
[0.964s] -- Up-to-date symlink: /home/jetson/bbb_jetson_ws/install/bbb_robot/share/ament_index/resource_index/parent_prefix_path/bbb_robot
[0.965s] -- Up-to-date symlink: /home/jetson/bbb_jetson_ws/install/bbb_robot/share/bbb_robot/environment/ament_prefix_path.sh
[0.965s] -- Up-to-date symlink: /home/jetson/bbb_jetson_ws/install/bbb_robot/share/bbb_robot/environment/ament_prefix_path.dsv
[0.965s] -- Up-to-date symlink: /home/jetson/bbb_jetson_ws/install/bbb_robot/share/bbb_robot/environment/path.sh
[0.966s] -- Up-to-date symlink: /home/jetson/bbb_jetson_ws/install/bbb_robot/share/bbb_robot/environment/path.dsv
[0.966s] -- Up-to-date symlink: /home/jetson/bbb_jetson_ws/install/bbb_robot/share/bbb_robot/local_setup.bash
[0.967s] -- Up-to-date symlink: /home/jetson/bbb_jetson_ws/install/bbb_robot/share/bbb_robot/local_setup.sh
[0.971s] -- Up-to-date symlink: /home/jetson/bbb_jetson_ws/install/bbb_robot/share/bbb_robot/local_setup.zsh
[0.971s] -- Up-to-date symlink: /home/jetson/bbb_jetson_ws/install/bbb_robot/share/bbb_robot/local_setup.dsv
[0.972s] -- Symlinking: /home/jetson/bbb_jetson_ws/install/bbb_robot/share/bbb_robot/package.dsv
[1.007s] -- Up-to-date symlink: /home/jetson/bbb_jetson_ws/install/bbb_robot/share/ament_index/resource_index/packages/bbb_robot
[1.007s] -- Up-to-date symlink: /home/jetson/bbb_jetson_ws/install/bbb_robot/share/bbb_robot/cmake/bbb_robotConfig.cmake
[1.008s] -- Up-to-date symlink: /home/jetson/bbb_jetson_ws/install/bbb_robot/share/bbb_robot/cmake/bbb_robotConfig-version.cmake
[1.008s] -- Up-to-date symlink: /home/jetson/bbb_jetson_ws/install/bbb_robot/share/bbb_robot/package.xml
[1.462s] Invoked command in '/home/jetson/bbb_jetson_ws/build/bbb_robot' returned '0': CMAKE_PREFIX_PATH=${CMAKE_PREFIX_PATH}:/home/jetson/bbb_jetson_ws/install/bbb:/opt/ros/foxy /usr/bin/cmake --install /home/jetson/bbb_jetson_ws/build/bbb_robot
