[0.094s] Invoking command in '/home/jetson/bbb_jetson_ws/build/tune_package': CMAKE_PREFIX_PATH=${CMAKE_PREFIX_PATH}:/opt/ros/foxy /usr/bin/cmake /home/jetson/bbb_jetson_ws/src/tune_package -DCMAKE_INSTALL_PREFIX=/home/jetson/bbb_jetson_ws/install/tune_package
[0.957s] -- The C compiler identification is GNU 9.4.0
[1.619s] -- The CXX compiler identification is GNU 9.4.0
[1.662s] -- Check for working C compiler: /usr/bin/cc
[2.192s] -- Check for working C compiler: /usr/bin/cc -- works
[2.201s] -- Detecting C compiler ABI info
[2.826s] -- Detecting C compiler ABI info - done
[2.922s] -- Detecting C compile features
[2.942s] -- Detecting C compile features - done
[2.959s] -- Check for working CXX compiler: /usr/bin/c++
[3.655s] -- Check for working CXX compiler: /usr/bin/c++ -- works
[3.674s] -- Detecting CXX compiler ABI info
[4.343s] -- Detecting CXX compiler ABI info - done
[4.485s] -- Detecting CXX compile features
[4.489s] -- Detecting CXX compile features - done
[4.523s] -- Found ament_cmake: 0.9.12 (/opt/ros/foxy/share/ament_cmake/cmake)
[4.991s] -- Found PythonInterp: /usr/bin/python3 (found suitable version "3.8.10", minimum required is "3") 
[4.997s] -- Using PYTHON_EXECUTABLE: /usr/bin/python3
[6.880s] -- Found rclcpp: 2.4.3 (/opt/ros/foxy/share/rclcpp/cmake)
[7.343s] -- Using all available rosidl_typesupport_c: rosidl_typesupport_fastrtps_c;rosidl_typesupport_introspection_c
[7.426s] -- Found rosidl_adapter: 1.3.1 (/opt/ros/foxy/share/rosidl_adapter/cmake)
[8.593s] -- Found OpenSSL: /usr/lib/aarch64-linux-gnu/libcrypto.so (found version "1.1.1f")  
[8.790s] -- Found FastRTPS: /opt/ros/foxy/include  
[10.034s] -- Using all available rosidl_typesupport_cpp: rosidl_typesupport_fastrtps_cpp;rosidl_typesupport_introspection_cpp
[10.842s] -- Found rmw_implementation_cmake: 1.0.4 (/opt/ros/foxy/share/rmw_implementation_cmake/cmake)
[10.871s] -- Using RMW implementation 'rmw_fastrtps_cpp' as default
[10.894s] -- Looking for pthread.h
[11.639s] -- Looking for pthread.h - found
[11.649s] -- Performing Test CMAKE_HAVE_LIBC_PTHREAD
[12.652s] -- Performing Test CMAKE_HAVE_LIBC_PTHREAD - Failed
[12.653s] -- Looking for pthread_create in pthreads
[13.774s] -- Looking for pthread_create in pthreads - not found
[13.777s] -- Looking for pthread_create in pthread
[15.080s] -- Looking for pthread_create in pthread - found
[15.087s] -- Found Threads: TRUE  
[17.916s] -- Found tf2_msgs: 0.13.14 (/opt/ros/foxy/share/tf2_msgs/cmake)
[22.844s] -- Found ament_lint_auto: 0.9.8 (/opt/ros/foxy/share/ament_lint_auto/cmake)
[24.277s] -- Added test 'cppcheck' to perform static code analysis on C / C++ code
[24.280s] -- Configured cppcheck include dirs: 
[24.281s] -- Configured cppcheck exclude dirs and/or files: 
[24.293s] -- Added test 'lint_cmake' to check CMake code style
[24.314s] -- Added test 'uncrustify' to check C / C++ code style
[24.315s] -- Configured uncrustify additional arguments: 
[24.319s] -- Added test 'xmllint' to check XML markup files
[24.367s] -- Configuring done
[24.583s] -- Generating done
[24.615s] -- Build files have been written to: /home/jetson/bbb_jetson_ws/build/tune_package
[24.753s] Invoked command in '/home/jetson/bbb_jetson_ws/build/tune_package' returned '0': CMAKE_PREFIX_PATH=${CMAKE_PREFIX_PATH}:/opt/ros/foxy /usr/bin/cmake /home/jetson/bbb_jetson_ws/src/tune_package -DCMAKE_INSTALL_PREFIX=/home/jetson/bbb_jetson_ws/install/tune_package
[24.767s] Invoking command in '/home/jetson/bbb_jetson_ws/build/tune_package': CMAKE_PREFIX_PATH=${CMAKE_PREFIX_PATH}:/opt/ros/foxy /usr/bin/cmake --build /home/jetson/bbb_jetson_ws/build/tune_package -- -j4 -l4
[25.839s] [35m[1mScanning dependencies of target data_processing_node[0m
[25.880s] [35m[1mScanning dependencies of target straight_line_node[0m
[26.682s] [ 25%] [32mBuilding CXX object CMakeFiles/straight_line_node.dir/src/straight_line_node.cpp.o[0m
[26.715s] [ 50%] [32mBuilding CXX object CMakeFiles/data_processing_node.dir/src/data_processing_node.cpp.o[0m
[76.624s] [ 75%] [32m[1mLinking CXX executable straight_line_node[0m
[79.349s] [ 75%] Built target straight_line_node
[93.897s] [100%] [32m[1mLinking CXX executable data_processing_node[0m
[98.193s] [100%] Built target data_processing_node
[98.347s] Invoked command in '/home/jetson/bbb_jetson_ws/build/tune_package' returned '0': CMAKE_PREFIX_PATH=${CMAKE_PREFIX_PATH}:/opt/ros/foxy /usr/bin/cmake --build /home/jetson/bbb_jetson_ws/build/tune_package -- -j4 -l4
[98.869s] Invoking command in '/home/jetson/bbb_jetson_ws/build/tune_package': CMAKE_PREFIX_PATH=${CMAKE_PREFIX_PATH}:/opt/ros/foxy /usr/bin/cmake --install /home/jetson/bbb_jetson_ws/build/tune_package
[99.010s] -- Install configuration: ""
[99.017s] -- Installing: /home/jetson/bbb_jetson_ws/install/tune_package/lib/tune_package/straight_line_node
[99.045s] -- Set runtime path of "/home/jetson/bbb_jetson_ws/install/tune_package/lib/tune_package/straight_line_node" to ""
[99.059s] -- Installing: /home/jetson/bbb_jetson_ws/install/tune_package/lib/tune_package/data_processing_node
[99.100s] -- Set runtime path of "/home/jetson/bbb_jetson_ws/install/tune_package/lib/tune_package/data_processing_node" to ""
[99.101s] -- Installing: /home/jetson/bbb_jetson_ws/install/tune_package/share/ament_index/resource_index/package_run_dependencies/tune_package
[99.114s] -- Installing: /home/jetson/bbb_jetson_ws/install/tune_package/share/ament_index/resource_index/parent_prefix_path/tune_package
[99.116s] -- Up-to-date: /home/jetson/bbb_jetson_ws/install/tune_package/share/tune_package/environment/ament_prefix_path.sh
[99.118s] -- Installing: /home/jetson/bbb_jetson_ws/install/tune_package/share/tune_package/environment/ament_prefix_path.dsv
[99.120s] -- Up-to-date: /home/jetson/bbb_jetson_ws/install/tune_package/share/tune_package/environment/path.sh
[99.124s] -- Installing: /home/jetson/bbb_jetson_ws/install/tune_package/share/tune_package/environment/path.dsv
[99.125s] -- Installing: /home/jetson/bbb_jetson_ws/install/tune_package/share/tune_package/local_setup.bash
[99.126s] -- Installing: /home/jetson/bbb_jetson_ws/install/tune_package/share/tune_package/local_setup.sh
[99.126s] -- Installing: /home/jetson/bbb_jetson_ws/install/tune_package/share/tune_package/local_setup.zsh
[99.166s] -- Installing: /home/jetson/bbb_jetson_ws/install/tune_package/share/tune_package/local_setup.dsv
[99.167s] -- Installing: /home/jetson/bbb_jetson_ws/install/tune_package/share/tune_package/package.dsv
[99.167s] -- Installing: /home/jetson/bbb_jetson_ws/install/tune_package/share/ament_index/resource_index/packages/tune_package
[99.168s] -- Installing: /home/jetson/bbb_jetson_ws/install/tune_package/share/tune_package/cmake/tune_packageConfig.cmake
[99.169s] -- Installing: /home/jetson/bbb_jetson_ws/install/tune_package/share/tune_package/cmake/tune_packageConfig-version.cmake
[99.169s] -- Up-to-date: /home/jetson/bbb_jetson_ws/install/tune_package/share/tune_package/package.xml
[99.171s] Invoked command in '/home/jetson/bbb_jetson_ws/build/tune_package' returned '0': CMAKE_PREFIX_PATH=${CMAKE_PREFIX_PATH}:/opt/ros/foxy /usr/bin/cmake --install /home/jetson/bbb_jetson_ws/build/tune_package
