0.104072 0.0683902 0.0624432 0.0356818 
0.3925 0.25572 0.276534 0.217064 
0.695795 0.514413 0.532254 0.466837 
0.963409 0.755265 0.808788 0.71661 
1.0883 1.01098 1.16263 0.97233 
1.27562 1.21616 1.43917 1.20723 
1.5254 1.3678 1.48972 1.42727 
1.62947 1.57892 1.64731 1.57595 
1.73354 1.69786 1.73652 1.72165 
1.84059 1.78706 1.85545 1.8168 
1.8733 1.87627 1.93574 1.86735 
1.94169 1.91492 1.95655 1.9625 
1.97142 1.96845 1.99223 1.97142 
2.0071 1.99223 2.01305 2.03089 
2.05765 2.0517 2.08441 2.0636 
2.05765 1.99521 2.08739 2.0517 
2.06063 2.05765 2.07252 2.06657 
2.05468 2.04576 2.08441 2.07252 
2.08441 2.08144 2.09333 2.09928 
2.08739 2.07252 2.12009 2.09928 
2.06955 2.07549 2.06657 2.09333 
2.10523 2.07847 2.12902 2.10523 
2.07549 2.07847 2.08739 2.11117 
2.11712 2.09631 2.14686 2.11117 
2.1082 2.09631 2.10523 2.13199 
2.10523 2.09928 2.12307 2.09333 
2.10225 2.07847 2.11117 2.12902 
2.13199 2.09928 2.14983 2.11712 
2.09036 2.05765 2.11117 2.1082 
2.13199 2.12009 2.14686 2.13199 
2.08739 2.06063 2.12009 2.10523 
2.10523 2.11415 2.1082 2.12009 
2.09631 2.09333 2.12902 2.10523 
2.1082 2.1082 2.1082 2.12902 
2.12902 2.10523 2.14388 2.12604 
2.1082 2.11117 2.10523 2.12902 
2.11712 2.11415 2.14091 2.11117 
2.11117 2.11117 2.12307 2.14388 
2.13794 2.09928 2.12604 2.12307 
2.10225 2.1082 2.12009 2.12604 
2.13496 2.13199 2.14983 2.13794 
2.11415 2.09928 2.13496 2.12902 
2.12604 2.12902 2.12307 2.13496 
2.12307 2.1082 2.1528 2.13496 
2.11117 2.12307 2.12307 2.14091 
2.12307 2.11117 2.14686 2.12604 
2.11415 2.11712 2.11415 2.13794 
2.13496 2.1082 2.1528 2.11415 
2.1082 2.11712 2.11415 2.13794 
2.12902 2.13199 2.15875 2.13496 
2.10225 2.09036 2.11117 2.12307 
2.13199 2.12604 2.14091 2.13496 
2.12009 2.1082 2.13496 2.14686 
2.12902 2.12604 2.14686 2.14091 
2.11415 2.10523 2.1528 2.12307 
2.09928 2.1082 2.11415 2.12902 
2.09928 2.09036 2.12604 2.09928 
2.11117 2.13199 2.12009 2.14388