[0.177s] Invoking command in '/home/jetson/bbb_jetson_ws/build/bbb_package': CMAKE_PREFIX_PATH=/home/jetson/bbb_jetson_ws/install/serial:/home/jetson/bbb_jetson_ws/install/tune_package:/home/jetson/bbb_jetson_ws/install/ros2_laser_scan_matcher:/home/jetson/bbb_jetson_ws/install/diffdrive_arduino:/home/jetson/bbb_jetson_ws/install/bbb_package:/home/jetson/bbb_jetson_ws/install/micro_ros_setup:/home/jetson/bbb_jetson_ws/install/csm:/home/jetson/bbb_jetson_ws/install/bbb_robot:/opt/ros/foxy /usr/bin/cmake --build /home/jetson/bbb_jetson_ws/build/bbb_package -- -j4 -l4
[0.809s] [35m[1mScanning dependencies of target data_processing_node_circle[0m
[1.224s] [  5%] Built target data_processing_node_trap
[1.467s] [ 11%] Built target data_processing_node_zz
[1.469s] [ 17%] Built target data_processing_node_straight
[1.486s] [ 20%] [32mBuilding CXX object CMakeFiles/data_processing_node_circle.dir/src/data_processing_node_circle.cpp.o[0m
[2.133s] [ 26%] Built target data_processing_node
[2.328s] [ 32%] Built target read_IMU
[2.335s] [ 38%] Built target controllers_node
[2.899s] [ 44%] Built target read_lidar
[3.094s] [ 50%] Built target pid_node
[3.141s] [ 55%] Built target delta_angle_node
[3.859s] [ 61%] Built target tune_node
[4.167s] [ 67%] Built target tune_fuzzy_node
[4.212s] [ 73%] Built target fuzzy_longitudinal_controllers
[5.042s] [ 79%] Built target circumference_node
[5.432s] [ 85%] Built target straight_line_node
[5.486s] [ 91%] Built target stanley_node
[5.720s] [ 97%] Built target sinusoidal_node
[83.808s] [100%] [32m[1mLinking CXX executable data_processing_node_circle[0m
[87.052s] [100%] Built target data_processing_node_circle
[87.144s] Invoked command in '/home/jetson/bbb_jetson_ws/build/bbb_package' returned '0': CMAKE_PREFIX_PATH=/home/jetson/bbb_jetson_ws/install/serial:/home/jetson/bbb_jetson_ws/install/tune_package:/home/jetson/bbb_jetson_ws/install/ros2_laser_scan_matcher:/home/jetson/bbb_jetson_ws/install/diffdrive_arduino:/home/jetson/bbb_jetson_ws/install/bbb_package:/home/jetson/bbb_jetson_ws/install/micro_ros_setup:/home/jetson/bbb_jetson_ws/install/csm:/home/jetson/bbb_jetson_ws/install/bbb_robot:/opt/ros/foxy /usr/bin/cmake --build /home/jetson/bbb_jetson_ws/build/bbb_package -- -j4 -l4
[87.719s] Invoking command in '/home/jetson/bbb_jetson_ws/build/bbb_package': CMAKE_PREFIX_PATH=/home/jetson/bbb_jetson_ws/install/serial:/home/jetson/bbb_jetson_ws/install/tune_package:/home/jetson/bbb_jetson_ws/install/ros2_laser_scan_matcher:/home/jetson/bbb_jetson_ws/install/diffdrive_arduino:/home/jetson/bbb_jetson_ws/install/bbb_package:/home/jetson/bbb_jetson_ws/install/micro_ros_setup:/home/jetson/bbb_jetson_ws/install/csm:/home/jetson/bbb_jetson_ws/install/bbb_robot:/opt/ros/foxy /usr/bin/cmake --install /home/jetson/bbb_jetson_ws/build/bbb_package
[87.795s] -- Install configuration: ""
[87.808s] -- Up-to-date: /home/jetson/bbb_jetson_ws/install/bbb_package/lib/bbb_package/controllers_node
[87.812s] -- Up-to-date: /home/jetson/bbb_jetson_ws/install/bbb_package/lib/bbb_package/data_processing_node_straight
[87.819s] -- Up-to-date: /home/jetson/bbb_jetson_ws/install/bbb_package/lib/bbb_package/data_processing_node_zz
[87.823s] -- Installing: /home/jetson/bbb_jetson_ws/install/bbb_package/lib/bbb_package/data_processing_node_circle
[87.871s] -- Set runtime path of "/home/jetson/bbb_jetson_ws/install/bbb_package/lib/bbb_package/data_processing_node_circle" to ""
[87.873s] -- Up-to-date: /home/jetson/bbb_jetson_ws/install/bbb_package/lib/bbb_package/data_processing_node_trap
[87.878s] -- Up-to-date: /home/jetson/bbb_jetson_ws/install/bbb_package/share/bbb_package/launch
[87.880s] -- Up-to-date: /home/jetson/bbb_jetson_ws/install/bbb_package/share/bbb_package/launch/thesis.launch.py
[87.888s] -- Installing: /home/jetson/bbb_jetson_ws/install/bbb_package/share/bbb_package/package.dsv
[87.907s] Invoked command in '/home/jetson/bbb_jetson_ws/build/bbb_package' returned '0': CMAKE_PREFIX_PATH=/home/jetson/bbb_jetson_ws/install/serial:/home/jetson/bbb_jetson_ws/install/tune_package:/home/jetson/bbb_jetson_ws/install/ros2_laser_scan_matcher:/home/jetson/bbb_jetson_ws/install/diffdrive_arduino:/home/jetson/bbb_jetson_ws/install/bbb_package:/home/jetson/bbb_jetson_ws/install/micro_ros_setup:/home/jetson/bbb_jetson_ws/install/csm:/home/jetson/bbb_jetson_ws/install/bbb_robot:/opt/ros/foxy /usr/bin/cmake --install /home/jetson/bbb_jetson_ws/build/bbb_package
