[0.113s] Invoking command in '/home/jetson/bbb_jetson_ws/src/build/tune_package': CMAKE_PREFIX_PATH=/opt/ros/foxy /usr/bin/cmake /home/jetson/bbb_jetson_ws/src/tune_package -DCMAKE_INSTALL_PREFIX=/home/jetson/bbb_jetson_ws/src/install/tune_package
[0.227s] -- Found ament_cmake: 0.9.12 (/opt/ros/foxy/share/ament_cmake/cmake)
[0.477s] -- Using PYTHON_EXECUTABLE: /usr/bin/python3
[2.280s] -- Found rclcpp: 2.4.3 (/opt/ros/foxy/share/rclcpp/cmake)
[2.934s] -- Using all available rosidl_typesupport_c: rosidl_typesupport_fastrtps_c;rosidl_typesupport_introspection_c
[2.965s] -- Found rosidl_adapter: 1.3.1 (/opt/ros/foxy/share/rosidl_adapter/cmake)
[4.300s] -- Using all available rosidl_typesupport_cpp: rosidl_typesupport_fastrtps_cpp;rosidl_typesupport_introspection_cpp
[5.123s] -- Found rmw_implementation_cmake: 1.0.4 (/opt/ros/foxy/share/rmw_implementation_cmake/cmake)
[5.134s] -- Using RMW implementation 'rmw_fastrtps_cpp' as default
[8.075s] -- Found tf2_msgs: 0.13.14 (/opt/ros/foxy/share/tf2_msgs/cmake)
[11.867s] -- Found ament_lint_auto: 0.9.8 (/opt/ros/foxy/share/ament_lint_auto/cmake)
[12.815s] -- Added test 'cppcheck' to perform static code analysis on C / C++ code
[12.822s] -- Configured cppcheck include dirs: 
[12.823s] -- Configured cppcheck exclude dirs and/or files: 
[12.830s] -- Added test 'flake8' to check Python code syntax and style conventions
[12.840s] -- Added test 'lint_cmake' to check CMake code style
[12.855s] -- Added test 'pep257' to check Python code against some of the style conventions in PEP 257
[12.871s] -- Added test 'uncrustify' to check C / C++ code style
[12.875s] -- Configured uncrustify additional arguments: 
[12.889s] -- Added test 'xmllint' to check XML markup files
[12.931s] -- Configuring done
[13.094s] -- Generating done
[13.118s] -- Build files have been written to: /home/jetson/bbb_jetson_ws/src/build/tune_package
[13.173s] Invoked command in '/home/jetson/bbb_jetson_ws/src/build/tune_package' returned '0': CMAKE_PREFIX_PATH=/opt/ros/foxy /usr/bin/cmake /home/jetson/bbb_jetson_ws/src/tune_package -DCMAKE_INSTALL_PREFIX=/home/jetson/bbb_jetson_ws/src/install/tune_package
[13.188s] Invoking command in '/home/jetson/bbb_jetson_ws/src/build/tune_package': CMAKE_PREFIX_PATH=/opt/ros/foxy /usr/bin/cmake --build /home/jetson/bbb_jetson_ws/src/build/tune_package -- -j4 -l4
[13.761s] [35m[1mScanning dependencies of target data_processing_node[0m
[13.816s] [35m[1mScanning dependencies of target straight_line_node[0m
[14.548s] [ 25%] [32mBuilding CXX object CMakeFiles/straight_line_node.dir/src/straight_line_node.cpp.o[0m
[14.571s] [ 50%] [32mBuilding CXX object CMakeFiles/data_processing_node.dir/src/data_processing_node.cpp.o[0m
[70.890s] [ 75%] [32m[1mLinking CXX executable straight_line_node[0m
[73.754s] [ 75%] Built target straight_line_node
[84.176s] [100%] [32m[1mLinking CXX executable data_processing_node[0m
[87.298s] [100%] Built target data_processing_node
[87.408s] Invoked command in '/home/jetson/bbb_jetson_ws/src/build/tune_package' returned '0': CMAKE_PREFIX_PATH=/opt/ros/foxy /usr/bin/cmake --build /home/jetson/bbb_jetson_ws/src/build/tune_package -- -j4 -l4
[87.779s] Invoking command in '/home/jetson/bbb_jetson_ws/src/build/tune_package': CMAKE_PREFIX_PATH=/opt/ros/foxy /usr/bin/cmake --install /home/jetson/bbb_jetson_ws/src/build/tune_package
[87.844s] -- Install configuration: ""
[87.848s] -- Installing: /home/jetson/bbb_jetson_ws/src/install/tune_package/lib/tune_package/straight_line_node
[87.867s] -- Set runtime path of "/home/jetson/bbb_jetson_ws/src/install/tune_package/lib/tune_package/straight_line_node" to ""
[87.868s] -- Installing: /home/jetson/bbb_jetson_ws/src/install/tune_package/lib/tune_package/data_processing_node
[87.891s] -- Set runtime path of "/home/jetson/bbb_jetson_ws/src/install/tune_package/lib/tune_package/data_processing_node" to ""
[87.892s] -- Installing: /home/jetson/bbb_jetson_ws/src/install/tune_package/share/tune_package/launch
[87.895s] -- Installing: /home/jetson/bbb_jetson_ws/src/install/tune_package/share/tune_package/launch/tune.launch.py
[87.902s] -- Installing: /home/jetson/bbb_jetson_ws/src/install/tune_package/share/ament_index/resource_index/package_run_dependencies/tune_package
[87.909s] -- Installing: /home/jetson/bbb_jetson_ws/src/install/tune_package/share/ament_index/resource_index/parent_prefix_path/tune_package
[87.918s] -- Installing: /home/jetson/bbb_jetson_ws/src/install/tune_package/share/tune_package/environment/ament_prefix_path.sh
[87.923s] -- Installing: /home/jetson/bbb_jetson_ws/src/install/tune_package/share/tune_package/environment/ament_prefix_path.dsv
[87.928s] -- Installing: /home/jetson/bbb_jetson_ws/src/install/tune_package/share/tune_package/environment/path.sh
[87.929s] -- Installing: /home/jetson/bbb_jetson_ws/src/install/tune_package/share/tune_package/environment/path.dsv
[87.934s] -- Installing: /home/jetson/bbb_jetson_ws/src/install/tune_package/share/tune_package/local_setup.bash
[87.936s] -- Installing: /home/jetson/bbb_jetson_ws/src/install/tune_package/share/tune_package/local_setup.sh
[87.937s] -- Installing: /home/jetson/bbb_jetson_ws/src/install/tune_package/share/tune_package/local_setup.zsh
[87.951s] -- Installing: /home/jetson/bbb_jetson_ws/src/install/tune_package/share/tune_package/local_setup.dsv
[87.954s] -- Installing: /home/jetson/bbb_jetson_ws/src/install/tune_package/share/tune_package/package.dsv
[87.957s] -- Installing: /home/jetson/bbb_jetson_ws/src/install/tune_package/share/ament_index/resource_index/packages/tune_package
[87.959s] -- Installing: /home/jetson/bbb_jetson_ws/src/install/tune_package/share/tune_package/cmake/tune_packageConfig.cmake
[87.960s] -- Installing: /home/jetson/bbb_jetson_ws/src/install/tune_package/share/tune_package/cmake/tune_packageConfig-version.cmake
[87.961s] -- Installing: /home/jetson/bbb_jetson_ws/src/install/tune_package/share/tune_package/package.xml
[87.975s] Invoked command in '/home/jetson/bbb_jetson_ws/src/build/tune_package' returned '0': CMAKE_PREFIX_PATH=/opt/ros/foxy /usr/bin/cmake --install /home/jetson/bbb_jetson_ws/src/build/tune_package
