-0.0118247 0.0101131 0 0 0.254558 0.785398 
-0.0108487 0.00928402 0 0 0.254558 0.785398 
-0.00997611 0.00793423 0 0 0.254558 0.785398 
-0.00239222 0.00418097 0 0 0.256315 0.785398 
-0.00822382 0.00600074 0 0 0.253336 0.785398 
-0.0019276 0.00104795 0 0 0.256328 0.785398 
-0.00219435 -0.000957664 0 0 0.255189 0.785398 
-0.0040731 0.00163818 0 0 0.256789 0.785398 
-0.00141633 0.000549204 0 0 0.256312 0.785398 
-0.00623403 0.00142913 0 0 0.255175 0.785398 
-0.00887269 -0.00618774 0 0 0.258013 0.785398 
0.00143963 -0.00665693 0 0 0.265215 0.785398 
-0.0115299 -0.00101444 0 0 0.258311 0.785398 
-0.0118967 -0.00126346 0 0 0.263534 0.785398 
-0.00458235 -0.00335553 0 0 0.263971 0.785398 
-0.00734062 0.00842273 0 0 0.260173 0.785398 
-0.00765882 0.000358285 0 0 0.254038 0.785398 
-0.00866474 -0.000374815 0 0 0.254038 0.785398 
-0.00397152 -0.000944305 0 0 0.261016 0.785398 
-0.00774023 -0.00262281 0 0 0.258043 0.785398 
-0.00477036 -0.0044324 0 0 0.261911 0.785398 
-0.0191401 -0.00238999 0 0 0.261066 0.785398 
-0.0633807 -0.00565788 0 0 0.270042 0.785398 
-0.0183456 0.00788763 0 0 0.306109 0.785398 
-0.00328498 0.00253892 0 0 0.262609 0.785398 
0.00705969 -0.00233629 0 0 0.255119 0.785398 
0.00857979 -0.00361767 0 0 0.251306 0.785398 
0.00273265 0.00327904 0 0 0.251198 0.785398 
0.00984087 0.0018344 0 0 0.250308 0.785398 
0.00314867 -0.000827488 0 0 0.246368 0.785398 
0.00812974 -0.000107554 0 0 0.252933 0.785398 
0.0106076 -0.0012148 0 0 0.248954 0.785398 
0.00795012 -0.00138206 0 0 0.248058 0.785398 
0.00958549 -0.00372962 0 0 0.250001 0.785398 
0.0108285 0.000209515 0 0 0.250595 0.785398 
0.0046145 -0.000403616 0 0 0.246868 0.785398 
0.0139048 -0.00714844 0 0 0.251606 0.785398 
-0.000714287 0.00207875 0 0 0.250224 0.785398 
-0.0032055 0.000942419 0 0 0.253601 0.785398 
0.00622496 -0.00250482 0 0 0.253601 0.785398 
-0.00474375 0.00217651 0 0 0.252004 0.785398 
-0.00151263 0.0022976 0 0 0.25642 0.785398 
0.00744501 -0.0030137 0 0 0.254018 0.785398 
0.0108944 0.00393035 0 0 0.251534 0.785398 
-0.00539496 0.0014802 0 0 0.244125 0.785398 
0.00887701 -0.00241761 0 0 0.257373 0.785398 
0.00201017 0.00502321 0 0 0.250119 0.785398 
0.01034 0.00502589 0 0 0.249594 0.785398 
0.00250804 -0.00475213 0 0 0.243722 0.107826 
-0.00293601 0.00137835 0 0 0.256197 0.785407 
0.000796715 0.000630182 0 0 0.255678 0.785424 
-0.00378117 0.00200416 0 0 0.25355 0.785407 
0.00888441 0.00272707 0 0 0.255848 0.785337 
0.00593817 0.00333391 0 0 0.246386 0.785285 
-0.00406612 -0.000189465 0 0 0.248009 0.78525 
-0.00118889 0.00107439 0 0 0.257582 0.78525 
-0.00558768 -0.00189781 0 0 0.254644 0.785215 
-0.00086869 0.002034 0 0 0.259865 0.785145 
0.0114128 0.0051789 0 0 0.253743 0.785215 
0.0109321 0.00450538 0 0 0.242866 0.785267 
-0.00142497 0.00271183 0 0 0.243685 0.78525 
-0.0313217 -0.0119166 0 0 0.253665 0.785215 
0.00837228 0.00727492 0 0 0.285462 0.785232 
-0.000271961 0.00537679 0 0 0.243495 0.785267 
0.00763815 0.00140482 0 0 0.250981 0.785267 
0.000469242 0.00311821 0 0 0.248203 0.785215 
0.015898 0.00527028 0 0 0.252029 0.78525 
0.0123567 0.00639235 0.02 0.02 0.26798 0.785215 
0.00829795 0.00383797 0.02 0.02 0.269618 0.78518 
-0.00100159 -0.00447348 0.02 0.02 0.274279 0.78518 
0.0124883 0.00245013 0.02 0.02 0.286725 0.78511 
0.00299989 0.00228549 0.02 0.02 0.272372 0.785128 
0.0107121 0.00371013 0.02 0.02 0.279106 0.785128 
0.00913941 0.00205603 0.02 0.02 0.27269 0.78511 
0.00709512 0.00183006 0.02 0.02 0.274972 0.78511 
0.00915809 0.00264474 0.02 0.02 0.276557 0.785075 
0.00718615 0.00166307 0.02 0.02 0.274535 0.78504 
0.0105557 0.00221666 0.02 0.02 0.276613 0.78504 
-0.000943392 0.000566337 0.02 0.02 0.273875 0.785005 
0.0144542 0.00115913 0.02 0.02 0.283111 0.784918 
-0.00132276 -5.87041e-05 0.02 0.02 0.271965 0.784883 
-0.0016318 -0.0003046 0.02 0.02 0.283821 0.784866 
0.000695259 -0.000898407 0.02 0.02 0.284214 0.784901 
-0.00240923 -0.000871602 0.02 0.02 0.282989 0.784936 
-0.000665516 -0.000251503 0.02 0.02 0.285165 0.784866 
0.0164451 0.00260198 0.02 0.02 0.283491 0.784848 
0.0182465 0.00298942 0.02 0.02 0.269552 0.784848 
-0.000442051 0.000121858 0.02 0.02 0.268044 0.784848 
0.000928435 -0.000694518 0.02 0.02 0.283069 0.784848 
-0.000377073 -0.00335632 0.02 0.02 0.28268 0.784901 
0.0189959 8.37185e-05 0.02 0.02 0.28549 0.756016 
0.0182071 -0.00158785 0.02 0.02 0.269683 0.683689 
0.0312347 0.00469745 0.02 0.02 0.271452 0.609111 
0.0239224 0.00563352 0.02 0.02 0.258118 0.52249 
0.0415175 0.00847053 0.02 0.02 0.262263 0.447494 
0.0590157 0.0157178 0.02 0.02 0.248597 0.400562 
0.0796647 0.0211222 0.04 0.04 0.260091 0.397019 
0.102102 0.0343731 0.06 0.06 0.271321 0.403476 
0.133587 0.0544748 0.06 0.06 0.247585 0.303277 
0.171741 0.0721116 0.1 0.1 0.268883 0.119215 
0.210344 0.0933139 0.12 0.12 0.261502 0.124032 
0.263965 0.133749 0.16 0.16 0.278684 0.137209 
0.306996 0.170512 0.2 0.2 0.27222 0.137523 
0.358444 0.215773 0.24 0.24 0.273887 0.0330478 
0.402448 0.252885 0.28 0.28 0.264501 -0.0848317 
0.441581 0.294335 0.32 0.32 0.265673 -0.0532064 
0.479957 0.344806 0.32 0.32 0.265673 -0.0289812 
0.51391 0.389619 0.42 0.42 0.282018 -0.0385281 
0.554982 0.426048 0.46 0.46 0.280338 -0.1566 
0.588374 0.480506 0.5 0.5 0.283057 -0.135411 
0.611336 0.531672 0.54 0.54 0.273281 -0.054847 
0.64737 0.580656 0.58 0.58 0.272461 0.0149837 
0.67737 0.627718 0.62 0.62 0.267222 -0.0108123 
0.713567 0.681323 0.66 0.66 0.267418 -0.111378 
0.754796 0.726076 0.7 0.7 0.259177 -0.13508 
0.774281 0.777613 0.74 0.74 0.254753 -0.0552659 
0.818211 0.832027 0.78 0.78 0.260301 0.019347 
0.8352 0.892709 0.82 0.82 0.247512 -0.0102538 
0.874115 0.936001 0.86 0.86 0.252265 -0.09574 
0.921513 0.976919 0.9 0.9 0.251246 -0.0979566 
0.952693 1.02877 0.94 0.94 0.244682 -0.0568017 
0.97496 1.08069 1 1 0.273016 0.0958273 
0.999054 1.11115 1.02 1.02 0.254712 0.0797179 
1.05883 1.15547 1.06 1.06 0.273235 0.0438863 
1.09933 1.1966 1.1 1.1 0.253822 0.0178285 
1.14537 1.26137 1.14 1.14 0.252828 0.0525606 
1.19143 1.29872 1.2 1.2 0.262921 0.234616 
1.23503 1.33198 1.24 1.24 0.258747 0.228053 
1.28958 1.37964 1.28 1.28 0.258849 0.21608 
1.32727 1.39575 1.34 1.34 0.269803 0.105968 
1.3905 1.44372 1.36 1.36 0.257027 0.160055 
1.41854 1.49607 1.42 1.42 0.261365 0.241876 
1.45851 1.53746 1.46 1.46 0.264116 0.255193 
1.51367 1.55571 1.46 1.46 0.264116 0.221805 
1.54577 1.61689 1.54 1.54 0.263752 0.0378649 
1.60174 1.62226 1.58 1.58 0.257637 0.0540616 
1.63013 1.68338 1.62 1.62 0.266269 0.0780948 
1.66743 1.72997 1.66 1.66 0.261873 0.107661 
1.70649 1.75547 1.7 1.7 0.260178 0.0534158 
1.73979 1.79034 1.74 1.74 0.269551 -0.0345488 
1.77178 1.86905 1.76 1.76 0.249967 0.0138492 
1.80725 1.92285 1.82 1.82 0.263119 0.125725 
1.83229 1.96515 1.86 1.86 0.26057 0.105112 
1.86644 2.02604 1.9 1.9 0.273035 0.0189455 
1.90357 2.0544 1.94 1.94 0.270405 -0.059123 
1.94448 2.10086 1.98 1.98 0.277321 0.0043546 
1.96589 2.17196 2.02 2.02 0.27408 0.132305 
1.98483 2.23827 2.06 2.06 0.282427 0.14618 
2.00715 2.27841 2.12 2.12 0.321155 0.0799099 
2.06318 2.31996 2.14 2.14 0.315597 0.104781 
2.06778 2.37382 2.2 2.2 0.322463 0.17983 
2.11576 2.44203 2.22 2.22 0.33325 0.282508 
2.16005 2.47667 2.28 2.28 0.344709 0.231649 
2.20376 2.51954 2.32 2.32 0.34075 0.177893 
2.24022 2.56574 2.36 2.36 0.336863 0.12925 
2.28819 2.60856 2.4 2.4 0.340079 0.170719 
2.30298 2.67737 2.44 2.44 0.332005 0.279855 
2.30314 2.71383 2.5 2.5 0.377034 0.264321 
2.36415 2.74709 2.5 2.5 0.378377 0.241074 
2.4088 2.80187 2.56 2.56 0.375912 0.181331 
2.42954 2.84985 2.6 2.6 0.371847 0.225645 
2.48231 2.90693 2.64 2.64 0.391596 0.343507 
2.49508 2.94876 2.7 2.7 0.398604 0.329265 
2.5472 2.98225 2.72 2.72 0.407845 0.298809 
2.57592 3.03585 2.76 2.76 0.395067 0.19655 
2.63221 3.11276 2.8 2.8 0.407916 0.259888 
2.62842 3.15316 2.88 2.88 0.43103 0.314203 
2.65788 3.2073 2.9 2.9 0.457464 0.347085 
2.68952 3.24888 2.94 2.94 0.470295 0.277621 
2.7297 3.30065 2.96 2.96 0.463456 0.26296 
2.77803 3.35935 3.02 3.02 0.480945 0.339004 
2.80697 3.41266 3.06 3.06 0.477142 0.37227 
2.85369 3.46015 3.1 3.1 0.491277 0.33485 
2.91703 3.51081 3.16 3.16 0.500936 0.236379 
2.945 3.55303 3.22 3.22 0.495518 0.230497 
2.97215 3.60466 3.24 3.24 0.493273 0.265927 
2.95468 3.65006 3.28 3.28 0.508842 0.344938 
3.04816 3.69698 3.3 3.3 0.552162 0.324797 
3.10203 3.73961 3.38 3.38 0.52985 0.272769 
3.16895 3.77237 3.42 3.42 0.517167 0.244372 
3.17028 3.81355 3.48 3.48 0.50374 0.266363 
3.21573 3.85684 3.5 3.5 0.526922 0.333454 
3.28015 3.89275 3.54 3.54 0.522511 0.325129 
3.36134 3.90805 3.58 3.58 0.497873 0.283014 
3.41047 3.93816 3.64 3.64 0.467033 0.258684 
3.45164 3.97398 3.68 3.68 0.456275 0.27968 
3.47935 4.00639 3.72 3.72 0.454424 0.342128 
3.56025 4.04689 3.74 3.74 0.449039 0.308827 
3.6292 4.06139 3.8 3.8 0.425048 0.26844 
3.67859 4.08 3.84 3.84 0.360116 0.234337 
3.72477 4.10329 3.88 3.88 0.317566 0.307606 
3.78898 4.12575 3.92 3.92 0.283447 0.257358 
3.84038 4.12738 3.96 3.96 0.240272 0.220339 
3.94068 4.15407 3.98 3.98 0.203017 0.0684605 
3.945 4.16424 3.98 3.98 0.203017 0.115497 
