[0.060s] Invoking command in '/home/jetson/bbb_jetson_ws/build/bbb_package': AMENT_PREFIX_PATH=/home/jetson/bbb_jetson_ws/install/serial:${AMENT_PREFIX_PATH} CMAKE_PREFIX_PATH=/home/jetson/bbb_jetson_ws/install/serial:/opt/ros/foxy LD_LIBRARY_PATH=/home/jetson/bbb_jetson_ws/install/serial/lib:${LD_LIBRARY_PATH} /usr/bin/cmake --build /home/jetson/bbb_jetson_ws/build/bbb_package -- -j4 -l4
[0.237s] -- Found ament_cmake: 0.9.12 (/opt/ros/foxy/share/ament_cmake/cmake)
[0.395s] -- Using PYTHON_EXECUTABLE: /usr/bin/python3
[1.621s] -- Found rclcpp: 2.4.3 (/opt/ros/foxy/share/rclcpp/cmake)
[1.785s] -- Using all available rosidl_typesupport_c: rosidl_typesupport_fastrtps_c;rosidl_typesupport_introspection_c
[1.805s] -- Found rosidl_adapter: 1.3.1 (/opt/ros/foxy/share/rosidl_adapter/cmake)
[2.299s] -- Using all available rosidl_typesupport_cpp: rosidl_typesupport_fastrtps_cpp;rosidl_typesupport_introspection_cpp
[2.635s] -- Found rmw_implementation_cmake: 1.0.4 (/opt/ros/foxy/share/rmw_implementation_cmake/cmake)
[2.647s] -- Using RMW implementation 'rmw_fastrtps_cpp' as default
[3.262s] -- Found geometry_msgs: 2.0.5 (/opt/ros/foxy/share/geometry_msgs/cmake)
[3.504s] -- Found serial: 1.2.1 (/home/jetson/bbb_jetson_ws/install/serial/share/serial/cmake)
[3.517s] -- Found tf2_msgs: 0.13.14 (/opt/ros/foxy/share/tf2_msgs/cmake)
[4.330s] -- Found ament_lint_auto: 0.9.8 (/opt/ros/foxy/share/ament_lint_auto/cmake)
[4.595s] -- Added test 'cppcheck' to perform static code analysis on C / C++ code
[4.598s] -- Configured cppcheck include dirs: 
[4.599s] -- Configured cppcheck exclude dirs and/or files: 
[4.602s] -- Added test 'flake8' to check Python code syntax and style conventions
[4.605s] -- Added test 'lint_cmake' to check CMake code style
[4.608s] -- Added test 'pep257' to check Python code against some of the style conventions in PEP 257
[4.614s] -- Added test 'uncrustify' to check C / C++ code style
[4.615s] -- Configured uncrustify additional arguments: 
[4.617s] -- Added test 'xmllint' to check XML markup files
[4.632s] -- Configuring done
[4.928s] -- Generating done
[4.950s] -- Build files have been written to: /home/jetson/bbb_jetson_ws/build/bbb_package
[5.093s] [35m[1mScanning dependencies of target data_processing_node_straight[0m
[5.223s] [35m[1mScanning dependencies of target controllers_node[0m
[5.727s] [  7%] Built target read_IMU
[6.077s] [ 10%] [32m[1mLinking CXX executable data_processing_node[0m
[6.487s] [ 14%] [32mBuilding CXX object CMakeFiles/controllers_node.dir/src/controllers_node.cpp.o[0m
[7.141s] [ 21%] Built target read_lidar
[7.626s] [ 25%] [32mBuilding CXX object CMakeFiles/data_processing_node_straight.dir/src/data_processing_node_straight.cpp.o[0m
[8.346s] [ 32%] Built target pid_node
[9.295s] [ 39%] Built target delta_angle_node
[9.671s] [35m[1mScanning dependencies of target tune_node[0m
[10.650s] [ 42%] [32mBuilding CXX object CMakeFiles/tune_node.dir/src/tune_node.cpp.o[0m
[14.970s] [ 46%] Built target data_processing_node
[15.758s] [ 53%] Built target tune_fuzzy_node
[16.238s] [ 60%] Built target fuzzy_longitudinal_controllers
[16.837s] [ 67%] Built target circumference_node
[17.430s] [ 75%] Built target straight_line_node
[18.018s] [ 82%] Built target stanley_node
[18.616s] [ 89%] Built target sinusoidal_node
[59.762s] [ 92%] [32m[1mLinking CXX executable tune_node[0m
[62.489s] [ 92%] Built target tune_node
[62.838s] [ 96%] [32m[1mLinking CXX executable controllers_node[0m
[64.940s] [ 96%] Built target controllers_node
[69.705s] [100%] [32m[1mLinking CXX executable data_processing_node_straight[0m
[71.523s] [100%] Built target data_processing_node_straight
[71.570s] Invoked command in '/home/jetson/bbb_jetson_ws/build/bbb_package' returned '0': AMENT_PREFIX_PATH=/home/jetson/bbb_jetson_ws/install/serial:${AMENT_PREFIX_PATH} CMAKE_PREFIX_PATH=/home/jetson/bbb_jetson_ws/install/serial:/opt/ros/foxy LD_LIBRARY_PATH=/home/jetson/bbb_jetson_ws/install/serial/lib:${LD_LIBRARY_PATH} /usr/bin/cmake --build /home/jetson/bbb_jetson_ws/build/bbb_package -- -j4 -l4
[71.783s] Invoking command in '/home/jetson/bbb_jetson_ws/build/bbb_package': AMENT_PREFIX_PATH=/home/jetson/bbb_jetson_ws/install/serial:${AMENT_PREFIX_PATH} CMAKE_PREFIX_PATH=/home/jetson/bbb_jetson_ws/install/serial:/opt/ros/foxy LD_LIBRARY_PATH=/home/jetson/bbb_jetson_ws/install/serial/lib:${LD_LIBRARY_PATH} /usr/bin/cmake --install /home/jetson/bbb_jetson_ws/build/bbb_package
[71.825s] -- Install configuration: ""
[71.858s] -- Installing: /home/jetson/bbb_jetson_ws/install/bbb_package/lib/bbb_package/controllers_node
[71.878s] -- Set runtime path of "/home/jetson/bbb_jetson_ws/install/bbb_package/lib/bbb_package/controllers_node" to ""
[71.879s] -- Installing: /home/jetson/bbb_jetson_ws/install/bbb_package/lib/bbb_package/data_processing_node_straight
[71.912s] -- Set runtime path of "/home/jetson/bbb_jetson_ws/install/bbb_package/lib/bbb_package/data_processing_node_straight" to ""
[71.915s] -- Up-to-date: /home/jetson/bbb_jetson_ws/install/bbb_package/share/bbb_package/launch
[71.921s] -- Installing: /home/jetson/bbb_jetson_ws/install/bbb_package/share/bbb_package/launch/thesis.launch.py
[71.938s] -- Installing: /home/jetson/bbb_jetson_ws/install/bbb_package/share/bbb_package/package.dsv
[71.949s] Invoked command in '/home/jetson/bbb_jetson_ws/build/bbb_package' returned '0': AMENT_PREFIX_PATH=/home/jetson/bbb_jetson_ws/install/serial:${AMENT_PREFIX_PATH} CMAKE_PREFIX_PATH=/home/jetson/bbb_jetson_ws/install/serial:/opt/ros/foxy LD_LIBRARY_PATH=/home/jetson/bbb_jetson_ws/install/serial/lib:${LD_LIBRARY_PATH} /usr/bin/cmake --install /home/jetson/bbb_jetson_ws/build/bbb_package
