[0.133s] Invoking command in '/home/jetson/bbb_jetson_ws/build/bbb_package': CMAKE_PREFIX_PATH=/home/jetson/bbb_jetson_ws/install/serial:/home/jetson/bbb_jetson_ws/install/ros2_laser_scan_matcher:/home/jetson/bbb_jetson_ws/install/diffdrive_arduino:/home/jetson/bbb_jetson_ws/install/bbb_package:/home/jetson/bbb_jetson_ws/install/micro_ros_setup:/home/jetson/bbb_jetson_ws/install/csm:/home/jetson/bbb_jetson_ws/install/bbb_robot:/opt/ros/foxy /usr/bin/cmake /home/jetson/bbb_jetson_ws/src/bbb_package -DCMAKE_INSTALL_PREFIX=/home/jetson/bbb_jetson_ws/install/bbb_package
[0.658s] -- The C compiler identification is GNU 9.4.0
[1.195s] -- The CXX compiler identification is GNU 9.4.0
[1.241s] -- Check for working C compiler: /usr/bin/cc
[1.935s] -- Check for working C compiler: /usr/bin/cc -- works
[1.939s] -- Detecting C compiler ABI info
[2.681s] -- Detecting C compiler ABI info - done
[2.775s] -- Detecting C compile features
[2.778s] -- Detecting C compile features - done
[2.804s] -- Check for working CXX compiler: /usr/bin/c++
[3.568s] -- Check for working CXX compiler: /usr/bin/c++ -- works
[3.572s] -- Detecting CXX compiler ABI info
[4.333s] -- Detecting CXX compiler ABI info - done
[4.426s] -- Detecting CXX compile features
[4.430s] -- Detecting CXX compile features - done
[4.465s] -- Found ament_cmake: 0.9.12 (/opt/ros/foxy/share/ament_cmake/cmake)
[4.591s] -- Found PythonInterp: /usr/bin/python3 (found suitable version "3.8.10", minimum required is "3") 
[4.593s] -- Using PYTHON_EXECUTABLE: /usr/bin/python3
[6.078s] -- Found rclcpp: 2.4.3 (/opt/ros/foxy/share/rclcpp/cmake)
[6.537s] -- Using all available rosidl_typesupport_c: rosidl_typesupport_fastrtps_c;rosidl_typesupport_introspection_c
[6.576s] -- Found rosidl_adapter: 1.3.1 (/opt/ros/foxy/share/rosidl_adapter/cmake)
[7.381s] -- Found OpenSSL: /usr/lib/aarch64-linux-gnu/libcrypto.so (found version "1.1.1f")  
[7.569s] -- Found FastRTPS: /opt/ros/foxy/include  
[8.141s] -- Using all available rosidl_typesupport_cpp: rosidl_typesupport_fastrtps_cpp;rosidl_typesupport_introspection_cpp
[8.578s] -- Found rmw_implementation_cmake: 1.0.4 (/opt/ros/foxy/share/rmw_implementation_cmake/cmake)
[8.584s] -- Using RMW implementation 'rmw_fastrtps_cpp' as default
[8.596s] -- Looking for pthread.h
[9.294s] -- Looking for pthread.h - found
[9.295s] -- Performing Test CMAKE_HAVE_LIBC_PTHREAD
[9.956s] -- Performing Test CMAKE_HAVE_LIBC_PTHREAD - Failed
[9.956s] -- Looking for pthread_create in pthreads
[10.323s] -- Looking for pthread_create in pthreads - not found
[10.328s] -- Looking for pthread_create in pthread
[10.860s] -- Looking for pthread_create in pthread - found
[10.867s] -- Found Threads: TRUE  
[11.701s] -- Found geometry_msgs: 2.0.5 (/opt/ros/foxy/share/geometry_msgs/cmake)
[11.858s] -- Found serial: 1.2.1 (/home/jetson/bbb_jetson_ws/install/serial/share/serial/cmake)
[11.875s] -- Found tf2_msgs: 0.13.14 (/opt/ros/foxy/share/tf2_msgs/cmake)
[13.034s] -- Found ament_lint_auto: 0.9.8 (/opt/ros/foxy/share/ament_lint_auto/cmake)
[13.429s] -- Added test 'cppcheck' to perform static code analysis on C / C++ code
[13.431s] -- Configured cppcheck include dirs: 
[13.431s] -- Configured cppcheck exclude dirs and/or files: 
[13.433s] -- Added test 'flake8' to check Python code syntax and style conventions
[13.437s] -- Added test 'lint_cmake' to check CMake code style
[13.439s] -- Added test 'pep257' to check Python code against some of the style conventions in PEP 257
[13.445s] -- Added test 'uncrustify' to check C / C++ code style
[13.446s] -- Configured uncrustify additional arguments: 
[13.448s] -- Added test 'xmllint' to check XML markup files
[13.461s] -- Configuring done
[13.677s] -- Generating done
[13.686s] -- Build files have been written to: /home/jetson/bbb_jetson_ws/build/bbb_package
[13.728s] Invoked command in '/home/jetson/bbb_jetson_ws/build/bbb_package' returned '0': CMAKE_PREFIX_PATH=/home/jetson/bbb_jetson_ws/install/serial:/home/jetson/bbb_jetson_ws/install/ros2_laser_scan_matcher:/home/jetson/bbb_jetson_ws/install/diffdrive_arduino:/home/jetson/bbb_jetson_ws/install/bbb_package:/home/jetson/bbb_jetson_ws/install/micro_ros_setup:/home/jetson/bbb_jetson_ws/install/csm:/home/jetson/bbb_jetson_ws/install/bbb_robot:/opt/ros/foxy /usr/bin/cmake /home/jetson/bbb_jetson_ws/src/bbb_package -DCMAKE_INSTALL_PREFIX=/home/jetson/bbb_jetson_ws/install/bbb_package
[13.730s] Invoking command in '/home/jetson/bbb_jetson_ws/build/bbb_package': CMAKE_PREFIX_PATH=/home/jetson/bbb_jetson_ws/install/serial:/home/jetson/bbb_jetson_ws/install/ros2_laser_scan_matcher:/home/jetson/bbb_jetson_ws/install/diffdrive_arduino:/home/jetson/bbb_jetson_ws/install/bbb_package:/home/jetson/bbb_jetson_ws/install/micro_ros_setup:/home/jetson/bbb_jetson_ws/install/csm:/home/jetson/bbb_jetson_ws/install/bbb_robot:/opt/ros/foxy /usr/bin/cmake --build /home/jetson/bbb_jetson_ws/build/bbb_package -- -j4 -l4
[14.113s] [35m[1mScanning dependencies of target controllers_node[0m
[14.125s] [35m[1mScanning dependencies of target read_IMU[0m
[14.140s] [35m[1mScanning dependencies of target read_lidar[0m
[14.162s] [35m[1mScanning dependencies of target pid_node[0m
[14.462s] [  4%] [32mBuilding CXX object CMakeFiles/controllers_node.dir/src/controllers_node.cpp.o[0m
[14.530s] [  8%] [32mBuilding CXX object CMakeFiles/read_lidar.dir/src/read_lidar.cpp.o[0m
[14.589s] [ 12%] [32mBuilding CXX object CMakeFiles/pid_node.dir/src/pid_node.cpp.o[0m
[14.599s] [ 16%] [32mBuilding CXX object CMakeFiles/read_IMU.dir/src/read_IMU.cpp.o[0m
[41.116s] [ 20%] [32m[1mLinking CXX executable read_IMU[0m
[42.770s] [ 20%] Built target read_IMU
[49.407s] [ 25%] [32m[1mLinking CXX executable read_lidar[0m
[50.970s] [ 25%] Built target read_lidar
[51.128s] [ 29%] [32m[1mLinking CXX executable controllers_node[0m
[51.159s] [ 33%] [32m[1mLinking CXX executable pid_node[0m
[52.166s] [ 33%] Built target pid_node
[52.183s] [ 33%] Built target controllers_node
[52.231s] [35m[1mScanning dependencies of target tune_fuzzy_node[0m
[52.423s] [ 37%] [32mBuilding CXX object CMakeFiles/tune_fuzzy_node.dir/src/tune_fuzzy_node.cpp.o[0m
[71.491s] [ 41%] [32m[1mLinking CXX executable tune_fuzzy_node[0m
[72.442s] [ 41%] Built target tune_fuzzy_node
[72.475s] [35m[1mScanning dependencies of target fuzzy_longitudinal_controllers[0m
[72.604s] [ 45%] [32mBuilding CXX object CMakeFiles/fuzzy_longitudinal_controllers.dir/src/fuzzy_longitudinal_controllers.cpp.o[0m
[82.621s] [35m[1mScanning dependencies of target circumference_node[0m
[82.847s] [ 50%] [32mBuilding CXX object CMakeFiles/circumference_node.dir/src/circumference_node.cpp.o[0m
[84.771s] [35m[1mScanning dependencies of target tune_node[0m
[85.041s] [ 54%] [32mBuilding CXX object CMakeFiles/tune_node.dir/src/tune_node.cpp.o[0m
[86.996s] [35m[1mScanning dependencies of target delta_angle_node[0m
[87.295s] [ 58%] [32mBuilding CXX object CMakeFiles/delta_angle_node.dir/src/delta_angle_node.cpp.o[0m
[94.656s] [ 62%] [32m[1mLinking CXX executable fuzzy_longitudinal_controllers[0m
[95.961s] [ 62%] Built target fuzzy_longitudinal_controllers
[97.495s] [ 66%] [32m[1mLinking CXX executable circumference_node[0m
[98.183s] [ 66%] Built target circumference_node
[102.823s] [ 70%] [32m[1mLinking CXX executable delta_angle_node[0m
[103.453s] [ 70%] Built target delta_angle_node
[105.879s] [ 75%] [32m[1mLinking CXX executable tune_node[0m
[106.667s] [ 75%] Built target tune_node
[106.696s] [35m[1mScanning dependencies of target sinusoidal_node[0m
[106.809s] [ 79%] [32mBuilding CXX object CMakeFiles/sinusoidal_node.dir/src/sinusoidal_node.cpp.o[0m
[117.032s] [ 83%] [32m[1mLinking CXX executable sinusoidal_node[0m
[117.576s] [ 83%] Built target sinusoidal_node
[117.608s] [35m[1mScanning dependencies of target straight_line_node[0m
[117.609s] [35m[1mScanning dependencies of target stanley_node[0m
[117.726s] [ 87%] [32mBuilding CXX object CMakeFiles/straight_line_node.dir/src/straight_line_node.cpp.o[0m
[117.762s] [ 91%] [32mBuilding CXX object CMakeFiles/stanley_node.dir/src/stanley_node.cpp.o[0m
[135.050s] [ 95%] [32m[1mLinking CXX executable straight_line_node[0m
[135.928s] [ 95%] Built target straight_line_node
[140.888s] [100%] [32m[1mLinking CXX executable stanley_node[0m
[142.039s] [100%] Built target stanley_node
[142.079s] Invoked command in '/home/jetson/bbb_jetson_ws/build/bbb_package' returned '0': CMAKE_PREFIX_PATH=/home/jetson/bbb_jetson_ws/install/serial:/home/jetson/bbb_jetson_ws/install/ros2_laser_scan_matcher:/home/jetson/bbb_jetson_ws/install/diffdrive_arduino:/home/jetson/bbb_jetson_ws/install/bbb_package:/home/jetson/bbb_jetson_ws/install/micro_ros_setup:/home/jetson/bbb_jetson_ws/install/csm:/home/jetson/bbb_jetson_ws/install/bbb_robot:/opt/ros/foxy /usr/bin/cmake --build /home/jetson/bbb_jetson_ws/build/bbb_package -- -j4 -l4
[142.232s] Invoking command in '/home/jetson/bbb_jetson_ws/build/bbb_package': CMAKE_PREFIX_PATH=/home/jetson/bbb_jetson_ws/install/serial:/home/jetson/bbb_jetson_ws/install/ros2_laser_scan_matcher:/home/jetson/bbb_jetson_ws/install/diffdrive_arduino:/home/jetson/bbb_jetson_ws/install/bbb_package:/home/jetson/bbb_jetson_ws/install/micro_ros_setup:/home/jetson/bbb_jetson_ws/install/csm:/home/jetson/bbb_jetson_ws/install/bbb_robot:/opt/ros/foxy /usr/bin/cmake --install /home/jetson/bbb_jetson_ws/build/bbb_package
[142.260s] -- Install configuration: ""
[142.285s] -- Installing: /home/jetson/bbb_jetson_ws/install/bbb_package/lib/bbb_package/controllers_node
[142.294s] -- Set runtime path of "/home/jetson/bbb_jetson_ws/install/bbb_package/lib/bbb_package/controllers_node" to ""
[142.295s] -- Up-to-date: /home/jetson/bbb_jetson_ws/install/bbb_package/share/bbb_package/launch
[142.301s] -- Up-to-date: /home/jetson/bbb_jetson_ws/install/bbb_package/share/bbb_package/launch/thesis.launch.py
[142.315s] -- Installing: /home/jetson/bbb_jetson_ws/install/bbb_package/share/bbb_package/package.dsv
[142.333s] Invoked command in '/home/jetson/bbb_jetson_ws/build/bbb_package' returned '0': CMAKE_PREFIX_PATH=/home/jetson/bbb_jetson_ws/install/serial:/home/jetson/bbb_jetson_ws/install/ros2_laser_scan_matcher:/home/jetson/bbb_jetson_ws/install/diffdrive_arduino:/home/jetson/bbb_jetson_ws/install/bbb_package:/home/jetson/bbb_jetson_ws/install/micro_ros_setup:/home/jetson/bbb_jetson_ws/install/csm:/home/jetson/bbb_jetson_ws/install/bbb_robot:/opt/ros/foxy /usr/bin/cmake --install /home/jetson/bbb_jetson_ws/build/bbb_package
