[0.152s] Invoking command in '/home/jetson/bbb_jetson_ws/build/bbb_package': CMAKE_PREFIX_PATH=/home/jetson/bbb_jetson_ws/install/serial:/home/jetson/bbb_jetson_ws/install/tune_package:/home/jetson/bbb_jetson_ws/install/ros2_laser_scan_matcher:/home/jetson/bbb_jetson_ws/install/diffdrive_arduino:/home/jetson/bbb_jetson_ws/install/bbb_package:/home/jetson/bbb_jetson_ws/install/micro_ros_setup:/home/jetson/bbb_jetson_ws/install/csm:/home/jetson/bbb_jetson_ws/install/bbb_robot:/opt/ros/foxy /usr/bin/cmake /home/jetson/bbb_jetson_ws/src/bbb_package -DCMAKE_INSTALL_PREFIX=/home/jetson/bbb_jetson_ws/install/bbb_package
[0.597s] -- The C compiler identification is GNU 9.4.0
[1.062s] -- The CXX compiler identification is GNU 9.4.0
[1.091s] -- Check for working C compiler: /usr/bin/cc
[1.954s] -- Check for working C compiler: /usr/bin/cc -- works
[1.970s] -- Detecting C compiler ABI info
[2.525s] -- Detecting C compiler ABI info - done
[2.654s] -- Detecting C compile features
[2.655s] -- Detecting C compile features - done
[2.667s] -- Check for working CXX compiler: /usr/bin/c++
[3.230s] -- Check for working CXX compiler: /usr/bin/c++ -- works
[3.233s] -- Detecting CXX compiler ABI info
[3.810s] -- Detecting CXX compiler ABI info - done
[3.880s] -- Detecting CXX compile features
[3.888s] -- Detecting CXX compile features - done
[3.920s] -- Found ament_cmake: 0.9.12 (/opt/ros/foxy/share/ament_cmake/cmake)
[4.069s] -- Found PythonInterp: /usr/bin/python3 (found suitable version "3.8.10", minimum required is "3") 
[4.071s] -- Using PYTHON_EXECUTABLE: /usr/bin/python3
[6.325s] -- Found rclcpp: 2.4.3 (/opt/ros/foxy/share/rclcpp/cmake)
[6.624s] -- Using all available rosidl_typesupport_c: rosidl_typesupport_fastrtps_c;rosidl_typesupport_introspection_c
[6.668s] -- Found rosidl_adapter: 1.3.1 (/opt/ros/foxy/share/rosidl_adapter/cmake)
[7.164s] -- Found OpenSSL: /usr/lib/aarch64-linux-gnu/libcrypto.so (found version "1.1.1f")  
[7.267s] -- Found FastRTPS: /opt/ros/foxy/include  
[7.606s] -- Using all available rosidl_typesupport_cpp: rosidl_typesupport_fastrtps_cpp;rosidl_typesupport_introspection_cpp
[7.872s] -- Found rmw_implementation_cmake: 1.0.4 (/opt/ros/foxy/share/rmw_implementation_cmake/cmake)
[7.881s] -- Using RMW implementation 'rmw_fastrtps_cpp' as default
[7.888s] -- Looking for pthread.h
[8.522s] -- Looking for pthread.h - found
[8.523s] -- Performing Test CMAKE_HAVE_LIBC_PTHREAD
[9.214s] -- Performing Test CMAKE_HAVE_LIBC_PTHREAD - Failed
[9.215s] -- Looking for pthread_create in pthreads
[9.746s] -- Looking for pthread_create in pthreads - not found
[9.747s] -- Looking for pthread_create in pthread
[10.269s] -- Looking for pthread_create in pthread - found
[10.282s] -- Found Threads: TRUE  
[11.448s] -- Found geometry_msgs: 2.0.5 (/opt/ros/foxy/share/geometry_msgs/cmake)
[11.642s] -- Found serial: 1.2.1 (/home/jetson/bbb_jetson_ws/install/serial/share/serial/cmake)
[11.661s] -- Found tf2_msgs: 0.13.14 (/opt/ros/foxy/share/tf2_msgs/cmake)
[12.806s] -- Found ament_lint_auto: 0.9.8 (/opt/ros/foxy/share/ament_lint_auto/cmake)
[13.312s] -- Added test 'cppcheck' to perform static code analysis on C / C++ code
[13.314s] -- Configured cppcheck include dirs: 
[13.315s] -- Configured cppcheck exclude dirs and/or files: 
[13.319s] -- Added test 'flake8' to check Python code syntax and style conventions
[13.324s] -- Added test 'lint_cmake' to check CMake code style
[13.327s] -- Added test 'pep257' to check Python code against some of the style conventions in PEP 257
[13.335s] -- Added test 'uncrustify' to check C / C++ code style
[13.337s] -- Configured uncrustify additional arguments: 
[13.341s] -- Added test 'xmllint' to check XML markup files
[13.355s] -- Configuring done
[13.613s] -- Generating done
[13.624s] -- Build files have been written to: /home/jetson/bbb_jetson_ws/build/bbb_package
[13.668s] Invoked command in '/home/jetson/bbb_jetson_ws/build/bbb_package' returned '0': CMAKE_PREFIX_PATH=/home/jetson/bbb_jetson_ws/install/serial:/home/jetson/bbb_jetson_ws/install/tune_package:/home/jetson/bbb_jetson_ws/install/ros2_laser_scan_matcher:/home/jetson/bbb_jetson_ws/install/diffdrive_arduino:/home/jetson/bbb_jetson_ws/install/bbb_package:/home/jetson/bbb_jetson_ws/install/micro_ros_setup:/home/jetson/bbb_jetson_ws/install/csm:/home/jetson/bbb_jetson_ws/install/bbb_robot:/opt/ros/foxy /usr/bin/cmake /home/jetson/bbb_jetson_ws/src/bbb_package -DCMAKE_INSTALL_PREFIX=/home/jetson/bbb_jetson_ws/install/bbb_package
[13.671s] Invoking command in '/home/jetson/bbb_jetson_ws/build/bbb_package': CMAKE_PREFIX_PATH=/home/jetson/bbb_jetson_ws/install/serial:/home/jetson/bbb_jetson_ws/install/tune_package:/home/jetson/bbb_jetson_ws/install/ros2_laser_scan_matcher:/home/jetson/bbb_jetson_ws/install/diffdrive_arduino:/home/jetson/bbb_jetson_ws/install/bbb_package:/home/jetson/bbb_jetson_ws/install/micro_ros_setup:/home/jetson/bbb_jetson_ws/install/csm:/home/jetson/bbb_jetson_ws/install/bbb_robot:/opt/ros/foxy /usr/bin/cmake --build /home/jetson/bbb_jetson_ws/build/bbb_package -- -j4 -l4
[13.842s] [35m[1mScanning dependencies of target data_processing_node_trap[0m
[14.141s] [  2%] [32mBuilding CXX object CMakeFiles/data_processing_node_trap.dir/src/data_processing_node_trap.cpp.o[0m
[40.631s] [  5%] [32m[1mLinking CXX executable data_processing_node_trap[0m
[42.019s] [  5%] Built target data_processing_node_trap
[42.054s] [35m[1mScanning dependencies of target data_processing_node_straight[0m
[42.212s] [  8%] [32mBuilding CXX object CMakeFiles/data_processing_node_straight.dir/src/data_processing_node_straight.cpp.o[0m
[55.185s] [35m[1mScanning dependencies of target data_processing_node[0m
[55.466s] [ 11%] [32mBuilding CXX object CMakeFiles/data_processing_node.dir/src/data_processing_node.cpp.o[0m
[57.432s] [35m[1mScanning dependencies of target data_processing_node_zz[0m
[57.780s] [ 14%] [32mBuilding CXX object CMakeFiles/data_processing_node_zz.dir/src/data_processing_node_zz.cpp.o[0m
[71.379s] [ 17%] [32m[1mLinking CXX executable data_processing_node_straight[0m
[72.862s] [ 17%] Built target data_processing_node_straight
[84.775s] [ 20%] [32m[1mLinking CXX executable data_processing_node[0m
[86.130s] [ 20%] Built target data_processing_node
[89.003s] [ 23%] [32m[1mLinking CXX executable data_processing_node_zz[0m
[90.358s] [ 23%] Built target data_processing_node_zz
[90.391s] [35m[1mScanning dependencies of target read_IMU[0m
[90.524s] [ 26%] [32mBuilding CXX object CMakeFiles/read_IMU.dir/src/read_IMU.cpp.o[0m
[102.575s] [ 29%] [32m[1mLinking CXX executable read_IMU[0m
[103.276s] [ 29%] Built target read_IMU
[103.314s] [35m[1mScanning dependencies of target read_lidar[0m
[103.447s] [ 32%] [32mBuilding CXX object CMakeFiles/read_lidar.dir/src/read_lidar.cpp.o[0m
[109.432s] [35m[1mScanning dependencies of target pid_node[0m
[109.643s] [ 35%] [32mBuilding CXX object CMakeFiles/pid_node.dir/src/pid_node.cpp.o[0m
[111.592s] [35m[1mScanning dependencies of target controllers_node[0m
[111.786s] [ 38%] [32mBuilding CXX object CMakeFiles/controllers_node.dir/src/controllers_node.cpp.o[0m
[113.768s] [35m[1mScanning dependencies of target data_processing_node_circle[0m
[114.062s] [ 41%] [32mBuilding CXX object CMakeFiles/data_processing_node_circle.dir/src/data_processing_node_circle.cpp.o[0m
[127.376s] [ 44%] [32m[1mLinking CXX executable read_lidar[0m
[129.519s] [ 44%] Built target read_lidar
[137.160s] [ 47%] [32m[1mLinking CXX executable pid_node[0m
[138.102s] [ 50%] [32m[1mLinking CXX executable controllers_node[0m
[138.179s] [ 50%] Built target pid_node
[139.194s] [ 50%] Built target controllers_node
[145.979s] [ 52%] [32m[1mLinking CXX executable data_processing_node_circle[0m
[147.216s] [ 52%] Built target data_processing_node_circle
[147.246s] [35m[1mScanning dependencies of target tune_fuzzy_node[0m
[147.713s] [ 55%] [32mBuilding CXX object CMakeFiles/tune_fuzzy_node.dir/src/tune_fuzzy_node.cpp.o[0m
[154.728s] [35m[1mScanning dependencies of target fuzzy_longitudinal_controllers[0m
[154.862s] [ 58%] [32mBuilding CXX object CMakeFiles/fuzzy_longitudinal_controllers.dir/src/fuzzy_longitudinal_controllers.cpp.o[0m
[155.839s] [35m[1mScanning dependencies of target tune_node[0m
[155.989s] [ 61%] [32mBuilding CXX object CMakeFiles/tune_node.dir/src/tune_node.cpp.o[0m
[156.959s] [35m[1mScanning dependencies of target delta_angle_node[0m
[157.129s] [ 64%] [32mBuilding CXX object CMakeFiles/delta_angle_node.dir/src/delta_angle_node.cpp.o[0m
[169.075s] [ 67%] [32m[1mLinking CXX executable tune_fuzzy_node[0m
[170.304s] [ 67%] Built target tune_fuzzy_node
[171.299s] [ 70%] [32m[1mLinking CXX executable delta_angle_node[0m
[171.937s] [ 70%] Built target delta_angle_node
[175.593s] [ 73%] [32m[1mLinking CXX executable tune_node[0m
[176.457s] [ 73%] Built target tune_node
[177.256s] [ 76%] [32m[1mLinking CXX executable fuzzy_longitudinal_controllers[0m
[178.111s] [ 76%] Built target fuzzy_longitudinal_controllers
[178.142s] [35m[1mScanning dependencies of target stanley_node[0m
[178.314s] [ 79%] [32mBuilding CXX object CMakeFiles/stanley_node.dir/src/stanley_node.cpp.o[0m
[200.595s] [ 82%] [32m[1mLinking CXX executable stanley_node[0m
[201.821s] [ 82%] Built target stanley_node
[201.852s] [35m[1mScanning dependencies of target sinusoidal_node[0m
[201.853s] [35m[1mScanning dependencies of target circumference_node[0m
[201.853s] [35m[1mScanning dependencies of target straight_line_node[0m
[201.970s] [ 85%] [32mBuilding CXX object CMakeFiles/circumference_node.dir/src/circumference_node.cpp.o[0m
[201.996s] [ 88%] [32mBuilding CXX object CMakeFiles/straight_line_node.dir/src/straight_line_node.cpp.o[0m
[202.006s] [ 91%] [32mBuilding CXX object CMakeFiles/sinusoidal_node.dir/src/sinusoidal_node.cpp.o[0m
[213.682s] [ 94%] [32m[1mLinking CXX executable sinusoidal_node[0m
[214.307s] [ 94%] Built target sinusoidal_node
[220.000s] [ 97%] [32m[1mLinking CXX executable circumference_node[0m
[220.327s] [100%] [32m[1mLinking CXX executable straight_line_node[0m
[220.938s] [100%] Built target circumference_node
[221.191s] [100%] Built target straight_line_node
[221.247s] Invoked command in '/home/jetson/bbb_jetson_ws/build/bbb_package' returned '0': CMAKE_PREFIX_PATH=/home/jetson/bbb_jetson_ws/install/serial:/home/jetson/bbb_jetson_ws/install/tune_package:/home/jetson/bbb_jetson_ws/install/ros2_laser_scan_matcher:/home/jetson/bbb_jetson_ws/install/diffdrive_arduino:/home/jetson/bbb_jetson_ws/install/bbb_package:/home/jetson/bbb_jetson_ws/install/micro_ros_setup:/home/jetson/bbb_jetson_ws/install/csm:/home/jetson/bbb_jetson_ws/install/bbb_robot:/opt/ros/foxy /usr/bin/cmake --build /home/jetson/bbb_jetson_ws/build/bbb_package -- -j4 -l4
[221.479s] Invoking command in '/home/jetson/bbb_jetson_ws/build/bbb_package': CMAKE_PREFIX_PATH=/home/jetson/bbb_jetson_ws/install/serial:/home/jetson/bbb_jetson_ws/install/tune_package:/home/jetson/bbb_jetson_ws/install/ros2_laser_scan_matcher:/home/jetson/bbb_jetson_ws/install/diffdrive_arduino:/home/jetson/bbb_jetson_ws/install/bbb_package:/home/jetson/bbb_jetson_ws/install/micro_ros_setup:/home/jetson/bbb_jetson_ws/install/csm:/home/jetson/bbb_jetson_ws/install/bbb_robot:/opt/ros/foxy /usr/bin/cmake --install /home/jetson/bbb_jetson_ws/build/bbb_package
[221.508s] -- Install configuration: ""
[221.518s] -- Installing: /home/jetson/bbb_jetson_ws/install/bbb_package/lib/bbb_package/controllers_node
[221.534s] -- Set runtime path of "/home/jetson/bbb_jetson_ws/install/bbb_package/lib/bbb_package/controllers_node" to ""
[221.535s] -- Installing: /home/jetson/bbb_jetson_ws/install/bbb_package/lib/bbb_package/data_processing_node_straight
[221.554s] -- Set runtime path of "/home/jetson/bbb_jetson_ws/install/bbb_package/lib/bbb_package/data_processing_node_straight" to ""
[221.554s] -- Installing: /home/jetson/bbb_jetson_ws/install/bbb_package/lib/bbb_package/data_processing_node_zz
[221.568s] -- Set runtime path of "/home/jetson/bbb_jetson_ws/install/bbb_package/lib/bbb_package/data_processing_node_zz" to ""
[221.569s] -- Installing: /home/jetson/bbb_jetson_ws/install/bbb_package/lib/bbb_package/data_processing_node_circle
[221.584s] -- Set runtime path of "/home/jetson/bbb_jetson_ws/install/bbb_package/lib/bbb_package/data_processing_node_circle" to ""
[221.587s] -- Installing: /home/jetson/bbb_jetson_ws/install/bbb_package/lib/bbb_package/data_processing_node_trap
[221.620s] -- Set runtime path of "/home/jetson/bbb_jetson_ws/install/bbb_package/lib/bbb_package/data_processing_node_trap" to ""
[221.621s] -- Up-to-date: /home/jetson/bbb_jetson_ws/install/bbb_package/share/bbb_package/launch
[221.621s] -- Installing: /home/jetson/bbb_jetson_ws/install/bbb_package/share/bbb_package/launch/thesis.launch.py
[221.635s] -- Installing: /home/jetson/bbb_jetson_ws/install/bbb_package/share/bbb_package/package.dsv
[221.645s] Invoked command in '/home/jetson/bbb_jetson_ws/build/bbb_package' returned '0': CMAKE_PREFIX_PATH=/home/jetson/bbb_jetson_ws/install/serial:/home/jetson/bbb_jetson_ws/install/tune_package:/home/jetson/bbb_jetson_ws/install/ros2_laser_scan_matcher:/home/jetson/bbb_jetson_ws/install/diffdrive_arduino:/home/jetson/bbb_jetson_ws/install/bbb_package:/home/jetson/bbb_jetson_ws/install/micro_ros_setup:/home/jetson/bbb_jetson_ws/install/csm:/home/jetson/bbb_jetson_ws/install/bbb_robot:/opt/ros/foxy /usr/bin/cmake --install /home/jetson/bbb_jetson_ws/build/bbb_package
