[7.783s] DEBUG:colcon:Command line arguments: ['/usr/bin/colcon', 'build', '--symlink-install']
[7.783s] DEBUG:colcon:Parsed command line arguments: Namespace(allow_overriding=[], ament_cmake_args=None, base_paths=['.'], build_base='build', catkin_cmake_args=None, catkin_skip_building_tests=False, cmake_args=None, cmake_clean_cache=False, cmake_clean_first=False, cmake_force_configure=False, cmake_target=None, cmake_target_skip_unavailable=False, continue_on_error=False, event_handlers=None, executor='parallel', ignore_user_meta=False, install_base='install', log_base=None, log_level=None, main=<bound method BuildVerb.main of <colcon_core.verb.build.BuildVerb object at 0x7fa3e895b0>>, merge_install=False, metas=['./colcon.meta'], packages_above=None, packages_above_and_dependencies=None, packages_above_depth=None, packages_end=None, packages_ignore=None, packages_ignore_regex=None, packages_select=None, packages_select_build_failed=False, packages_select_by_dep=None, packages_select_regex=None, packages_select_test_failures=False, packages_skip=None, packages_skip_build_finished=False, packages_skip_by_dep=None, packages_skip_regex=None, packages_skip_test_passed=False, packages_skip_up_to=None, packages_start=None, packages_up_to=None, packages_up_to_regex=None, parallel_workers=4, paths=None, symlink_install=True, test_result_base=None, verb_extension=<colcon_core.verb.build.BuildVerb object at 0x7fa3e895b0>, verb_name='build', verb_parser=<colcon_defaults.argument_parser.defaults.DefaultArgumentsDecorator object at 0x7fa3b6af10>)
[8.247s] Level 1:colcon.colcon_core.package_discovery:discover_packages(colcon_meta) check parameters
[8.248s] Level 1:colcon.colcon_core.package_discovery:discover_packages(recursive) check parameters
[8.248s] Level 1:colcon.colcon_core.package_discovery:discover_packages(ignore) check parameters
[8.248s] Level 1:colcon.colcon_core.package_discovery:discover_packages(path) check parameters
[8.248s] Level 1:colcon.colcon_core.package_discovery:discover_packages(colcon_meta) discover
[8.248s] Level 1:colcon.colcon_core.package_discovery:discover_packages(recursive) discover
[8.248s] INFO:colcon.colcon_core.package_discovery:Crawling recursively for packages in '/home/jetson/bbb_jetson_ws'
[8.249s] Level 1:colcon.colcon_core.package_identification:_identify(.) by extensions ['ignore', 'ignore_ament_install']
[8.249s] Level 1:colcon.colcon_core.package_identification:_identify(.) by extension 'ignore'
[8.249s] Level 1:colcon.colcon_core.package_identification:_identify(.) by extension 'ignore_ament_install'
[8.249s] Level 1:colcon.colcon_core.package_identification:_identify(.) by extensions ['colcon_pkg']
[8.249s] Level 1:colcon.colcon_core.package_identification:_identify(.) by extension 'colcon_pkg'
[8.250s] Level 1:colcon.colcon_core.package_identification:_identify(.) by extensions ['colcon_meta']
[8.250s] Level 1:colcon.colcon_core.package_identification:_identify(.) by extension 'colcon_meta'
[8.250s] Level 1:colcon.colcon_core.package_identification:_identify(.) by extensions ['ros']
[8.250s] Level 1:colcon.colcon_core.package_identification:_identify(.) by extension 'ros'
[8.302s] Level 1:colcon.colcon_core.package_identification:_identify(.) by extensions ['cmake', 'python']
[8.303s] Level 1:colcon.colcon_core.package_identification:_identify(.) by extension 'cmake'
[8.303s] Level 1:colcon.colcon_core.package_identification:_identify(.) by extension 'python'
[8.303s] Level 1:colcon.colcon_core.package_identification:_identify(.) by extensions ['python_setup_py']
[8.303s] Level 1:colcon.colcon_core.package_identification:_identify(.) by extension 'python_setup_py'
[8.303s] Level 1:colcon.colcon_core.package_identification:_identify(build) by extensions ['ignore', 'ignore_ament_install']
[8.304s] Level 1:colcon.colcon_core.package_identification:_identify(build) by extension 'ignore'
[8.304s] Level 1:colcon.colcon_core.package_identification:_identify(build) ignored
[8.304s] Level 1:colcon.colcon_core.package_identification:_identify(install) by extensions ['ignore', 'ignore_ament_install']
[8.304s] Level 1:colcon.colcon_core.package_identification:_identify(install) by extension 'ignore'
[8.305s] Level 1:colcon.colcon_core.package_identification:_identify(install) ignored
[8.305s] Level 1:colcon.colcon_core.package_identification:_identify(log) by extensions ['ignore', 'ignore_ament_install']
[8.305s] Level 1:colcon.colcon_core.package_identification:_identify(log) by extension 'ignore'
[8.305s] Level 1:colcon.colcon_core.package_identification:_identify(log) ignored
[8.305s] Level 1:colcon.colcon_core.package_identification:_identify(src) by extensions ['ignore', 'ignore_ament_install']
[8.306s] Level 1:colcon.colcon_core.package_identification:_identify(src) by extension 'ignore'
[8.306s] Level 1:colcon.colcon_core.package_identification:_identify(src) by extension 'ignore_ament_install'
[8.306s] Level 1:colcon.colcon_core.package_identification:_identify(src) by extensions ['colcon_pkg']
[8.306s] Level 1:colcon.colcon_core.package_identification:_identify(src) by extension 'colcon_pkg'
[8.306s] Level 1:colcon.colcon_core.package_identification:_identify(src) by extensions ['colcon_meta']
[8.306s] Level 1:colcon.colcon_core.package_identification:_identify(src) by extension 'colcon_meta'
[8.307s] Level 1:colcon.colcon_core.package_identification:_identify(src) by extensions ['ros']
[8.307s] Level 1:colcon.colcon_core.package_identification:_identify(src) by extension 'ros'
[8.307s] Level 1:colcon.colcon_core.package_identification:_identify(src) by extensions ['cmake', 'python']
[8.307s] Level 1:colcon.colcon_core.package_identification:_identify(src) by extension 'cmake'
[8.307s] Level 1:colcon.colcon_core.package_identification:_identify(src) by extension 'python'
[8.307s] Level 1:colcon.colcon_core.package_identification:_identify(src) by extensions ['python_setup_py']
[8.307s] Level 1:colcon.colcon_core.package_identification:_identify(src) by extension 'python_setup_py'
[8.308s] Level 1:colcon.colcon_core.package_discovery:discover_packages(recursive) using defaults
[8.308s] Level 1:colcon.colcon_core.package_discovery:discover_packages(ignore) discover
[8.308s] Level 1:colcon.colcon_core.package_discovery:discover_packages(ignore) using defaults
[8.308s] Level 1:colcon.colcon_core.package_discovery:discover_packages(path) discover
[8.308s] Level 1:colcon.colcon_core.package_discovery:discover_packages(path) using defaults
[9.011s] Level 1:colcon.colcon_core.package_discovery:discover_packages(prefix_path) check parameters
[9.012s] Level 1:colcon.colcon_core.package_discovery:discover_packages(prefix_path) discover
[9.321s] DEBUG:colcon.colcon_installed_package_information.package_discovery:Found 257 installed packages in /opt/ros/foxy
[9.328s] Level 1:colcon.colcon_core.package_discovery:discover_packages(prefix_path) using defaults
[9.955s] INFO:colcon.colcon_core.executor:Executing jobs using 'parallel' executor
[10.079s] DEBUG:colcon.colcon_parallel_executor.executor.parallel:run_until_complete
[10.079s] DEBUG:colcon.colcon_parallel_executor.executor.parallel:closing loop
[10.080s] DEBUG:colcon.colcon_parallel_executor.executor.parallel:loop closed
[10.080s] DEBUG:colcon.colcon_parallel_executor.executor.parallel:run_until_complete finished with '0'
[10.081s] DEBUG:colcon.colcon_core.event_reactor:joining thread
[10.229s] INFO:colcon.colcon_core.plugin_system:Skipping extension 'colcon_notification.desktop_notification.terminal_notifier': Not used on non-Darwin systems
[10.229s] INFO:colcon.colcon_core.plugin_system:Skipping extension 'colcon_notification.desktop_notification.win32': Not used on non-Windows systems
[10.229s] INFO:colcon.colcon_notification.desktop_notification:Sending desktop notification using 'notify2'
[10.262s] DEBUG:colcon.colcon_core.event_reactor:joined thread
[10.410s] INFO:colcon.colcon_core.plugin_system:Skipping extension 'colcon_core.shell.bat': Not used on non-Windows systems
[10.411s] INFO:colcon.colcon_core.shell:Creating prefix script '/home/jetson/bbb_jetson_ws/install/local_setup.ps1'
[10.415s] INFO:colcon.colcon_core.shell:Creating prefix util module '/home/jetson/bbb_jetson_ws/install/_local_setup_util_ps1.py'
[10.420s] INFO:colcon.colcon_core.shell:Creating prefix chain script '/home/jetson/bbb_jetson_ws/install/setup.ps1'
[10.550s] INFO:colcon.colcon_core.shell:Creating prefix script '/home/jetson/bbb_jetson_ws/install/local_setup.sh'
[10.552s] INFO:colcon.colcon_core.shell:Creating prefix util module '/home/jetson/bbb_jetson_ws/install/_local_setup_util_sh.py'
[10.554s] INFO:colcon.colcon_core.shell:Creating prefix chain script '/home/jetson/bbb_jetson_ws/install/setup.sh'
[10.684s] INFO:colcon.colcon_core.shell:Creating prefix script '/home/jetson/bbb_jetson_ws/install/local_setup.bash'
[10.686s] INFO:colcon.colcon_core.shell:Creating prefix chain script '/home/jetson/bbb_jetson_ws/install/setup.bash'
[10.815s] INFO:colcon.colcon_core.shell:Creating prefix script '/home/jetson/bbb_jetson_ws/install/local_setup.zsh'
[10.818s] INFO:colcon.colcon_core.shell:Creating prefix chain script '/home/jetson/bbb_jetson_ws/install/setup.zsh'
