[3.002s] DEBUG:colcon:Command line arguments: ['/usr/bin/colcon', 'build', '--packages-select', 'bbb_package']
[3.003s] DEBUG:colcon:Parsed command line arguments: Namespace(allow_overriding=[], ament_cmake_args=None, base_paths=['.'], build_base='build', catkin_cmake_args=None, catkin_skip_building_tests=False, cmake_args=None, cmake_clean_cache=False, cmake_clean_first=False, cmake_force_configure=False, cmake_target=None, cmake_target_skip_unavailable=False, continue_on_error=False, event_handlers=None, executor='parallel', ignore_user_meta=False, install_base='install', log_base=None, log_level=None, main=<bound method BuildVerb.main of <colcon_core.verb.build.BuildVerb object at 0x7f8dd27a60>>, merge_install=False, metas=['./colcon.meta'], packages_above=None, packages_above_and_dependencies=None, packages_above_depth=None, packages_end=None, packages_ignore=None, packages_ignore_regex=None, packages_select=['bbb_package'], packages_select_build_failed=False, packages_select_by_dep=None, packages_select_regex=None, packages_select_test_failures=False, packages_skip=None, packages_skip_build_finished=False, packages_skip_by_dep=None, packages_skip_regex=None, packages_skip_test_passed=False, packages_skip_up_to=None, packages_start=None, packages_up_to=None, packages_up_to_regex=None, parallel_workers=4, paths=None, symlink_install=False, test_result_base=None, verb_extension=<colcon_core.verb.build.BuildVerb object at 0x7f8dd27a60>, verb_name='build', verb_parser=<colcon_defaults.argument_parser.defaults.DefaultArgumentsDecorator object at 0x7f8dc34700>)
[4.963s] Level 1:colcon.colcon_core.package_discovery:discover_packages(colcon_meta) check parameters
[4.964s] Level 1:colcon.colcon_core.package_discovery:discover_packages(recursive) check parameters
[4.965s] Level 1:colcon.colcon_core.package_discovery:discover_packages(ignore) check parameters
[4.965s] Level 1:colcon.colcon_core.package_discovery:discover_packages(path) check parameters
[4.966s] Level 1:colcon.colcon_core.package_discovery:discover_packages(colcon_meta) discover
[4.966s] Level 1:colcon.colcon_core.package_discovery:discover_packages(recursive) discover
[4.967s] INFO:colcon.colcon_core.package_discovery:Crawling recursively for packages in '/home/jetson/bbb_jetson_ws'
[4.968s] Level 1:colcon.colcon_core.package_identification:_identify(.) by extensions ['ignore', 'ignore_ament_install']
[4.969s] Level 1:colcon.colcon_core.package_identification:_identify(.) by extension 'ignore'
[4.970s] Level 1:colcon.colcon_core.package_identification:_identify(.) by extension 'ignore_ament_install'
[4.971s] Level 1:colcon.colcon_core.package_identification:_identify(.) by extensions ['colcon_pkg']
[4.971s] Level 1:colcon.colcon_core.package_identification:_identify(.) by extension 'colcon_pkg'
[4.972s] Level 1:colcon.colcon_core.package_identification:_identify(.) by extensions ['colcon_meta']
[4.972s] Level 1:colcon.colcon_core.package_identification:_identify(.) by extension 'colcon_meta'
[4.973s] Level 1:colcon.colcon_core.package_identification:_identify(.) by extensions ['ros']
[4.973s] Level 1:colcon.colcon_core.package_identification:_identify(.) by extension 'ros'
[5.123s] Level 1:colcon.colcon_core.package_identification:_identify(.) by extensions ['cmake', 'python']
[5.124s] Level 1:colcon.colcon_core.package_identification:_identify(.) by extension 'cmake'
[5.124s] Level 1:colcon.colcon_core.package_identification:_identify(.) by extension 'python'
[5.125s] Level 1:colcon.colcon_core.package_identification:_identify(.) by extensions ['python_setup_py']
[5.125s] Level 1:colcon.colcon_core.package_identification:_identify(.) by extension 'python_setup_py'
[5.127s] Level 1:colcon.colcon_core.package_identification:_identify(build) by extensions ['ignore', 'ignore_ament_install']
[5.128s] Level 1:colcon.colcon_core.package_identification:_identify(build) by extension 'ignore'
[5.129s] Level 1:colcon.colcon_core.package_identification:_identify(build) ignored
[5.130s] Level 1:colcon.colcon_core.package_identification:_identify(frames) by extensions ['ignore', 'ignore_ament_install']
[5.131s] Level 1:colcon.colcon_core.package_identification:_identify(frames) by extension 'ignore'
[5.131s] Level 1:colcon.colcon_core.package_identification:_identify(frames) by extension 'ignore_ament_install'
[5.132s] Level 1:colcon.colcon_core.package_identification:_identify(frames) by extensions ['colcon_pkg']
[5.133s] Level 1:colcon.colcon_core.package_identification:_identify(frames) by extension 'colcon_pkg'
[5.133s] Level 1:colcon.colcon_core.package_identification:_identify(frames) by extensions ['colcon_meta']
[5.134s] Level 1:colcon.colcon_core.package_identification:_identify(frames) by extension 'colcon_meta'
[5.134s] Level 1:colcon.colcon_core.package_identification:_identify(frames) by extensions ['ros']
[5.135s] Level 1:colcon.colcon_core.package_identification:_identify(frames) by extension 'ros'
[5.136s] Level 1:colcon.colcon_core.package_identification:_identify(frames) by extensions ['cmake', 'python']
[5.137s] Level 1:colcon.colcon_core.package_identification:_identify(frames) by extension 'cmake'
[5.137s] Level 1:colcon.colcon_core.package_identification:_identify(frames) by extension 'python'
[5.138s] Level 1:colcon.colcon_core.package_identification:_identify(frames) by extensions ['python_setup_py']
[5.138s] Level 1:colcon.colcon_core.package_identification:_identify(frames) by extension 'python_setup_py'
[5.140s] Level 1:colcon.colcon_core.package_identification:_identify(install) by extensions ['ignore', 'ignore_ament_install']
[5.141s] Level 1:colcon.colcon_core.package_identification:_identify(install) by extension 'ignore'
[5.141s] Level 1:colcon.colcon_core.package_identification:_identify(install) ignored
[5.152s] Level 1:colcon.colcon_core.package_identification:_identify(log) by extensions ['ignore', 'ignore_ament_install']
[5.153s] Level 1:colcon.colcon_core.package_identification:_identify(log) by extension 'ignore'
[5.154s] Level 1:colcon.colcon_core.package_identification:_identify(log) ignored
[5.155s] Level 1:colcon.colcon_core.package_identification:_identify(src) by extensions ['ignore', 'ignore_ament_install']
[5.156s] Level 1:colcon.colcon_core.package_identification:_identify(src) by extension 'ignore'
[5.157s] Level 1:colcon.colcon_core.package_identification:_identify(src) by extension 'ignore_ament_install'
[5.158s] Level 1:colcon.colcon_core.package_identification:_identify(src) by extensions ['colcon_pkg']
[5.158s] Level 1:colcon.colcon_core.package_identification:_identify(src) by extension 'colcon_pkg'
[5.159s] Level 1:colcon.colcon_core.package_identification:_identify(src) by extensions ['colcon_meta']
[5.159s] Level 1:colcon.colcon_core.package_identification:_identify(src) by extension 'colcon_meta'
[5.160s] Level 1:colcon.colcon_core.package_identification:_identify(src) by extensions ['ros']
[5.160s] Level 1:colcon.colcon_core.package_identification:_identify(src) by extension 'ros'
[5.162s] Level 1:colcon.colcon_core.package_identification:_identify(src) by extensions ['cmake', 'python']
[5.162s] Level 1:colcon.colcon_core.package_identification:_identify(src) by extension 'cmake'
[5.163s] Level 1:colcon.colcon_core.package_identification:_identify(src) by extension 'python'
[5.163s] Level 1:colcon.colcon_core.package_identification:_identify(src) by extensions ['python_setup_py']
[5.164s] Level 1:colcon.colcon_core.package_identification:_identify(src) by extension 'python_setup_py'
[5.165s] Level 1:colcon.colcon_core.package_identification:_identify(src/bbb_package) by extensions ['ignore', 'ignore_ament_install']
[5.166s] Level 1:colcon.colcon_core.package_identification:_identify(src/bbb_package) by extension 'ignore'
[5.167s] Level 1:colcon.colcon_core.package_identification:_identify(src/bbb_package) by extension 'ignore_ament_install'
[5.167s] Level 1:colcon.colcon_core.package_identification:_identify(src/bbb_package) by extensions ['colcon_pkg']
[5.168s] Level 1:colcon.colcon_core.package_identification:_identify(src/bbb_package) by extension 'colcon_pkg'
[5.168s] Level 1:colcon.colcon_core.package_identification:_identify(src/bbb_package) by extensions ['colcon_meta']
[5.169s] Level 1:colcon.colcon_core.package_identification:_identify(src/bbb_package) by extension 'colcon_meta'
[5.170s] Level 1:colcon.colcon_core.package_identification:_identify(src/bbb_package) by extensions ['ros']
[5.170s] Level 1:colcon.colcon_core.package_identification:_identify(src/bbb_package) by extension 'ros'
[5.206s] DEBUG:colcon.colcon_core.package_identification:Package 'src/bbb_package' with type 'ros.ament_cmake' and name 'bbb_package'
[5.207s] Level 1:colcon.colcon_core.package_identification:_identify(src/bbb_robot) by extensions ['ignore', 'ignore_ament_install']
[5.209s] Level 1:colcon.colcon_core.package_identification:_identify(src/bbb_robot) by extension 'ignore'
[5.209s] Level 1:colcon.colcon_core.package_identification:_identify(src/bbb_robot) by extension 'ignore_ament_install'
[5.210s] Level 1:colcon.colcon_core.package_identification:_identify(src/bbb_robot) by extensions ['colcon_pkg']
[5.211s] Level 1:colcon.colcon_core.package_identification:_identify(src/bbb_robot) by extension 'colcon_pkg'
[5.211s] Level 1:colcon.colcon_core.package_identification:_identify(src/bbb_robot) by extensions ['colcon_meta']
[5.212s] Level 1:colcon.colcon_core.package_identification:_identify(src/bbb_robot) by extension 'colcon_meta'
[5.212s] Level 1:colcon.colcon_core.package_identification:_identify(src/bbb_robot) by extensions ['ros']
[5.213s] Level 1:colcon.colcon_core.package_identification:_identify(src/bbb_robot) by extension 'ros'
[5.219s] DEBUG:colcon.colcon_core.package_identification:Package 'src/bbb_robot' with type 'ros.ament_cmake' and name 'bbb_robot'
[5.221s] Level 1:colcon.colcon_core.package_identification:_identify(src/csm) by extensions ['ignore', 'ignore_ament_install']
[5.222s] Level 1:colcon.colcon_core.package_identification:_identify(src/csm) by extension 'ignore'
[5.222s] Level 1:colcon.colcon_core.package_identification:_identify(src/csm) by extension 'ignore_ament_install'
[5.223s] Level 1:colcon.colcon_core.package_identification:_identify(src/csm) by extensions ['colcon_pkg']
[5.224s] Level 1:colcon.colcon_core.package_identification:_identify(src/csm) by extension 'colcon_pkg'
[5.224s] Level 1:colcon.colcon_core.package_identification:_identify(src/csm) by extensions ['colcon_meta']
[5.225s] Level 1:colcon.colcon_core.package_identification:_identify(src/csm) by extension 'colcon_meta'
[5.225s] Level 1:colcon.colcon_core.package_identification:_identify(src/csm) by extensions ['ros']
[5.226s] Level 1:colcon.colcon_core.package_identification:_identify(src/csm) by extension 'ros'
[5.234s] DEBUG:colcon.colcon_core.package_identification:Package 'src/csm' with type 'ros.ament_cmake' and name 'csm'
[5.236s] Level 1:colcon.colcon_core.package_identification:_identify(src/diffdrive_arduino) by extensions ['ignore', 'ignore_ament_install']
[5.237s] Level 1:colcon.colcon_core.package_identification:_identify(src/diffdrive_arduino) by extension 'ignore'
[5.238s] Level 1:colcon.colcon_core.package_identification:_identify(src/diffdrive_arduino) by extension 'ignore_ament_install'
[5.238s] Level 1:colcon.colcon_core.package_identification:_identify(src/diffdrive_arduino) by extensions ['colcon_pkg']
[5.239s] Level 1:colcon.colcon_core.package_identification:_identify(src/diffdrive_arduino) by extension 'colcon_pkg'
[5.239s] Level 1:colcon.colcon_core.package_identification:_identify(src/diffdrive_arduino) by extensions ['colcon_meta']
[5.240s] Level 1:colcon.colcon_core.package_identification:_identify(src/diffdrive_arduino) by extension 'colcon_meta'
[5.241s] Level 1:colcon.colcon_core.package_identification:_identify(src/diffdrive_arduino) by extensions ['ros']
[5.241s] Level 1:colcon.colcon_core.package_identification:_identify(src/diffdrive_arduino) by extension 'ros'
[5.254s] DEBUG:colcon.colcon_core.package_identification:Package 'src/diffdrive_arduino' with type 'ros.ament_cmake' and name 'diffdrive_arduino'
[5.255s] Level 1:colcon.colcon_core.package_identification:_identify(src/ros2_laser_scan_matcher) by extensions ['ignore', 'ignore_ament_install']
[5.257s] Level 1:colcon.colcon_core.package_identification:_identify(src/ros2_laser_scan_matcher) by extension 'ignore'
[5.257s] Level 1:colcon.colcon_core.package_identification:_identify(src/ros2_laser_scan_matcher) by extension 'ignore_ament_install'
[5.258s] Level 1:colcon.colcon_core.package_identification:_identify(src/ros2_laser_scan_matcher) by extensions ['colcon_pkg']
[5.259s] Level 1:colcon.colcon_core.package_identification:_identify(src/ros2_laser_scan_matcher) by extension 'colcon_pkg'
[5.259s] Level 1:colcon.colcon_core.package_identification:_identify(src/ros2_laser_scan_matcher) by extensions ['colcon_meta']
[5.260s] Level 1:colcon.colcon_core.package_identification:_identify(src/ros2_laser_scan_matcher) by extension 'colcon_meta'
[5.260s] Level 1:colcon.colcon_core.package_identification:_identify(src/ros2_laser_scan_matcher) by extensions ['ros']
[5.261s] Level 1:colcon.colcon_core.package_identification:_identify(src/ros2_laser_scan_matcher) by extension 'ros'
[5.271s] DEBUG:colcon.colcon_core.package_identification:Package 'src/ros2_laser_scan_matcher' with type 'ros.ament_cmake' and name 'ros2_laser_scan_matcher'
[5.272s] Level 1:colcon.colcon_core.package_identification:_identify(src/serial) by extensions ['ignore', 'ignore_ament_install']
[5.273s] Level 1:colcon.colcon_core.package_identification:_identify(src/serial) by extension 'ignore'
[5.274s] Level 1:colcon.colcon_core.package_identification:_identify(src/serial) by extension 'ignore_ament_install'
[5.275s] Level 1:colcon.colcon_core.package_identification:_identify(src/serial) by extensions ['colcon_pkg']
[5.275s] Level 1:colcon.colcon_core.package_identification:_identify(src/serial) by extension 'colcon_pkg'
[5.276s] Level 1:colcon.colcon_core.package_identification:_identify(src/serial) by extensions ['colcon_meta']
[5.276s] Level 1:colcon.colcon_core.package_identification:_identify(src/serial) by extension 'colcon_meta'
[5.277s] Level 1:colcon.colcon_core.package_identification:_identify(src/serial) by extensions ['ros']
[5.277s] Level 1:colcon.colcon_core.package_identification:_identify(src/serial) by extension 'ros'
[5.286s] DEBUG:colcon.colcon_core.package_identification:Package 'src/serial' with type 'ros.ament_cmake' and name 'serial'
[5.286s] Level 1:colcon.colcon_core.package_discovery:discover_packages(recursive) using defaults
[5.287s] Level 1:colcon.colcon_core.package_discovery:discover_packages(ignore) discover
[5.288s] Level 1:colcon.colcon_core.package_discovery:discover_packages(ignore) using defaults
[5.288s] Level 1:colcon.colcon_core.package_discovery:discover_packages(path) discover
[5.289s] Level 1:colcon.colcon_core.package_discovery:discover_packages(path) using defaults
[5.463s] INFO:colcon.colcon_core.package_selection:Skipping not selected package 'bbb_robot' in 'src/bbb_robot'
[5.463s] INFO:colcon.colcon_core.package_selection:Skipping not selected package 'csm' in 'src/csm'
[5.464s] INFO:colcon.colcon_core.package_selection:Skipping not selected package 'serial' in 'src/serial'
[5.464s] INFO:colcon.colcon_core.package_selection:Skipping not selected package 'diffdrive_arduino' in 'src/diffdrive_arduino'
[5.465s] INFO:colcon.colcon_core.package_selection:Skipping not selected package 'ros2_laser_scan_matcher' in 'src/ros2_laser_scan_matcher'
[5.470s] Level 1:colcon.colcon_core.package_discovery:discover_packages(prefix_path) check parameters
[5.470s] Level 1:colcon.colcon_core.package_discovery:discover_packages(prefix_path) discover
[5.511s] DEBUG:colcon.colcon_installed_package_information.package_discovery:Found 290 installed packages in /opt/ros/foxy
[5.539s] Level 1:colcon.colcon_core.package_discovery:discover_packages(prefix_path) using defaults
[6.454s] Level 5:colcon.colcon_core.verb:set package 'bbb_package' build argument 'cmake_args' from command line to 'None'
[6.454s] Level 5:colcon.colcon_core.verb:set package 'bbb_package' build argument 'cmake_target' from command line to 'None'
[6.455s] Level 5:colcon.colcon_core.verb:set package 'bbb_package' build argument 'cmake_target_skip_unavailable' from command line to 'False'
[6.455s] Level 5:colcon.colcon_core.verb:set package 'bbb_package' build argument 'cmake_clean_cache' from command line to 'False'
[6.456s] Level 5:colcon.colcon_core.verb:set package 'bbb_package' build argument 'cmake_clean_first' from command line to 'False'
[6.456s] Level 5:colcon.colcon_core.verb:set package 'bbb_package' build argument 'cmake_force_configure' from command line to 'False'
[6.457s] Level 5:colcon.colcon_core.verb:set package 'bbb_package' build argument 'ament_cmake_args' from command line to 'None'
[6.457s] Level 5:colcon.colcon_core.verb:set package 'bbb_package' build argument 'catkin_cmake_args' from command line to 'None'
[6.457s] Level 5:colcon.colcon_core.verb:set package 'bbb_package' build argument 'catkin_skip_building_tests' from command line to 'False'
[6.458s] DEBUG:colcon.colcon_core.verb:Building package 'bbb_package' with the following arguments: {'ament_cmake_args': None, 'build_base': '/home/jetson/bbb_jetson_ws/build/bbb_package', 'catkin_cmake_args': None, 'catkin_skip_building_tests': False, 'cmake_args': None, 'cmake_clean_cache': False, 'cmake_clean_first': False, 'cmake_force_configure': False, 'cmake_target': None, 'cmake_target_skip_unavailable': False, 'install_base': '/home/jetson/bbb_jetson_ws/install/bbb_package', 'merge_install': False, 'path': '/home/jetson/bbb_jetson_ws/src/bbb_package', 'symlink_install': False, 'test_result_base': None}
[6.459s] INFO:colcon.colcon_core.executor:Executing jobs using 'parallel' executor
[6.470s] DEBUG:colcon.colcon_parallel_executor.executor.parallel:run_until_complete
[6.472s] INFO:colcon.colcon_ros.task.ament_cmake.build:Building ROS package in '/home/jetson/bbb_jetson_ws/src/bbb_package' with build type 'ament_cmake'
[6.473s] INFO:colcon.colcon_cmake.task.cmake.build:Building CMake package in '/home/jetson/bbb_jetson_ws/src/bbb_package'
[6.508s] INFO:colcon.colcon_core.plugin_system:Skipping extension 'colcon_core.shell.bat': Not used on non-Windows systems
[6.511s] INFO:colcon.colcon_core.shell:Skip shell extension 'powershell' for command environment: Not usable outside of PowerShell
[6.512s] DEBUG:colcon.colcon_core.shell:Skip shell extension 'dsv' for command environment
[6.652s] DEBUG:colcon.colcon_core.event_handler.log_command:Invoking command in '/home/jetson/bbb_jetson_ws/build/bbb_package': AMENT_PREFIX_PATH=/home/jetson/bbb_jetson_ws/install/serial:${AMENT_PREFIX_PATH} CMAKE_PREFIX_PATH=/home/jetson/bbb_jetson_ws/install/serial:/opt/ros/foxy LD_LIBRARY_PATH=/home/jetson/bbb_jetson_ws/install/serial/lib:${LD_LIBRARY_PATH} /usr/bin/cmake --build /home/jetson/bbb_jetson_ws/build/bbb_package -- -j4 -l4
[92.801s] DEBUG:colcon.colcon_core.event_handler.log_command:Invoked command in '/home/jetson/bbb_jetson_ws/build/bbb_package' returned '0': AMENT_PREFIX_PATH=/home/jetson/bbb_jetson_ws/install/serial:${AMENT_PREFIX_PATH} CMAKE_PREFIX_PATH=/home/jetson/bbb_jetson_ws/install/serial:/opt/ros/foxy LD_LIBRARY_PATH=/home/jetson/bbb_jetson_ws/install/serial/lib:${LD_LIBRARY_PATH} /usr/bin/cmake --build /home/jetson/bbb_jetson_ws/build/bbb_package -- -j4 -l4
[93.322s] DEBUG:colcon.colcon_core.event_handler.log_command:Invoking command in '/home/jetson/bbb_jetson_ws/build/bbb_package': AMENT_PREFIX_PATH=/home/jetson/bbb_jetson_ws/install/serial:${AMENT_PREFIX_PATH} CMAKE_PREFIX_PATH=/home/jetson/bbb_jetson_ws/install/serial:/opt/ros/foxy LD_LIBRARY_PATH=/home/jetson/bbb_jetson_ws/install/serial/lib:${LD_LIBRARY_PATH} /usr/bin/cmake --install /home/jetson/bbb_jetson_ws/build/bbb_package
[93.529s] Level 1:colcon.colcon_core.environment:create_environment_scripts_only(bbb_package)
[93.535s] DEBUG:colcon.colcon_core.event_handler.log_command:Invoked command in '/home/jetson/bbb_jetson_ws/build/bbb_package' returned '0': AMENT_PREFIX_PATH=/home/jetson/bbb_jetson_ws/install/serial:${AMENT_PREFIX_PATH} CMAKE_PREFIX_PATH=/home/jetson/bbb_jetson_ws/install/serial:/opt/ros/foxy LD_LIBRARY_PATH=/home/jetson/bbb_jetson_ws/install/serial/lib:${LD_LIBRARY_PATH} /usr/bin/cmake --install /home/jetson/bbb_jetson_ws/build/bbb_package
[93.577s] Level 1:colcon.colcon_core.environment:checking '/home/jetson/bbb_jetson_ws/install/bbb_package' for CMake module files
[93.588s] Level 1:colcon.colcon_core.environment:checking '/home/jetson/bbb_jetson_ws/install/bbb_package' for CMake config files
[93.595s] Level 1:colcon.colcon_core.shell:create_environment_hook('bbb_package', 'cmake_prefix_path')
[93.598s] INFO:colcon.colcon_core.shell:Creating environment hook '/home/jetson/bbb_jetson_ws/install/bbb_package/share/bbb_package/hook/cmake_prefix_path.ps1'
[93.607s] INFO:colcon.colcon_core.shell:Creating environment descriptor '/home/jetson/bbb_jetson_ws/install/bbb_package/share/bbb_package/hook/cmake_prefix_path.dsv'
[93.613s] INFO:colcon.colcon_core.shell:Creating environment hook '/home/jetson/bbb_jetson_ws/install/bbb_package/share/bbb_package/hook/cmake_prefix_path.sh'
[93.625s] Level 1:colcon.colcon_core.environment:checking '/home/jetson/bbb_jetson_ws/install/bbb_package/lib'
[93.627s] Level 1:colcon.colcon_core.environment:checking '/home/jetson/bbb_jetson_ws/install/bbb_package/bin'
[93.628s] Level 1:colcon.colcon_core.environment:checking '/home/jetson/bbb_jetson_ws/install/bbb_package/lib/pkgconfig/bbb_package.pc'
[93.630s] Level 1:colcon.colcon_core.environment:checking '/home/jetson/bbb_jetson_ws/install/bbb_package/lib/python3.8/site-packages'
[93.632s] Level 1:colcon.colcon_core.environment:checking '/home/jetson/bbb_jetson_ws/install/bbb_package/bin'
[93.636s] INFO:colcon.colcon_core.shell:Creating package script '/home/jetson/bbb_jetson_ws/install/bbb_package/share/bbb_package/package.ps1'
[93.645s] INFO:colcon.colcon_core.shell:Creating package descriptor '/home/jetson/bbb_jetson_ws/install/bbb_package/share/bbb_package/package.dsv'
[93.653s] INFO:colcon.colcon_core.shell:Creating package script '/home/jetson/bbb_jetson_ws/install/bbb_package/share/bbb_package/package.sh'
[93.664s] INFO:colcon.colcon_core.shell:Creating package script '/home/jetson/bbb_jetson_ws/install/bbb_package/share/bbb_package/package.bash'
[93.676s] INFO:colcon.colcon_core.shell:Creating package script '/home/jetson/bbb_jetson_ws/install/bbb_package/share/bbb_package/package.zsh'
[93.686s] Level 1:colcon.colcon_core.environment:create_file_with_runtime_dependencies(/home/jetson/bbb_jetson_ws/install/bbb_package/share/colcon-core/packages/bbb_package)
[94.108s] Level 1:colcon.colcon_core.environment:create_environment_scripts_only(bbb_package)
[94.112s] Level 1:colcon.colcon_core.environment:checking '/home/jetson/bbb_jetson_ws/install/bbb_package' for CMake module files
[94.119s] Level 1:colcon.colcon_core.environment:checking '/home/jetson/bbb_jetson_ws/install/bbb_package' for CMake config files
[94.125s] Level 1:colcon.colcon_core.shell:create_environment_hook('bbb_package', 'cmake_prefix_path')
[94.128s] INFO:colcon.colcon_core.shell:Creating environment hook '/home/jetson/bbb_jetson_ws/install/bbb_package/share/bbb_package/hook/cmake_prefix_path.ps1'
[94.132s] INFO:colcon.colcon_core.shell:Creating environment descriptor '/home/jetson/bbb_jetson_ws/install/bbb_package/share/bbb_package/hook/cmake_prefix_path.dsv'
[94.135s] INFO:colcon.colcon_core.shell:Creating environment hook '/home/jetson/bbb_jetson_ws/install/bbb_package/share/bbb_package/hook/cmake_prefix_path.sh'
[94.140s] Level 1:colcon.colcon_core.environment:checking '/home/jetson/bbb_jetson_ws/install/bbb_package/lib'
[94.141s] Level 1:colcon.colcon_core.environment:checking '/home/jetson/bbb_jetson_ws/install/bbb_package/bin'
[94.142s] Level 1:colcon.colcon_core.environment:checking '/home/jetson/bbb_jetson_ws/install/bbb_package/lib/pkgconfig/bbb_package.pc'
[94.145s] Level 1:colcon.colcon_core.environment:checking '/home/jetson/bbb_jetson_ws/install/bbb_package/lib/python3.8/site-packages'
[94.147s] Level 1:colcon.colcon_core.environment:checking '/home/jetson/bbb_jetson_ws/install/bbb_package/bin'
[94.150s] INFO:colcon.colcon_core.shell:Creating package script '/home/jetson/bbb_jetson_ws/install/bbb_package/share/bbb_package/package.ps1'
[94.155s] INFO:colcon.colcon_core.shell:Creating package descriptor '/home/jetson/bbb_jetson_ws/install/bbb_package/share/bbb_package/package.dsv'
[94.161s] INFO:colcon.colcon_core.shell:Creating package script '/home/jetson/bbb_jetson_ws/install/bbb_package/share/bbb_package/package.sh'
[94.167s] INFO:colcon.colcon_core.shell:Creating package script '/home/jetson/bbb_jetson_ws/install/bbb_package/share/bbb_package/package.bash'
[94.172s] INFO:colcon.colcon_core.shell:Creating package script '/home/jetson/bbb_jetson_ws/install/bbb_package/share/bbb_package/package.zsh'
[94.176s] Level 1:colcon.colcon_core.environment:create_file_with_runtime_dependencies(/home/jetson/bbb_jetson_ws/install/bbb_package/share/colcon-core/packages/bbb_package)
[94.179s] DEBUG:colcon.colcon_parallel_executor.executor.parallel:closing loop
[94.183s] DEBUG:colcon.colcon_parallel_executor.executor.parallel:loop closed
[94.185s] DEBUG:colcon.colcon_parallel_executor.executor.parallel:run_until_complete finished with '0'
[94.186s] DEBUG:colcon.colcon_core.event_reactor:joining thread
[94.486s] INFO:colcon.colcon_core.plugin_system:Skipping extension 'colcon_notification.desktop_notification.terminal_notifier': Not used on non-Darwin systems
[94.487s] INFO:colcon.colcon_core.plugin_system:Skipping extension 'colcon_notification.desktop_notification.win32': Not used on non-Windows systems
[94.487s] INFO:colcon.colcon_notification.desktop_notification:Sending desktop notification using 'notify2'
[94.540s] DEBUG:colcon.colcon_core.event_reactor:joined thread
[94.542s] INFO:colcon.colcon_core.shell:Creating prefix script '/home/jetson/bbb_jetson_ws/install/local_setup.ps1'
[94.553s] INFO:colcon.colcon_core.shell:Creating prefix util module '/home/jetson/bbb_jetson_ws/install/_local_setup_util_ps1.py'
[94.567s] INFO:colcon.colcon_core.shell:Creating prefix chain script '/home/jetson/bbb_jetson_ws/install/setup.ps1'
[94.576s] INFO:colcon.colcon_core.shell:Creating prefix script '/home/jetson/bbb_jetson_ws/install/local_setup.sh'
[94.583s] INFO:colcon.colcon_core.shell:Creating prefix util module '/home/jetson/bbb_jetson_ws/install/_local_setup_util_sh.py'
[94.587s] INFO:colcon.colcon_core.shell:Creating prefix chain script '/home/jetson/bbb_jetson_ws/install/setup.sh'
[94.599s] INFO:colcon.colcon_core.shell:Creating prefix script '/home/jetson/bbb_jetson_ws/install/local_setup.bash'
[94.604s] INFO:colcon.colcon_core.shell:Creating prefix chain script '/home/jetson/bbb_jetson_ws/install/setup.bash'
[94.612s] INFO:colcon.colcon_core.shell:Creating prefix script '/home/jetson/bbb_jetson_ws/install/local_setup.zsh'
[94.619s] INFO:colcon.colcon_core.shell:Creating prefix chain script '/home/jetson/bbb_jetson_ws/install/setup.zsh'
