[1.732s] Invoking command in '/home/jetson/bbb_jetson_ws/build/serial': CMAKE_PREFIX_PATH=${CMAKE_PREFIX_PATH}:/home/jetson/bbb_jetson_ws/install/bbb:/opt/ros/foxy /usr/bin/cmake /home/jetson/bbb_jetson_ws/src/serial -DCMAKE_INSTALL_PREFIX=/home/jetson/bbb_jetson_ws/install/serial
[1.924s] -- Found ament_cmake: 0.9.12 (/opt/ros/foxy/share/ament_cmake/cmake)
[2.034s] -- Using PYTHON_EXECUTABLE: /usr/bin/python3
[2.746s] -- Override CMake install command with custom implementation using symlinks instead of copying resources
[2.809s] -- Found ament_cmake_gtest: 0.9.12 (/opt/ros/foxy/share/ament_cmake_gtest/cmake)
[2.841s] -- Found gtest sources under '/opt/ros/foxy/src/gtest_vendor': C++ tests using 'Google Test' will be built
[3.291s] -- Configuring done
[3.436s] -- Generating done
[3.444s] -- Build files have been written to: /home/jetson/bbb_jetson_ws/build/serial
[3.453s] Invoked command in '/home/jetson/bbb_jetson_ws/build/serial' returned '0': CMAKE_PREFIX_PATH=${CMAKE_PREFIX_PATH}:/home/jetson/bbb_jetson_ws/install/bbb:/opt/ros/foxy /usr/bin/cmake /home/jetson/bbb_jetson_ws/src/serial -DCMAKE_INSTALL_PREFIX=/home/jetson/bbb_jetson_ws/install/serial
[3.462s] Invoking command in '/home/jetson/bbb_jetson_ws/build/serial': CMAKE_PREFIX_PATH=${CMAKE_PREFIX_PATH}:/home/jetson/bbb_jetson_ws/install/bbb:/opt/ros/foxy /usr/bin/cmake --build /home/jetson/bbb_jetson_ws/build/serial -- -j4 -l4
[3.642s] [ 28%] Built target serial
[3.670s] [ 42%] Built target gtest_main
[3.673s] [ 57%] Built target gtest
[3.766s] [ 71%] Built target serial_example
[3.782s] [ 85%] Built target serial-test
[3.796s] [100%] Built target serial-test-timer
[4.683s] Invoked command in '/home/jetson/bbb_jetson_ws/build/serial' returned '0': CMAKE_PREFIX_PATH=${CMAKE_PREFIX_PATH}:/home/jetson/bbb_jetson_ws/install/bbb:/opt/ros/foxy /usr/bin/cmake --build /home/jetson/bbb_jetson_ws/build/serial -- -j4 -l4
[5.910s] Invoking command in '/home/jetson/bbb_jetson_ws/build/serial': CMAKE_PREFIX_PATH=${CMAKE_PREFIX_PATH}:/home/jetson/bbb_jetson_ws/install/bbb:/opt/ros/foxy /usr/bin/cmake --install /home/jetson/bbb_jetson_ws/build/serial
[5.933s] -- Install configuration: ""
[5.934s] -- Execute custom install script
[5.935s] -- Up-to-date symlink: /home/jetson/bbb_jetson_ws/install/serial/lib/libserial.a
[5.936s] -- Up-to-date symlink: /home/jetson/bbb_jetson_ws/install/serial/include/serial/serial.h
[5.937s] -- Up-to-date symlink: /home/jetson/bbb_jetson_ws/install/serial/include/serial/v8stdint.h
[5.938s] -- Up-to-date symlink: /home/jetson/bbb_jetson_ws/install/serial/share/serial/environment/library_path.sh
[5.938s] -- Up-to-date symlink: /home/jetson/bbb_jetson_ws/install/serial/share/serial/environment/library_path.dsv
[5.939s] -- Up-to-date symlink: /home/jetson/bbb_jetson_ws/install/serial/share/ament_index/resource_index/package_run_dependencies/serial
[5.940s] -- Up-to-date symlink: /home/jetson/bbb_jetson_ws/install/serial/share/ament_index/resource_index/parent_prefix_path/serial
[5.941s] -- Up-to-date symlink: /home/jetson/bbb_jetson_ws/install/serial/share/serial/environment/ament_prefix_path.sh
[5.942s] -- Up-to-date symlink: /home/jetson/bbb_jetson_ws/install/serial/share/serial/environment/ament_prefix_path.dsv
[5.942s] -- Up-to-date symlink: /home/jetson/bbb_jetson_ws/install/serial/share/serial/environment/path.sh
[5.943s] -- Up-to-date symlink: /home/jetson/bbb_jetson_ws/install/serial/share/serial/environment/path.dsv
[5.944s] -- Up-to-date symlink: /home/jetson/bbb_jetson_ws/install/serial/share/serial/local_setup.bash
[5.945s] -- Up-to-date symlink: /home/jetson/bbb_jetson_ws/install/serial/share/serial/local_setup.sh
[5.946s] -- Up-to-date symlink: /home/jetson/bbb_jetson_ws/install/serial/share/serial/local_setup.zsh
[5.946s] -- Up-to-date symlink: /home/jetson/bbb_jetson_ws/install/serial/share/serial/local_setup.dsv
[5.947s] -- Symlinking: /home/jetson/bbb_jetson_ws/install/serial/share/serial/package.dsv
[5.974s] -- Up-to-date symlink: /home/jetson/bbb_jetson_ws/install/serial/share/ament_index/resource_index/packages/serial
[5.974s] -- Up-to-date symlink: /home/jetson/bbb_jetson_ws/install/serial/share/serial/cmake/ament_cmake_export_include_directories-extras.cmake
[5.975s] -- Up-to-date symlink: /home/jetson/bbb_jetson_ws/install/serial/share/serial/cmake/ament_cmake_export_libraries-extras.cmake
[5.976s] -- Up-to-date symlink: /home/jetson/bbb_jetson_ws/install/serial/share/serial/cmake/serialConfig.cmake
[5.976s] -- Up-to-date symlink: /home/jetson/bbb_jetson_ws/install/serial/share/serial/cmake/serialConfig-version.cmake
[5.977s] -- Up-to-date symlink: /home/jetson/bbb_jetson_ws/install/serial/share/serial/package.xml
[5.983s] Invoked command in '/home/jetson/bbb_jetson_ws/build/serial' returned '0': CMAKE_PREFIX_PATH=${CMAKE_PREFIX_PATH}:/home/jetson/bbb_jetson_ws/install/bbb:/opt/ros/foxy /usr/bin/cmake --install /home/jetson/bbb_jetson_ws/build/serial
