[1.024s] Invoking command in '/home/jetson/bbb_jetson_ws/build/bbb_robot': CMAKE_PREFIX_PATH=${CMAKE_PREFIX_PATH}:/opt/ros/foxy /usr/bin/cmake --build /home/jetson/bbb_jetson_ws/build/bbb_robot -- -j4 -l4
[1.672s] Invoked command in '/home/jetson/bbb_jetson_ws/build/bbb_robot' returned '0': CMAKE_PREFIX_PATH=${CMAKE_PREFIX_PATH}:/opt/ros/foxy /usr/bin/cmake --build /home/jetson/bbb_jetson_ws/build/bbb_robot -- -j4 -l4
[2.095s] Invoking command in '/home/jetson/bbb_jetson_ws/build/bbb_robot': CMAKE_PREFIX_PATH=${CMAKE_PREFIX_PATH}:/opt/ros/foxy /usr/bin/cmake --install /home/jetson/bbb_jetson_ws/build/bbb_robot
[2.251s] -- Install configuration: ""
[2.252s] -- Execute custom install script
[2.266s] -- Up-to-date symlink: /home/jetson/bbb_jetson_ws/install/bbb_robot/share/bbb_robot/config/empty.yaml
[2.270s] -- Up-to-date symlink: /home/jetson/bbb_jetson_ws/install/bbb_robot/share/bbb_robot/config/gazebo_params.yaml
[2.271s] -- Up-to-date symlink: /home/jetson/bbb_jetson_ws/install/bbb_robot/share/bbb_robot/config/main.rviz
[2.272s] -- Up-to-date symlink: /home/jetson/bbb_jetson_ws/install/bbb_robot/share/bbb_robot/config/mapper_params_online_async.yaml
[2.273s] -- Up-to-date symlink: /home/jetson/bbb_jetson_ws/install/bbb_robot/share/bbb_robot/config/my_controllers.yaml
[2.287s] -- Up-to-date symlink: /home/jetson/bbb_jetson_ws/install/bbb_robot/share/bbb_robot/config/twist_mux.yaml
[2.288s] -- Up-to-date symlink: /home/jetson/bbb_jetson_ws/install/bbb_robot/share/bbb_robot/description/gazebo_control.xacro
[2.290s] -- Up-to-date symlink: /home/jetson/bbb_jetson_ws/install/bbb_robot/share/bbb_robot/description/inertial_macros.xacro
[2.291s] -- Up-to-date symlink: /home/jetson/bbb_jetson_ws/install/bbb_robot/share/bbb_robot/description/lidar2D.xacro
[2.292s] -- Up-to-date symlink: /home/jetson/bbb_jetson_ws/install/bbb_robot/share/bbb_robot/description/robot.urdf.xacro
[2.293s] -- Up-to-date symlink: /home/jetson/bbb_jetson_ws/install/bbb_robot/share/bbb_robot/description/robot_core_differential_robot.xacro
[2.294s] -- Up-to-date symlink: /home/jetson/bbb_jetson_ws/install/bbb_robot/share/bbb_robot/description/robot_core_four_wheel.xacro
[2.295s] -- Up-to-date symlink: /home/jetson/bbb_jetson_ws/install/bbb_robot/share/bbb_robot/description/ros2_control.xacro
[2.297s] -- Up-to-date symlink: /home/jetson/bbb_jetson_ws/install/bbb_robot/share/bbb_robot/launch/launch_robot.launch.py
[2.318s] -- Up-to-date symlink: /home/jetson/bbb_jetson_ws/install/bbb_robot/share/bbb_robot/launch/launch_robot_control.launch.py
[2.320s] -- Up-to-date symlink: /home/jetson/bbb_jetson_ws/install/bbb_robot/share/bbb_robot/launch/launch_sim.launch.py
[2.321s] -- Up-to-date symlink: /home/jetson/bbb_jetson_ws/install/bbb_robot/share/bbb_robot/launch/launch_toolbox.launch.py
[2.322s] -- Up-to-date symlink: /home/jetson/bbb_jetson_ws/install/bbb_robot/share/bbb_robot/launch/rsp.launch.py
[2.324s] -- Up-to-date symlink: /home/jetson/bbb_jetson_ws/install/bbb_robot/share/bbb_robot/worlds/empty.world
[2.325s] -- Up-to-date symlink: /home/jetson/bbb_jetson_ws/install/bbb_robot/share/bbb_robot/worlds/virtual.world
[2.326s] -- Up-to-date symlink: /home/jetson/bbb_jetson_ws/install/bbb_robot/share/ament_index/resource_index/package_run_dependencies/bbb_robot
[2.327s] -- Up-to-date symlink: /home/jetson/bbb_jetson_ws/install/bbb_robot/share/ament_index/resource_index/parent_prefix_path/bbb_robot
[2.346s] -- Up-to-date symlink: /home/jetson/bbb_jetson_ws/install/bbb_robot/share/bbb_robot/environment/ament_prefix_path.sh
[2.355s] -- Up-to-date symlink: /home/jetson/bbb_jetson_ws/install/bbb_robot/share/bbb_robot/environment/ament_prefix_path.dsv
[2.358s] -- Up-to-date symlink: /home/jetson/bbb_jetson_ws/install/bbb_robot/share/bbb_robot/environment/path.sh
[2.360s] -- Up-to-date symlink: /home/jetson/bbb_jetson_ws/install/bbb_robot/share/bbb_robot/environment/path.dsv
[2.361s] -- Up-to-date symlink: /home/jetson/bbb_jetson_ws/install/bbb_robot/share/bbb_robot/local_setup.bash
[2.362s] -- Up-to-date symlink: /home/jetson/bbb_jetson_ws/install/bbb_robot/share/bbb_robot/local_setup.sh
[2.364s] -- Up-to-date symlink: /home/jetson/bbb_jetson_ws/install/bbb_robot/share/bbb_robot/local_setup.zsh
[2.372s] -- Up-to-date symlink: /home/jetson/bbb_jetson_ws/install/bbb_robot/share/bbb_robot/local_setup.dsv
[2.374s] -- Symlinking: /home/jetson/bbb_jetson_ws/install/bbb_robot/share/bbb_robot/package.dsv
[2.496s] -- Up-to-date symlink: /home/jetson/bbb_jetson_ws/install/bbb_robot/share/ament_index/resource_index/packages/bbb_robot
[2.498s] -- Up-to-date symlink: /home/jetson/bbb_jetson_ws/install/bbb_robot/share/bbb_robot/cmake/bbb_robotConfig.cmake
[2.506s] -- Up-to-date symlink: /home/jetson/bbb_jetson_ws/install/bbb_robot/share/bbb_robot/cmake/bbb_robotConfig-version.cmake
[2.510s] -- Up-to-date symlink: /home/jetson/bbb_jetson_ws/install/bbb_robot/share/bbb_robot/package.xml
[3.452s] Invoked command in '/home/jetson/bbb_jetson_ws/build/bbb_robot' returned '0': CMAKE_PREFIX_PATH=${CMAKE_PREFIX_PATH}:/opt/ros/foxy /usr/bin/cmake --install /home/jetson/bbb_jetson_ws/build/bbb_robot
