-0.000261608 -0.000606806 0 0 0.000501973 0.000614356 0 0 0.100663 -1.97784 
0.000773203 -0.000129114 0 0 0.000660797 0.000631809 0 0 0.132513 -0.165459 
0.00145332 8.00853e-05 0 0 0.000783909 0.000666716 0 0 0.157201 0.0550493 
0.00182514 -0.000495953 0 0 0.00145553 0.000596903 0 0 -0.291882 -0.265328 
-0.000302615 -0.000538439 0 0 0.00189132 0.000719076 0 0 0.379271 -2.08282 
5.85139e-05 -0.000471821 0 0 0.000617651 0.000771436 0 0 0.123861 -1.44741 
7.38715e-05 -7.53353e-05 0 0 0.000475435 0.000788889 0 0 0.0953415 -0.795208 
0.00149538 0.00183578 0 0 0.00010551 -0.000642281 0 0 0.0211585 0.887229 
-0.000178898 -0.00312981 0 0 0.00236775 -0.00643677 0 0 -0.474807 -1.62789 
0.00172599 0.000241574 0 0 0.00313491 -0.002056 0 0 0.628636 0.139059 
0.00178627 -0.00279376 0 0 0.00174281 -0.0165073 0 0 -0.349491 -1.00193 
0.0133606 -0.00479173 0 0 0.003316 0.00752586 0 0 0.664945 -0.344356 
0.0146539 -0.000970433 0 0 0.0141939 -0.00982271 0 0 2.84404 -0.0661268 
0.0344097 -0.00394313 0 0 0.014686 -0.0839468 0 0 2.94248 -0.114096 
0.0556918 -0.0039498 0.0313953 0.00049344 0.00536377 -0.177279 1 0.0157157 1.0755 -0.0865197 
0.0787917 0.0033826 0.0626666 0.00197327 0.00915046 -0.1459 2 0.047287 1.83436 -0.00438239 
0.107625 0.0106241 0.0936907 0.00443804 0.0149363 -0.0742353 3 0.0792804 2.99253 0.0191149 
0.131427 0.0219636 0.0936907 0.00443804 0.015246 -0.0964184 3 0.0792804 -3.05445 0.0863059 
0.156328 0.0225254 0.124345 0.0078853 0.0157592 -0.106125 4 0.111986 -3.15708 0.0311205 
0.198667 0.0355683 0.154508 0.0123117 0.0103745 -0.019888 5 0.145705 2.07953 0.0314529 
0.229246 0.0468761 0.21289 0.0240832 0.0182811 0.0372205 7 0.217492 3.66102 -0.0157929 
0.273335 0.0444531 0.240877 0.0314168 0.0193461 0.0146526 8 0.256272 3.87366 -0.0950515 
0.309812 0.0417956 0.267913 0.0397063 0.00720592 -0.0419949 9 0.297503 1.44474 -0.163406 
0.35079 0.0497311 0.293893 0.0489435 0.0174504 -0.061653 10 0.341619 3.49508 -0.200789 
0.384096 0.0712024 0.342274 0.0702235 0.0221919 0.0591518 12 0.440415 4.44133 -0.25712 
0.423395 0.0929515 0.364484 0.0822454 0.0225071 0.0439515 13 0.496111 4.50417 -0.28 
0.466895 0.0888399 0.404508 0.108993 0.02478 0.0452912 15 0.622625 4.95686 -0.434595 
0.505005 0.107777 0.422164 0.123693 0.0567064 -0.101704 16 0.694302 11.2257 -0.484039 
0.545062 0.128043 0.452414 0.155672 0.0711322 -0.164465 18 0.855502 13.9803 -0.624771 
0.578448 0.159237 0.464888 0.172919 0.0918789 -0.244859 19 0.944614 17.8265 -0.675985 
0.599359 0.199703 0.484292 0.209845 0.106895 -0.148344 21 1.13587 20.5125 -0.81424 
0.610818 0.234682 0.491144 0.229487 0.11224 -0.254699 22 1.23515 21.4468 -0.868326 
0.637599 0.262685 0.496057 0.249889 0.115764 -0.415933 23 1.33445 22.0566 -0.943654 
0.645476 0.308531 0.499013 0.271031 0.138837 -0.508362 24 1.43188 25.9165 -0.985998 
0.639189 0.323161 0.5 0.292893 0.146314 -0.467833 25 1.5257 27.1169 -1.05759 
0.647472 0.337628 0.499013 0.315453 0.140387 -0.357192 26 1.6145 26.1675 -1.13384 
0.637031 0.372031 0.499013 0.315453 0.150106 -0.375832 26 1.6145 27.7161 -1.08593 
0.644022 0.431658 0.496057 0.338688 0.144863 -0.401539 27 1.69734 26.886 -1.10686 
0.640275 0.466905 0.484292 0.387093 0.165831 -0.381094 29 1.84332 30.1312 -1.21325 
0.618729 0.494144 0.475528 0.412215 0.173587 -0.364221 30 1.90643 31.2809 -1.23252 
0.599416 0.538438 0.464888 0.437917 0.163794 -0.423545 31 1.96329 29.8247 -1.23143 
0.576761 0.574675 0.452414 0.464173 0.164696 -0.499304 32 2.01433 29.9607 -1.23075 
0.544764 0.577433 0.438153 0.490959 0.161928 -0.432607 33 2.06002 29.5423 -1.24551 
0.527427 0.596279 0.422164 0.518246 0.136139 -0.367417 34 2.10082 25.4772 -1.25423 
0.497348 0.621889 0.422164 0.518246 0.131032 -0.401102 34 2.10082 24.6368 -1.20461 
0.471173 0.655804 0.404508 0.54601 0.119904 -0.370416 35 2.13722 22.766 -1.18943 
0.452111 0.666342 0.385257 0.574221 0.11848 -0.282855 36 2.16963 22.5228 -1.19498 
0.423431 0.682197 0.364484 0.602852 0.10821 -0.232436 37 2.19844 20.7434 -1.18313 
0.400414 0.725042 0.342274 0.631875 0.0954925 -0.248761 38 2.224 18.4809 -1.15778 
0.370223 0.755552 0.318712 0.661262 0.103649 -0.293197 39 2.24662 19.9393 -1.13144 
0.341365 0.765487 0.293893 0.690983 0.0999777 -0.246147 40 2.26656 19.2861 -1.11524 
0.310774 0.787877 0.267913 0.721009 0.0858688 -0.192292 41 2.28406 16.7277 -1.08898 
0.29141 0.814531 0.240877 0.75131 0.078884 -0.182833 42 2.29932 15.4345 -1.0721 
0.253624 0.847171 0.240877 0.75131 0.0809354 -0.232208 42 2.29932 15.816 -1.01941 
0.227015 0.877266 0.21289 0.781857 0.0769755 -0.267045 43 2.3125 15.0783 -0.994921 
0.190922 0.892878 0.184062 0.812619 0.0776156 -0.228014 44 2.32374 15.1979 -0.9636 
0.156443 0.902582 0.154508 0.843566 0.0613001 -0.163482 45 2.33317 12.1093 -0.934 
0.1264 0.918381 0.124345 0.874667 0.0425388 -0.0891281 46 2.34089 8.46833 -0.906868 
0.0982619 0.942001 0.0936907 0.905892 0.0350124 0.00214411 47 2.34697 6.98639 -0.880113 
0.0774073 0.97191 0.0626666 0.937209 0.0359163 -0.0251463 48 2.35148 7.16489 -0.860163 
0.0501086 1.0031 0.0626666 0.937209 0.0377017 -0.0738933 48 2.35148 7.5171 -0.830598 
0.0200243 1.04001 0.0313953 0.968589 0.0392594 -0.101106 49 2.35446 7.8239 -0.802919 
-0.0123359 1.05966 -1.60812e-16 1 0.0447453 -0.0675606 50 2.35595 8.9007 -0.773511 
-0.0512166 1.08933 -0.0313953 1.03141 0.0340757 -0.029111 51 2.35595 6.80125 -0.738169 
-0.0751346 1.11936 -0.0626666 1.06279 0.0289059 -0.0977897 52 2.35446 5.777 -0.716646 
-0.0987604 1.14907 -0.0936907 1.09411 0.0313403 -0.0949071 53 2.35148 6.2598 -0.694949 
-0.130513 1.15469 -0.124345 1.12533 0.0348973 -0.0403198 54 2.34697 6.96364 -0.663626 
-0.167172 1.17228 -0.154508 1.15643 0.0240586 0.0159407 55 2.34089 4.81324 -0.628445 
-0.184444 1.21001 -0.154508 1.15643 0.020286 -0.0198036 55 2.34089 4.06125 -0.618826 
-0.215173 1.24078 -0.184062 1.18738 0.022629 -0.0798635 56 2.33317 4.52845 -0.590667 
-0.24144 1.26394 -0.21289 1.21814 0.0227497 -0.0696604 57 2.32374 4.5525 -0.564196 
-0.285197 1.27996 -0.240877 1.24869 0.0152556 -0.027533 58 2.3125 3.05638 -0.522464 
-0.320801 1.30323 -0.267913 1.27899 0.0173104 0.0213533 59 2.29932 3.46711 -0.487163 
-0.338932 1.33518 -0.293893 1.30902 0.0275234 -0.015822 60 2.28406 5.50244 -0.464671 
-0.363687 1.36616 -0.318712 1.33874 0.0205313 -0.0763267 61 2.26656 4.11018 -0.435593 
-0.395375 1.39398 -0.342274 1.36812 0.0215026 -0.0450107 62 2.24662 4.30392 -0.399451 
-0.435681 1.41271 -0.364484 1.39715 0.0310532 -0.00825481 63 2.224 6.20291 -0.354057 
-0.45144 1.43711 -0.404508 1.45399 0.0517315 -0.0965588 65 2.16963 10.2628 -0.29446 
-0.475165 1.46713 -0.404508 1.45399 0.0498749 -0.144852 65 2.16963 9.90191 -0.285616 
-0.505075 1.49452 -0.422164 1.48175 0.0549823 -0.225012 66 2.13722 10.8927 -0.240519 
-0.533797 1.51916 -0.452414 1.53583 0.066932 -0.267307 68 2.06002 13.1845 -0.151319 
-0.56286 1.54137 -0.464888 1.56208 0.0811859 -0.266128 69 2.01433 15.8625 -0.0934133 
-0.597924 1.56338 -0.475528 1.58779 0.0988989 -0.272137 70 1.96329 19.0931 -0.0272061 
-0.6269 1.5865 -0.484292 1.61291 0.123958 -0.347047 71 1.90643 -23.4538 0.0406812 
-0.650323 1.61515 -0.491144 1.63742 0.144995 -0.410607 72 1.84332 -26.907 0.110252 
-0.681746 1.63703 -0.491144 1.63742 0.160731 -0.30793 72 1.84332 -29.3603 0.12208 
-0.71587 1.66108 -0.496057 1.66131 0.187269 -0.221713 73 1.77367 -33.2425 0.204044 
-0.739242 1.68228 -0.499013 1.68455 0.218123 -0.158607 74 1.69734 -37.3592 0.287488 
-0.753489 1.71892 -0.499013 1.68455 0.24024 -0.0121041 74 1.69734 -40.0584 0.286582 
-0.775339 1.73558 -0.5 1.70711 0.253765 0.104535 75 1.6145 -41.6107 0.376426 
-0.779701 1.7817 -0.499013 1.72897 0.276405 0.144377 76 1.5257 -44.0512 0.457609 
-0.772558 1.83354 -0.496057 1.75011 0.285397 0.180468 77 1.43188 -44.9682 0.537686 
-0.771071 1.85657 -0.491144 1.77051 0.288386 0.264309 78 1.33445 -45.2666 0.629985 
-0.770316 1.8798 -0.491144 1.77051 0.292857 0.540979 78 1.33445 -45.7073 0.625257 
-0.74565 1.91869 -0.484292 1.79016 0.299743 0.531851 79 1.23515 -46.3726 0.706312 
-0.712973 1.95788 -0.484292 1.79016 0.291255 0.572727 79 1.23515 -45.5502 0.68488 
-0.679384 1.99554 -0.475528 1.80902 0.280251 0.46938 80 1.13587 -44.4469 0.763074 
-0.647167 2.02531 -0.452414 1.84433 0.272727 0.273713 82 0.944614 -43.6678 0.935467 
-0.615515 2.05529 -0.452414 1.84433 0.265866 0.395171 82 0.944614 -42.9391 0.91716 
-0.584848 2.09509 -0.438153 1.86074 0.263263 0.51206 83 0.855502 -42.6581 0.987517 
-0.558579 2.12031 -0.404508 1.89101 0.272344 0.52747 85 0.694302 -43.6275 1.13408 
-0.520919 2.13353 -0.404508 1.89101 0.27626 0.599168 85 0.694302 -44.0362 1.11597 
-0.474583 2.14829 -0.385257 1.90483 0.265914 0.52126 86 0.622625 -42.9443 1.16559 
-0.43795 2.15157 -0.342274 1.92978 0.255451 0.384745 88 0.496111 -41.7992 1.27549 
-0.39456 2.16348 -0.342274 1.92978 0.241546 0.46482 88 0.496111 -40.2116 1.25508 
-0.356472 2.18149 -0.293893 1.95106 0.235068 0.529506 90 0.389091 -39.4455 1.34368 
-0.326075 2.19276 -0.267913 1.96029 0.238266 0.642675 91 0.341619 -39.8258 1.3768 
-0.283038 2.18392 -0.267913 1.96029 0.239633 0.664177 91 0.341619 -39.9871 1.35806 
-0.24011 2.1753 -0.240877 1.96858 0.219429 0.617321 92 0.297503 -37.5244 1.38323 
-0.198784 2.1673 -0.184062 1.98229 0.200987 0.530451 94 0.217492 -35.1246 1.44477 
-0.162375 2.17114 -0.154508 1.98769 0.184986 0.587338 95 0.18076 -32.921 1.46469 
-0.126926 2.17421 -0.124345 1.99211 0.183023 0.59829 96 0.145705 -32.6429 1.4834 
-0.0895272 2.16524 -0.0936907 1.99556 0.181715 0.530118 97 0.111986 -32.4565 1.50013 
-0.0482461 2.15081 -0.0626666 1.99803 0.169359 0.500694 98 0.0792804 -30.6576 1.51394 
-0.0180878 2.15337 -0.0313953 1.99951 0.152236 0.513625 99 0.047287 -28.0498 1.53191 
0.0176976 2.1519 3.21625e-16 2 0.154428 0.546875 100 0.0157157 -28.3911 1.54686 
0.0575298 2.14386 3.21625e-16 2 0.152932 0.507728 100 0.0157157 -28.1584 1.52825 
0.0996305 2.13475 0.0626666 1.99803 0.14592 0.409207 102 -0.047287 -27.0544 1.57145 
0.14189 2.12451 0.0936907 1.99556 0.139317 0.368889 103 -0.0792804 -25.9943 1.58339 
0.171489 2.1325 0.124345 1.99211 0.133555 0.397061 104 -0.111986 -25.0534 1.60254 
0.210979 2.13395 0.154508 1.98769 0.145807 0.44949 105 -0.145705 -27.0363 1.61795 
0.251253 2.12327 0.184062 1.98229 0.154035 0.408083 106 -0.18076 -28.3301 1.63377 
0.289743 2.11041 0.21289 1.97592 0.152268 0.385383 107 -0.217492 -28.0548 1.65185 
0.319031 2.11199 0.240877 1.96858 0.150009 0.442037 108 -0.256272 -27.7009 1.67715 
0.352965 2.10694 0.267913 1.96029 0.160082 0.569789 109 -0.297503 -29.2613 1.70232 
0.396351 2.08409 0.293893 1.95106 0.1667 0.540456 110 -0.341619 -30.2614 1.72448 
0.440181 2.05668 0.318712 1.94088 0.162903 0.463297 111 -0.389091 -29.6901 1.74904 
0.47852 2.04483 0.364484 1.91775 0.158213 0.404029 113 -0.496111 -28.9753 1.83703 
0.518374 2.03886 0.385257 1.90483 0.168222 0.425062 114 -0.556689 -30.4886 1.87851 
0.553539 2.02613 0.404508 1.89101 0.18662 0.508299 115 -0.622625 -33.1513 1.92673 
0.584576 2.00899 0.422164 1.87631 0.199268 0.646132 116 -0.694302 -34.8933 1.98194 
0.610243 1.98963 0.438153 1.86074 0.208366 0.764408 117 -0.771939 -36.1026 2.04513 
0.634264 1.96669 0.452414 1.84433 0.21453 0.877805 118 -0.855502 -36.9013 2.11433 
0.658933 1.91786 0.452414 1.84433 0.219187 0.884944 118 -0.855502 -37.4938 2.09536 
0.679173 1.86957 0.475528 1.80902 0.213269 0.670846 120 -1.03848 -36.7392 2.26082 
0.702316 1.8256 0.484292 1.79016 0.210442 0.536233 121 -1.13587 -36.3734 2.33941 
0.724077 1.79716 0.491144 1.77051 0.218241 0.487882 122 -1.23515 -37.3741 2.42294 
0.739948 1.76676 0.496057 1.75011 0.232822 0.448124 123 -1.33445 -39.1758 2.50863 
0.754774 1.73875 0.499013 1.72897 0.243881 0.454001 124 -1.43188 -40.4835 2.59313 
0.765441 1.71087 0.499013 1.72897 0.255948 0.639129 124 -1.43188 -41.8545 2.58199 
0.775801 1.68184 0.5 1.70711 0.265468 0.722553 125 -1.5257 -42.8963 2.6643 
0.770823 1.62962 0.499013 1.68455 0.2768 0.737559 126 -1.6145 -44.0921 2.74348 
0.755975 1.58293 0.496057 1.66131 0.276588 0.644793 127 -1.69734 -44.0702 2.82258 
0.755408 1.53403 0.491144 1.63742 0.270379 0.657249 128 -1.77367 -43.4204 2.88689 
0.74303 1.50624 0.484292 1.61291 0.282358 0.716187 129 -1.84332 -44.6615 2.95585 
0.735954 1.46819 0.475528 1.58779 0.279655 0.786388 130 -1.90643 -44.3859 3.01257 
0.718227 1.4276 0.475528 1.58779 0.286572 0.857615 130 -1.90643 -45.0859 3.0111 
0.682778 1.39152 0.464888 1.56208 0.286819 0.777487 131 -1.96329 -45.1106 3.07794 
0.659104 1.35395 0.438153 1.50904 0.271389 0.651042 133 -2.06002 -43.527 3.17778 
0.635714 1.32547 0.422164 1.48175 0.269213 0.674323 134 -2.10082 -43.2968 3.22442 
0.620178 1.29571 0.404508 1.45399 0.264524 0.73867 135 -2.13722 -42.7946 3.2616 
0.602909 1.26252 0.404508 1.45399 0.267519 0.854786 135 -2.13722 -43.1163 3.26249 
0.564592 1.23995 0.385257 1.42578 0.272078 0.850182 136 -2.16963 -43.5996 3.31314 
0.522918 1.21308 0.364484 1.39715 0.25447 0.781908 137 -2.19844 -41.6897 3.36224 
0.493683 1.21403 0.342274 1.36812 0.238055 0.746571 138 -2.224 -39.8008 3.40857 
0.46856 1.18499 0.318712 1.33874 0.214865 0.764914 139 -2.24662 -36.9441 3.44087 
0.445667 1.15096 0.293893 1.30902 0.214224 0.781202 140 -2.26656 -36.8619 3.46793 
0.397443 1.14301 0.267913 1.27899 0.219061 0.70965 141 -2.28406 -37.4779 3.52022 
0.361808 1.1206 0.267913 1.27899 0.187802 0.642751 141 -2.28406 -33.3172 3.54256 
0.337731 1.0977 0.240877 1.24869 0.176155 0.650256 142 -2.29932 -31.6556 3.57163 
0.305135 1.06535 0.21289 1.21814 0.173471 0.584125 143 -2.3125 -31.2639 3.60434 
0.264457 1.04335 0.184062 1.18738 0.1719 0.500833 144 -2.32374 -31.0332 3.6463 
0.234013 1.01393 0.154508 1.15643 0.157725 0.461382 145 -2.33317 -28.9004 3.67714 
0.208716 0.990641 0.124345 1.12533 0.156326 0.487716 146 -2.34089 -28.6849 3.70404 
0.183319 0.95903 0.0936907 1.09411 0.154714 0.51846 147 -2.34697 -28.4354 3.7289 
0.156671 0.931516 0.0626666 1.06279 0.159133 0.481138 148 -2.35148 -29.1163 3.75565 
0.118093 0.907256 0.0313953 1.03141 0.160228 0.431504 149 -2.35446 -29.2837 3.79582 
0.0993325 0.881703 1.83697e-16 1 0.150158 0.479186 150 -2.35595 -27.7243 3.81456 
0.0805184 0.846966 1.83697e-16 1 0.154471 0.540988 150 -2.35595 -28.3977 3.83196 
0.0476664 0.835623 -0.0313953 0.968589 0.165278 0.526676 151 -2.35595 -30.0482 3.86976 
0.0139719 0.810949 -0.0626666 0.937209 0.149978 0.483462 152 -2.35446 -27.6959 3.90803 
-0.0185466 0.792519 -0.0936907 0.905892 0.143546 0.446982 153 -2.35148 -26.6754 3.94568 
-0.0497342 0.773361 -0.124345 0.874667 0.133946 0.46802 154 -2.34697 -25.1178 3.98199 
-0.075375 0.74796 -0.124345 0.874667 0.125816 0.504986 154 -2.34697 -23.7666 4.0182 
-0.105611 0.718899 -0.154508 0.843566 0.124107 0.479687 155 -2.34089 -23.4789 4.05755 
-0.147352 0.694565 -0.184062 0.812619 0.122221 0.423386 156 -2.33317 -23.1599 4.11302 
-0.177928 0.665822 -0.21289 0.781857 0.109156 0.367805 157 -2.32374 -20.9092 4.15567 
-0.207813 0.630328 -0.267913 0.721009 0.10556 0.423119 159 -2.29932 -20.2773 4.18858 
-0.225478 0.594529 -0.293893 0.690983 0.105303 0.445704 160 -2.28406 -20.232 4.21736 
-0.264767 0.565797 -0.318712 0.661262 0.114655 0.391558 161 -2.26656 -21.8652 4.27505 
-0.291099 0.548338 -0.342274 0.631875 0.10185 0.331164 162 -2.24662 -19.62 4.30546 
-0.300759 0.516798 -0.364484 0.602852 0.0914176 0.372477 163 -2.224 -17.7427 4.32185 
-0.328778 0.490996 -0.385257 0.574221 0.102163 0.362104 164 -2.19844 -19.6755 4.35927 
-0.352419 0.453665 -0.404508 0.54601 0.0936033 0.30323 165 -2.16963 -18.1394 4.40087 
-0.370946 0.418153 -0.438153 0.490959 0.093494 0.309968 167 -2.10082 -18.1196 4.39727 
-0.40634 0.395216 -0.452414 0.464173 0.0935669 0.37055 168 -2.06002 -18.1328 4.43009 
-0.416194 0.354376 -0.475528 0.412215 0.0712463 0.440429 170 -1.96329 -14.0018 4.39954 
-0.433125 0.309714 -0.491144 0.362576 0.075397 0.483656 172 -1.84332 -14.7828 4.36415 
-0.446643 0.268415 -0.499013 0.315453 0.0661375 0.490349 174 -1.69734 -13.0333 4.29781 
-0.452914 0.222895 -0.499013 0.271031 0.0524355 0.424852 176 -1.5257 -10.3994 4.20995 
-0.456762 0.178145 -0.484292 0.209845 0.033983 0.469119 179 -1.23515 -6.78293 4.00487 
-0.460467 0.141598 -0.464888 0.172919 0.0096614 0.458788 181 -1.03848 -1.93671 3.88174 
-0.444092 0.0820729 -0.452414 0.155672 0.0162152 0.0554627 182 -0.944614 -3.24823 3.90346 
-0.421617 0.0330763 -0.422164 0.123693 0.0470435 -0.00941837 184 -0.771939 -9.34998 3.83524 
-0.412303 0.0132514 -0.385257 0.0951729 0.0719585 0.0436752 186 -0.622625 -14.1362 3.73209 
-0.403427 -0.000325662 -0.364484 0.0822454 0.0839455 0.124534 187 -0.556689 -16.3733 -2.5841 
-0.383455 -0.0137938 -0.364484 0.0822454 0.0912934 0.140137 187 -0.556689 17.7201 -2.54895 
-0.371513 -0.0278783 -0.342274 0.0702235 0.0935673 0.124759 188 -0.496111 18.1329 -2.57058 
-0.319388 -0.0632926 -0.318712 0.0591192 0.101767 0.050619 189 -0.440415 19.6051 -2.50554 
-0.281955 -0.0881512 -0.293893 0.0489435 0.115095 -0.122348 190 -0.389091 21.9413 -2.44949 
-0.235536 -0.111364 -0.240877 0.0314168 0.126428 -0.232067 192 -0.297503 23.8692 -2.40243 
-0.20241 -0.11961 -0.21289 0.0240832 0.137327 -0.29149 193 -0.256272 25.671 -2.3516 
-0.176537 -0.116817 -0.184062 0.0177127 0.138543 -0.255851 194 -0.217492 25.8687 -2.33954 
-0.152165 -0.106735 -0.154508 0.0123117 0.130994 -0.214668 195 -0.18076 24.6304 -2.34914 
-0.115738 -0.113024 -0.124345 0.0078853 0.117948 -0.197224 196 -0.145705 22.4317 -2.22236 
-0.0664729 -0.123721 -0.0936907 0.00443804 0.119513 -0.239461 197 -0.111986 22.6993 -1.95183 
-0.0254242 -0.125613 -0.0626666 0.00197327 0.125752 -0.318858 198 -0.0792804 23.7559 -1.69122 
0.0154999 -0.121095 -0.0313953 0.00049344 0.126248 -0.370361 199 -0.047287 23.839 -1.3962 
0.0487679 -0.113302 6.43249e-16 0 0.122083 -0.326643 200 -0.0157157 23.1366 -1.14862 
0.0898169 -0.101831 0.0313953 0.00049344 0.115114 -0.282226 201 0.0157157 21.9444 -0.86372 
0.126239 -0.10199 0.0936907 0.00443804 0.10634 -0.286485 203 0.0792804 20.4147 -0.758826 
0.156565 -0.10001 0.124345 0.0078853 0.109892 -0.439709 204 0.111986 21.0378 -0.680429 
0.194469 -0.087762 0.154508 0.0123117 0.11234 -0.416863 205 0.145705 21.4643 -0.569632 
0.227689 -0.0580469 0.184062 0.0177127 0.105987 -0.358177 206 0.18076 20.3525 -0.430382 
0.259225 -0.0386317 0.21289 0.0240832 0.0834528 -0.295544 207 0.217492 16.2823 -0.365431 
0.309808 -0.0327416 0.240877 0.0314168 0.0724118 -0.286347 208 0.256272 14.2217 -0.361565 
0.340495 -0.0281393 0.293893 0.0489435 0.0832212 -0.174628 210 0.341619 16.2395 -0.424074 
0.377127 -0.00876599 0.318712 0.0591192 0.0899364 -0.143476 211 0.389091 17.4728 -0.412331 
0.405943 -0.00399782 0.342274 0.0702235 0.0863372 -0.16624 212 0.440415 16.8138 -0.450263 
0.444158 0.0026138 0.364484 0.0822454 0.0956907 -0.239071 213 0.496111 18.5166 -0.490226 
0.478009 0.0142966 0.385257 0.0951729 0.109711 -0.329743 214 0.556689 21.0062 -0.526789 
0.49867 0.0393929 0.404508 0.108993 0.119874 -0.337704 215 0.622625 22.761 -0.543793 
0.53557 0.0739397 0.422164 0.123693 0.113841 -0.253932 216 0.694302 21.7244 -0.557111 
0.586308 0.106089 0.452414 0.155672 0.116598 -0.133206 218 0.855502 22.2001 -0.676495 
0.602633 0.125986 0.464888 0.172919 0.138597 -0.1903 219 0.944614 25.8776 -0.738523 
0.63612 0.154765 0.475528 0.190983 0.142759 -0.316083 220 1.03848 26.5494 -0.799822 
0.635943 0.171777 0.484292 0.209845 0.161511 -0.644 221 1.13587 29.4789 -0.872047 
0.653127 0.210545 0.491144 0.229487 0.155875 -0.70618 222 1.23515 28.6153 -0.923299 
0.646145 0.227093 0.496057 0.249889 0.161922 -0.673142 223 1.33445 29.5414 -0.996481 
0.640112 0.23123 0.496057 0.249889 0.151809 -0.667575 223 1.33445 27.9832 -0.987807 
0.638131 0.250374 0.496057 0.249889 0.145258 -0.658778 223 1.33445 26.9489 -0.960556 
0.640765 0.254624 0.499013 0.271031 0.140643 -0.56032 224 1.43188 26.2087 -1.05364 
0.634447 0.249025 0.499013 0.271031 0.142699 -0.560041 224 1.43188 26.5396 -1.05785 
0.62488 0.247719 0.499013 0.271031 0.13721 -0.559727 224 1.43188 25.652 -1.05446 
0.629071 0.248964 0.499013 0.271031 0.128008 -0.55943 224 1.43188 24.1337 -1.05503 
0.62778 0.247184 0.499013 0.271031 0.131916 -0.559238 224 1.43188 24.7831 -1.05678 
0.635 0.246878 0.499013 0.271031 0.130956 -0.559028 224 1.43188 24.6242 -1.06108 
0.629318 0.24755 0.499013 0.271031 0.138115 -0.558784 224 1.43188 25.7992 -1.05711 
0.628171 0.245525 0.499013 0.271031 0.132403 -0.558679 224 1.43188 24.8635 -1.05928 
0.629675 0.246091 0.499013 0.271031 0.131652 -0.55847 224 1.43188 24.7394 -1.05931 
