-0.00212659 -0.00100235 0 0 0 -0.000270526 0 0 
-0.00168417 -0.00305178 0 0 0.00235097 -0.000375246 0 0 
-0.00157114 0.00135084 0 0 0.00348566 -0.000322886 0 0 
-0.00153797 0.000297779 0 0 0.00207201 -0.000322886 0 0 
-0.0021749 -0.000112984 0 0 0.00156653 -0.000270526 0 0 
-0.00165931 -0.000395304 0 0 0.00217784 -0.000357792 0 0 
-0.000940994 -0.000917999 0 0 0.00170575 -0.000357792 0 0 
-0.000472595 -0.000357138 0 0 0.00131461 -0.0103585 0 0 
0.00225189 -0.00205586 0 0 0.000592363 -0.0117897 0 0 
0.00237699 -0.000563465 0 0 0.0030492 -0.00325504 0 0 
0.00565716 -0.00020917 0 0 0.00244286 -0.0121039 0 0 
0.0063003 -0.00283516 0.01 0 0.00434788 -0.0247575 1 0 
0.0154782 -0.00048304 0.01 0 0.0046611 -0.0296444 1 0 
0.01746 1.0191e-05 0.02 0 0.00454754 -0.0164846 2 0 
0.0266875 -0.0017898 0.02 0 0.00254006 0.0177238 2 0 
0.0431216 0.00104058 0.03 0 0.00376509 0.00353429 3 0 
0.0632746 -0.000441756 0.04 0 0.0032905 -0.0297666 4 0 
0.101434 -0.00307777 0.06 0 0.00330428 -0.0781995 6 0 
0.125308 0.000620836 0.1 0 0.00339543 -0.0582329 10 0 
0.157317 0.00409928 0.13 0 0.0047329 -0.0155247 13 0 
0.191196 0.0122312 0.16 0 0.00489898 0.0500124 16 0 
0.217045 0.00417913 0.19 0 0.0122895 0.0659298 19 0 
0.26977 0.000797568 0.22 0 0.00511831 0.0439038 22 0 
0.325334 -0.0031977 0.27 0 0.000829989 -0.00274889 27 0 
0.369623 -0.0075955 0.33 0 0.0056567 -0.0239372 33 0 
0.392481 -0.00713155 0.37 0 0.00760484 0.0096953 37 0 
0.433187 -0.00696329 0.39 0 0.00755068 0.0539394 39 0 
0.461518 -0.00802728 0.43 0 0.00765791 0.0285623 43 0 
0.507162 -0.0119148 0.46 0 0.00816955 -0.00873537 46 0 
0.549062 -0.0192886 0.5 2.22045e-16 0.0139017 -0.0669421 50 2.22045e-14 
0.570258 -0.0211495 0.51 0.01 0.0488228 0.748458 51 0.785398 
0.605714 -0.0194118 0.52 0.02 0.0649548 0.784656 52 0.785398 
0.66427 -0.0164113 0.54 0.04 0.0885891 0.699816 54 0.785398 
0.716424 -0.0186496 0.57 0.07 0.127881 0.558043 57 0.785398 
0.765946 -0.00708947 0.6 0.1 0.16623 0.316961 60 0.785398 
0.816456 0.0070073 0.63 0.13 0.193067 0.130158 63 0.785398 
0.850642 0.0213093 0.66 0.16 0.218827 -0.0104109 66 0.785398 
0.880192 0.0464707 0.69 0.19 0.232943 -0.142637 69 0.785398 
0.904855 0.0667537 0.71 0.21 0.236024 -0.190354 71 0.785398 
0.922397 0.0833593 0.74 0.24 0.239147 -0.175484 74 0.785398 
0.937187 0.109045 0.75 0.25 0.239771 -0.170178 75 0.785398 
0.95717 0.13746 0.77 0.27 0.232073 -0.144103 77 0.785398 
0.982465 0.175396 0.8 0.3 0.226101 -0.218821 80 0.785398 
1.01038 0.202324 0.83 0.33 0.217136 -0.327415 83 0.785398 
1.03181 0.237035 0.86 0.36 0.217889 -0.388554 86 0.785398 
1.04034 0.253106 0.88 0.38 0.208528 -0.366196 88 0.785398 
1.05632 0.289112 0.9 0.4 0.203156 -0.320224 90 0.785398 
1.07031 0.31843 0.92 0.42 0.188987 -0.284515 92 0.785398 
1.09784 0.358203 0.94 0.44 0.178212 -0.319247 94 0.785398 
1.12265 0.39389 0.98 0.48 0.169475 -0.377733 98 0.785398 
1.14637 0.43306 1.01 0.51 0.161778 -0.403634 101 0.785398 
1.15048 0.453071 1.04 0.54 0.15083 -0.359389 104 0.785398 
1.16251 0.482286 1.05 0.55 0.139611 -0.2742 105 0.785398 
1.17288 0.511563 1.07 0.57 0.127484 -0.210757 107 0.785398 
1.21035 0.550581 1.09 0.59 0.114111 -0.25097 109 0.785398 
1.23392 0.585452 1.13 0.63 0.112977 -0.318025 113 0.785398 
1.27085 0.626921 1.16 0.66 0.104987 -0.36871 116 0.785398 
1.27899 0.645757 1.2 0.7 0.101787 -0.329649 120 0.785398 
1.29419 0.679299 1.21 0.71 0.094273 -0.270151 121 0.785398 
1.30787 0.711081 1.24 0.74 0.0813732 -0.214929 124 0.785398 
1.34289 0.742283 1.26 0.76 0.0684454 -0.2435 126 0.785398 
1.37079 0.76784 1.29 0.79 0.0712317 -0.270692 129 0.785398 
1.37929 0.797497 1.32 0.82 0.0728048 -0.212852 132 0.785398 
1.39923 0.830844 1.34 0.84 0.0578819 -0.138291 134 0.785398 
1.41576 0.856444 1.37 0.87 0.0488598 -0.132025 137 0.785398 
1.45446 0.889433 1.39 0.89 0.0423059 -0.171313 139 0.785398 
1.48843 0.918338 1.42 0.92 0.046062 -0.234494 142 0.785398 
1.52137 0.951038 1.45 0.95 0.0497906 -0.236658 145 0.785398 
1.51764 0.975283 1.45 0.95 0.0497906 -0.218664 145 0.785398 
1.53287 1.00305 1.52 1 0.0248297 -0.928803 152 0 
1.54775 1.03322 1.53 1 0.00419312 -0.817085 153 0 
1.55179 1.04824 1.55 1 0.0333003 -0.611467 155 0 
1.57718 1.06427 1.55 1 0.0482758 -0.388833 155 0 
1.61893 1.07368 1.58 1 0.0643348 -0.19936 158 0 
1.68117 1.07177 1.62 1 0.0736906 -0.0550913 162 0 
1.73386 1.06719 1.68 1 0.0717756 0.0418617 168 0 
1.79299 1.0603 1.73 1 0.0673009 0.0733649 173 0 
1.84318 1.05151 1.79 1 0.060377 0.0597863 179 0 
1.88305 1.04301 1.84 1 0.0516084 0.029435 184 0 
1.93032 1.03224 1.88 1 0.043117 -0.0233961 188 0 
1.97882 1.0215 1.93 1 0.0322418 -0.124014 193 0 
1.99995 1.02001 1.98 1 0.0215361 -0.170405 198 0 
2.02318 1.02665 2 1 0.0200118 -0.129966 200 0 
2.04226 1.02549 2.02 1 0.0268354 -0.0752848 202 0 
2.07255 1.0261 2.04 1 0.0255853 -0.0381267 204 0 
2.12825 1.01429 2.07 1 0.0262196 -0.0570461 207 0 
2.17271 1.00857 2.13 1 0.014392 -0.0855299 213 0 
2.21838 1.00031 2.17 1 0.00898924 -0.141677 217 0 
2.26053 0.997945 2.22 1 0.0016511 -0.197144 222 0 
2.26556 1.00628 2.26 1 0.00212137 -0.163389 226 0 
2.29251 1.00679 2.27 1 0.00768968 -0.106561 227 0 
2.32376 1.00715 2.29 1 0.0072436 -0.0823534 229 0 
2.36721 0.995582 2.32 1 0.00808024 -0.117557 232 0 
2.41929 0.990716 2.37 1 0.00522298 -0.165361 237 0 
2.45424 0.984713 2.42 1 0.00931067 -0.165693 242 0 
2.47603 0.994379 2.45 1 0.0158652 -0.122985 245 0 
2.50137 0.995765 2.48 1 0.00688306 -0.0380395 248 0 
2.53777 0.992717 2.5 1 0.00445143 0.046225 250 0 
2.5873 0.974915 2.52 0.98 0.0218531 -0.754672 252 -0.785398 
2.64079 0.962596 2.56 0.94 0.0443189 -0.741634 256 -0.785398 
2.65961 0.964776 2.59 0.91 0.0731138 -0.611502 259 -0.785398 
2.71633 0.969811 2.6 0.9 0.0880292 -0.411296 260 -0.785398 
2.75553 0.960142 2.62 0.88 0.131702 -0.180162 262 -0.785398 
2.79281 0.924902 2.65 0.85 0.152537 0.0500648 265 -0.785398 
2.81566 0.879968 2.68 0.82 0.154048 0.218506 268 -0.785398 
2.82243 0.829585 2.72 0.78 0.138366 0.36864 272 -0.785398 
2.82665 0.77794 2.75 0.75 0.10761 0.408835 275 -0.785398 
2.83356 0.724462 2.77 0.73 0.0742158 0.391259 277 -0.785398 
2.84233 0.677534 2.8 0.7 0.0415324 0.356021 280 -0.785398 
2.84175 0.63013 2.83 0.67 0.0144473 0.276626 283 -0.785398 
2.84573 0.584494 2.86 0.64 0.0207446 0.129058 286 -0.785398 
2.85958 0.542389 2.88 0.62 0.0493461 -0.0281085 288 -0.785398 
2.88567 0.526064 2.91 0.59 0.0693434 -0.0546026 291 -0.785398 
2.90265 0.513601 2.93 0.57 0.0624137 -0.0217381 293 -0.785398 
2.92606 0.494214 2.94 0.56 0.0595624 0.0634514 294 -0.785398 
2.95815 0.479077 2.97 0.53 0.0566724 0.161207 297 -0.785398 
2.95948 0.437363 2.99 0.51 0.0443922 0.149461 299 -0.785398 
2.96585 0.389655 3.01 0.49 0.0729618 0.122548 301 -0.785398 
2.98132 0.346685 3.04 0.46 0.102209 0.0745517 304 -0.785398 
3.00143 0.33135 3.07 0.43 0.121675 0.121379 307 -0.785398 
3.02452 0.306993 3.09 0.41 0.11845 0.215871 309 -0.785398 
3.0478 0.291099 3.11 0.39 0.11915 0.352251 311 -0.785398 
3.0591 0.250515 3.13 0.37 0.113942 0.381974 313 -0.785398 
3.06507 0.198872 3.15 0.35 0.13476 0.35349 315 -0.785398 
3.05322 0.146487 3.18 0.32 0.166977 0.312004 318 -0.785398 
3.06086 0.10919 3.2 0.3 0.212391 0.316001 320 -0.785398 
3.08327 0.0945582 3.23 0.27 0.233387 0.36089 323 -0.785398 
3.09541 0.0571655 3.24 0.26 0.227892 0.444422 324 -0.785398 
3.10461 0.017928 3.27 0.23 0.245671 0.42175 327 -0.785398 
3.10367 -0.042145 3.29 0.21 0.266948 0.375516 329 -0.785398 
3.10282 -0.0917655 3.32 0.18 0.310074 0.287272 332 -0.785398 
3.10785 -0.125787 3.35 0.15 0.345758 0.304045 335 -0.785398 
3.12871 -0.146072 3.37 0.13 0.366266 0.346526 337 -0.785398 
3.14581 -0.175267 3.39 0.11 0.365846 0.421052 339 -0.785398 
3.15573 -0.207285 3.41 0.09 0.374385 0.404244 341 -0.785398 
3.15258 -0.265921 3.43 0.07 0.390011 0.371415 343 -0.785398 
3.16572 -0.300898 3.46 0.04 0.433699 0.283625 346 -0.785398 
3.16604 -0.343963 3.48 0.02 0.449163 0.289698 348 -0.785398 
3.18544 -0.363393 3.5 3.06422e-14 0.479413 0.328811 350 -0.785398 
3.19466 -0.399774 3.5 3.06422e-14 0.480629 0.408171 350 -0.785398 
3.20669 -0.427855 3.5 3.06422e-14 0.503044 0.407229 350 -0.785398 
3.21196 -0.48417 3.5 3.06422e-14 0.51874 0.378361 350 -0.785398 
3.2186 -0.52616 3.5 3.06422e-14 0.56337 0.311812 350 -0.785398 
3.22541 -0.571367 3.5 3.06422e-14 0.596681 0.294132 350 -0.785398 
3.24488 -0.584795 3.5 3.06422e-14 0.633925 0.339423 350 -0.785398 
3.25985 -0.615154 3.5 3.06422e-14 0.63802 0.398939 350 -0.785398 
3.27075 -0.640556 3.5 3.06422e-14 0.660367 0.417108 350 -0.785398 
3.27329 -0.700283 3.5 3.06422e-14 0.680342 0.379251 350 -0.785398 
3.27772 -0.739074 3.5 3.06422e-14 0.736067 0.309979 350 -0.785398 
3.2877 -0.791044 3.5 3.06422e-14 0.771776 0.280186 350 -0.785398 
3.30541 -0.809095 3.5 3.06422e-14 0.819038 0.32265 350 -0.785398 
3.32081 -0.841853 3.5 3.06422e-14 0.832165 0.386076 350 -0.785398 
3.33002 -0.866433 3.5 3.06422e-14 0.860712 0.414786 350 -0.785398 
3.3327 -0.92294 3.5 3.06422e-14 0.882949 0.37782 350 -0.785398 
3.33863 -0.965544 3.5 3.06422e-14 0.93798 0.32265 350 -0.785398 
3.34628 -1.01019 3.5 3.06422e-14 0.978935 0.284148 350 -0.785398 
3.35924 -1.0231 3.5 3.06422e-14 1.02182 0.30675 350 -0.785398 
3.37452 -1.05801 3.5 3.06422e-14 1.03274 0.33574 350 -0.785398 
3.38398 -1.08878 3.5 3.06422e-14 1.06543 0.390544 350 -0.785398 
3.38941 -1.13702 3.5 3.06422e-14 1.09494 0.369844 350 -0.785398 
3.39463 -1.17969 3.5 3.06422e-14 1.14238 0.335042 350 -0.785398 
3.40508 -1.22163 3.5 3.06422e-14 1.18438 0.27146 350 -0.785398 
3.41451 -1.24699 3.5 3.06422e-14 1.22531 0.289367 350 -0.785398 
3.43148 -1.2783 3.5 3.06422e-14 1.24991 0.329719 350 -0.785398 
3.44225 -1.30739 3.5 3.06422e-14 1.28014 0.395535 350 -0.785398 
3.45115 -1.35207 3.5 3.06422e-14 1.30866 0.379705 350 -0.785398 
3.45348 -1.39402 3.5 3.06422e-14 1.35295 0.352495 350 -0.785398 
3.4637 -1.43885 3.5 3.06422e-14 1.39479 0.289786 350 -0.785398 
3.46848 -1.46603 3.5 3.06422e-14 1.43931 0.298704 350 -0.785398 
3.48558 -1.49585 3.5 3.06422e-14 1.46637 0.331813 350 -0.785398 
3.4975 -1.5267 3.5 3.06422e-14 1.49592 0.389915 350 -0.785398 
3.50665 -1.56675 3.5 3.06422e-14 1.5267 0.396164 350 -0.785398 
3.50642 -1.61489 3.51 0 1.56675 1.15662 351 -3.06422e-12 
3.51184 -1.65348 3.51 0 1.61489 1.11103 351 -3.06422e-12 
3.52179 -1.69828 3.51 0 1.65348 0.99174 351 -3.06422e-12 
3.53412 -1.75918 3.52 0 1.69828 0.647718 352 0 
3.55318 -1.80335 3.53 0 1.75918 0.313679 353 0 
3.58716 -1.83513 3.55 0 1.80335 -0.00501782 355 0 
3.61826 -1.85173 3.59 0 1.83514 -0.21711 359 0 
3.65165 -1.86121 3.62 0 1.85173 -0.345392 362 0 
3.67775 -1.86572 3.65 0 1.86121 -0.425904 365 0 
3.6932 -1.86812 3.68 0 1.86572 -0.416322 368 0 
3.71757 -1.8651 3.69 0 1.86813 -0.408067 369 0 
3.74317 -1.86314 3.72 0 1.8651 -0.369617 372 0 
3.77632 -1.86427 3.74 0 1.86315 -0.403738 374 0 
3.80846 -1.86793 3.78 0 1.86427 -0.459624 378 0 
3.8386 -1.86819 3.81 0 1.86793 -0.467251 381 0 
3.8574 -1.8639 3.84 0 1.86819 -0.436376 384 0 
3.88736 -1.86343 3.86 0 1.8639 -0.374207 386 0 
3.91152 -1.86236 3.89 0 1.86343 -0.293713 389 0 
3.95956 -1.86408 3.91 0 1.86236 -0.316978 391 0 
4.00386 -1.87601 3.96 0 1.86408 -0.360437 396 0 
4.0487 -1.88415 4 0 1.87601 -0.385395 400 0 
4.08032 -1.88453 4.05 0 1.88415 -0.355864 405 0 
4.11899 -1.88964 4.08 0 1.88453 -0.289978 408 0 
4.1473 -1.89511 4.12 0 1.88964 -0.243849 412 0 
4.19131 -1.90801 4.15 0 1.89511 -0.275247 415 0 
4.23033 -1.91977 4.19 0 1.90801 -0.324378 419 0 
4.26437 -1.92556 4.23 0 1.91977 -0.384243 423 0 
4.2739 -1.92618 4.26 0 1.92556 -0.373998 426 0 
4.27353 -1.92663 4.27 0 1.92618 -0.379705 427 0 
4.2675 -1.925 4.27 0 1.92664 -0.378152 427 0 
4.26768 -1.92819 4.27 0 1.925 -0.37892 427 0 
4.26698 -1.9263 4.27 0 1.92819 -0.379251 427 0 
