[0.045s] Invoking command in '/home/jetson/bbb_jetson_ws/build/bbb_package': CMAKE_PREFIX_PATH=/home/jetson/bbb_jetson_ws/install/serial:/home/jetson/bbb_jetson_ws/install/tune_package:/home/jetson/bbb_jetson_ws/install/ros2_laser_scan_matcher:/home/jetson/bbb_jetson_ws/install/diffdrive_arduino:/home/jetson/bbb_jetson_ws/install/bbb_package:/home/jetson/bbb_jetson_ws/install/micro_ros_setup:/home/jetson/bbb_jetson_ws/install/csm:/home/jetson/bbb_jetson_ws/install/bbb_robot:/opt/ros/foxy /usr/bin/cmake --build /home/jetson/bbb_jetson_ws/build/bbb_package -- -j4 -l4
[0.201s] [35m[1mScanning dependencies of target data_processing_node_straight[0m
[0.310s] [  7%] Built target read_IMU
[0.366s] [ 14%] Built target data_processing_node
[0.401s] [ 17%] [32mBuilding CXX object CMakeFiles/data_processing_node_straight.dir/src/data_processing_node_straight.cpp.o[0m
[0.409s] [ 25%] Built target controllers_node
[0.595s] [ 32%] Built target pid_node
[0.664s] [ 39%] Built target read_lidar
[0.682s] [ 46%] Built target delta_angle_node
[0.879s] [ 53%] Built target tune_node
[0.945s] [ 60%] Built target tune_fuzzy_node
[0.971s] [ 67%] Built target fuzzy_longitudinal_controllers
[1.126s] [ 75%] Built target circumference_node
[1.254s] [ 82%] Built target straight_line_node
[1.263s] [ 89%] Built target stanley_node
[1.367s] [ 96%] Built target sinusoidal_node
[6.198s] [01m[K/home/jetson/bbb_jetson_ws/src/bbb_package/src/data_processing_node_straight.cpp:[m[K In constructor ‘[01m[KDataProcessingNode::DataProcessingNode()[m[K’:
[6.199s] [01m[K/home/jetson/bbb_jetson_ws/src/bbb_package/src/data_processing_node_straight.cpp:39:7:[m[K [01;35m[Kwarning: [m[K‘[01m[KDataProcessingNode::index[m[K’ will be initialized after [[01;35m[K-Wreorder[m[K]
[6.200s]    39 |   int [01;35m[Kindex[m[K;
[6.200s]       |       [01;35m[K^~~~~[m[K
[6.201s] [01m[K/home/jetson/bbb_jetson_ws/src/bbb_package/src/data_processing_node_straight.cpp:37:10:[m[K [01;35m[Kwarning: [m[K  ‘[01m[Kdouble DataProcessingNode::d[m[K’ [[01;35m[K-Wreorder[m[K]
[6.201s]    37 |   double [01;35m[Kd[m[K ;
[6.202s]       |          [01;35m[K^[m[K
[6.202s] [01m[K/home/jetson/bbb_jetson_ws/src/bbb_package/src/data_processing_node_straight.cpp:27:3:[m[K [01;35m[Kwarning: [m[K  when initialized here [[01;35m[K-Wreorder[m[K]
[6.203s]    27 |   [01;35m[KDataProcessingNode[m[K()
[6.203s]       |   [01;35m[K^~~~~~~~~~~~~~~~~~[m[K
[26.624s] [100%] [32m[1mLinking CXX executable data_processing_node_straight[0m
[27.924s] [100%] Built target data_processing_node_straight
[27.960s] Invoked command in '/home/jetson/bbb_jetson_ws/build/bbb_package' returned '0': CMAKE_PREFIX_PATH=/home/jetson/bbb_jetson_ws/install/serial:/home/jetson/bbb_jetson_ws/install/tune_package:/home/jetson/bbb_jetson_ws/install/ros2_laser_scan_matcher:/home/jetson/bbb_jetson_ws/install/diffdrive_arduino:/home/jetson/bbb_jetson_ws/install/bbb_package:/home/jetson/bbb_jetson_ws/install/micro_ros_setup:/home/jetson/bbb_jetson_ws/install/csm:/home/jetson/bbb_jetson_ws/install/bbb_robot:/opt/ros/foxy /usr/bin/cmake --build /home/jetson/bbb_jetson_ws/build/bbb_package -- -j4 -l4
[28.164s] Invoking command in '/home/jetson/bbb_jetson_ws/build/bbb_package': CMAKE_PREFIX_PATH=/home/jetson/bbb_jetson_ws/install/serial:/home/jetson/bbb_jetson_ws/install/tune_package:/home/jetson/bbb_jetson_ws/install/ros2_laser_scan_matcher:/home/jetson/bbb_jetson_ws/install/diffdrive_arduino:/home/jetson/bbb_jetson_ws/install/bbb_package:/home/jetson/bbb_jetson_ws/install/micro_ros_setup:/home/jetson/bbb_jetson_ws/install/csm:/home/jetson/bbb_jetson_ws/install/bbb_robot:/opt/ros/foxy /usr/bin/cmake --install /home/jetson/bbb_jetson_ws/build/bbb_package
[28.192s] -- Install configuration: ""
[28.196s] -- Up-to-date: /home/jetson/bbb_jetson_ws/install/bbb_package/lib/bbb_package/controllers_node
[28.198s] -- Installing: /home/jetson/bbb_jetson_ws/install/bbb_package/lib/bbb_package/data_processing_node_straight
[28.216s] -- Set runtime path of "/home/jetson/bbb_jetson_ws/install/bbb_package/lib/bbb_package/data_processing_node_straight" to ""
[28.217s] -- Up-to-date: /home/jetson/bbb_jetson_ws/install/bbb_package/share/bbb_package/launch
[28.217s] -- Up-to-date: /home/jetson/bbb_jetson_ws/install/bbb_package/share/bbb_package/launch/thesis.launch.py
[28.218s] -- Installing: /home/jetson/bbb_jetson_ws/install/bbb_package/share/bbb_package/package.dsv
[28.226s] Invoked command in '/home/jetson/bbb_jetson_ws/build/bbb_package' returned '0': CMAKE_PREFIX_PATH=/home/jetson/bbb_jetson_ws/install/serial:/home/jetson/bbb_jetson_ws/install/tune_package:/home/jetson/bbb_jetson_ws/install/ros2_laser_scan_matcher:/home/jetson/bbb_jetson_ws/install/diffdrive_arduino:/home/jetson/bbb_jetson_ws/install/bbb_package:/home/jetson/bbb_jetson_ws/install/micro_ros_setup:/home/jetson/bbb_jetson_ws/install/csm:/home/jetson/bbb_jetson_ws/install/bbb_robot:/opt/ros/foxy /usr/bin/cmake --install /home/jetson/bbb_jetson_ws/build/bbb_package
