[0.045s] Invoking command in '/home/jetson/bbb_jetson_ws/build/bbb_package': CMAKE_PREFIX_PATH=/home/jetson/bbb_jetson_ws/install/serial:/home/jetson/bbb_jetson_ws/install/tune_package:/home/jetson/bbb_jetson_ws/install/ros2_laser_scan_matcher:/home/jetson/bbb_jetson_ws/install/diffdrive_arduino:/home/jetson/bbb_jetson_ws/install/bbb_package:/home/jetson/bbb_jetson_ws/install/micro_ros_setup:/home/jetson/bbb_jetson_ws/install/csm:/home/jetson/bbb_jetson_ws/install/bbb_robot:/opt/ros/foxy /usr/bin/cmake --build /home/jetson/bbb_jetson_ws/build/bbb_package -- -j4 -l4
[0.219s] [35m[1mScanning dependencies of target data_processing_node_straight[0m
[0.480s] [  7%] Built target read_IMU
[0.492s] [ 14%] Built target data_processing_node
[0.512s] [ 17%] [32mBuilding CXX object CMakeFiles/data_processing_node_straight.dir/src/data_processing_node_straight.cpp.o[0m
[0.550s] [ 25%] Built target controllers_node
[0.886s] [ 32%] Built target pid_node
[0.975s] [ 39%] Built target read_lidar
[1.129s] [ 46%] Built target delta_angle_node
[1.232s] [ 53%] Built target tune_node
[1.331s] [ 60%] Built target tune_fuzzy_node
[1.549s] [ 67%] Built target fuzzy_longitudinal_controllers
[1.580s] [ 75%] Built target circumference_node
[1.770s] [ 82%] Built target straight_line_node
[1.850s] [ 89%] Built target sinusoidal_node
[1.870s] [ 96%] Built target stanley_node
[7.188s] [01m[K/home/jetson/bbb_jetson_ws/src/bbb_package/src/data_processing_node_straight.cpp:[m[K In member function ‘[01m[Kvoid DataProcessingNode::tf_callback(tf2_msgs::msg::TFMessage_<std::allocator<void> >::SharedPtr)[m[K’:
[7.189s] [01m[K/home/jetson/bbb_jetson_ws/src/bbb_package/src/data_processing_node_straight.cpp:129:38:[m[K [01;31m[Kerror: [m[K‘[01m[Kangle_IMU[m[K’ was not declared in this scope; did you mean ‘[01m[KangleIMU[m[K’?
[7.189s]   129 |         else if (theta[int(index)] - [01;31m[Kangle_IMU[m[K >M_PI)
[7.190s]       |                                      [01;31m[K^~~~~~~~~[m[K
[7.191s]       |                                      [32m[KangleIMU[m[K
[15.391s] make[2]: *** [CMakeFiles/data_processing_node_straight.dir/build.make:63: CMakeFiles/data_processing_node_straight.dir/src/data_processing_node_straight.cpp.o] Error 1
[15.391s] make[1]: *** [CMakeFiles/Makefile2:104: CMakeFiles/data_processing_node_straight.dir/all] Error 2
[15.392s] make: *** [Makefile:141: all] Error 2
[15.399s] Invoked command in '/home/jetson/bbb_jetson_ws/build/bbb_package' returned '2': CMAKE_PREFIX_PATH=/home/jetson/bbb_jetson_ws/install/serial:/home/jetson/bbb_jetson_ws/install/tune_package:/home/jetson/bbb_jetson_ws/install/ros2_laser_scan_matcher:/home/jetson/bbb_jetson_ws/install/diffdrive_arduino:/home/jetson/bbb_jetson_ws/install/bbb_package:/home/jetson/bbb_jetson_ws/install/micro_ros_setup:/home/jetson/bbb_jetson_ws/install/csm:/home/jetson/bbb_jetson_ws/install/bbb_robot:/opt/ros/foxy /usr/bin/cmake --build /home/jetson/bbb_jetson_ws/build/bbb_package -- -j4 -l4
