[0.088s] Invoking command in '/home/jetson/bbb_jetson_ws/build/serial': CMAKE_PREFIX_PATH=/opt/ros/foxy /usr/bin/cmake /home/jetson/bbb_jetson_ws/src/serial -DCMAKE_INSTALL_PREFIX=/home/jetson/bbb_jetson_ws/install/serial
[0.731s] -- The C compiler identification is GNU 9.4.0
[1.303s] -- The CXX compiler identification is GNU 9.4.0
[1.339s] -- Check for working C compiler: /usr/bin/cc
[1.824s] -- Check for working C compiler: /usr/bin/cc -- works
[1.832s] -- Detecting C compiler ABI info
[2.306s] -- Detecting C compiler ABI info - done
[2.392s] -- Detecting C compile features
[2.393s] -- Detecting C compile features - done
[2.420s] -- Check for working CXX compiler: /usr/bin/c++
[3.094s] -- Check for working CXX compiler: /usr/bin/c++ -- works
[3.101s] -- Detecting CXX compiler ABI info
[3.592s] -- Detecting CXX compiler ABI info - done
[3.699s] -- Detecting CXX compile features
[3.701s] -- Detecting CXX compile features - done
[3.715s] -- Found ament_cmake: 0.9.12 (/opt/ros/foxy/share/ament_cmake/cmake)
[3.853s] -- Found PythonInterp: /usr/bin/python3 (found suitable version "3.8.10", minimum required is "3") 
[3.853s] -- Using PYTHON_EXECUTABLE: /usr/bin/python3
[4.901s] -- Found ament_cmake_gtest: 0.9.12 (/opt/ros/foxy/share/ament_cmake_gtest/cmake)
[4.952s] -- Found Boost: /usr/lib/aarch64-linux-gnu/cmake/Boost-1.71.0/BoostConfig.cmake (found version "1.71.0")  
[4.963s] -- Found gtest sources under '/opt/ros/foxy/src/gtest_vendor': C++ tests using 'Google Test' will be built
[4.978s] -- Looking for pthread.h
[5.414s] -- Looking for pthread.h - found
[5.415s] -- Performing Test CMAKE_HAVE_LIBC_PTHREAD
[5.804s] -- Performing Test CMAKE_HAVE_LIBC_PTHREAD - Failed
[5.804s] -- Check if compiler accepts -pthread
[6.183s] -- Check if compiler accepts -pthread - yes
[6.189s] -- Found Threads: TRUE  
[6.480s] -- Configuring done
[6.569s] -- Generating done
[6.578s] -- Build files have been written to: /home/jetson/bbb_jetson_ws/build/serial
[6.601s] Invoked command in '/home/jetson/bbb_jetson_ws/build/serial' returned '0': CMAKE_PREFIX_PATH=/opt/ros/foxy /usr/bin/cmake /home/jetson/bbb_jetson_ws/src/serial -DCMAKE_INSTALL_PREFIX=/home/jetson/bbb_jetson_ws/install/serial
[6.604s] Invoking command in '/home/jetson/bbb_jetson_ws/build/serial': CMAKE_PREFIX_PATH=/opt/ros/foxy /usr/bin/cmake --build /home/jetson/bbb_jetson_ws/build/serial -- -j4 -l4
[6.798s] [35m[1mScanning dependencies of target gtest_main[0m
[6.798s] [35m[1mScanning dependencies of target gtest[0m
[6.842s] [35m[1mScanning dependencies of target serial[0m
[6.947s] [  7%] [32mBuilding CXX object CMakeFiles/serial.dir/src/serial.cc.o[0m
[6.968s] [ 14%] [32mBuilding CXX object gtest/CMakeFiles/gtest.dir/src/gtest-all.cc.o[0m
[7.014s] [ 21%] [32mBuilding CXX object CMakeFiles/serial.dir/src/impl/unix.cc.o[0m
[7.016s] [ 28%] [32mBuilding CXX object gtest/CMakeFiles/gtest_main.dir/src/gtest_main.cc.o[0m
[10.650s] [ 35%] [32mBuilding CXX object CMakeFiles/serial.dir/src/impl/list_ports/list_ports_linux.cc.o[0m
[11.744s] [ 42%] [32m[1mLinking CXX static library libgtest_main.a[0m
[12.065s] [ 42%] Built target gtest_main
[15.671s] [ 50%] [32m[1mLinking CXX static library libserial.a[0m
[16.077s] [ 50%] Built target serial
[16.192s] [35m[1mScanning dependencies of target serial_example[0m
[16.301s] [ 57%] [32mBuilding CXX object CMakeFiles/serial_example.dir/examples/serial_example.cc.o[0m
[19.872s] [ 64%] [32m[1mLinking CXX executable serial_example[0m
[20.785s] [ 64%] Built target serial_example
[29.184s] [ 71%] [32m[1mLinking CXX static library libgtest.a[0m
[29.900s] [ 71%] Built target gtest
[30.011s] [35m[1mScanning dependencies of target serial-test-timer[0m
[30.159s] [ 78%] [32mBuilding CXX object tests/CMakeFiles/serial-test-timer.dir/unit/unix_timer_tests.cc.o[0m
[34.095s] [ 85%] [32m[1mLinking CXX executable serial-test-timer[0m
[34.868s] [ 85%] Built target serial-test-timer
[34.902s] [35m[1mScanning dependencies of target serial-test[0m
[34.984s] [ 92%] [32mBuilding CXX object tests/CMakeFiles/serial-test.dir/unix_serial_tests.cc.o[0m
[39.067s] [100%] [32m[1mLinking CXX executable serial-test[0m
[40.000s] [100%] Built target serial-test
[40.062s] Invoked command in '/home/jetson/bbb_jetson_ws/build/serial' returned '0': CMAKE_PREFIX_PATH=/opt/ros/foxy /usr/bin/cmake --build /home/jetson/bbb_jetson_ws/build/serial -- -j4 -l4
[40.184s] Invoking command in '/home/jetson/bbb_jetson_ws/build/serial': CMAKE_PREFIX_PATH=/opt/ros/foxy /usr/bin/cmake --install /home/jetson/bbb_jetson_ws/build/serial
[40.221s] -- Install configuration: ""
[40.222s] -- Installing: /home/jetson/bbb_jetson_ws/install/serial/lib/libserial.a
[40.226s] -- Installing: /home/jetson/bbb_jetson_ws/install/serial/include/serial/serial.h
[40.228s] -- Installing: /home/jetson/bbb_jetson_ws/install/serial/include/serial/v8stdint.h
[40.303s] -- Installing: /home/jetson/bbb_jetson_ws/install/serial/share/serial/environment/library_path.sh
[40.305s] -- Installing: /home/jetson/bbb_jetson_ws/install/serial/share/serial/environment/library_path.dsv
[40.309s] -- Installing: /home/jetson/bbb_jetson_ws/install/serial/share/ament_index/resource_index/package_run_dependencies/serial
[40.310s] -- Installing: /home/jetson/bbb_jetson_ws/install/serial/share/ament_index/resource_index/parent_prefix_path/serial
[40.456s] -- Installing: /home/jetson/bbb_jetson_ws/install/serial/share/serial/environment/ament_prefix_path.sh
[40.466s] -- Installing: /home/jetson/bbb_jetson_ws/install/serial/share/serial/environment/ament_prefix_path.dsv
[40.470s] -- Installing: /home/jetson/bbb_jetson_ws/install/serial/share/serial/environment/path.sh
[40.476s] -- Installing: /home/jetson/bbb_jetson_ws/install/serial/share/serial/environment/path.dsv
[40.477s] -- Installing: /home/jetson/bbb_jetson_ws/install/serial/share/serial/local_setup.bash
[40.479s] -- Installing: /home/jetson/bbb_jetson_ws/install/serial/share/serial/local_setup.sh
[40.484s] -- Installing: /home/jetson/bbb_jetson_ws/install/serial/share/serial/local_setup.zsh
[40.487s] -- Installing: /home/jetson/bbb_jetson_ws/install/serial/share/serial/local_setup.dsv
[40.489s] -- Installing: /home/jetson/bbb_jetson_ws/install/serial/share/serial/package.dsv
[40.493s] -- Installing: /home/jetson/bbb_jetson_ws/install/serial/share/ament_index/resource_index/packages/serial
[40.494s] -- Installing: /home/jetson/bbb_jetson_ws/install/serial/share/serial/cmake/ament_cmake_export_include_directories-extras.cmake
[40.498s] -- Installing: /home/jetson/bbb_jetson_ws/install/serial/share/serial/cmake/ament_cmake_export_libraries-extras.cmake
[40.512s] -- Installing: /home/jetson/bbb_jetson_ws/install/serial/share/serial/cmake/serialConfig.cmake
[40.514s] -- Installing: /home/jetson/bbb_jetson_ws/install/serial/share/serial/cmake/serialConfig-version.cmake
[40.519s] -- Installing: /home/jetson/bbb_jetson_ws/install/serial/share/serial/package.xml
[40.535s] Invoked command in '/home/jetson/bbb_jetson_ws/build/serial' returned '0': CMAKE_PREFIX_PATH=/opt/ros/foxy /usr/bin/cmake --install /home/jetson/bbb_jetson_ws/build/serial
