[1.167s] Invoking command in '/home/jetson/bbb_jetson_ws/build/bbb_package': CMAKE_PREFIX_PATH=${CMAKE_PREFIX_PATH}:/home/jetson/bbb_jetson_ws/install/bbb:/opt/ros/foxy /usr/bin/cmake --build /home/jetson/bbb_jetson_ws/build/bbb_package -- -j4 -l4
[1.299s] Invoked command in '/home/jetson/bbb_jetson_ws/build/bbb_package' returned '0': CMAKE_PREFIX_PATH=${CMAKE_PREFIX_PATH}:/home/jetson/bbb_jetson_ws/install/bbb:/opt/ros/foxy /usr/bin/cmake --build /home/jetson/bbb_jetson_ws/build/bbb_package -- -j4 -l4
[1.484s] Invoking command in '/home/jetson/bbb_jetson_ws/build/bbb_package': CMAKE_PREFIX_PATH=${CMAKE_PREFIX_PATH}:/home/jetson/bbb_jetson_ws/install/bbb:/opt/ros/foxy /usr/bin/cmake --install /home/jetson/bbb_jetson_ws/build/bbb_package
[1.535s] -- Install configuration: ""
[1.537s] -- Execute custom install script
[1.539s] -- Up-to-date symlink: /home/jetson/bbb_jetson_ws/install/bbb_package/share/bbb_package/launch/rplidar.launch.py
[1.545s] -- Up-to-date symlink: /home/jetson/bbb_jetson_ws/install/bbb_package/share/bbb_package/launch/rplidar.launch.py.save
[1.546s] -- Up-to-date symlink: /home/jetson/bbb_jetson_ws/install/bbb_package/share/ament_index/resource_index/package_run_dependencies/bbb_package
[1.547s] -- Up-to-date symlink: /home/jetson/bbb_jetson_ws/install/bbb_package/share/ament_index/resource_index/parent_prefix_path/bbb_package
[1.548s] -- Up-to-date symlink: /home/jetson/bbb_jetson_ws/install/bbb_package/share/bbb_package/environment/ament_prefix_path.sh
[1.549s] -- Up-to-date symlink: /home/jetson/bbb_jetson_ws/install/bbb_package/share/bbb_package/environment/ament_prefix_path.dsv
[1.551s] -- Up-to-date symlink: /home/jetson/bbb_jetson_ws/install/bbb_package/share/bbb_package/environment/path.sh
[1.552s] -- Up-to-date symlink: /home/jetson/bbb_jetson_ws/install/bbb_package/share/bbb_package/environment/path.dsv
[1.552s] -- Up-to-date symlink: /home/jetson/bbb_jetson_ws/install/bbb_package/share/bbb_package/local_setup.bash
[1.554s] -- Up-to-date symlink: /home/jetson/bbb_jetson_ws/install/bbb_package/share/bbb_package/local_setup.sh
[1.557s] -- Up-to-date symlink: /home/jetson/bbb_jetson_ws/install/bbb_package/share/bbb_package/local_setup.zsh
[1.562s] -- Up-to-date symlink: /home/jetson/bbb_jetson_ws/install/bbb_package/share/bbb_package/local_setup.dsv
[1.563s] -- Symlinking: /home/jetson/bbb_jetson_ws/install/bbb_package/share/bbb_package/package.dsv
[1.582s] -- Up-to-date symlink: /home/jetson/bbb_jetson_ws/install/bbb_package/share/ament_index/resource_index/packages/bbb_package
[1.593s] -- Up-to-date symlink: /home/jetson/bbb_jetson_ws/install/bbb_package/share/bbb_package/cmake/bbb_packageConfig.cmake
[1.593s] -- Up-to-date symlink: /home/jetson/bbb_jetson_ws/install/bbb_package/share/bbb_package/cmake/bbb_packageConfig-version.cmake
[1.594s] -- Up-to-date symlink: /home/jetson/bbb_jetson_ws/install/bbb_package/share/bbb_package/package.xml
[1.594s] Invoked command in '/home/jetson/bbb_jetson_ws/build/bbb_package' returned '0': CMAKE_PREFIX_PATH=${CMAKE_PREFIX_PATH}:/home/jetson/bbb_jetson_ws/install/bbb:/opt/ros/foxy /usr/bin/cmake --install /home/jetson/bbb_jetson_ws/build/bbb_package
