[35m[1mScanning dependencies of target read_IMU[0m
[ 10%] Built target delta_angle_node
[ 20%] Built target pid_node
[ 30%] Built target read_lidar
[ 35%] [32mBuilding CXX object CMakeFiles/read_IMU.dir/src/read_IMU.cpp.o[0m
[ 45%] Built target tune_fuzzy_node
[ 60%] Built target fuzzy_longitudinal_controllers
[ 65%] Built target tune_node
[ 75%] Built target straight_line_node
[ 85%] Built target circumference_node
[ 95%] Built target sinusoidal_node
[01m[K/home/jetson/bbb_jetson_ws/src/bbb_package/src/read_IMU.cpp:[m[K In constructor ‘[01m[KSerialNode::SerialNode()[m[K’:
[01m[K/home/jetson/bbb_jetson_ws/src/bbb_package/src/read_IMU.cpp:22:38:[m[K [01;31m[Kerror: [m[Kclass ‘[01m[KSerialNode[m[K’ does not have any field named ‘[01m[Kport_[m[K’
   22 |     SerialNode() : Node("IMU_node"), [01;31m[Kport_[m[K("/dev/ttyUSB0"), baud_(115200 * 2), data_size_(71) {
      |                                      [01;31m[K^~~~~[m[K
[01m[K/home/jetson/bbb_jetson_ws/src/bbb_package/src/read_IMU.cpp:22:61:[m[K [01;31m[Kerror: [m[Kclass ‘[01m[KSerialNode[m[K’ does not have any field named ‘[01m[Kbaud_[m[K’
   22 |     SerialNode() : Node("IMU_node"), port_("/dev/ttyUSB0"), [01;31m[Kbaud_[m[K(115200 * 2), data_size_(71) {
      |                                                             [01;31m[K^~~~~[m[K
[01m[K/home/jetson/bbb_jetson_ws/src/bbb_package/src/read_IMU.cpp:22:80:[m[K [01;31m[Kerror: [m[Kclass ‘[01m[KSerialNode[m[K’ does not have any field named ‘[01m[Kdata_size_[m[K’
   22 |     SerialNode() : Node("IMU_node"), port_("/dev/ttyUSB0"), baud_(115200 * 2), [01;31m[Kdata_size_[m[K(71) {
      |                                                                                [01;31m[K^~~~~~~~~~[m[K
[01m[K/home/jetson/bbb_jetson_ws/src/bbb_package/src/read_IMU.cpp:24:13:[m[K [01;31m[Kerror: [m[K‘[01m[Kserial_[m[K’ was not declared in this scope; did you mean ‘[01m[Kserial[m[K’?
   24 |             [01;31m[Kserial_[m[K = std::make_shared<serial::Serial>(port_, baud_, serial::Timeout::simpleTimeout(20));
      |             [01;31m[K^~~~~~~[m[K
      |             [32m[Kserial[m[K
[01m[K/home/jetson/bbb_jetson_ws/src/bbb_package/src/read_IMU.cpp:24:56:[m[K [01;31m[Kerror: [m[K‘[01m[Kport_[m[K’ was not declared in this scope
   24 |             serial_ = std::make_shared<serial::Serial>([01;31m[Kport_[m[K, baud_, serial::Timeout::simpleTimeout(20));
      |                                                        [01;31m[K^~~~~[m[K
[01m[K/home/jetson/bbb_jetson_ws/src/bbb_package/src/read_IMU.cpp:24:63:[m[K [01;31m[Kerror: [m[K‘[01m[Kbaud_[m[K’ was not declared in this scope
   24 |             serial_ = std::make_shared<serial::Serial>(port_, [01;31m[Kbaud_[m[K, serial::Timeout::simpleTimeout(20));
      |                                                               [01;31m[K^~~~~[m[K
[01m[K/home/jetson/bbb_jetson_ws/src/bbb_package/src/read_IMU.cpp:33:17:[m[K [01;31m[Kerror: [m[K‘[01m[Kpublisher_angle_IMU_[m[K’ was not declared in this scope
   33 |                 [01;31m[Kpublisher_angle_IMU_[m[K = create_publisher<std_msgs::msg::Float64MultiArray>("/angle_IMU", 10);
      |                 [01;31m[K^~~~~~~~~~~~~~~~~~~~[m[K
[01m[K/home/jetson/bbb_jetson_ws/src/bbb_package/src/read_IMU.cpp:[m[K In member function ‘[01m[Kvoid SerialNode::calibrateIMU()[m[K’:
[01m[K/home/jetson/bbb_jetson_ws/src/bbb_package/src/read_IMU.cpp:52:9:[m[K [01;31m[Kerror: [m[K‘[01m[Kserial_[m[K’ was not declared in this scope; did you mean ‘[01m[Kserial[m[K’?
   52 |         [01;31m[Kserial_[m[K->write(data_calib, 7U);
      |         [01;31m[K^~~~~~~[m[K
      |         [32m[Kserial[m[K
[01m[K/home/jetson/bbb_jetson_ws/src/bbb_package/src/read_IMU.cpp:[m[K In member function ‘[01m[Kvoid SerialNode::resetIMU()[m[K’:
[01m[K/home/jetson/bbb_jetson_ws/src/bbb_package/src/read_IMU.cpp:57:9:[m[K [01;31m[Kerror: [m[K‘[01m[Kserial_[m[K’ was not declared in this scope; did you mean ‘[01m[Kserial[m[K’?
   57 |         [01;31m[Kserial_[m[K->write(data_reset, 7U);
      |         [01;31m[K^~~~~~~[m[K
      |         [32m[Kserial[m[K
[01m[K/home/jetson/bbb_jetson_ws/src/bbb_package/src/read_IMU.cpp:[m[K In member function ‘[01m[Kvoid SerialNode::no_mag_IMU()[m[K’:
[01m[K/home/jetson/bbb_jetson_ws/src/bbb_package/src/read_IMU.cpp:62:9:[m[K [01;31m[Kerror: [m[K‘[01m[Kserial_[m[K’ was not declared in this scope; did you mean ‘[01m[Kserial[m[K’?
   62 |         [01;31m[Kserial_[m[K->write(data_mag_1, 9U);
      |         [01;31m[K^~~~~~~[m[K
      |         [32m[Kserial[m[K
In file included from [01m[K/opt/ros/foxy/include/rclcpp/service.hpp:34[m[K,
                 from [01m[K/opt/ros/foxy/include/rclcpp/callback_group.hpp:25[m[K,
                 from [01m[K/opt/ros/foxy/include/rclcpp/any_executable.hpp:20[m[K,
                 from [01m[K/opt/ros/foxy/include/rclcpp/memory_strategy.hpp:24[m[K,
                 from [01m[K/opt/ros/foxy/include/rclcpp/memory_strategies.hpp:18[m[K,
                 from [01m[K/opt/ros/foxy/include/rclcpp/executor_options.hpp:20[m[K,
                 from [01m[K/opt/ros/foxy/include/rclcpp/executor.hpp:33[m[K,
                 from [01m[K/opt/ros/foxy/include/rclcpp/executors/multi_threaded_executor.hpp:26[m[K,
                 from [01m[K/opt/ros/foxy/include/rclcpp/executors.hpp:21[m[K,
                 from [01m[K/opt/ros/foxy/include/rclcpp/rclcpp.hpp:146[m[K,
                 from [01m[K/home/jetson/bbb_jetson_ws/src/bbb_package/src/read_IMU.cpp:11[m[K:
[01m[K/home/jetson/bbb_jetson_ws/src/bbb_package/src/read_IMU.cpp:[m[K In function ‘[01m[Kint main(int, char**)[m[K’:
[01m[K/home/jetson/bbb_jetson_ws/src/bbb_package/src/read_IMU.cpp:154:34:[m[K [01;31m[Kerror: [m[Kinvalid use of ‘[01m[Kthis[m[K’ in non-member function
  154 |             } else {RCLCPP_ERROR([01;31m[Kthis[m[K->get_logger(), "yaw error ");}
      |                                  [01;31m[K^~~~[m[K
[01m[K/home/jetson/bbb_jetson_ws/src/bbb_package/src/read_IMU.cpp:154:34:[m[K [01;31m[Kerror: [m[Kinvalid use of ‘[01m[Kthis[m[K’ in non-member function
[01m[K/home/jetson/bbb_jetson_ws/src/bbb_package/src/read_IMU.cpp:154:21:[m[K [01;31m[Kerror: [m[Ktemplate argument 1 is invalid
  154 |             } else {[01;31m[KRCLCPP_ERROR[m[K(this->get_logger(), "yaw error ");}
      |                     [01;31m[K^~~~~~~~~~~~[m[K
[01m[K/home/jetson/bbb_jetson_ws/src/bbb_package/src/read_IMU.cpp:154:21:[m[K [01;31m[Kerror: [m[Ktemplate argument 1 is invalid
  154 |             } else {[01;31m[KRCLCPP_ERROR[m[K(this->get_logger(), "yaw error ");}
      |                     [01;31m[K^~~~~~~~~~~~[m[K
[01m[K/home/jetson/bbb_jetson_ws/src/bbb_package/src/read_IMU.cpp:154:21:[m[K [01;31m[Kerror: [m[Ktemplate argument 1 is invalid
  154 |             } else {[01;31m[KRCLCPP_ERROR[m[K(this->get_logger(), "yaw error ");}
      |                     [01;31m[K^~~~~~~~~~~~[m[K
In file included from [01m[K/opt/ros/foxy/include/rclcpp/client.hpp:40[m[K,
                 from [01m[K/opt/ros/foxy/include/rclcpp/callback_group.hpp:23[m[K,
                 from [01m[K/opt/ros/foxy/include/rclcpp/any_executable.hpp:20[m[K,
                 from [01m[K/opt/ros/foxy/include/rclcpp/memory_strategy.hpp:24[m[K,
                 from [01m[K/opt/ros/foxy/include/rclcpp/memory_strategies.hpp:18[m[K,
                 from [01m[K/opt/ros/foxy/include/rclcpp/executor_options.hpp:20[m[K,
                 from [01m[K/opt/ros/foxy/include/rclcpp/executor.hpp:33[m[K,
                 from [01m[K/opt/ros/foxy/include/rclcpp/executors/multi_threaded_executor.hpp:26[m[K,
                 from [01m[K/opt/ros/foxy/include/rclcpp/executors.hpp:21[m[K,
                 from [01m[K/opt/ros/foxy/include/rclcpp/rclcpp.hpp:146[m[K,
                 from [01m[K/home/jetson/bbb_jetson_ws/src/bbb_package/src/read_IMU.cpp:11[m[K:
[01m[K/home/jetson/bbb_jetson_ws/src/bbb_package/src/read_IMU.cpp:154:34:[m[K [01;31m[Kerror: [m[Kinvalid use of ‘[01m[Kthis[m[K’ in non-member function
  154 |             } else {RCLCPP_ERROR([01;31m[Kthis[m[K->get_logger(), "yaw error ");}
      |                                  [01;31m[K^~~~[m[K
[01m[K/home/jetson/bbb_jetson_ws/src/bbb_package/src/read_IMU.cpp:154:34:[m[K [01;31m[Kerror: [m[Kinvalid use of ‘[01m[Kthis[m[K’ in non-member function
  154 |             } else {RCLCPP_ERROR([01;31m[Kthis[m[K->get_logger(), "yaw error ");}
      |                                  [01;31m[K^~~~[m[K
In file included from [01m[K/opt/ros/foxy/include/rclcpp/service.hpp:34[m[K,
                 from [01m[K/opt/ros/foxy/include/rclcpp/callback_group.hpp:25[m[K,
                 from [01m[K/opt/ros/foxy/include/rclcpp/any_executable.hpp:20[m[K,
                 from [01m[K/opt/ros/foxy/include/rclcpp/memory_strategy.hpp:24[m[K,
                 from [01m[K/opt/ros/foxy/include/rclcpp/memory_strategies.hpp:18[m[K,
                 from [01m[K/opt/ros/foxy/include/rclcpp/executor_options.hpp:20[m[K,
                 from [01m[K/opt/ros/foxy/include/rclcpp/executor.hpp:33[m[K,
                 from [01m[K/opt/ros/foxy/include/rclcpp/executors/multi_threaded_executor.hpp:26[m[K,
                 from [01m[K/opt/ros/foxy/include/rclcpp/executors.hpp:21[m[K,
                 from [01m[K/opt/ros/foxy/include/rclcpp/rclcpp.hpp:146[m[K,
                 from [01m[K/home/jetson/bbb_jetson_ws/src/bbb_package/src/read_IMU.cpp:11[m[K:
[01m[K/home/jetson/bbb_jetson_ws/src/bbb_package/src/read_IMU.cpp:158:33:[m[K [01;31m[Kerror: [m[Kinvalid use of ‘[01m[Kthis[m[K’ in non-member function
  158 |                     RCLCPP_INFO([01;31m[Kthis[m[K->get_logger(), "init_yaw_0 = %lf ", init_yaw);
      |                                 [01;31m[K^~~~[m[K
[01m[K/home/jetson/bbb_jetson_ws/src/bbb_package/src/read_IMU.cpp:158:33:[m[K [01;31m[Kerror: [m[Kinvalid use of ‘[01m[Kthis[m[K’ in non-member function
[01m[K/home/jetson/bbb_jetson_ws/src/bbb_package/src/read_IMU.cpp:158:21:[m[K [01;31m[Kerror: [m[Ktemplate argument 1 is invalid
  158 |                     [01;31m[KRCLCPP_INFO[m[K(this->get_logger(), "init_yaw_0 = %lf ", init_yaw);
      |                     [01;31m[K^~~~~~~~~~~[m[K
[01m[K/home/jetson/bbb_jetson_ws/src/bbb_package/src/read_IMU.cpp:158:21:[m[K [01;31m[Kerror: [m[Ktemplate argument 1 is invalid
  158 |                     [01;31m[KRCLCPP_INFO[m[K(this->get_logger(), "init_yaw_0 = %lf ", init_yaw);
      |                     [01;31m[K^~~~~~~~~~~[m[K
[01m[K/home/jetson/bbb_jetson_ws/src/bbb_package/src/read_IMU.cpp:158:21:[m[K [01;31m[Kerror: [m[Ktemplate argument 1 is invalid
  158 |                     [01;31m[KRCLCPP_INFO[m[K(this->get_logger(), "init_yaw_0 = %lf ", init_yaw);
      |                     [01;31m[K^~~~~~~~~~~[m[K
In file included from [01m[K/opt/ros/foxy/include/rclcpp/client.hpp:40[m[K,
                 from [01m[K/opt/ros/foxy/include/rclcpp/callback_group.hpp:23[m[K,
                 from [01m[K/opt/ros/foxy/include/rclcpp/any_executable.hpp:20[m[K,
                 from [01m[K/opt/ros/foxy/include/rclcpp/memory_strategy.hpp:24[m[K,
                 from [01m[K/opt/ros/foxy/include/rclcpp/memory_strategies.hpp:18[m[K,
                 from [01m[K/opt/ros/foxy/include/rclcpp/executor_options.hpp:20[m[K,
                 from [01m[K/opt/ros/foxy/include/rclcpp/executor.hpp:33[m[K,
                 from [01m[K/opt/ros/foxy/include/rclcpp/executors/multi_threaded_executor.hpp:26[m[K,
                 from [01m[K/opt/ros/foxy/include/rclcpp/executors.hpp:21[m[K,
                 from [01m[K/opt/ros/foxy/include/rclcpp/rclcpp.hpp:146[m[K,
                 from [01m[K/home/jetson/bbb_jetson_ws/src/bbb_package/src/read_IMU.cpp:11[m[K:
[01m[K/home/jetson/bbb_jetson_ws/src/bbb_package/src/read_IMU.cpp:158:33:[m[K [01;31m[Kerror: [m[Kinvalid use of ‘[01m[Kthis[m[K’ in non-member function
  158 |                     RCLCPP_INFO([01;31m[Kthis[m[K->get_logger(), "init_yaw_0 = %lf ", init_yaw);
      |                                 [01;31m[K^~~~[m[K
[01m[K/home/jetson/bbb_jetson_ws/src/bbb_package/src/read_IMU.cpp:158:33:[m[K [01;31m[Kerror: [m[Kinvalid use of ‘[01m[Kthis[m[K’ in non-member function
  158 |                     RCLCPP_INFO([01;31m[Kthis[m[K->get_logger(), "init_yaw_0 = %lf ", init_yaw);
      |                                 [01;31m[K^~~~[m[K
In file included from [01m[K/opt/ros/foxy/include/rclcpp/service.hpp:34[m[K,
                 from [01m[K/opt/ros/foxy/include/rclcpp/callback_group.hpp:25[m[K,
                 from [01m[K/opt/ros/foxy/include/rclcpp/any_executable.hpp:20[m[K,
                 from [01m[K/opt/ros/foxy/include/rclcpp/memory_strategy.hpp:24[m[K,
                 from [01m[K/opt/ros/foxy/include/rclcpp/memory_strategies.hpp:18[m[K,
                 from [01m[K/opt/ros/foxy/include/rclcpp/executor_options.hpp:20[m[K,
                 from [01m[K/opt/ros/foxy/include/rclcpp/executor.hpp:33[m[K,
                 from [01m[K/opt/ros/foxy/include/rclcpp/executors/multi_threaded_executor.hpp:26[m[K,
                 from [01m[K/opt/ros/foxy/include/rclcpp/executors.hpp:21[m[K,
                 from [01m[K/opt/ros/foxy/include/rclcpp/rclcpp.hpp:146[m[K,
                 from [01m[K/home/jetson/bbb_jetson_ws/src/bbb_package/src/read_IMU.cpp:11[m[K:
[01m[K/home/jetson/bbb_jetson_ws/src/bbb_package/src/read_IMU.cpp:161:33:[m[K [01;31m[Kerror: [m[Kinvalid use of ‘[01m[Kthis[m[K’ in non-member function
  161 |                     RCLCPP_INFO([01;31m[Kthis[m[K->get_logger(), "init_yaw_1 = %lf ", init_yaw);
      |                                 [01;31m[K^~~~[m[K
[01m[K/home/jetson/bbb_jetson_ws/src/bbb_package/src/read_IMU.cpp:161:33:[m[K [01;31m[Kerror: [m[Kinvalid use of ‘[01m[Kthis[m[K’ in non-member function
[01m[K/home/jetson/bbb_jetson_ws/src/bbb_package/src/read_IMU.cpp:161:21:[m[K [01;31m[Kerror: [m[Ktemplate argument 1 is invalid
  161 |                     [01;31m[KRCLCPP_INFO[m[K(this->get_logger(), "init_yaw_1 = %lf ", init_yaw);
      |                     [01;31m[K^~~~~~~~~~~[m[K
[01m[K/home/jetson/bbb_jetson_ws/src/bbb_package/src/read_IMU.cpp:161:21:[m[K [01;31m[Kerror: [m[Ktemplate argument 1 is invalid
  161 |                     [01;31m[KRCLCPP_INFO[m[K(this->get_logger(), "init_yaw_1 = %lf ", init_yaw);
      |                     [01;31m[K^~~~~~~~~~~[m[K
[01m[K/home/jetson/bbb_jetson_ws/src/bbb_package/src/read_IMU.cpp:161:21:[m[K [01;31m[Kerror: [m[Ktemplate argument 1 is invalid
  161 |                     [01;31m[KRCLCPP_INFO[m[K(this->get_logger(), "init_yaw_1 = %lf ", init_yaw);
      |                     [01;31m[K^~~~~~~~~~~[m[K
In file included from [01m[K/opt/ros/foxy/include/rclcpp/client.hpp:40[m[K,
                 from [01m[K/opt/ros/foxy/include/rclcpp/callback_group.hpp:23[m[K,
                 from [01m[K/opt/ros/foxy/include/rclcpp/any_executable.hpp:20[m[K,
                 from [01m[K/opt/ros/foxy/include/rclcpp/memory_strategy.hpp:24[m[K,
                 from [01m[K/opt/ros/foxy/include/rclcpp/memory_strategies.hpp:18[m[K,
                 from [01m[K/opt/ros/foxy/include/rclcpp/executor_options.hpp:20[m[K,
                 from [01m[K/opt/ros/foxy/include/rclcpp/executor.hpp:33[m[K,
                 from [01m[K/opt/ros/foxy/include/rclcpp/executors/multi_threaded_executor.hpp:26[m[K,
                 from [01m[K/opt/ros/foxy/include/rclcpp/executors.hpp:21[m[K,
                 from [01m[K/opt/ros/foxy/include/rclcpp/rclcpp.hpp:146[m[K,
                 from [01m[K/home/jetson/bbb_jetson_ws/src/bbb_package/src/read_IMU.cpp:11[m[K:
[01m[K/home/jetson/bbb_jetson_ws/src/bbb_package/src/read_IMU.cpp:161:33:[m[K [01;31m[Kerror: [m[Kinvalid use of ‘[01m[Kthis[m[K’ in non-member function
  161 |                     RCLCPP_INFO([01;31m[Kthis[m[K->get_logger(), "init_yaw_1 = %lf ", init_yaw);
      |                                 [01;31m[K^~~~[m[K
[01m[K/home/jetson/bbb_jetson_ws/src/bbb_package/src/read_IMU.cpp:161:33:[m[K [01;31m[Kerror: [m[Kinvalid use of ‘[01m[Kthis[m[K’ in non-member function
  161 |                     RCLCPP_INFO([01;31m[Kthis[m[K->get_logger(), "init_yaw_1 = %lf ", init_yaw);
      |                                 [01;31m[K^~~~[m[K
In file included from [01m[K/opt/ros/foxy/include/rclcpp/service.hpp:34[m[K,
                 from [01m[K/opt/ros/foxy/include/rclcpp/callback_group.hpp:25[m[K,
                 from [01m[K/opt/ros/foxy/include/rclcpp/any_executable.hpp:20[m[K,
                 from [01m[K/opt/ros/foxy/include/rclcpp/memory_strategy.hpp:24[m[K,
                 from [01m[K/opt/ros/foxy/include/rclcpp/memory_strategies.hpp:18[m[K,
                 from [01m[K/opt/ros/foxy/include/rclcpp/executor_options.hpp:20[m[K,
                 from [01m[K/opt/ros/foxy/include/rclcpp/executor.hpp:33[m[K,
                 from [01m[K/opt/ros/foxy/include/rclcpp/executors/multi_threaded_executor.hpp:26[m[K,
                 from [01m[K/opt/ros/foxy/include/rclcpp/executors.hpp:21[m[K,
                 from [01m[K/opt/ros/foxy/include/rclcpp/rclcpp.hpp:146[m[K,
                 from [01m[K/home/jetson/bbb_jetson_ws/src/bbb_package/src/read_IMU.cpp:11[m[K:
[01m[K/home/jetson/bbb_jetson_ws/src/bbb_package/src/read_IMU.cpp:171:33:[m[K [01;31m[Kerror: [m[Kinvalid use of ‘[01m[Kthis[m[K’ in non-member function
  171 |                     RCLCPP_INFO([01;31m[Kthis[m[K->get_logger(), "yaw = %lf ", yaw);
      |                                 [01;31m[K^~~~[m[K
[01m[K/home/jetson/bbb_jetson_ws/src/bbb_package/src/read_IMU.cpp:171:33:[m[K [01;31m[Kerror: [m[Kinvalid use of ‘[01m[Kthis[m[K’ in non-member function
[01m[K/home/jetson/bbb_jetson_ws/src/bbb_package/src/read_IMU.cpp:171:21:[m[K [01;31m[Kerror: [m[Ktemplate argument 1 is invalid
  171 |                     [01;31m[KRCLCPP_INFO[m[K(this->get_logger(), "yaw = %lf ", yaw);
      |                     [01;31m[K^~~~~~~~~~~[m[K
[01m[K/home/jetson/bbb_jetson_ws/src/bbb_package/src/read_IMU.cpp:171:21:[m[K [01;31m[Kerror: [m[Ktemplate argument 1 is invalid
  171 |                     [01;31m[KRCLCPP_INFO[m[K(this->get_logger(), "yaw = %lf ", yaw);
      |                     [01;31m[K^~~~~~~~~~~[m[K
[01m[K/home/jetson/bbb_jetson_ws/src/bbb_package/src/read_IMU.cpp:171:21:[m[K [01;31m[Kerror: [m[Ktemplate argument 1 is invalid
  171 |                     [01;31m[KRCLCPP_INFO[m[K(this->get_logger(), "yaw = %lf ", yaw);
      |                     [01;31m[K^~~~~~~~~~~[m[K
In file included from [01m[K/opt/ros/foxy/include/rclcpp/client.hpp:40[m[K,
                 from [01m[K/opt/ros/foxy/include/rclcpp/callback_group.hpp:23[m[K,
                 from [01m[K/opt/ros/foxy/include/rclcpp/any_executable.hpp:20[m[K,
                 from [01m[K/opt/ros/foxy/include/rclcpp/memory_strategy.hpp:24[m[K,
                 from [01m[K/opt/ros/foxy/include/rclcpp/memory_strategies.hpp:18[m[K,
                 from [01m[K/opt/ros/foxy/include/rclcpp/executor_options.hpp:20[m[K,
                 from [01m[K/opt/ros/foxy/include/rclcpp/executor.hpp:33[m[K,
                 from [01m[K/opt/ros/foxy/include/rclcpp/executors/multi_threaded_executor.hpp:26[m[K,
                 from [01m[K/opt/ros/foxy/include/rclcpp/executors.hpp:21[m[K,
                 from [01m[K/opt/ros/foxy/include/rclcpp/rclcpp.hpp:146[m[K,
                 from [01m[K/home/jetson/bbb_jetson_ws/src/bbb_package/src/read_IMU.cpp:11[m[K:
[01m[K/home/jetson/bbb_jetson_ws/src/bbb_package/src/read_IMU.cpp:171:33:[m[K [01;31m[Kerror: [m[Kinvalid use of ‘[01m[Kthis[m[K’ in non-member function
  171 |                     RCLCPP_INFO([01;31m[Kthis[m[K->get_logger(), "yaw = %lf ", yaw);
      |                                 [01;31m[K^~~~[m[K
[01m[K/home/jetson/bbb_jetson_ws/src/bbb_package/src/read_IMU.cpp:171:33:[m[K [01;31m[Kerror: [m[Kinvalid use of ‘[01m[Kthis[m[K’ in non-member function
  171 |                     RCLCPP_INFO([01;31m[Kthis[m[K->get_logger(), "yaw = %lf ", yaw);
      |                                 [01;31m[K^~~~[m[K
[01m[K/home/jetson/bbb_jetson_ws/src/bbb_package/src/read_IMU.cpp:139:19:[m[K [01;35m[Kwarning: [m[Kunused variable ‘[01m[Kbaud_[m[K’ [[01;35m[K-Wunused-variable[m[K]
  139 |     unsigned long [01;35m[Kbaud_[m[K;
      |                   [01;35m[K^~~~~[m[K
[01m[K/home/jetson/bbb_jetson_ws/src/bbb_package/src/read_IMU.cpp:178:1:[m[K [01;31m[Kerror: [m[Kexpected ‘[01m[K}[m[K’ at end of input
  178 | [01;31m[K}[m[K
      | [01;31m[K^[m[K
[01m[K/home/jetson/bbb_jetson_ws/src/bbb_package/src/read_IMU.cpp:133:34:[m[K [01;36m[Knote: [m[Kto match this ‘[01m[K{[m[K’
  133 | int main(int argc, char *argv[]) [01;36m[K{[m[K
      |                                  [01;36m[K^[m[K
make[2]: *** [CMakeFiles/read_IMU.dir/build.make:63: CMakeFiles/read_IMU.dir/src/read_IMU.cpp.o] Error 1
make[1]: *** [CMakeFiles/Makefile2:96: CMakeFiles/read_IMU.dir/all] Error 2
make: *** [Makefile:141: all] Error 2
