[1.785s] Invoking command in '/home/jetson/bbb_jetson_ws/build/diffdrive_arduino': CMAKE_PREFIX_PATH=/home/jetson/bbb_jetson_ws/install/serial:/home/jetson/bbb_jetson_ws/install/diffdrive_arduino:/home/jetson/bbb_jetson_ws/install/ros2_laser_scan_matcher:/home/jetson/bbb_jetson_ws/install/micro_ros_setup:/home/jetson/bbb_jetson_ws/install/csm:/home/jetson/bbb_jetson_ws/install/bbb_robot:/home/jetson/bbb_jetson_ws/install/bbb_package:/opt/ros/foxy /usr/bin/cmake --build /home/jetson/bbb_jetson_ws/build/diffdrive_arduino -- -j4 -l4
[2.467s] [ 42%] Built target fake_robot
[2.475s] [100%] Built target diffdrive_arduino
[2.557s] Invoked command in '/home/jetson/bbb_jetson_ws/build/diffdrive_arduino' returned '0': CMAKE_PREFIX_PATH=/home/jetson/bbb_jetson_ws/install/serial:/home/jetson/bbb_jetson_ws/install/diffdrive_arduino:/home/jetson/bbb_jetson_ws/install/ros2_laser_scan_matcher:/home/jetson/bbb_jetson_ws/install/micro_ros_setup:/home/jetson/bbb_jetson_ws/install/csm:/home/jetson/bbb_jetson_ws/install/bbb_robot:/home/jetson/bbb_jetson_ws/install/bbb_package:/opt/ros/foxy /usr/bin/cmake --build /home/jetson/bbb_jetson_ws/build/diffdrive_arduino -- -j4 -l4
[2.818s] Invoking command in '/home/jetson/bbb_jetson_ws/build/diffdrive_arduino': CMAKE_PREFIX_PATH=/home/jetson/bbb_jetson_ws/install/serial:/home/jetson/bbb_jetson_ws/install/diffdrive_arduino:/home/jetson/bbb_jetson_ws/install/ros2_laser_scan_matcher:/home/jetson/bbb_jetson_ws/install/micro_ros_setup:/home/jetson/bbb_jetson_ws/install/csm:/home/jetson/bbb_jetson_ws/install/bbb_robot:/home/jetson/bbb_jetson_ws/install/bbb_package:/opt/ros/foxy /usr/bin/cmake --install /home/jetson/bbb_jetson_ws/build/diffdrive_arduino
[2.887s] -- Install configuration: ""
[2.891s] -- Execute custom install script
[2.896s] -- Up-to-date symlink: /home/jetson/bbb_jetson_ws/install/diffdrive_arduino/share/diffdrive_arduino//robot_hardware.xml
[2.899s] -- Up-to-date symlink: /home/jetson/bbb_jetson_ws/install/diffdrive_arduino/share/diffdrive_arduino//fake_robot_hardware.xml
[2.905s] -- Up-to-date symlink: /home/jetson/bbb_jetson_ws/install/diffdrive_arduino/lib/libdiffdrive_arduino.so
[2.909s] -- Up-to-date symlink: /home/jetson/bbb_jetson_ws/install/diffdrive_arduino/lib/libfake_robot.so
[2.915s] -- Up-to-date symlink: /home/jetson/bbb_jetson_ws/install/diffdrive_arduino/share/diffdrive_arduino/controllers/robot_controller_example.yaml
[2.920s] -- Up-to-date symlink: /home/jetson/bbb_jetson_ws/install/diffdrive_arduino/share/diffdrive_arduino/fake_robot.launch.py
[2.923s] -- Up-to-date symlink: /home/jetson/bbb_jetson_ws/install/diffdrive_arduino/share/diffdrive_arduino/test_robot.launch.py
[2.927s] -- Up-to-date symlink: /home/jetson/bbb_jetson_ws/install/diffdrive_arduino/share/diffdrive_arduino/environment/library_path.sh
[2.931s] -- Up-to-date symlink: /home/jetson/bbb_jetson_ws/install/diffdrive_arduino/share/diffdrive_arduino/environment/library_path.dsv
[2.935s] -- Up-to-date symlink: /home/jetson/bbb_jetson_ws/install/diffdrive_arduino/share/ament_index/resource_index/package_run_dependencies/diffdrive_arduino
[2.939s] -- Up-to-date symlink: /home/jetson/bbb_jetson_ws/install/diffdrive_arduino/share/ament_index/resource_index/parent_prefix_path/diffdrive_arduino
[2.943s] -- Up-to-date symlink: /home/jetson/bbb_jetson_ws/install/diffdrive_arduino/share/diffdrive_arduino/environment/ament_prefix_path.sh
[2.947s] -- Up-to-date symlink: /home/jetson/bbb_jetson_ws/install/diffdrive_arduino/share/diffdrive_arduino/environment/ament_prefix_path.dsv
[2.954s] -- Up-to-date symlink: /home/jetson/bbb_jetson_ws/install/diffdrive_arduino/share/diffdrive_arduino/environment/path.sh
[2.956s] -- Up-to-date symlink: /home/jetson/bbb_jetson_ws/install/diffdrive_arduino/share/diffdrive_arduino/environment/path.dsv
[2.959s] -- Up-to-date symlink: /home/jetson/bbb_jetson_ws/install/diffdrive_arduino/share/diffdrive_arduino/local_setup.bash
[2.963s] -- Up-to-date symlink: /home/jetson/bbb_jetson_ws/install/diffdrive_arduino/share/diffdrive_arduino/local_setup.sh
[2.966s] -- Up-to-date symlink: /home/jetson/bbb_jetson_ws/install/diffdrive_arduino/share/diffdrive_arduino/local_setup.zsh
[2.975s] -- Up-to-date symlink: /home/jetson/bbb_jetson_ws/install/diffdrive_arduino/share/diffdrive_arduino/local_setup.dsv
[2.978s] -- Symlinking: /home/jetson/bbb_jetson_ws/install/diffdrive_arduino/share/diffdrive_arduino/package.dsv
[3.049s] -- Up-to-date symlink: /home/jetson/bbb_jetson_ws/install/diffdrive_arduino/share/ament_index/resource_index/packages/diffdrive_arduino
[3.053s] -- Up-to-date symlink: /home/jetson/bbb_jetson_ws/install/diffdrive_arduino/share/ament_index/resource_index/hardware_interface__pluginlib__plugin/diffdrive_arduino
[3.057s] -- Up-to-date symlink: /home/jetson/bbb_jetson_ws/install/diffdrive_arduino/share/diffdrive_arduino/cmake/ament_cmake_export_libraries-extras.cmake
[3.061s] -- Up-to-date symlink: /home/jetson/bbb_jetson_ws/install/diffdrive_arduino/share/diffdrive_arduino/cmake/ament_cmake_export_dependencies-extras.cmake
[3.065s] -- Up-to-date symlink: /home/jetson/bbb_jetson_ws/install/diffdrive_arduino/share/diffdrive_arduino/cmake/diffdrive_arduinoConfig.cmake
[3.067s] -- Up-to-date symlink: /home/jetson/bbb_jetson_ws/install/diffdrive_arduino/share/diffdrive_arduino/cmake/diffdrive_arduinoConfig-version.cmake
[3.072s] -- Up-to-date symlink: /home/jetson/bbb_jetson_ws/install/diffdrive_arduino/share/diffdrive_arduino/package.xml
[3.089s] Invoked command in '/home/jetson/bbb_jetson_ws/build/diffdrive_arduino' returned '0': CMAKE_PREFIX_PATH=/home/jetson/bbb_jetson_ws/install/serial:/home/jetson/bbb_jetson_ws/install/diffdrive_arduino:/home/jetson/bbb_jetson_ws/install/ros2_laser_scan_matcher:/home/jetson/bbb_jetson_ws/install/micro_ros_setup:/home/jetson/bbb_jetson_ws/install/csm:/home/jetson/bbb_jetson_ws/install/bbb_robot:/home/jetson/bbb_jetson_ws/install/bbb_package:/opt/ros/foxy /usr/bin/cmake --install /home/jetson/bbb_jetson_ws/build/diffdrive_arduino
