[1.316s] Invoking command in '/home/jetson/bbb_jetson_ws/build/serial': CMAKE_PREFIX_PATH=/opt/ros/foxy /usr/bin/cmake --build /home/jetson/bbb_jetson_ws/build/serial -- -j4 -l4
[1.485s] [ 28%] Built target serial
[1.525s] [ 42%] Built target gtest_main
[1.525s] [ 57%] Built target gtest
[1.617s] [ 71%] Built target serial_example
[1.636s] [100%] Built target serial-test-timer
[1.637s] [100%] Built target serial-test
[1.699s] Invoked command in '/home/jetson/bbb_jetson_ws/build/serial' returned '0': CMAKE_PREFIX_PATH=/opt/ros/foxy /usr/bin/cmake --build /home/jetson/bbb_jetson_ws/build/serial -- -j4 -l4
[2.704s] Invoking command in '/home/jetson/bbb_jetson_ws/build/serial': CMAKE_PREFIX_PATH=/opt/ros/foxy /usr/bin/cmake --install /home/jetson/bbb_jetson_ws/build/serial
[2.745s] -- Install configuration: ""
[2.749s] -- Execute custom install script
[2.750s] -- Up-to-date symlink: /home/jetson/bbb_jetson_ws/install/serial/lib/libserial.a
[2.750s] -- Up-to-date symlink: /home/jetson/bbb_jetson_ws/install/serial/include/serial/serial.h
[2.751s] -- Up-to-date symlink: /home/jetson/bbb_jetson_ws/install/serial/include/serial/v8stdint.h
[2.751s] -- Up-to-date symlink: /home/jetson/bbb_jetson_ws/install/serial/share/serial/environment/library_path.sh
[2.752s] -- Up-to-date symlink: /home/jetson/bbb_jetson_ws/install/serial/share/serial/environment/library_path.dsv
[2.788s] -- Up-to-date symlink: /home/jetson/bbb_jetson_ws/install/serial/share/ament_index/resource_index/package_run_dependencies/serial
[2.789s] -- Up-to-date symlink: /home/jetson/bbb_jetson_ws/install/serial/share/ament_index/resource_index/parent_prefix_path/serial
[2.790s] -- Up-to-date symlink: /home/jetson/bbb_jetson_ws/install/serial/share/serial/environment/ament_prefix_path.sh
[2.792s] -- Up-to-date symlink: /home/jetson/bbb_jetson_ws/install/serial/share/serial/environment/ament_prefix_path.dsv
[2.793s] -- Up-to-date symlink: /home/jetson/bbb_jetson_ws/install/serial/share/serial/environment/path.sh
[2.795s] -- Up-to-date symlink: /home/jetson/bbb_jetson_ws/install/serial/share/serial/environment/path.dsv
[2.797s] -- Up-to-date symlink: /home/jetson/bbb_jetson_ws/install/serial/share/serial/local_setup.bash
[2.799s] -- Up-to-date symlink: /home/jetson/bbb_jetson_ws/install/serial/share/serial/local_setup.sh
[2.801s] -- Up-to-date symlink: /home/jetson/bbb_jetson_ws/install/serial/share/serial/local_setup.zsh
[2.802s] -- Up-to-date symlink: /home/jetson/bbb_jetson_ws/install/serial/share/serial/local_setup.dsv
[2.804s] -- Symlinking: /home/jetson/bbb_jetson_ws/install/serial/share/serial/package.dsv
[2.805s] -- Up-to-date symlink: /home/jetson/bbb_jetson_ws/install/serial/share/ament_index/resource_index/packages/serial
[2.806s] -- Up-to-date symlink: /home/jetson/bbb_jetson_ws/install/serial/share/serial/cmake/ament_cmake_export_include_directories-extras.cmake
[2.808s] -- Up-to-date symlink: /home/jetson/bbb_jetson_ws/install/serial/share/serial/cmake/ament_cmake_export_libraries-extras.cmake
[2.810s] -- Up-to-date symlink: /home/jetson/bbb_jetson_ws/install/serial/share/serial/cmake/serialConfig.cmake
[2.811s] -- Up-to-date symlink: /home/jetson/bbb_jetson_ws/install/serial/share/serial/cmake/serialConfig-version.cmake
[2.812s] -- Up-to-date symlink: /home/jetson/bbb_jetson_ws/install/serial/share/serial/package.xml
[3.802s] Invoked command in '/home/jetson/bbb_jetson_ws/build/serial' returned '0': CMAKE_PREFIX_PATH=/opt/ros/foxy /usr/bin/cmake --install /home/jetson/bbb_jetson_ws/build/serial
