[0.813s] Invoking command in '/home/jetson/bbb_jetson_ws/build/bbb_package': CMAKE_PREFIX_PATH=/home/jetson/bbb_jetson_ws/install/serial:/home/jetson/bbb_jetson_ws/install/ros2_laser_scan_matcher:/home/jetson/bbb_jetson_ws/install/diffdrive_arduino:/home/jetson/bbb_jetson_ws/install/bbb_package:/home/jetson/bbb_jetson_ws/install/micro_ros_setup:/home/jetson/bbb_jetson_ws/install/csm:/home/jetson/bbb_jetson_ws/install/bbb_robot:/opt/ros/foxy /usr/bin/cmake --build /home/jetson/bbb_jetson_ws/build/bbb_package -- -j4 -l4
[1.070s] [35m[1mScanning dependencies of target read_IMU[0m
[1.365s] [ 10%] Built target pid_node
[1.521s] [ 20%] Built target read_lidar
[1.551s] [ 30%] Built target delta_angle_node
[1.589s] [ 35%] [32mBuilding CXX object CMakeFiles/read_IMU.dir/src/read_IMU.cpp.o[0m
[1.935s] [ 45%] Built target tune_fuzzy_node
[1.954s] [ 55%] Built target tune_node
[2.093s] [ 65%] Built target fuzzy_longitudinal_controllers
[2.329s] [ 75%] Built target straight_line_node
[2.344s] [ 85%] Built target circumference_node
[2.435s] [ 95%] Built target sinusoidal_node
[7.429s] In file included from [01m[K/opt/ros/foxy/include/rclcpp/service.hpp:34[m[K,
[7.434s]                  from [01m[K/opt/ros/foxy/include/rclcpp/callback_group.hpp:25[m[K,
[7.435s]                  from [01m[K/opt/ros/foxy/include/rclcpp/any_executable.hpp:20[m[K,
[7.437s]                  from [01m[K/opt/ros/foxy/include/rclcpp/memory_strategy.hpp:24[m[K,
[7.443s]                  from [01m[K/opt/ros/foxy/include/rclcpp/memory_strategies.hpp:18[m[K,
[7.444s]                  from [01m[K/opt/ros/foxy/include/rclcpp/executor_options.hpp:20[m[K,
[7.445s]                  from [01m[K/opt/ros/foxy/include/rclcpp/executor.hpp:33[m[K,
[7.446s]                  from [01m[K/opt/ros/foxy/include/rclcpp/executors/multi_threaded_executor.hpp:26[m[K,
[7.447s]                  from [01m[K/opt/ros/foxy/include/rclcpp/executors.hpp:21[m[K,
[7.448s]                  from [01m[K/opt/ros/foxy/include/rclcpp/rclcpp.hpp:146[m[K,
[7.451s]                  from [01m[K/home/jetson/bbb_jetson_ws/src/bbb_package/src/read_IMU.cpp:11[m[K:
[7.453s] [01m[K/home/jetson/bbb_jetson_ws/src/bbb_package/src/read_IMU.cpp:[m[K In function ‘[01m[Kint main(int, char**)[m[K’:
[7.453s] [01m[K/home/jetson/bbb_jetson_ws/src/bbb_package/src/read_IMU.cpp:153:34:[m[K [01;31m[Kerror: [m[Kinvalid use of ‘[01m[Kthis[m[K’ in non-member function
[7.454s]   153 |             } else {RCLCPP_ERROR([01;31m[Kthis[m[K->get_logger(), "yaw error ");}
[7.456s]       |                                  [01;31m[K^~~~[m[K
[7.458s] [01m[K/home/jetson/bbb_jetson_ws/src/bbb_package/src/read_IMU.cpp:153:34:[m[K [01;31m[Kerror: [m[Kinvalid use of ‘[01m[Kthis[m[K’ in non-member function
[7.458s] [01m[K/home/jetson/bbb_jetson_ws/src/bbb_package/src/read_IMU.cpp:153:21:[m[K [01;31m[Kerror: [m[Ktemplate argument 1 is invalid
[7.460s]   153 |             } else {[01;31m[KRCLCPP_ERROR[m[K(this->get_logger(), "yaw error ");}
[7.461s]       |                     [01;31m[K^~~~~~~~~~~~[m[K
[7.462s] [01m[K/home/jetson/bbb_jetson_ws/src/bbb_package/src/read_IMU.cpp:153:21:[m[K [01;31m[Kerror: [m[Ktemplate argument 1 is invalid
[7.463s]   153 |             } else {[01;31m[KRCLCPP_ERROR[m[K(this->get_logger(), "yaw error ");}
[7.464s]       |                     [01;31m[K^~~~~~~~~~~~[m[K
[7.465s] [01m[K/home/jetson/bbb_jetson_ws/src/bbb_package/src/read_IMU.cpp:153:21:[m[K [01;31m[Kerror: [m[Ktemplate argument 1 is invalid
[7.466s]   153 |             } else {[01;31m[KRCLCPP_ERROR[m[K(this->get_logger(), "yaw error ");}
[7.467s]       |                     [01;31m[K^~~~~~~~~~~~[m[K
[7.468s] In file included from [01m[K/opt/ros/foxy/include/rclcpp/client.hpp:40[m[K,
[7.468s]                  from [01m[K/opt/ros/foxy/include/rclcpp/callback_group.hpp:23[m[K,
[7.469s]                  from [01m[K/opt/ros/foxy/include/rclcpp/any_executable.hpp:20[m[K,
[7.470s]                  from [01m[K/opt/ros/foxy/include/rclcpp/memory_strategy.hpp:24[m[K,
[7.471s]                  from [01m[K/opt/ros/foxy/include/rclcpp/memory_strategies.hpp:18[m[K,
[7.472s]                  from [01m[K/opt/ros/foxy/include/rclcpp/executor_options.hpp:20[m[K,
[7.473s]                  from [01m[K/opt/ros/foxy/include/rclcpp/executor.hpp:33[m[K,
[7.474s]                  from [01m[K/opt/ros/foxy/include/rclcpp/executors/multi_threaded_executor.hpp:26[m[K,
[7.475s]                  from [01m[K/opt/ros/foxy/include/rclcpp/executors.hpp:21[m[K,
[7.476s]                  from [01m[K/opt/ros/foxy/include/rclcpp/rclcpp.hpp:146[m[K,
[7.477s]                  from [01m[K/home/jetson/bbb_jetson_ws/src/bbb_package/src/read_IMU.cpp:11[m[K:
[7.478s] [01m[K/home/jetson/bbb_jetson_ws/src/bbb_package/src/read_IMU.cpp:153:34:[m[K [01;31m[Kerror: [m[Kinvalid use of ‘[01m[Kthis[m[K’ in non-member function
[7.479s]   153 |             } else {RCLCPP_ERROR([01;31m[Kthis[m[K->get_logger(), "yaw error ");}
[7.480s]       |                                  [01;31m[K^~~~[m[K
[7.481s] [01m[K/home/jetson/bbb_jetson_ws/src/bbb_package/src/read_IMU.cpp:153:34:[m[K [01;31m[Kerror: [m[Kinvalid use of ‘[01m[Kthis[m[K’ in non-member function
[7.482s]   153 |             } else {RCLCPP_ERROR([01;31m[Kthis[m[K->get_logger(), "yaw error ");}
[7.482s]       |                                  [01;31m[K^~~~[m[K
[7.483s] In file included from [01m[K/opt/ros/foxy/include/rclcpp/service.hpp:34[m[K,
[7.484s]                  from [01m[K/opt/ros/foxy/include/rclcpp/callback_group.hpp:25[m[K,
[7.485s]                  from [01m[K/opt/ros/foxy/include/rclcpp/any_executable.hpp:20[m[K,
[7.486s]                  from [01m[K/opt/ros/foxy/include/rclcpp/memory_strategy.hpp:24[m[K,
[7.487s]                  from [01m[K/opt/ros/foxy/include/rclcpp/memory_strategies.hpp:18[m[K,
[7.488s]                  from [01m[K/opt/ros/foxy/include/rclcpp/executor_options.hpp:20[m[K,
[7.489s]                  from [01m[K/opt/ros/foxy/include/rclcpp/executor.hpp:33[m[K,
[7.490s]                  from [01m[K/opt/ros/foxy/include/rclcpp/executors/multi_threaded_executor.hpp:26[m[K,
[7.491s]                  from [01m[K/opt/ros/foxy/include/rclcpp/executors.hpp:21[m[K,
[7.492s]                  from [01m[K/opt/ros/foxy/include/rclcpp/rclcpp.hpp:146[m[K,
[7.493s]                  from [01m[K/home/jetson/bbb_jetson_ws/src/bbb_package/src/read_IMU.cpp:11[m[K:
[7.494s] [01m[K/home/jetson/bbb_jetson_ws/src/bbb_package/src/read_IMU.cpp:157:33:[m[K [01;31m[Kerror: [m[Kinvalid use of ‘[01m[Kthis[m[K’ in non-member function
[7.495s]   157 |                     RCLCPP_INFO([01;31m[Kthis[m[K->get_logger(), "init_yaw_0 = %lf ", init_yaw);
[7.496s]       |                                 [01;31m[K^~~~[m[K
[7.497s] [01m[K/home/jetson/bbb_jetson_ws/src/bbb_package/src/read_IMU.cpp:157:33:[m[K [01;31m[Kerror: [m[Kinvalid use of ‘[01m[Kthis[m[K’ in non-member function
[7.498s] [01m[K/home/jetson/bbb_jetson_ws/src/bbb_package/src/read_IMU.cpp:157:21:[m[K [01;31m[Kerror: [m[Ktemplate argument 1 is invalid
[7.498s]   157 |                     [01;31m[KRCLCPP_INFO[m[K(this->get_logger(), "init_yaw_0 = %lf ", init_yaw);
[7.500s]       |                     [01;31m[K^~~~~~~~~~~[m[K
[7.501s] [01m[K/home/jetson/bbb_jetson_ws/src/bbb_package/src/read_IMU.cpp:157:21:[m[K [01;31m[Kerror: [m[Ktemplate argument 1 is invalid
[7.502s]   157 |                     [01;31m[KRCLCPP_INFO[m[K(this->get_logger(), "init_yaw_0 = %lf ", init_yaw);
[7.503s]       |                     [01;31m[K^~~~~~~~~~~[m[K
[7.504s] [01m[K/home/jetson/bbb_jetson_ws/src/bbb_package/src/read_IMU.cpp:157:21:[m[K [01;31m[Kerror: [m[Ktemplate argument 1 is invalid
[7.505s]   157 |                     [01;31m[KRCLCPP_INFO[m[K(this->get_logger(), "init_yaw_0 = %lf ", init_yaw);
[7.506s]       |                     [01;31m[K^~~~~~~~~~~[m[K
[7.507s] In file included from [01m[K/opt/ros/foxy/include/rclcpp/client.hpp:40[m[K,
[7.508s]                  from [01m[K/opt/ros/foxy/include/rclcpp/callback_group.hpp:23[m[K,
[7.509s]                  from [01m[K/opt/ros/foxy/include/rclcpp/any_executable.hpp:20[m[K,
[7.511s]                  from [01m[K/opt/ros/foxy/include/rclcpp/memory_strategy.hpp:24[m[K,
[7.512s]                  from [01m[K/opt/ros/foxy/include/rclcpp/memory_strategies.hpp:18[m[K,
[7.513s]                  from [01m[K/opt/ros/foxy/include/rclcpp/executor_options.hpp:20[m[K,
[7.514s]                  from [01m[K/opt/ros/foxy/include/rclcpp/executor.hpp:33[m[K,
[7.515s]                  from [01m[K/opt/ros/foxy/include/rclcpp/executors/multi_threaded_executor.hpp:26[m[K,
[7.516s]                  from [01m[K/opt/ros/foxy/include/rclcpp/executors.hpp:21[m[K,
[7.518s]                  from [01m[K/opt/ros/foxy/include/rclcpp/rclcpp.hpp:146[m[K,
[7.519s]                  from [01m[K/home/jetson/bbb_jetson_ws/src/bbb_package/src/read_IMU.cpp:11[m[K:
[7.520s] [01m[K/home/jetson/bbb_jetson_ws/src/bbb_package/src/read_IMU.cpp:157:33:[m[K [01;31m[Kerror: [m[Kinvalid use of ‘[01m[Kthis[m[K’ in non-member function
[7.521s]   157 |                     RCLCPP_INFO([01;31m[Kthis[m[K->get_logger(), "init_yaw_0 = %lf ", init_yaw);
[7.522s]       |                                 [01;31m[K^~~~[m[K
[7.524s] [01m[K/home/jetson/bbb_jetson_ws/src/bbb_package/src/read_IMU.cpp:157:33:[m[K [01;31m[Kerror: [m[Kinvalid use of ‘[01m[Kthis[m[K’ in non-member function
[7.525s]   157 |                     RCLCPP_INFO([01;31m[Kthis[m[K->get_logger(), "init_yaw_0 = %lf ", init_yaw);
[7.525s]       |                                 [01;31m[K^~~~[m[K
[7.527s] In file included from [01m[K/opt/ros/foxy/include/rclcpp/service.hpp:34[m[K,
[7.528s]                  from [01m[K/opt/ros/foxy/include/rclcpp/callback_group.hpp:25[m[K,
[7.530s]                  from [01m[K/opt/ros/foxy/include/rclcpp/any_executable.hpp:20[m[K,
[7.531s]                  from [01m[K/opt/ros/foxy/include/rclcpp/memory_strategy.hpp:24[m[K,
[7.533s]                  from [01m[K/opt/ros/foxy/include/rclcpp/memory_strategies.hpp:18[m[K,
[7.534s]                  from [01m[K/opt/ros/foxy/include/rclcpp/executor_options.hpp:20[m[K,
[7.535s]                  from [01m[K/opt/ros/foxy/include/rclcpp/executor.hpp:33[m[K,
[7.536s]                  from [01m[K/opt/ros/foxy/include/rclcpp/executors/multi_threaded_executor.hpp:26[m[K,
[7.537s]                  from [01m[K/opt/ros/foxy/include/rclcpp/executors.hpp:21[m[K,
[7.538s]                  from [01m[K/opt/ros/foxy/include/rclcpp/rclcpp.hpp:146[m[K,
[7.539s]                  from [01m[K/home/jetson/bbb_jetson_ws/src/bbb_package/src/read_IMU.cpp:11[m[K:
[7.540s] [01m[K/home/jetson/bbb_jetson_ws/src/bbb_package/src/read_IMU.cpp:160:33:[m[K [01;31m[Kerror: [m[Kinvalid use of ‘[01m[Kthis[m[K’ in non-member function
[7.541s]   160 |                     RCLCPP_INFO([01;31m[Kthis[m[K->get_logger(), "init_yaw_1 = %lf ", init_yaw);
[7.542s]       |                                 [01;31m[K^~~~[m[K
[7.542s] [01m[K/home/jetson/bbb_jetson_ws/src/bbb_package/src/read_IMU.cpp:160:33:[m[K [01;31m[Kerror: [m[Kinvalid use of ‘[01m[Kthis[m[K’ in non-member function
[7.544s] [01m[K/home/jetson/bbb_jetson_ws/src/bbb_package/src/read_IMU.cpp:160:21:[m[K [01;31m[Kerror: [m[Ktemplate argument 1 is invalid
[7.545s]   160 |                     [01;31m[KRCLCPP_INFO[m[K(this->get_logger(), "init_yaw_1 = %lf ", init_yaw);
[7.545s]       |                     [01;31m[K^~~~~~~~~~~[m[K
[7.546s] [01m[K/home/jetson/bbb_jetson_ws/src/bbb_package/src/read_IMU.cpp:160:21:[m[K [01;31m[Kerror: [m[Ktemplate argument 1 is invalid
[7.547s]   160 |                     [01;31m[KRCLCPP_INFO[m[K(this->get_logger(), "init_yaw_1 = %lf ", init_yaw);
[7.548s]       |                     [01;31m[K^~~~~~~~~~~[m[K
[7.549s] [01m[K/home/jetson/bbb_jetson_ws/src/bbb_package/src/read_IMU.cpp:160:21:[m[K [01;31m[Kerror: [m[Ktemplate argument 1 is invalid
[7.550s]   160 |                     [01;31m[KRCLCPP_INFO[m[K(this->get_logger(), "init_yaw_1 = %lf ", init_yaw);
[7.551s]       |                     [01;31m[K^~~~~~~~~~~[m[K
[7.552s] In file included from [01m[K/opt/ros/foxy/include/rclcpp/client.hpp:40[m[K,
[7.553s]                  from [01m[K/opt/ros/foxy/include/rclcpp/callback_group.hpp:23[m[K,
[7.554s]                  from [01m[K/opt/ros/foxy/include/rclcpp/any_executable.hpp:20[m[K,
[7.555s]                  from [01m[K/opt/ros/foxy/include/rclcpp/memory_strategy.hpp:24[m[K,
[7.555s]                  from [01m[K/opt/ros/foxy/include/rclcpp/memory_strategies.hpp:18[m[K,
[7.557s]                  from [01m[K/opt/ros/foxy/include/rclcpp/executor_options.hpp:20[m[K,
[7.557s]                  from [01m[K/opt/ros/foxy/include/rclcpp/executor.hpp:33[m[K,
[7.558s]                  from [01m[K/opt/ros/foxy/include/rclcpp/executors/multi_threaded_executor.hpp:26[m[K,
[7.559s]                  from [01m[K/opt/ros/foxy/include/rclcpp/executors.hpp:21[m[K,
[7.560s]                  from [01m[K/opt/ros/foxy/include/rclcpp/rclcpp.hpp:146[m[K,
[7.561s]                  from [01m[K/home/jetson/bbb_jetson_ws/src/bbb_package/src/read_IMU.cpp:11[m[K:
[7.562s] [01m[K/home/jetson/bbb_jetson_ws/src/bbb_package/src/read_IMU.cpp:160:33:[m[K [01;31m[Kerror: [m[Kinvalid use of ‘[01m[Kthis[m[K’ in non-member function
[7.563s]   160 |                     RCLCPP_INFO([01;31m[Kthis[m[K->get_logger(), "init_yaw_1 = %lf ", init_yaw);
[7.564s]       |                                 [01;31m[K^~~~[m[K
[7.565s] [01m[K/home/jetson/bbb_jetson_ws/src/bbb_package/src/read_IMU.cpp:160:33:[m[K [01;31m[Kerror: [m[Kinvalid use of ‘[01m[Kthis[m[K’ in non-member function
[7.566s]   160 |                     RCLCPP_INFO([01;31m[Kthis[m[K->get_logger(), "init_yaw_1 = %lf ", init_yaw);
[7.567s]       |                                 [01;31m[K^~~~[m[K
[7.568s] In file included from [01m[K/opt/ros/foxy/include/rclcpp/service.hpp:34[m[K,
[7.569s]                  from [01m[K/opt/ros/foxy/include/rclcpp/callback_group.hpp:25[m[K,
[7.570s]                  from [01m[K/opt/ros/foxy/include/rclcpp/any_executable.hpp:20[m[K,
[7.571s]                  from [01m[K/opt/ros/foxy/include/rclcpp/memory_strategy.hpp:24[m[K,
[7.572s]                  from [01m[K/opt/ros/foxy/include/rclcpp/memory_strategies.hpp:18[m[K,
[7.573s]                  from [01m[K/opt/ros/foxy/include/rclcpp/executor_options.hpp:20[m[K,
[7.574s]                  from [01m[K/opt/ros/foxy/include/rclcpp/executor.hpp:33[m[K,
[7.575s]                  from [01m[K/opt/ros/foxy/include/rclcpp/executors/multi_threaded_executor.hpp:26[m[K,
[7.576s]                  from [01m[K/opt/ros/foxy/include/rclcpp/executors.hpp:21[m[K,
[7.577s]                  from [01m[K/opt/ros/foxy/include/rclcpp/rclcpp.hpp:146[m[K,
[7.578s]                  from [01m[K/home/jetson/bbb_jetson_ws/src/bbb_package/src/read_IMU.cpp:11[m[K:
[7.580s] [01m[K/home/jetson/bbb_jetson_ws/src/bbb_package/src/read_IMU.cpp:170:33:[m[K [01;31m[Kerror: [m[Kinvalid use of ‘[01m[Kthis[m[K’ in non-member function
[7.584s]   170 |                     RCLCPP_INFO([01;31m[Kthis[m[K->get_logger(), "yaw = %lf ", yaw);
[7.585s]       |                                 [01;31m[K^~~~[m[K
[7.586s] [01m[K/home/jetson/bbb_jetson_ws/src/bbb_package/src/read_IMU.cpp:170:33:[m[K [01;31m[Kerror: [m[Kinvalid use of ‘[01m[Kthis[m[K’ in non-member function
[7.587s] [01m[K/home/jetson/bbb_jetson_ws/src/bbb_package/src/read_IMU.cpp:170:21:[m[K [01;31m[Kerror: [m[Ktemplate argument 1 is invalid
[7.589s]   170 |                     [01;31m[KRCLCPP_INFO[m[K(this->get_logger(), "yaw = %lf ", yaw);
[7.590s]       |                     [01;31m[K^~~~~~~~~~~[m[K
[7.591s] [01m[K/home/jetson/bbb_jetson_ws/src/bbb_package/src/read_IMU.cpp:170:21:[m[K [01;31m[Kerror: [m[Ktemplate argument 1 is invalid
[7.592s]   170 |                     [01;31m[KRCLCPP_INFO[m[K(this->get_logger(), "yaw = %lf ", yaw);
[7.593s]       |                     [01;31m[K^~~~~~~~~~~[m[K
[7.594s] [01m[K/home/jetson/bbb_jetson_ws/src/bbb_package/src/read_IMU.cpp:170:21:[m[K [01;31m[Kerror: [m[Ktemplate argument 1 is invalid
[7.596s]   170 |                     [01;31m[KRCLCPP_INFO[m[K(this->get_logger(), "yaw = %lf ", yaw);
[7.597s]       |                     [01;31m[K^~~~~~~~~~~[m[K
[7.598s] In file included from [01m[K/opt/ros/foxy/include/rclcpp/client.hpp:40[m[K,
[7.599s]                  from [01m[K/opt/ros/foxy/include/rclcpp/callback_group.hpp:23[m[K,
[7.600s]                  from [01m[K/opt/ros/foxy/include/rclcpp/any_executable.hpp:20[m[K,
[7.601s]                  from [01m[K/opt/ros/foxy/include/rclcpp/memory_strategy.hpp:24[m[K,
[7.602s]                  from [01m[K/opt/ros/foxy/include/rclcpp/memory_strategies.hpp:18[m[K,
[7.603s]                  from [01m[K/opt/ros/foxy/include/rclcpp/executor_options.hpp:20[m[K,
[7.604s]                  from [01m[K/opt/ros/foxy/include/rclcpp/executor.hpp:33[m[K,
[7.605s]                  from [01m[K/opt/ros/foxy/include/rclcpp/executors/multi_threaded_executor.hpp:26[m[K,
[7.606s]                  from [01m[K/opt/ros/foxy/include/rclcpp/executors.hpp:21[m[K,
[7.607s]                  from [01m[K/opt/ros/foxy/include/rclcpp/rclcpp.hpp:146[m[K,
[7.608s]                  from [01m[K/home/jetson/bbb_jetson_ws/src/bbb_package/src/read_IMU.cpp:11[m[K:
[7.609s] [01m[K/home/jetson/bbb_jetson_ws/src/bbb_package/src/read_IMU.cpp:170:33:[m[K [01;31m[Kerror: [m[Kinvalid use of ‘[01m[Kthis[m[K’ in non-member function
[7.610s]   170 |                     RCLCPP_INFO([01;31m[Kthis[m[K->get_logger(), "yaw = %lf ", yaw);
[7.612s]       |                                 [01;31m[K^~~~[m[K
[7.613s] [01m[K/home/jetson/bbb_jetson_ws/src/bbb_package/src/read_IMU.cpp:170:33:[m[K [01;31m[Kerror: [m[Kinvalid use of ‘[01m[Kthis[m[K’ in non-member function
[7.614s]   170 |                     RCLCPP_INFO([01;31m[Kthis[m[K->get_logger(), "yaw = %lf ", yaw);
[7.614s]       |                                 [01;31m[K^~~~[m[K
[7.616s] [01m[K/home/jetson/bbb_jetson_ws/src/bbb_package/src/read_IMU.cpp:177:1:[m[K [01;31m[Kerror: [m[Kexpected ‘[01m[K}[m[K’ at end of input
[7.617s]   177 | [01;31m[K}[m[K
[7.618s]       | [01;31m[K^[m[K
[7.619s] [01m[K/home/jetson/bbb_jetson_ws/src/bbb_package/src/read_IMU.cpp:133:34:[m[K [01;36m[Knote: [m[Kto match this ‘[01m[K{[m[K’
[7.620s]   133 | int main(int argc, char *argv[]) [01;36m[K{[m[K
[7.621s]       |                                  [01;36m[K^[m[K
[10.812s] make[2]: *** [CMakeFiles/read_IMU.dir/build.make:63: CMakeFiles/read_IMU.dir/src/read_IMU.cpp.o] Error 1
[10.814s] make[1]: *** [CMakeFiles/Makefile2:96: CMakeFiles/read_IMU.dir/all] Error 2
[10.816s] make: *** [Makefile:141: all] Error 2
[10.823s] Invoked command in '/home/jetson/bbb_jetson_ws/build/bbb_package' returned '2': CMAKE_PREFIX_PATH=/home/jetson/bbb_jetson_ws/install/serial:/home/jetson/bbb_jetson_ws/install/ros2_laser_scan_matcher:/home/jetson/bbb_jetson_ws/install/diffdrive_arduino:/home/jetson/bbb_jetson_ws/install/bbb_package:/home/jetson/bbb_jetson_ws/install/micro_ros_setup:/home/jetson/bbb_jetson_ws/install/csm:/home/jetson/bbb_jetson_ws/install/bbb_robot:/opt/ros/foxy /usr/bin/cmake --build /home/jetson/bbb_jetson_ws/build/bbb_package -- -j4 -l4
