[0.080s] Invoking command in '/home/jetson/bbb_jetson_ws/build/serial': CMAKE_PREFIX_PATH=${CMAKE_PREFIX_PATH}:/opt/ros/foxy /usr/bin/cmake /home/jetson/bbb_jetson_ws/src/serial -DCMAKE_INSTALL_PREFIX=/home/jetson/bbb_jetson_ws/install/serial
[0.690s] -- The C compiler identification is GNU 9.4.0
[1.073s] -- The CXX compiler identification is GNU 9.4.0
[1.109s] -- Check for working C compiler: /usr/bin/cc
[1.522s] -- Check for working C compiler: /usr/bin/cc -- works
[1.533s] -- Detecting C compiler ABI info
[2.052s] -- Detecting C compiler ABI info - done
[2.178s] -- Detecting C compile features
[2.181s] -- Detecting C compile features - done
[2.200s] -- Check for working CXX compiler: /usr/bin/c++
[2.701s] -- Check for working CXX compiler: /usr/bin/c++ -- works
[2.710s] -- Detecting CXX compiler ABI info
[3.313s] -- Detecting CXX compiler ABI info - done
[3.430s] -- Detecting CXX compile features
[3.436s] -- Detecting CXX compile features - done
[3.468s] -- Found ament_cmake: 0.9.12 (/opt/ros/foxy/share/ament_cmake/cmake)
[3.642s] -- Found PythonInterp: /usr/bin/python3 (found suitable version "3.8.10", minimum required is "3") 
[3.643s] -- Using PYTHON_EXECUTABLE: /usr/bin/python3
[5.139s] -- Found ament_cmake_gtest: 0.9.12 (/opt/ros/foxy/share/ament_cmake_gtest/cmake)
[5.222s] -- Found Boost: /usr/lib/aarch64-linux-gnu/cmake/Boost-1.71.0/BoostConfig.cmake (found version "1.71.0")  
[5.260s] -- Found gtest sources under '/opt/ros/foxy/src/gtest_vendor': C++ tests using 'Google Test' will be built
[5.272s] -- Looking for pthread.h
[5.692s] -- Looking for pthread.h - found
[5.702s] -- Performing Test CMAKE_HAVE_LIBC_PTHREAD
[6.143s] -- Performing Test CMAKE_HAVE_LIBC_PTHREAD - Failed
[6.144s] -- Check if compiler accepts -pthread
[6.620s] -- Check if compiler accepts -pthread - yes
[6.634s] -- Found Threads: TRUE  
[7.072s] -- Configuring done
[7.152s] -- Generating done
[7.164s] -- Build files have been written to: /home/jetson/bbb_jetson_ws/build/serial
[7.194s] Invoked command in '/home/jetson/bbb_jetson_ws/build/serial' returned '0': CMAKE_PREFIX_PATH=${CMAKE_PREFIX_PATH}:/opt/ros/foxy /usr/bin/cmake /home/jetson/bbb_jetson_ws/src/serial -DCMAKE_INSTALL_PREFIX=/home/jetson/bbb_jetson_ws/install/serial
[7.204s] Invoking command in '/home/jetson/bbb_jetson_ws/build/serial': CMAKE_PREFIX_PATH=${CMAKE_PREFIX_PATH}:/opt/ros/foxy /usr/bin/cmake --build /home/jetson/bbb_jetson_ws/build/serial -- -j4 -l4
[7.365s] [35m[1mScanning dependencies of target serial[0m
[7.387s] [35m[1mScanning dependencies of target gtest[0m
[7.424s] [35m[1mScanning dependencies of target gtest_main[0m
[7.529s] [  7%] [32mBuilding CXX object CMakeFiles/serial.dir/src/impl/unix.cc.o[0m
[7.540s] [ 14%] [32mBuilding CXX object CMakeFiles/serial.dir/src/serial.cc.o[0m
[7.614s] [ 21%] [32mBuilding CXX object gtest/CMakeFiles/gtest_main.dir/src/gtest_main.cc.o[0m
[7.663s] [ 28%] [32mBuilding CXX object gtest/CMakeFiles/gtest.dir/src/gtest-all.cc.o[0m
[10.248s] [ 35%] [32mBuilding CXX object CMakeFiles/serial.dir/src/impl/list_ports/list_ports_linux.cc.o[0m
[12.026s] [ 42%] [32m[1mLinking CXX static library libgtest_main.a[0m
[12.220s] [ 42%] Built target gtest_main
[12.505s] [ 50%] [32m[1mLinking CXX static library libserial.a[0m
[12.704s] [ 50%] Built target serial
[12.813s] [35m[1mScanning dependencies of target serial_example[0m
[12.944s] [ 57%] [32mBuilding CXX object CMakeFiles/serial_example.dir/examples/serial_example.cc.o[0m
[16.515s] [ 64%] [32m[1mLinking CXX executable serial_example[0m
[16.952s] [ 64%] Built target serial_example
[27.632s] [ 71%] [32m[1mLinking CXX static library libgtest.a[0m
[28.230s] [ 71%] Built target gtest
[28.349s] [35m[1mScanning dependencies of target serial-test-timer[0m
[28.372s] [35m[1mScanning dependencies of target serial-test[0m
[28.507s] [ 78%] [32mBuilding CXX object tests/CMakeFiles/serial-test-timer.dir/unit/unix_timer_tests.cc.o[0m
[28.586s] [ 85%] [32mBuilding CXX object tests/CMakeFiles/serial-test.dir/unix_serial_tests.cc.o[0m
[34.221s] [ 92%] [32m[1mLinking CXX executable serial-test-timer[0m
[34.235s] [100%] [32m[1mLinking CXX executable serial-test[0m
[35.493s] [100%] Built target serial-test
[35.513s] [100%] Built target serial-test-timer
[35.619s] Invoked command in '/home/jetson/bbb_jetson_ws/build/serial' returned '0': CMAKE_PREFIX_PATH=${CMAKE_PREFIX_PATH}:/opt/ros/foxy /usr/bin/cmake --build /home/jetson/bbb_jetson_ws/build/serial -- -j4 -l4
[36.167s] Invoking command in '/home/jetson/bbb_jetson_ws/build/serial': CMAKE_PREFIX_PATH=${CMAKE_PREFIX_PATH}:/opt/ros/foxy /usr/bin/cmake --install /home/jetson/bbb_jetson_ws/build/serial
[36.243s] -- Install configuration: ""
[36.258s] -- Installing: /home/jetson/bbb_jetson_ws/install/serial/share/serial/package.dsv
[36.280s] Invoked command in '/home/jetson/bbb_jetson_ws/build/serial' returned '0': CMAKE_PREFIX_PATH=${CMAKE_PREFIX_PATH}:/opt/ros/foxy /usr/bin/cmake --install /home/jetson/bbb_jetson_ws/build/serial
