[0.627s] Invoking command in '/home/jetson/bbb_jetson_ws/build/bbb_robot': CMAKE_PREFIX_PATH=${CMAKE_PREFIX_PATH}:/opt/ros/foxy /usr/bin/cmake --build /home/jetson/bbb_jetson_ws/build/bbb_robot -- -j4 -l4
[0.790s] Invoked command in '/home/jetson/bbb_jetson_ws/build/bbb_robot' returned '0': CMAKE_PREFIX_PATH=${CMAKE_PREFIX_PATH}:/opt/ros/foxy /usr/bin/cmake --build /home/jetson/bbb_jetson_ws/build/bbb_robot -- -j4 -l4
[0.945s] Invoking command in '/home/jetson/bbb_jetson_ws/build/bbb_robot': CMAKE_PREFIX_PATH=${CMAKE_PREFIX_PATH}:/opt/ros/foxy /usr/bin/cmake --install /home/jetson/bbb_jetson_ws/build/bbb_robot
[0.979s] -- Install configuration: ""
[0.981s] -- Execute custom install script
[0.984s] -- Up-to-date symlink: /home/jetson/bbb_jetson_ws/install/bbb_robot/share/bbb_robot/config/empty.yaml
[0.985s] -- Up-to-date symlink: /home/jetson/bbb_jetson_ws/install/bbb_robot/share/bbb_robot/config/gazebo_params.yaml
[0.987s] -- Up-to-date symlink: /home/jetson/bbb_jetson_ws/install/bbb_robot/share/bbb_robot/config/main.rviz
[0.988s] -- Up-to-date symlink: /home/jetson/bbb_jetson_ws/install/bbb_robot/share/bbb_robot/config/mapper_params_online_async.yaml
[0.989s] -- Up-to-date symlink: /home/jetson/bbb_jetson_ws/install/bbb_robot/share/bbb_robot/config/my_controllers.yaml
[0.991s] -- Up-to-date symlink: /home/jetson/bbb_jetson_ws/install/bbb_robot/share/bbb_robot/config/twist_mux.yaml
[0.993s] -- Up-to-date symlink: /home/jetson/bbb_jetson_ws/install/bbb_robot/share/bbb_robot/description/gazebo_control.xacro
[0.994s] -- Up-to-date symlink: /home/jetson/bbb_jetson_ws/install/bbb_robot/share/bbb_robot/description/inertial_macros.xacro
[0.995s] -- Up-to-date symlink: /home/jetson/bbb_jetson_ws/install/bbb_robot/share/bbb_robot/description/lidar2D.xacro
[0.996s] -- Up-to-date symlink: /home/jetson/bbb_jetson_ws/install/bbb_robot/share/bbb_robot/description/robot.urdf.xacro
[0.998s] -- Up-to-date symlink: /home/jetson/bbb_jetson_ws/install/bbb_robot/share/bbb_robot/description/robot_core_differential_robot.xacro
[0.999s] -- Up-to-date symlink: /home/jetson/bbb_jetson_ws/install/bbb_robot/share/bbb_robot/description/robot_core_four_wheel.xacro
[0.999s] -- Up-to-date symlink: /home/jetson/bbb_jetson_ws/install/bbb_robot/share/bbb_robot/description/ros2_control.xacro
[1.001s] -- Up-to-date symlink: /home/jetson/bbb_jetson_ws/install/bbb_robot/share/bbb_robot/launch/launch_robot.launch.py
[1.002s] -- Up-to-date symlink: /home/jetson/bbb_jetson_ws/install/bbb_robot/share/bbb_robot/launch/launch_robot_control.launch.py
[1.002s] -- Up-to-date symlink: /home/jetson/bbb_jetson_ws/install/bbb_robot/share/bbb_robot/launch/launch_sim.launch.py
[1.003s] -- Up-to-date symlink: /home/jetson/bbb_jetson_ws/install/bbb_robot/share/bbb_robot/launch/launch_toolbox.launch.py
[1.004s] -- Up-to-date symlink: /home/jetson/bbb_jetson_ws/install/bbb_robot/share/bbb_robot/launch/rsp.launch.py
[1.005s] -- Up-to-date symlink: /home/jetson/bbb_jetson_ws/install/bbb_robot/share/bbb_robot/worlds/empty.world
[1.005s] -- Up-to-date symlink: /home/jetson/bbb_jetson_ws/install/bbb_robot/share/bbb_robot/worlds/virtual.world
[1.006s] -- Up-to-date symlink: /home/jetson/bbb_jetson_ws/install/bbb_robot/share/ament_index/resource_index/package_run_dependencies/bbb_robot
[1.007s] -- Up-to-date symlink: /home/jetson/bbb_jetson_ws/install/bbb_robot/share/ament_index/resource_index/parent_prefix_path/bbb_robot
[1.008s] -- Up-to-date symlink: /home/jetson/bbb_jetson_ws/install/bbb_robot/share/bbb_robot/environment/ament_prefix_path.sh
[1.009s] -- Up-to-date symlink: /home/jetson/bbb_jetson_ws/install/bbb_robot/share/bbb_robot/environment/ament_prefix_path.dsv
[1.012s] -- Up-to-date symlink: /home/jetson/bbb_jetson_ws/install/bbb_robot/share/bbb_robot/environment/path.sh
[1.012s] -- Up-to-date symlink: /home/jetson/bbb_jetson_ws/install/bbb_robot/share/bbb_robot/environment/path.dsv
[1.013s] -- Up-to-date symlink: /home/jetson/bbb_jetson_ws/install/bbb_robot/share/bbb_robot/local_setup.bash
[1.014s] -- Up-to-date symlink: /home/jetson/bbb_jetson_ws/install/bbb_robot/share/bbb_robot/local_setup.sh
[1.019s] -- Up-to-date symlink: /home/jetson/bbb_jetson_ws/install/bbb_robot/share/bbb_robot/local_setup.zsh
[1.021s] -- Up-to-date symlink: /home/jetson/bbb_jetson_ws/install/bbb_robot/share/bbb_robot/local_setup.dsv
[1.022s] -- Symlinking: /home/jetson/bbb_jetson_ws/install/bbb_robot/share/bbb_robot/package.dsv
[1.051s] -- Up-to-date symlink: /home/jetson/bbb_jetson_ws/install/bbb_robot/share/ament_index/resource_index/packages/bbb_robot
[1.052s] -- Up-to-date symlink: /home/jetson/bbb_jetson_ws/install/bbb_robot/share/bbb_robot/cmake/bbb_robotConfig.cmake
[1.053s] -- Up-to-date symlink: /home/jetson/bbb_jetson_ws/install/bbb_robot/share/bbb_robot/cmake/bbb_robotConfig-version.cmake
[1.053s] -- Up-to-date symlink: /home/jetson/bbb_jetson_ws/install/bbb_robot/share/bbb_robot/package.xml
[1.057s] Invoked command in '/home/jetson/bbb_jetson_ws/build/bbb_robot' returned '0': CMAKE_PREFIX_PATH=${CMAKE_PREFIX_PATH}:/opt/ros/foxy /usr/bin/cmake --install /home/jetson/bbb_jetson_ws/build/bbb_robot
