[0.081s] Invoking command in '/home/jetson/bbb_jetson_ws/build/csm': CMAKE_PREFIX_PATH=${CMAKE_PREFIX_PATH}:/opt/ros/foxy /usr/bin/cmake /home/jetson/bbb_jetson_ws/src/csm -DCMAKE_INSTALL_PREFIX=/home/jetson/bbb_jetson_ws/install/csm
[0.668s] -- The C compiler identification is GNU 9.4.0
[1.058s] -- The CXX compiler identification is GNU 9.4.0
[1.098s] -- Check for working C compiler: /usr/bin/cc
[1.552s] -- Check for working C compiler: /usr/bin/cc -- works
[1.564s] -- Detecting C compiler ABI info
[2.048s] -- Detecting C compiler ABI info - done
[2.152s] -- Detecting C compile features
[2.165s] -- Detecting C compile features - done
[2.188s] -- Check for working CXX compiler: /usr/bin/c++
[2.729s] -- Check for working CXX compiler: /usr/bin/c++ -- works
[2.749s] -- Detecting CXX compiler ABI info
[3.278s] -- Detecting CXX compiler ABI info - done
[3.390s] -- Detecting CXX compile features
[3.396s] -- Detecting CXX compile features - done
[3.433s] -- Found ament_cmake: 0.9.12 (/opt/ros/foxy/share/ament_cmake/cmake)
[3.601s] -- Found PythonInterp: /usr/bin/python3 (found suitable version "3.8.10", minimum required is "3") 
[3.602s] -- Using PYTHON_EXECUTABLE: /usr/bin/python3
[5.207s] -- Found rclcpp: 2.4.3 (/opt/ros/foxy/share/rclcpp/cmake)
[5.623s] -- Using all available rosidl_typesupport_c: rosidl_typesupport_fastrtps_c;rosidl_typesupport_introspection_c
[5.706s] -- Found rosidl_adapter: 1.3.1 (/opt/ros/foxy/share/rosidl_adapter/cmake)
[6.471s] -- Found OpenSSL: /usr/lib/aarch64-linux-gnu/libcrypto.so (found version "1.1.1f")  
[6.682s] -- Found FastRTPS: /opt/ros/foxy/include  
[7.230s] -- Using all available rosidl_typesupport_cpp: rosidl_typesupport_fastrtps_cpp;rosidl_typesupport_introspection_cpp
[7.826s] -- Found rmw_implementation_cmake: 1.0.4 (/opt/ros/foxy/share/rmw_implementation_cmake/cmake)
[7.843s] -- Using RMW implementation 'rmw_fastrtps_cpp' as default
[7.862s] -- Looking for pthread.h
[8.576s] -- Looking for pthread.h - found
[8.581s] -- Performing Test CMAKE_HAVE_LIBC_PTHREAD
[9.338s] -- Performing Test CMAKE_HAVE_LIBC_PTHREAD - Failed
[9.343s] -- Looking for pthread_create in pthreads
[10.166s] -- Looking for pthread_create in pthreads - not found
[10.168s] -- Looking for pthread_create in pthread
[10.578s] -- Looking for pthread_create in pthread - found
[10.596s] -- Found Threads: TRUE  
[11.967s] -- Configuring done
[12.057s] -- Generating done
[12.072s] -- Build files have been written to: /home/jetson/bbb_jetson_ws/build/csm
[12.110s] Invoked command in '/home/jetson/bbb_jetson_ws/build/csm' returned '0': CMAKE_PREFIX_PATH=${CMAKE_PREFIX_PATH}:/opt/ros/foxy /usr/bin/cmake /home/jetson/bbb_jetson_ws/src/csm -DCMAKE_INSTALL_PREFIX=/home/jetson/bbb_jetson_ws/install/csm
[12.112s] Invoking command in '/home/jetson/bbb_jetson_ws/build/csm': CMAKE_PREFIX_PATH=${CMAKE_PREFIX_PATH}:/opt/ros/foxy /usr/bin/cmake --build /home/jetson/bbb_jetson_ws/build/csm -- -j4 -l4
[12.290s] [35m[1mScanning dependencies of target csm[0m
[13.278s] [  4%] [32mBuilding CXX object CMakeFiles/csm.dir/src/csm/math_utils.cpp.o[0m
[13.279s] [  8%] [32mBuilding CXX object CMakeFiles/csm.dir/src/csm/laser_data.cpp.o[0m
[13.338s] [ 12%] [32mBuilding CXX object CMakeFiles/csm.dir/src/csm/math_utils_gsl.cpp.o[0m
[13.342s] [ 16%] [32mBuilding CXX object CMakeFiles/csm.dir/src/csm/utils.cpp.o[0m
[21.301s] [ 20%] [32mBuilding CXX object CMakeFiles/csm.dir/src/csm/logging.cpp.o[0m
[21.449s] [ 25%] [32mBuilding CXX object CMakeFiles/csm.dir/src/csm/sm_options.cpp.o[0m
[22.023s] [ 29%] [32mBuilding CXX object CMakeFiles/csm.dir/src/csm/orientation.cpp.o[0m
[22.420s] [ 33%] [32mBuilding CXX object CMakeFiles/csm.dir/src/csm/clustering.cpp.o[0m
[28.295s] [ 37%] [32mBuilding CXX object CMakeFiles/csm.dir/src/egsl/egsl.cpp.o[0m
[28.549s] [ 41%] [32mBuilding CXX object CMakeFiles/csm.dir/src/egsl/egsl_conversions.cpp.o[0m
[29.231s] [ 45%] [32mBuilding CXX object CMakeFiles/csm.dir/src/egsl/egsl_misc.cpp.o[0m
[29.698s] [ 50%] [32mBuilding CXX object CMakeFiles/csm.dir/src/egsl/egsl_ops.cpp.o[0m
[36.188s] [ 54%] [32mBuilding CXX object CMakeFiles/csm.dir/src/gpc/gpc.cpp.o[0m
[36.795s] [ 58%] [32mBuilding CXX object CMakeFiles/csm.dir/src/gpc/gpc_utils.cpp.o[0m
[37.422s] [ 62%] [32mBuilding CXX object CMakeFiles/csm.dir/src/icp/icp.cpp.o[0m
[44.611s] [ 66%] [32mBuilding CXX object CMakeFiles/csm.dir/src/icp/icp_corr_dumb.cpp.o[0m
[46.080s] [ 70%] [32mBuilding CXX object CMakeFiles/csm.dir/src/icp/icp_corr_tricks.cpp.o[0m
[48.512s] [ 75%] [32mBuilding CXX object CMakeFiles/csm.dir/src/icp/icp_covariance.cpp.o[0m
[52.321s] [ 79%] [32mBuilding CXX object CMakeFiles/csm.dir/src/icp/icp_debug.cpp.o[0m
[54.382s] [ 83%] [32mBuilding CXX object CMakeFiles/csm.dir/src/icp/icp_loop.cpp.o[0m
[55.482s] [ 87%] [32mBuilding CXX object CMakeFiles/csm.dir/src/icp/icp_outliers.cpp.o[0m
[101.656s] [ 91%] [32mBuilding CXX object CMakeFiles/csm.dir/src/options/options_interface.cpp.o[0m
[101.815s] [ 95%] [32mBuilding CXX object CMakeFiles/csm.dir/src/options/options.cpp.o[0m
[102.564s] [100%] [32m[1mLinking CXX shared library libcsm.so[0m
[103.850s] [100%] Built target csm
[103.922s] Invoked command in '/home/jetson/bbb_jetson_ws/build/csm' returned '0': CMAKE_PREFIX_PATH=${CMAKE_PREFIX_PATH}:/opt/ros/foxy /usr/bin/cmake --build /home/jetson/bbb_jetson_ws/build/csm -- -j4 -l4
[104.193s] Invoking command in '/home/jetson/bbb_jetson_ws/build/csm': CMAKE_PREFIX_PATH=${CMAKE_PREFIX_PATH}:/opt/ros/foxy /usr/bin/cmake --install /home/jetson/bbb_jetson_ws/build/csm
[104.232s] -- Install configuration: ""
[104.246s] -- Installing: /home/jetson/bbb_jetson_ws/install/csm/lib/libcsm.so
[104.286s] -- Up-to-date: /home/jetson/bbb_jetson_ws/install/csm/include/..//include
[104.287s] -- Up-to-date: /home/jetson/bbb_jetson_ws/install/csm/include/..//include/gsl_eigen
[104.298s] -- Up-to-date: /home/jetson/bbb_jetson_ws/install/csm/include/..//include/gsl_eigen/gsl_eigen.h
[104.299s] -- Up-to-date: /home/jetson/bbb_jetson_ws/install/csm/include/..//include/csm
[104.299s] -- Up-to-date: /home/jetson/bbb_jetson_ws/install/csm/include/..//include/csm/restrict.h
[104.300s] -- Up-to-date: /home/jetson/bbb_jetson_ws/install/csm/include/..//include/csm/laser_data_inline.h
[104.301s] -- Up-to-date: /home/jetson/bbb_jetson_ws/install/csm/include/..//include/csm/csm.h
[104.301s] -- Up-to-date: /home/jetson/bbb_jetson_ws/install/csm/include/..//include/csm/laser_data.h
[104.302s] -- Up-to-date: /home/jetson/bbb_jetson_ws/install/csm/include/..//include/csm/algos.h
[104.303s] -- Up-to-date: /home/jetson/bbb_jetson_ws/install/csm/share/csm/resource
[104.303s] -- Up-to-date: /home/jetson/bbb_jetson_ws/install/csm/share/csm/resource/csm
[104.304s] -- Up-to-date: /home/jetson/bbb_jetson_ws/install/csm/include/../gsl_eigen
[104.325s] -- Up-to-date: /home/jetson/bbb_jetson_ws/install/csm/include/../gsl_eigen/gsl_eigen.h
[104.326s] -- Up-to-date: /home/jetson/bbb_jetson_ws/install/csm/share/csm/environment/library_path.sh
[104.329s] -- Installing: /home/jetson/bbb_jetson_ws/install/csm/share/csm/environment/library_path.dsv
[104.329s] -- Installing: /home/jetson/bbb_jetson_ws/install/csm/share/ament_index/resource_index/package_run_dependencies/csm
[104.332s] -- Installing: /home/jetson/bbb_jetson_ws/install/csm/share/ament_index/resource_index/parent_prefix_path/csm
[104.333s] -- Up-to-date: /home/jetson/bbb_jetson_ws/install/csm/share/csm/environment/ament_prefix_path.sh
[104.333s] -- Installing: /home/jetson/bbb_jetson_ws/install/csm/share/csm/environment/ament_prefix_path.dsv
[104.334s] -- Up-to-date: /home/jetson/bbb_jetson_ws/install/csm/share/csm/environment/path.sh
[104.335s] -- Installing: /home/jetson/bbb_jetson_ws/install/csm/share/csm/environment/path.dsv
[104.335s] -- Installing: /home/jetson/bbb_jetson_ws/install/csm/share/csm/local_setup.bash
[104.336s] -- Installing: /home/jetson/bbb_jetson_ws/install/csm/share/csm/local_setup.sh
[104.336s] -- Installing: /home/jetson/bbb_jetson_ws/install/csm/share/csm/local_setup.zsh
[104.337s] -- Installing: /home/jetson/bbb_jetson_ws/install/csm/share/csm/local_setup.dsv
[104.337s] -- Installing: /home/jetson/bbb_jetson_ws/install/csm/share/csm/package.dsv
[104.338s] -- Installing: /home/jetson/bbb_jetson_ws/install/csm/share/ament_index/resource_index/packages/csm
[104.346s] -- Installing: /home/jetson/bbb_jetson_ws/install/csm/share/csm/cmake/ament_cmake_export_dependencies-extras.cmake
[104.347s] -- Installing: /home/jetson/bbb_jetson_ws/install/csm/share/csm/cmake/ament_cmake_export_include_directories-extras.cmake
[104.347s] -- Installing: /home/jetson/bbb_jetson_ws/install/csm/share/csm/cmake/ament_cmake_export_libraries-extras.cmake
[104.348s] -- Installing: /home/jetson/bbb_jetson_ws/install/csm/share/csm/cmake/csmConfig.cmake
[104.348s] -- Installing: /home/jetson/bbb_jetson_ws/install/csm/share/csm/cmake/csmConfig-version.cmake
[104.349s] -- Up-to-date: /home/jetson/bbb_jetson_ws/install/csm/share/csm/package.xml
[104.370s] Invoked command in '/home/jetson/bbb_jetson_ws/build/csm' returned '0': CMAKE_PREFIX_PATH=${CMAKE_PREFIX_PATH}:/opt/ros/foxy /usr/bin/cmake --install /home/jetson/bbb_jetson_ws/build/csm
