[0.055s] Invoking command in '/home/jetson/bbb_jetson_ws/build/bbb_package': AMENT_PREFIX_PATH=/home/jetson/bbb_jetson_ws/install/serial:${AMENT_PREFIX_PATH} CMAKE_PREFIX_PATH=/home/jetson/bbb_jetson_ws/install/serial:/opt/ros/foxy LD_LIBRARY_PATH=/home/jetson/bbb_jetson_ws/install/serial/lib:${LD_LIBRARY_PATH} /usr/bin/cmake --build /home/jetson/bbb_jetson_ws/build/bbb_package -- -j4 -l4
[0.395s] [35m[1mScanning dependencies of target data_processing_node_circle[0m
[0.482s] [  6%] Built target data_processing_node_zz
[0.514s] [  9%] [32mBuilding CXX object CMakeFiles/data_processing_node_circle.dir/src/data_processing_node_circle.cpp.o[0m
[0.524s] [ 15%] Built target data_processing_node_straight
[0.545s] [ 21%] Built target data_processing_node
[0.629s] [ 28%] Built target controllers_node
[0.687s] [ 34%] Built target read_lidar
[0.695s] [ 40%] Built target read_IMU
[0.739s] [ 46%] Built target pid_node
[0.811s] [ 53%] Built target tune_node
[0.859s] [ 59%] Built target tune_fuzzy_node
[0.924s] [ 65%] Built target delta_angle_node
[1.000s] [ 71%] Built target circumference_node
[1.014s] [ 78%] Built target fuzzy_longitudinal_controllers
[1.120s] [ 84%] Built target straight_line_node
[1.140s] [ 90%] Built target sinusoidal_node
[1.195s] [ 96%] Built target stanley_node
[6.125s] [01m[K/home/jetson/bbb_jetson_ws/src/bbb_package/src/data_processing_node_circle.cpp:[m[K In member function ‘[01m[Kvoid DataProcessingNode::timer_callback()[m[K’:
[6.126s] [01m[K/home/jetson/bbb_jetson_ws/src/bbb_package/src/data_processing_node_circle.cpp:77:85:[m[K [01;31m[Kerror: [m[K‘[01m[Kactuaxl_position[m[K’ was not declared in this scope; did you mean ‘[01m[Kactual_position[m[K’?
[6.126s]    77 |     d_min = std::sqrt(std::pow((actual_position[0] - x[int(index)]), 2) + std::pow(([01;31m[Kactuaxl_position[m[K[1] - y[int(index)]), 2));
[6.127s]       |                                                                                     [01;31m[K^~~~~~~~~~~~~~~~[m[K
[6.130s]       |                                                                                     [32m[Kactual_position[m[K
[6.131s] [01m[K/home/jetson/bbb_jetson_ws/src/bbb_package/src/data_processing_node_circle.cpp:78:17:[m[K [01;31m[Kerror: [m[Kexpected primary-expression before ‘[01m[K=[m[K’ token
[6.131s]    78 |     if (index > [01;31m[K=[m[K int(COUNTER)-1) index =0;
[6.132s]       |                 [01;31m[K^[m[K
[14.567s] make[2]: *** [CMakeFiles/data_processing_node_circle.dir/build.make:63: CMakeFiles/data_processing_node_circle.dir/src/data_processing_node_circle.cpp.o] Error 1
[14.570s] make[1]: *** [CMakeFiles/Makefile2:108: CMakeFiles/data_processing_node_circle.dir/all] Error 2
[14.571s] make: *** [Makefile:141: all] Error 2
[14.577s] Invoked command in '/home/jetson/bbb_jetson_ws/build/bbb_package' returned '2': AMENT_PREFIX_PATH=/home/jetson/bbb_jetson_ws/install/serial:${AMENT_PREFIX_PATH} CMAKE_PREFIX_PATH=/home/jetson/bbb_jetson_ws/install/serial:/opt/ros/foxy LD_LIBRARY_PATH=/home/jetson/bbb_jetson_ws/install/serial/lib:${LD_LIBRARY_PATH} /usr/bin/cmake --build /home/jetson/bbb_jetson_ws/build/bbb_package -- -j4 -l4
