0.00467523 -0.0120887 0 0 0 0.00186052 0 0 
0.00282493 -0.00299823 0 0 0.0129613 0.00189543 0 0 
0.00729182 -0.00659078 0 0 0.00411942 0.00198269 0 0 
0.0108319 -0.00311643 0 0 0.00411942 0.00194779 0 0 
0.00392756 0.00153281 0.0174524 0.000152305 0.00738351 0.00327424 1 0.0174533 
0.00638402 -0.00472509 0.0174524 0.000152305 0.0135951 -0.00967611 1 0.0174533 
0.0133087 -0.00170152 0.0174524 0.000152305 0.0120954 -0.0324876 1 0.0174533 
0.0158722 -0.00393994 0.0174524 0.000152305 0.00453951 -0.0359957 1 0.0174533 
0.0142303 0.00332707 0.0174524 0.000152305 0.00438674 -0.0669229 1 0.0174533 
0.0241158 -0.00210161 0.0174524 0.000152305 0.0045234 -0.0534141 1 0.0174533 
0.0323396 0.00303363 0.0174524 0.000152305 0.00703431 0.0283023 1 0.0174533 
0.0676308 0.00298085 0.0348995 0.000609173 0.00352579 0.0364704 2 0.0349066 
0.0820116 0.0198127 0.0697565 0.00243595 0.00219436 0.0196105 4 0.0698132 
0.142991 0.0180018 0.0871557 0.0038053 0.0168136 -0.0524367 5 0.0872665 
0.201694 0.0205039 0.139173 0.00973193 0.00910857 -0.140768 8 0.139626 
0.25964 0.0159756 0.207912 0.0218524 0.00636239 -0.0442162 12 0.20944 
0.295225 0.0315556 0.258819 0.0340742 0.0181172 0.0707138 15 0.261799 
0.331364 0.0483437 0.292372 0.0436952 0.0124705 0.0871373 17 0.296706 
0.393011 0.0479423 0.325568 0.0544814 0.00844206 0.0265744 19 0.331613 
0.43796 0.0624436 0.374607 0.0728161 0.0309423 -0.0381424 22 0.383972 
0.48915 0.0775809 0.422618 0.0936922 0.0348114 -0.0606048 25 0.436332 
0.521011 0.0944385 0.469472 0.117052 0.0441049 -0.040743 28 0.488692 
0.555194 0.117436 0.5 0.133975 0.0447723 -0.0692966 30 0.523599 
0.595532 0.157941 0.529919 0.151952 0.0427798 -0.0959303 32 0.558505 
0.628869 0.188524 0.573576 0.180848 0.0317297 -0.0635719 35 0.610865 
0.66217 0.21988 0.615661 0.211989 0.0269266 -0.0122068 38 0.663225 
0.700254 0.249204 0.642788 0.233956 0.0239538 0.0110759 40 0.698132 
0.733496 0.283179 0.681998 0.268646 0.02667 0.0081088 43 0.750492 
0.768144 0.307802 0.71934 0.305342 0.026298 -0.091916 46 0.802851 
0.794255 0.343897 0.743145 0.330869 0.0340161 -0.198084 48 0.837758 
0.818554 0.382298 0.766044 0.357212 0.0311945 -0.261143 50 0.872665 
0.841945 0.423541 0.798636 0.398185 0.0254778 -0.189113 53 0.925025 
0.857236 0.451025 0.829038 0.440807 0.0215572 -0.108793 56 0.977384 
0.870834 0.495209 0.838671 0.455361 0.0190646 -0.0570792 57 0.994838 
0.875349 0.531923 0.866025 0.5 0.00678789 -0.0576552 60 1.0472 
0.882936 0.575405 0.882948 0.530528 0.00772516 -0.0626818 62 1.0821 
0.893972 0.61664 0.898794 0.561629 0.0210062 -0.0940628 64 1.11701 
0.904193 0.654172 0.920505 0.609269 0.0275378 -0.0334824 67 1.16937 
0.911727 0.679781 0.93358 0.641632 0.0319507 0.0099414 69 1.20428 
0.902718 0.732411 0.945519 0.674432 0.0342121 -0.0274436 71 1.23918 
0.90141 0.785233 0.956305 0.707628 0.0590403 -0.0291714 73 1.27409 
0.895777 0.843542 0.97437 0.775049 0.0736677 -0.122861 77 1.3439 
0.888297 0.880118 0.984808 0.826352 0.0906751 -0.133996 80 1.39626 
0.870182 0.928058 0.990268 0.860827 0.10378 -0.193965 82 1.43117 
0.844806 0.971567 0.996195 0.912844 0.126928 -0.179287 85 1.48353 
0.809653 0.993153 0.999391 0.965101 0.15472 -0.169793 88 1.53589 
0.779912 1.01619 1 1 0.19047 -0.157453 90 1.5708 
0.745255 1.0379 0.999848 1.01745 0.219939 -0.241438 91 -4.69494 
0.71355 1.07297 0.99863 1.05234 0.253785 -0.357922 93 -4.66003 
0.677755 1.10251 0.994522 1.10453 0.282738 -0.294357 96 -4.60767 
0.63364 1.10196 0.987688 1.15643 0.314589 -0.206427 99 -4.55531 
0.617183 1.12917 0.987688 1.15643 0.358214 -0.0769935 99 -4.55531 
0.57259 1.102 0.978148 1.20791 0.369452 0.0611319 102 -4.50295 
0.534818 1.11847 0.978148 1.20791 0.419158 0.121101 102 -4.50295 
0.497378 1.1373 0.978148 1.20791 0.452263 0.156828 102 -4.50295 
0.463723 1.15447 0.965926 1.25882 0.484051 0.252525 105 -4.45059 
0.425448 1.17151 0.951057 1.30902 0.511253 0.344608 108 -4.39823 
0.3868 1.18504 0.927184 1.37461 0.541283 0.420757 112 -4.32842 
0.351292 1.21308 0.898794 1.43837 0.571241 0.498703 116 -4.2586 
0.312912 1.23882 0.857167 1.51504 0.589143 0.587192 121 -4.17134 
0.268765 1.2716 0.743145 1.66913 0.606377 0.776455 132 -3.97935 
0.219893 1.29911 0.707107 1.70711 0.617906 0.816545 135 -3.92699 
0.175098 1.3279 0.515038 1.85717 0.62877 1.02199 149 -3.68264 
0.129147 1.3478 0.469472 1.88295 0.628282 0.916448 152 -3.63028 
0.0972454 1.38625 0.258819 1.96593 0.629009 1.03194 165 -3.40339 
0.0516573 1.40047 0.241922 1.9703 0.601699 0.882344 166 -3.38594 
0.00717176 1.40463 0.0348995 1.99939 0.599158 1.03796 178 -3.1765 
-0.0359057 1.42037 0.0174524 1.99985 0.595304 0.933517 179 -3.15905 
-0.0822525 1.41986 -0.173648 1.98481 0.580999 0.941354 190 -2.96706 
-0.139263 1.41395 -0.190809 1.98163 0.572159 0.624786 191 -2.94961 
-0.178673 1.41464 -0.406737 1.91355 0.563273 0.61564 204 -2.72271 
-0.213693 1.4093 -0.406737 1.91355 0.548564 0.589356 204 -2.72271 
-0.229301 1.41697 -0.469472 1.88295 0.538294 0.683481 208 -2.6529 
-0.249076 1.39329 -0.48481 1.87462 0.524146 0.740938 209 -2.63545 
-0.272009 1.38036 -0.529919 1.84805 0.53449 0.84269 212 -2.58309 
-0.312346 1.35363 -0.587785 1.80902 0.532411 0.927583 216 -2.51327 
-0.353179 1.32195 -0.656059 1.75471 0.52821 0.981811 221 -2.42601 
-0.409666 1.30223 -0.798636 1.60182 0.522121 1.14256 233 -2.21657 
-0.454057 1.26906 -0.809017 1.58779 0.490941 0.958214 234 -2.19911 
-0.501731 1.23593 -0.857167 1.51504 0.47223 0.846443 239 -2.11185 
-0.547832 1.18953 -0.939693 1.34202 0.445573 0.774465 250 -1.91986 
-0.566701 1.15348 -0.945519 1.32557 0.42031 0.652746 251 -1.90241 
-0.567036 1.1399 -0.965926 1.25882 0.412888 0.729576 255 -1.8326 
-0.574469 1.1291 -0.970296 1.24192 0.415964 0.757047 256 -1.81514 
-0.582568 1.07807 -0.97437 1.22495 0.411228 0.803717 257 -1.79769 
-0.595961 1.03879 -0.990268 1.13917 0.412254 0.863617 262 -1.71042 
-0.611556 0.994226 -0.997564 1.06976 0.402795 0.890984 266 -1.64061 
-0.622845 0.940569 -0.999848 0.982548 0.388467 0.890792 271 -1.55334 
-0.641091 0.891236 -0.996195 0.912844 0.374377 0.688421 275 -1.48353 
-0.638936 0.827671 -0.984808 0.826352 0.349787 0.527135 280 -1.39626 
-0.624018 0.778253 -0.965926 0.741181 0.338235 0.413741 285 -1.309 
-0.609534 0.700777 -0.939693 0.65798 0.337811 0.206273 290 -1.22173 
-0.585414 0.677399 -0.857167 0.484962 0.328479 0.419081 301 -1.02974 
-0.552701 0.636471 -0.857167 0.484962 0.332989 0.437233 301 -1.02974 
-0.531871 0.61277 -0.838671 0.455361 0.338496 0.495265 303 -0.994838 
-0.498078 0.58113 -0.809017 0.412215 0.3421 0.528601 306 -0.942478 
-0.475512 0.538733 -0.766044 0.357212 0.349207 0.573665 310 -0.872665 
-0.441403 0.506956 -0.71934 0.305342 0.337525 0.589722 314 -0.802851 
-0.41824 0.479692 -0.669131 0.256855 0.338246 0.56431 318 -0.733038 
-0.378505 0.446756 -0.62932 0.222854 0.332447 0.457479 321 -0.680678 
-0.33572 0.41323 -0.559193 0.170962 0.329713 0.303035 326 -0.593412 
-0.296884 0.392821 -0.5 0.133975 0.323993 0.243833 330 -0.523599 
-0.269195 0.369565 -0.438371 0.101206 0.324127 0.270624 334 -0.453786 
-0.229919 0.352755 -0.390731 0.0794951 0.314502 0.349129 337 -0.401426 
-0.18561 0.342179 -0.34202 0.0603074 0.313197 0.456449 340 -0.349066 
-0.152719 0.335876 -0.275637 0.0387383 0.316514 0.585272 344 -0.279253 
-0.113833 0.315632 -0.224951 0.0256299 0.318543 0.721844 347 -0.226893 
-0.0696371 0.293001 -0.156434 0.0123117 0.306297 0.786561 351 -0.15708 
-0.0327665 0.264791 -0.104528 0.0054781 0.289632 0.815184 354 -0.10472 
0.0193212 0.235033 -0.052336 0.00137047 0.264147 0.7793 357 -0.0523599 
0.0591985 0.203327 0.0174524 0.000152305 0.234888 0.568761 1 0.0174533 
0.0970936 0.190856 0.0697565 0.00243595 0.201168 0.413078 4 0.0698132 
0.167915 0.162294 0.121869 0.00745385 0.185068 0.191543 7 0.122173 
0.197837 0.155333 0.190809 0.0183728 0.145731 0.154821 11 0.191986 
0.228334 0.155392 0.224951 0.0256299 0.132507 0.206849 13 0.226893 
0.256892 0.169876 0.258819 0.0340742 0.125089 0.267849 15 0.261799 
0.298298 0.176774 0.292372 0.0436952 0.131074 0.30745 17 0.296706 
0.346118 0.180563 0.34202 0.0603074 0.124404 0.312564 20 0.349066 
0.401085 0.180594 0.390731 0.0794951 0.110476 0.269873 23 0.401426 
0.445558 0.187406 0.438371 0.101206 0.0877083 0.18505 26 0.453786 
0.488219 0.204301 0.48481 0.12538 0.0734021 0.0373082 29 0.506145 
0.531383 0.231314 0.529919 0.151952 0.0669273 -0.0694013 32 0.558505 
0.56837 0.260478 0.573576 0.180848 0.0657806 -0.236813 35 0.610865 
0.597618 0.303718 0.615661 0.211989 0.0677325 -0.375741 38 0.663225 
0.627453 0.330713 0.656059 0.24529 0.0826386 -0.398239 41 0.715585 
0.634639 0.348735 0.681998 0.268646 0.0826281 -0.344884 43 0.750492 
0.641865 0.396744 0.694658 0.28066 0.0907551 -0.286066 44 0.767945 
0.64742 0.43771 0.731354 0.318002 0.1192 -0.138289 47 0.820305 
0.653555 0.47564 0.75471 0.343941 0.142492 -0.014563 49 0.855211 
0.676262 0.512057 0.777146 0.37068 0.162147 -0.00309621 51 0.890118 
0.693269 0.554734 0.777146 0.37068 0.162147 -0.0341282 51 0.890118 
0.715422 0.601086 0.882948 0.530528 0.191217 0.0518468 62 1.0821 
0.72748 0.662378 0.882948 0.530528 0.181778 -0.163841 62 1.0821 
0.738477 0.731101 0.906308 0.577382 0.197999 -0.347502 65 1.13446 
0.736288 0.79192 0.939693 0.65798 0.21409 -0.456987 70 1.22173 
0.710217 0.845952 0.961262 0.724363 0.234898 -0.578706 74 1.29154 
0.68168 0.877712 0.978148 0.792088 0.273291 -0.551112 78 1.36136 
0.657924 0.901303 0.984808 0.826352 0.307448 -0.506065 80 1.39626 
0.624795 0.912732 0.987688 0.843566 0.334781 -0.472066 81 1.41372 
0.594781 0.939356 0.990268 0.860827 0.36914 -0.457126 82 1.43117 
0.571233 0.966528 0.994522 0.895472 0.402143 -0.512802 84 1.46608 
0.54171 0.993789 0.99863 0.947664 0.427812 -0.676497 87 1.51844 
0.500272 1.01728 0.999848 0.982548 0.458275 -0.880578 89 1.55334 
0.459431 1.02778 0.999391 1.0349 0.49943 -1.05286 92 -4.67748 
0.430114 1.0397 0.99863 1.05234 0.539757 -1.14786 93 -4.66003 
0.411473 1.05453 0.996195 1.08716 0.568067 -1.11365 95 -4.62512 
0.381664 1.0503 0.990268 1.13917 0.584951 -1.00305 98 -4.57276 
0.350321 1.04851 0.990268 1.13917 0.615059 -0.809822 98 -4.57276 
0.316501 1.05801 0.990268 1.13917 0.646337 -0.522175 98 -4.57276 
0.270003 1.07431 0.984808 1.17365 0.678238 -0.183057 100 -4.53786 
0.216792 1.10168 0.965926 1.25882 0.719967 0.274202 105 -4.45059 
0.177486 1.14901 0.866025 1.5 0.761682 1.00722 120 -4.18879 
0.14654 1.21105 0.707107 1.70711 0.768256 1.70158 135 -3.92699 
0.163328 1.2884 0.5 1.86603 0.744266 2.29166 150 -3.66519 
0.190811 1.31506 0.5 1.86603 0.668578 2.50859 150 -3.66519 
0.256341 1.3417 0.5 1.86603 0.631793 2.57479 150 -3.66519 
0.290712 1.3548 0.5 1.86603 0.578175 2.53224 150 -3.66519 
0.353055 1.37982 0.5 1.86603 0.552403 2.43487 150 -3.66519 
0.407962 1.38236 0.5 1.86603 0.507922 2.20499 150 -3.66519 
0.45857 1.40831 0.5 1.86603 0.492346 1.87722 150 -3.66519 
0.503022 1.45188 0.5 1.86603 0.459589 1.46616 150 -3.66519 
0.530017 1.50567 0.5 1.86603 0.414154 1.15252 150 -3.66519 
0.541358 1.56124 0.5 1.86603 0.361604 0.890128 150 -3.66519 
0.528075 1.60976 0.5 1.86603 0.307582 0.581275 150 -3.66519 
0.509147 1.65347 0.5 1.86603 0.257803 0.369811 150 -3.66519 
0.497438 1.67663 0.5 1.86603 0.212755 0.246416 150 -3.66519 
0.486157 1.69664 0.5 1.86603 0.189408 0.198297 150 -3.66519 
0.473956 1.70842 0.5 1.86603 0.169946 0.201404 150 -3.66519 
0.452428 1.71877 0.5 1.86603 0.159743 0.230586 150 -3.66519 
0.439829 1.72953 0.5 1.86603 0.154752 0.271619 150 -3.66519 
0.410061 1.74356 0.5 1.86603 0.149174 0.293662 150 -3.66519 
0.381015 1.77253 0.48481 1.87462 0.150879 0.29553 151 -3.64774 
0.340962 1.79496 0.438371 1.89879 0.138684 0.317573 154 -3.59538 
0.301245 1.81505 0.390731 1.9205 0.135051 0.230376 157 -3.54302 
0.255871 1.83505 0.34202 1.93969 0.131144 0.10384 160 -3.49066 
0.212016 1.84407 0.292372 1.9563 0.126627 -0.0123639 163 -3.4383 
0.20122 1.86426 0.241922 1.9703 0.129722 -0.00962375 166 -3.38594 
0.165871 1.87024 0.224951 1.97437 0.11264 0.0177605 167 -3.36849 
0.141089 1.87841 0.190809 1.98163 0.114141 0.073995 169 -3.33358 
0.112591 1.87462 0.156434 1.98769 0.110349 0.166672 171 -3.29867 
0.0630084 1.87357 0.121869 1.99255 0.118295 0.23385 173 -3.26377 
0.0231166 1.85022 0.0697565 1.99756 0.124178 0.274533 176 -3.21141 
0.0152788 1.87713 0.0348995 1.99939 0.149631 0.211789 178 -3.1765 
-0.0315991 1.59463 0.0174524 1.99985 0.122735 0.0576412 179 -3.15905 
0.0422574 1.62896 -0.052336 1.99863 0.404531 -0.13328 183 -3.08923 
0.234938 1.79098 -0.052336 1.99863 0.381577 -0.439202 183 -3.08923 
0.185321 1.79839 -0.052336 1.99863 0.354463 -0.84061 183 -3.08923 
0.394903 1.61244 -0.052336 1.99863 0.310766 -1.16878 183 -3.08923 
0.405002 1.59882 -0.052336 1.99863 0.590903 -1.47772 183 -3.08923 
0.723333 1.47656 -0.052336 1.99863 0.60746 -1.78162 183 -3.08923 
0.849109 1.48832 -0.052336 1.99863 0.934995 -2.00162 183 -3.08923 
0.812224 1.4668 -0.052336 1.99863 1.03586 -2.17249 183 -3.08923 
0.796939 1.46918 -0.052336 1.99863 1.01504 -2.24501 183 -3.08923 
0.774457 1.46516 -0.052336 1.99863 1.00079 -2.23354 183 -3.08923 
0.784558 1.45363 -0.052336 1.99863 0.983959 -2.23548 183 -3.08923 
0.769624 1.45216 -0.052336 1.99863 0.998705 -2.24033 183 -3.08923 
0.772131 1.44592 -0.052336 1.99863 0.987041 -2.22666 183 -3.08923 
0.77711 1.44911 -0.052336 1.99863 0.992592 -2.2316 183 -3.08923 
0.77483 1.45218 -0.052336 1.99863 0.994966 -2.23218 183 -3.08923 
0.777302 1.45522 -0.052336 1.99863 0.99137 -2.23439 183 -3.08923 
0.774358 1.4446 -0.052336 1.99863 0.991762 -2.23572 183 -3.08923 
0.772664 1.43483 -0.052336 1.99863 0.995176 -2.23654 183 -3.08923 
0.77958 1.44712 -0.052336 1.99863 0.999249 -2.23761 183 -3.08923 
0.767145 1.4438 -0.052336 1.99863 0.998121 -2.23848 183 -3.08923 
0.766553 1.44441 -0.052336 1.99863 0.998121 -2.23893 183 -3.08923 
0.772107 1.44432 -0.052336 1.99863 0.988809 -2.23982 183 -3.08923 
0.765762 1.44129 -0.052336 1.99863 0.993462 -2.2412 183 -3.08923 
0.767739 1.43987 -0.052336 1.99863 0.989907 -2.24234 183 -3.08923 
0.776227 1.44746 -0.052336 1.99863 0.992339 -2.24333 183 -3.08923 
0.776105 1.447 -0.052336 1.99863 0.995142 -2.24726 183 -3.08923 
0.776401 1.44815 -0.052336 1.99863 0.995292 -2.25244 183 -3.08923 
0.782287 1.46383 -0.052336 1.99863 0.994903 -2.25797 183 -3.08923 
0.766866 1.46047 -0.052336 1.99863 0.991266 -2.25934 183 -3.08923 
0.790853 1.48031 -0.052336 1.99863 0.980156 -2.25981 183 -3.08923 
0.76877 1.43856 -0.052336 1.99863 0.989757 -2.26675 183 -3.08923 
0.781265 1.44993 -0.052336 1.99863 0.99393 -2.2697 183 -3.08923 
0.783245 1.4645 -0.052336 1.99863 0.997979 -2.27227 183 -3.08923 
0.786579 1.46216 -0.052336 1.99863 0.997979 -2.27311 183 -3.08923 
0.773066 1.45276 -0.052336 1.99863 0.995782 -2.27482 183 -3.08923 
0.768227 1.44573 -0.052336 1.99863 0.989579 -2.27885 183 -3.08923 
0.767314 1.44496 -0.052336 1.99863 0.989456 -2.27944 183 -3.08923 
0.767876 1.44207 -0.052336 1.99863 0.989131 -2.28347 183 -3.08923 
0.783194 1.45884 -0.052336 1.99863 0.991217 -2.28632 183 -3.08923 
0.771214 1.44769 -0.052336 1.99863 0.994729 -2.29004 183 -3.08923 
0.785765 1.46069 -0.052336 1.99863 0.990846 -2.29178 183 -3.08923 
0.783696 1.45572 -0.052336 1.99863 0.995886 -2.29375 183 -3.08923 
0.758869 1.43855 -0.052336 1.99863 0.996845 -2.2984 183 -3.08923 
0.784847 1.45526 -0.052336 1.99863 0.98577 -2.30033 183 -3.08923 
0.776557 1.45156 -0.052336 1.99863 0.998058 -2.30192 183 -3.08923 
0.768201 1.44631 -0.052336 1.99863 0.99315 -2.30285 183 -3.08923 
0.773194 1.44854 -0.052336 1.99863 0.989111 -2.30468 183 -3.08923 
0.75843 1.4313 -0.052336 1.99863 0.992019 -2.30533 183 -3.08923 
0.772467 1.44289 -0.052336 1.99863 0.989546 -2.3062 183 -3.08923 
