0.000220028 -0.00142783 0 0 0 0.00129852 0 0 
0.00211911 -0.00163585 0 0 0 0.00129852 0 0 
-0.00045183 -0.000251424 0 0 0 0.00129852 0 0 
0.000146941 0.000338942 0 0 0.000517073 0.00131598 0 0 
-0.00219812 -0.000638194 0 0 0.000369423 0.00131598 0 0 
0.00158108 0.000414159 0 0 0.00228889 0.00135088 0 0 
0.00022582 -0.000811311 0 0 0.00163443 0.0014556 0 0 
0.000923002 -0.000380744 0 0 0.000842152 0.00150796 0 0 
-0.00139926 -0.00066289 0 0 0.000998448 0.00157778 0 0 
-0.000834562 -0.000159239 0 0 0.00154833 0.00163014 0 0 
-0.00167889 -0.000157083 0 0 0.000849618 0.00161268 0 0 
-0.00246506 -0.000139785 0 0 0.00168622 0.00166504 0 0 
-0.00255107 -0.000603863 0 0 0.00246903 0.00108909 0 0 
0.00703634 -0.000118926 0 0 0.00262157 0.00124617 0 0 
0.0263144 -0.000640627 0 0 0.00703734 0.000513127 0 0 
0.0522744 -0.000478814 0 0 0.0263222 -0.0179525 0 0 
0.093257 -0.000577051 0.0871557 0.0038053 0.0351435 0.0200085 1 0.0872665 
0.143931 -0.000320502 0.0871557 0.0038053 0.00751199 -0.0895284 1 0.0872665 
0.191016 0.00616129 0.173648 0.0151922 0.0335224 -0.0857236 2 0.174533 
0.211416 0.0108731 0.173648 0.0151922 0.0195751 -0.0673278 2 0.174533 
0.242378 0.0263091 0.173648 0.0151922 0.038014 -0.049508 2 0.174533 
0.280612 0.0359881 0.258819 0.0340742 0.0181825 0.0135682 3 0.261799 
0.34138 0.0420324 0.258819 0.0340742 0.0218766 -0.054552 3 0.261799 
0.382459 0.0527607 0.34202 0.0603074 0.0182862 -0.0272551 4 0.349066 
0.406202 0.0662476 0.34202 0.0603074 0.0411373 0.0104615 4 0.349066 
0.432121 0.0842714 0.422618 0.0936922 0.0319796 0.0320163 5 0.436332 
0.483861 0.0928866 0.422618 0.0936922 0.0133813 -0.0826344 5 0.436332 
0.519027 0.110502 0.5 0.133975 0.044144 -0.0755309 6 0.523599 
0.545429 0.132301 0.5 0.133975 0.0302157 -0.0579554 6 0.523599 
0.574259 0.161053 0.5 0.133975 0.0454598 -0.0681656 6 0.523599 
0.602774 0.180435 0.573576 0.180848 0.019807 0.0199386 7 0.610865 
0.646328 0.205087 0.573576 0.180848 0.0292008 -0.073611 7 0.610865 
0.679382 0.226412 0.642788 0.233956 0.0290849 -0.105132 8 0.698132 
0.709517 0.249915 0.642788 0.233956 0.037364 -0.0900346 8 0.698132 
0.740074 0.272073 0.707107 0.292893 0.0430459 0.0190485 9 0.785398 
0.762776 0.300098 0.707107 0.292893 0.038991 -0.0536444 9 0.785398 
0.780251 0.329155 0.707107 0.292893 0.0561331 -0.117 9 0.785398 
0.799609 0.348448 0.766044 0.357212 0.031449 0.0159593 10 0.872665 
0.83169 0.374843 0.766044 0.357212 0.0346896 0.00227591 10 0.872665 
0.84141 0.406487 0.766044 0.357212 0.0346896 -0.0286513 10 0.872665 
0.873177 0.431572 0.819152 0.426424 0.0298811 -0.0140778 11 0.959931 
0.890942 0.46177 0.819152 0.426424 0.0542698 -0.107348 11 0.959931 
0.904933 0.490463 0.866025 0.5 0.0456331 0.00470192 12 1.0472 
0.92934 0.528367 0.866025 0.5 0.0400591 -0.0533652 12 1.0472 
0.942566 0.561972 0.906308 0.577382 0.0541569 -0.0861076 13 1.13446 
0.95953 0.604702 0.906308 0.577382 0.039397 -0.207879 13 1.13446 
0.975787 0.634568 0.939693 0.65798 0.0568511 -0.110315 14 1.22173 
0.983625 0.674319 0.939693 0.65798 0.0430221 -0.101938 14 1.22173 
0.991485 0.71533 0.939693 0.65798 0.0468722 -0.189606 14 1.22173 
0.997662 0.749951 0.965926 0.741181 0.0363531 -0.121503 15 1.309 
1.00036 0.772927 0.965926 0.741181 0.0329255 -0.0825122 15 1.309 
1.0071 0.810705 0.965926 0.741181 0.0468371 -0.13187 15 1.309 
1.00941 0.844344 0.984808 0.826352 0.0272392 -0.123929 16 1.39626 
1.01563 0.884423 0.984808 0.826352 0.0304774 -0.1928 16 1.39626 
1.02541 0.894032 0.996195 0.912844 0.0344289 -0.064448 17 1.48353 
1.0192 0.935512 0.996195 0.912844 0.0347474 -0.0677642 17 1.48353 
1.01319 0.975364 0.996195 0.912844 0.0322958 -0.156776 17 1.48353 
1.01503 0.997255 1 1 0.0279456 -0.146095 18 1.5708 
1.02854 1.00049 1 1 0.0152799 -0.0762115 18 1.5708 
1.01141 1.0383 1 1 0.0285401 0.0105139 18 1.5708 
1.0086 1.08782 1 1 0.0399631 -0.014392 18 1.5708 
1.00579 1.1376 0.996195 1.08716 0.0124252 0.00154287 19 -4.62512 
1.01002 1.1898 0.984808 1.17365 0.0417121 0.0626643 20 -4.53786 
1.01349 1.19675 0.984808 1.17365 0.0299452 0.150786 20 -4.53786 
0.984748 1.23255 0.984808 1.17365 0.0368285 0.171922 20 -4.53786 
0.996039 1.28854 0.965926 1.25882 0.0323125 0.213949 21 -4.45059 
0.988973 1.33711 0.965926 1.25882 0.0423068 0.13417 21 -4.45059 
0.979934 1.38428 0.939693 1.34202 0.0495241 0.0856852 22 -4.36332 
0.973596 1.4081 0.939693 1.34202 0.058355 0.0977978 22 -4.36332 
0.958891 1.44119 0.906308 1.42262 0.0688364 0.218749 23 -4.27606 
0.940208 1.48868 0.906308 1.42262 0.0557671 0.142845 23 -4.27606 
0.930918 1.5328 0.906308 1.42262 0.0742542 0.0660851 23 -4.27606 
0.919437 1.55673 0.866025 1.5 0.0727118 0.148552 24 -4.18879 
0.903288 1.5806 0.866025 1.5 0.0779194 0.174889 24 -4.18879 
0.881468 1.62456 0.819152 1.57358 0.0844289 0.196269 25 -4.10152 
0.865953 1.65895 0.819152 1.57358 0.0805161 0.072508 25 -4.10152 
0.841117 1.69253 0.819152 1.57358 0.0973615 0.0582661 25 -4.10152 
0.818698 1.70272 0.766044 1.64279 0.0900581 0.200633 26 -4.01426 
0.774868 1.72685 0.766044 1.64279 0.0797776 0.194088 26 -4.01426 
0.766636 1.77501 0.707107 1.70711 0.0705804 0.234666 27 -3.92699 
0.740614 1.80696 0.707107 1.70711 0.0903033 0.132914 27 -3.92699 
0.722888 1.846 0.707107 1.70711 0.105327 0.0202528 27 -3.92699 
0.676913 1.8486 0.642788 1.76604 0.113175 0.137504 28 -3.83972 
0.646714 1.87193 0.642788 1.76604 0.0893275 0.142356 28 -3.83972 
0.616121 1.90453 0.573576 1.81915 0.0901895 0.158204 29 -3.75246 
0.586746 1.92953 0.573576 1.81915 0.0953933 0.0632054 29 -3.75246 
0.553343 1.94796 0.5 1.86603 0.107504 0.141134 30 -3.66519 
0.530015 1.95657 0.5 1.86603 0.0977706 0.195903 30 -3.66519 
0.479731 1.95318 0.5 1.86603 0.0953909 0.18489 30 -3.66519 
0.449272 1.98483 0.422618 1.90631 0.0738871 0.191941 31 -3.57792 
0.419261 2.00479 0.422618 1.90631 0.0829269 0.0800827 31 -3.57792 
0.379586 2.01868 0.422618 1.90631 0.0985428 -0.0202039 31 -3.57792 
0.355838 2.01896 0.34202 1.93969 0.0874648 0.104919 32 -3.49066 
0.341266 2.01909 0.34202 1.93969 0.0874648 0.130209 32 -3.49066 
0.291007 2.02664 0.34202 1.93969 0.0794039 0.0851092 32 -3.49066 
0.242572 2.03088 0.258819 1.96593 0.0687161 0.0853012 33 -3.40339 
0.201572 2.0287 0.258819 1.96593 0.0669562 -0.0366275 33 -3.40339 
0.170446 2.02658 0.173648 1.98481 0.052022 -0.00496721 34 -3.31613 
0.149091 2.01869 0.173648 1.98481 0.0418994 0.0259426 34 -3.31613 
0.110542 2.01089 0.173648 1.98481 0.0418481 0.0265709 34 -3.31613 
0.0606571 2.00272 0.0871557 1.99619 0.0276177 0.0716527 35 -3.22886 
0.0136853 1.99769 0.0871557 1.99619 0.0272892 -0.00323933 35 -3.22886 
-0.0269032 1.98345 1.22465e-16 2 0.0138794 -0.0201516 36 -3.14159 
-0.0331843 1.96885 1.22465e-16 2 0.0315864 0.00447502 36 -3.14159 
-0.0639087 1.95446 1.22465e-16 2 0.0455132 0.0425232 36 -3.14159 
-0.0819481 1.9436 -0.0871557 1.99619 0.0477745 0.155149 37 -3.05433 
-0.139219 1.93025 -0.0871557 1.99619 0.0528513 0.0955638 37 -3.05433 
-0.183791 1.91583 -0.173648 1.98481 0.0645167 0.0982865 38 -2.96706 
-0.202824 1.90351 -0.173648 1.98481 0.0697223 0.130942 38 -2.96706 
-0.219457 1.88234 -0.258819 1.96593 0.0838546 0.276572 39 -2.87979 
-0.257786 1.86512 -0.258819 1.96593 0.0923879 0.262679 39 -2.87979 
-0.307199 1.84909 -0.258819 1.96593 0.100815 0.178554 39 -2.87979 
-0.348301 1.83282 -0.34202 1.93969 0.0970616 0.23704 40 -2.79253 
-0.359659 1.81653 -0.422618 1.90631 0.104514 0.354606 41 -2.70526 
-0.4026 1.78987 -0.422618 1.90631 0.109652 0.275123 41 -2.70526 
-0.440507 1.77596 -0.422618 1.90631 0.118145 0.211471 41 -2.70526 
-0.449314 1.76183 -0.5 1.86603 0.107942 0.33881 42 -2.61799 
-0.48585 1.73423 -0.5 1.86603 0.11587 0.305649 42 -2.61799 
-0.531333 1.71268 -0.573576 1.81915 0.122098 0.336367 43 -2.53073 
-0.554383 1.68924 -0.573576 1.81915 0.114547 0.294915 43 -2.53073 
-0.588309 1.65992 -0.642788 1.76604 0.117106 0.285124 44 -2.44346 
-0.623179 1.62678 -0.642788 1.76604 0.119293 0.131448 44 -2.44346 
-0.640676 1.59847 -0.707107 1.70711 0.116174 0.210022 45 -2.35619 
-0.651126 1.57642 -0.707107 1.70711 0.127335 0.218714 45 -2.35619 
-0.675942 1.53696 -0.766044 1.64279 0.132704 0.215433 46 -2.26893 
-0.693524 1.50679 -0.766044 1.64279 0.138987 0.18393 46 -2.26893 
-0.707637 1.4755 -0.819152 1.57358 0.142275 0.289889 47 -2.18166 
-0.723952 1.4397 -0.819152 1.57358 0.148506 0.205223 47 -2.18166 
-0.749039 1.40361 -0.866025 1.5 0.154342 0.221227 48 -2.0944 
-0.744525 1.37441 -0.866025 1.5 0.151579 0.253394 48 -2.0944 
-0.754958 1.33481 -0.906308 1.42262 0.168812 0.353244 49 -2.00713 
-0.790578 1.30201 -0.906308 1.42262 0.174975 0.296364 49 -2.00713 
-0.800301 1.26742 -0.939693 1.34202 0.15439 0.290063 50 -1.91986 
-0.820004 1.22897 -0.939693 1.34202 0.1581 0.147784 50 -1.91986 
-0.825467 1.18237 -0.965926 1.25882 0.148944 0.126439 51 -1.8326 
-0.821316 1.16247 -0.984808 1.17365 0.159579 0.232502 52 -1.74533 
-0.815469 1.12724 -0.984808 1.17365 0.163873 0.15761 52 -1.74533 
-0.834533 1.0727 -0.984808 1.17365 0.175583 0.0533268 52 -1.74533 
-0.830986 1.04517 -0.996195 1.08716 0.162307 0.177821 53 -1.65806 
-0.819494 1.01349 -0.996195 1.08716 0.17046 0.195082 53 -1.65806 
-0.817691 0.973114 -1 1 0.18101 0.229151 54 -1.5708 
-0.826384 0.927605 -1 1 0.184281 0.166494 54 -1.5708 
-0.82459 0.888434 -0.996195 0.912844 0.170451 0.233445 55 -1.48353 
-0.805397 0.86535 -0.984808 0.826352 0.171826 0.336192 56 -1.39626 
-0.808767 0.81447 -0.984808 0.826352 0.1836 0.278579 56 -1.39626 
-0.809301 0.767929 -0.965926 0.741181 0.173408 0.245837 57 -1.309 
-0.7979 0.726465 -0.965926 0.741181 0.158892 0.144538 57 -1.309 
-0.784971 0.709663 -0.939693 0.65798 0.157466 0.253115 58 -1.22173 
-0.756467 0.669032 -0.939693 0.65798 0.163125 0.2624 58 -1.22173 
-0.756733 0.62572 -0.906308 0.577382 0.175648 0.260323 59 -1.13446 
-0.744082 0.591591 -0.906308 0.577382 0.157192 0.130627 59 -1.13446 
-0.729144 0.564736 -0.866025 0.5 0.152509 0.200144 60 -1.0472 
-0.716596 0.541055 -0.866025 0.5 0.151418 0.222571 60 -1.0472 
-0.693593 0.510975 -0.819152 0.426424 0.153812 0.294374 61 -0.959931 
-0.6737 0.469342 -0.819152 0.426424 0.151374 0.240042 61 -0.959931 
-0.647181 0.438142 -0.766044 0.357212 0.14526 0.29591 62 -0.872665 
-0.637928 0.419972 -0.766044 0.357212 0.143799 0.276746 62 -0.872665 
-0.60237 0.37455 -0.766044 0.357212 0.142663 0.177751 62 -0.872665 
-0.590566 0.350011 -0.707107 0.292893 0.132807 0.266344 63 -0.785398 
-0.569455 0.332293 -0.642788 0.233956 0.127263 0.335581 64 -0.698132 
-0.529002 0.290169 -0.642788 0.233956 0.12267 0.206619 64 -0.698132 
-0.491859 0.264893 -0.573576 0.180848 0.118059 0.160717 65 -0.610865 
-0.464026 0.242983 -0.573576 0.180848 0.117223 0.149809 65 -0.610865 
-0.447682 0.223584 -0.5 0.133975 0.114791 0.253202 66 -0.523599 
-0.405737 0.197535 -0.5 0.133975 0.103764 0.173458 66 -0.523599 
-0.371821 0.174509 -0.422618 0.0936922 0.105207 0.2036 67 -0.436332 
-0.356313 0.16286 -0.422618 0.0936922 0.095455 0.228017 67 -0.436332 
-0.317529 0.141997 -0.422618 0.0936922 0.095815 0.156162 67 -0.436332 
-0.278211 0.120186 -0.34202 0.0603074 0.0852824 0.169444 68 -0.349066 
-0.260904 0.108309 -0.34202 0.0603074 0.0875047 0.196566 68 -0.349066 
-0.223941 0.0935897 -0.258819 0.0340742 0.074264 0.211576 69 -0.261799 
-0.183336 0.0735324 -0.258819 0.0340742 0.0689825 0.125304 69 -0.261799 
-0.140154 0.0603515 -0.173648 0.0151922 0.0591391 0.130767 70 -0.174533 
-0.120538 0.054739 -0.173648 0.0151922 0.0562248 0.142827 70 -0.174533 
-0.0798381 0.0477222 -0.0871557 0.0038053 0.0608986 0.170561 71 -0.0872665 
-0.0385076 0.0367709 -0.0871557 0.0038053 0.0445224 0.123367 71 -0.0872665 
8.27319e-05 0.0257059 -2.44929e-16 0 0.0532441 0.0792973 72 -2.22045e-16 
0.0520427 0.0231353 -2.44929e-16 0 0.0257061 -0.14578 72 -2.22045e-16 
0.103675 0.0201029 0.0871557 0.0038053 0.0400821 -0.162221 73 0.0872665 
0.120191 0.0328004 0.0871557 0.0038053 0.0232053 -0.137839 73 0.0872665 
0.14075 0.0493316 0.0871557 0.0038053 0.0439547 -0.114103 73 0.0872665 
0.179008 0.0552951 0.173648 0.0151922 0.0474106 -0.0242182 74 0.174533 
0.209899 0.0615712 0.173648 0.0151922 0.0404595 -0.0402927 74 0.174533 
0.250702 0.067132 0.258819 0.0340742 0.0561185 0.0140569 75 0.261799 
0.285133 0.0753236 0.258819 0.0340742 0.0340397 -0.0442895 75 0.261799 
0.329022 0.0808648 0.258819 0.0340742 0.0489279 -0.193759 75 0.261799 
0.383387 0.0939943 0.34202 0.0603074 0.0243218 -0.181385 76 0.349066 
0.398091 0.11431 0.422618 0.0936922 0.0392321 -0.0730176 77 0.436332 
0.424137 0.136475 0.422618 0.0936922 0.0320415 -0.085008 77 0.436332 
0.471048 0.150715 0.422618 0.0936922 0.0428102 -0.191089 77 0.436332 
0.503663 0.169246 0.5 0.133975 0.0334433 -0.107209 78 0.523599 
0.535967 0.187112 0.5 0.133975 0.0354608 -0.0727558 78 0.523599 
0.54281 0.218519 0.573576 0.180848 0.0381279 0.0270072 79 0.610865 
0.594615 0.229919 0.573576 0.180848 0.0486384 -0.0364529 79 0.610865 
0.624764 0.247865 0.642788 0.233956 0.0483416 -0.0222111 80 0.698132 
0.663067 0.274607 0.642788 0.233956 0.0227669 -0.145833 80 0.698132 
0.686355 0.29931 0.642788 0.233956 0.0454293 -0.15531 80 0.698132 
0.71167 0.325215 0.707107 0.292893 0.021721 -0.0407814 81 0.785398 
0.73089 0.359358 0.707107 0.292893 0.0326428 -0.0854792 81 0.785398 
0.767207 0.38144 0.766044 0.357212 0.0352197 -0.0777474 82 0.872665 
0.78512 0.405881 0.766044 0.357212 0.0242558 -0.074536 82 0.872665 
0.810757 0.427789 0.819152 0.426424 0.0397515 0.0473403 83 0.959931 
0.836976 0.459181 0.819152 0.426424 0.00850527 -0.0178826 83 0.959931 
0.863336 0.488391 0.819152 0.426424 0.0372922 -0.0716388 83 0.959931 
0.872373 0.515736 0.866025 0.5 0.0119164 0.0607095 84 1.0472 
0.904343 0.552022 0.866025 0.5 0.0169679 -0.00950506 84 1.0472 
0.926687 0.583689 0.906308 0.577382 0.0254357 0.0231326 85 1.13446 
0.953603 0.607529 0.906308 0.577382 0.0213328 0.0400972 85 1.13446 
0.971224 0.65075 0.939693 0.65798 0.0523336 0.0680399 86 1.22173 
0.986126 0.685889 0.939693 0.65798 0.0323497 -0.042614 86 1.22173 
0.994646 0.723955 0.939693 0.65798 0.0541757 -0.173618 86 1.22173 
1.02678 0.74149 0.965926 0.741181 0.03349 -0.0771715 87 1.309 
1.03581 0.766431 0.965926 0.741181 0.0608592 -0.0303268 87 1.309 
1.04949 0.812091 0.965926 0.741181 0.0743092 -0.0331543 87 1.309 
1.06538 0.855547 0.984808 0.826352 0.0662394 -0.0368544 88 1.39626 
1.09089 0.895283 0.984808 0.826352 0.0857016 -0.133738 88 1.39626 
1.07653 0.923847 0.996195 0.912844 0.0963119 -0.0445862 89 1.48353 
1.07985 0.965644 0.996195 0.912844 0.0810837 -0.0660886 89 1.48353 
1.08194 1.01269 1 1 0.0869309 -0.09082 90 1.5708 
1.09329 1.0589 1 1 0.0829183 -0.233728 90 1.5708 
1.08729 1.09954 0.996195 1.08716 0.101126 -0.25324 91 -4.62512 
1.06145 1.12442 0.996195 1.08716 0.0919297 -0.21692 91 -4.62512 
1.04221 1.15483 0.996195 1.08716 0.0751498 -0.159219 91 -4.62512 
1.04221 1.1815 0.984808 1.17365 0.060412 -0.0314439 92 -4.53786 
1.02481 1.22463 0.984808 1.17365 0.0579322 -0.048199 92 -4.53786 
1.02096 1.26198 0.984808 1.17365 0.0647985 -0.0585837 92 -4.53786 
1.01652 1.28447 0.965926 1.25882 0.0551207 0.100189 93 -4.45059 
1.00066 1.31993 0.965926 1.25882 0.0567249 0.100294 93 -4.45059 
0.994747 1.37542 0.939693 1.34202 0.0648413 0.133594 94 -4.36332 
0.992211 1.41205 0.939693 1.34202 0.0643944 0.0465724 94 -4.36332 
0.983377 1.45579 0.906308 1.42262 0.0865513 0.0742009 95 -4.27606 
0.961269 1.47244 0.906308 1.42262 0.0839037 0.114675 95 -4.27606 
0.941443 1.50648 0.906308 1.42262 0.0741793 0.154643 95 -4.27606 
0.930452 1.54473 0.866025 1.5 0.0756954 0.223112 96 -4.18879 
0.915995 1.59114 0.866025 1.5 0.0784318 0.150507 96 -4.18879 
0.903591 1.63215 0.819152 1.57358 0.0984231 0.149285 97 -4.10152 
0.885258 1.65523 0.819152 1.57358 0.102768 0.181608 97 -4.10152 
0.857383 1.68625 0.819152 1.57358 0.10506 0.225504 97 -4.10152 
0.833494 1.71955 0.766044 1.64279 0.10115 0.322125 98 -4.01426 
0.825998 1.76873 0.766044 1.64279 0.102188 0.256431 98 -4.01426 
0.805029 1.80969 0.707107 1.70711 0.133914 0.236953 99 -3.92699 
0.787163 1.8437 0.707107 1.70711 0.141818 0.215416 99 -3.92699 
0.752013 1.85377 0.707107 1.70711 0.158326 0.273762 99 -3.92699 
0.719163 1.88648 0.642788 1.76604 0.140094 0.396005 100 -3.83972 
0.699212 1.91409 0.642788 1.76604 0.142609 0.457074 100 -3.83972 
0.684701 1.95855 0.573576 1.81915 0.157475 0.508805 101 -3.75246 
0.669795 1.99858 0.573576 1.81915 0.17827 0.415134 101 -3.75246 
0.65458 2.02464 0.573576 1.81915 0.203602 0.385515 101 -3.75246 
0.616012 2.04454 0.573576 1.81915 0.220879 0.415849 101 -3.75246 
0.58768 2.06717 0.5 1.86603 0.2129 0.56237 102 -3.66519 
0.56994 2.10879 0.5 1.86603 0.219422 0.510568 102 -3.66519 
0.552253 2.14384 0.422618 1.90631 0.250407 0.483254 103 -3.57792 
0.524229 2.16159 0.422618 1.90631 0.2706 0.459011 103 -3.57792 
0.486368 2.17958 0.422618 1.90631 0.274762 0.501248 103 -3.57792 
0.454124 2.20209 0.34202 1.93969 0.27997 0.653458 104 -3.49066 
0.431918 2.23131 0.34202 1.93969 0.285344 0.616632 104 -3.49066 
0.420436 2.26413 0.34202 1.93969 0.305163 0.53057 104 -3.49066 
0.39031 2.28424 0.34202 1.93969 0.333783 0.522785 104 -3.49066 
0.354669 2.2946 0.258819 1.96593 0.344407 0.647594 105 -3.40339 
0.329377 2.32498 0.258819 1.96593 0.342361 0.643772 105 -3.40339 
0.304817 2.35409 0.258819 1.96593 0.365923 0.595304 105 -3.40339 
0.276368 2.37862 0.258819 1.96593 0.390878 0.580835 105 -3.40339 
0.235738 2.3951 0.173648 1.98481 0.406991 0.719065 106 -3.31613 
0.20015 2.41504 0.173648 1.98481 0.414962 0.762018 106 -3.31613 
0.176117 2.43833 0.173648 1.98481 0.431048 0.721212 106 -3.31613 
0.145168 2.46176 0.0871557 1.99619 0.450999 0.736309 107 -3.22886 
0.125023 2.48226 0.0871557 1.99619 0.469161 0.706499 107 -3.22886 
0.0913172 2.50274 0.0871557 1.99619 0.487539 0.73301 107 -3.22886 
0.059861 2.51992 0.0871557 1.99619 0.506558 0.783101 107 -3.22886 
0.0320622 2.53837 3.67394e-16 2 0.523353 0.87988 108 -3.14159 
0.00191987 2.55802 3.67394e-16 2 0.53932 0.831185 108 -3.14159 
-0.0274608 2.5844 3.67394e-16 2 0.55802 0.774741 108 -3.14159 
-0.059228 2.60467 3.67394e-16 2 0.585043 0.786121 108 -3.14159 
-0.0953511 2.62377 3.67394e-16 2 0.60756 0.844275 108 -3.14159 
-0.132082 2.64468 -0.0871557 1.99619 0.627627 0.94711 109 -3.05433 
-0.162544 2.66331 -0.0871557 1.99619 0.650041 0.886285 109 -3.05433 
-0.203265 2.68228 -0.0871557 1.99619 0.671362 0.853159 109 -3.05433 
-0.227254 2.69946 -0.0871557 1.99619 0.695836 0.889671 109 -3.05433 
-0.262643 2.71806 -0.173648 1.98481 0.716662 1.03244 110 -2.96706 
-0.289893 2.72987 -0.173648 1.98481 0.738633 0.996363 110 -2.96706 
-0.318867 2.75203 -0.173648 1.98481 0.754071 0.933269 110 -2.96706 
-0.352663 2.77095 -0.173648 1.98481 0.780843 0.942589 110 -2.96706 
-0.393265 2.79042 -0.173648 1.98481 0.806262 0.9798 110 -2.96706 
-0.437295 2.81294 -0.173648 1.98481 0.835013 1.0087 110 -2.96706 
-0.466111 2.82644 -0.258819 1.96593 0.865614 1.05277 111 -2.87979 
-0.500948 2.84555 -0.258819 1.96593 0.885135 0.973098 111 -2.87979 
-0.541135 2.85748 -0.258819 1.96593 0.912342 0.902552 111 -2.87979 
-0.569633 2.87078 -0.258819 1.96593 0.935183 0.937563 111 -2.87979 
-0.610745 2.88391 -0.258819 1.96593 0.956751 0.986397 111 -2.87979 
-0.643574 2.89932 -0.34202 1.93969 0.981713 1.10108 112 -2.79253 
-0.670384 2.90967 -0.34202 1.93969 1.00589 1.07658 112 -2.79253 
-0.704988 2.9251 -0.34202 1.93969 1.02405 1.0386 112 -2.79253 
-0.747906 2.93838 -0.34202 1.93969 1.05013 0.96376 112 -2.79253 
-0.786598 2.9468 -0.34202 1.93969 1.07801 0.86007 112 -2.79253 
-0.821908 2.95406 -0.34202 1.93969 1.10087 0.738805 112 -2.79253 
-0.863739 2.95723 -0.422618 1.90631 1.12126 0.714178 113 -2.70526 
-0.901464 2.95366 -0.422618 1.90631 1.13975 0.588235 113 -2.70526 
-0.935125 2.94624 -0.422618 1.90631 1.15163 0.482294 113 -2.70526 
-0.969884 2.93432 -0.422618 1.90631 1.15936 0.357712 113 -2.70526 
