[0.434s] DEBUG:colcon:Command line arguments: ['/usr/bin/colcon', 'build', '--symlink-install']
[0.434s] DEBUG:colcon:Parsed command line arguments: Namespace(log_base=None, log_level=None, verb_name='build', build_base='build', install_base='install', merge_install=False, symlink_install=True, test_result_base=None, continue_on_error=False, executor='parallel', parallel_workers=8, event_handlers=None, ignore_user_meta=False, metas=['./colcon.meta'], base_paths=['.'], packages_ignore=None, packages_ignore_regex=None, paths=None, packages_up_to=None, packages_up_to_regex=None, packages_above=None, packages_above_and_dependencies=None, packages_above_depth=None, packages_select_by_dep=None, packages_skip_by_dep=None, packages_skip_up_to=None, packages_select_build_failed=False, packages_skip_build_finished=False, packages_select_test_failures=False, packages_skip_test_passed=False, packages_select=None, packages_skip=None, packages_select_regex=None, packages_skip_regex=None, packages_start=None, packages_end=None, allow_overriding=[], cmake_args=None, cmake_target=None, cmake_target_skip_unavailable=False, cmake_clean_cache=False, cmake_clean_first=False, cmake_force_configure=False, ament_cmake_args=None, catkin_cmake_args=None, catkin_skip_building_tests=False, verb_parser=<colcon_defaults.argument_parser.defaults.DefaultArgumentsDecorator object at 0x7f62c1eec070>, verb_extension=<colcon_core.verb.build.BuildVerb object at 0x7f62c28da350>, main=<bound method BuildVerb.main of <colcon_core.verb.build.BuildVerb object at 0x7f62c28da350>>)
[0.465s] Level 1:colcon.colcon_core.package_discovery:discover_packages(colcon_meta) check parameters
[0.465s] Level 1:colcon.colcon_core.package_discovery:discover_packages(recursive) check parameters
[0.465s] Level 1:colcon.colcon_core.package_discovery:discover_packages(ignore) check parameters
[0.465s] Level 1:colcon.colcon_core.package_discovery:discover_packages(path) check parameters
[0.465s] Level 1:colcon.colcon_core.package_discovery:discover_packages(colcon_meta) discover
[0.465s] Level 1:colcon.colcon_core.package_discovery:discover_packages(recursive) discover
[0.465s] INFO:colcon.colcon_core.package_discovery:Crawling recursively for packages in '/media/ngochoan/Intermediate_memory/mobile_robot/Dissertation/Software/BamBoBot'
[0.465s] Level 1:colcon.colcon_core.package_identification:_identify(.) by extensions ['ignore', 'ignore_ament_install']
[0.465s] Level 1:colcon.colcon_core.package_identification:_identify(.) by extension 'ignore'
[0.465s] Level 1:colcon.colcon_core.package_identification:_identify(.) by extension 'ignore_ament_install'
[0.466s] Level 1:colcon.colcon_core.package_identification:_identify(.) by extensions ['colcon_pkg']
[0.466s] Level 1:colcon.colcon_core.package_identification:_identify(.) by extension 'colcon_pkg'
[0.466s] Level 1:colcon.colcon_core.package_identification:_identify(.) by extensions ['colcon_meta']
[0.466s] Level 1:colcon.colcon_core.package_identification:_identify(.) by extension 'colcon_meta'
[0.466s] Level 1:colcon.colcon_core.package_identification:_identify(.) by extensions ['ros']
[0.466s] Level 1:colcon.colcon_core.package_identification:_identify(.) by extension 'ros'
[0.475s] Level 1:colcon.colcon_core.package_identification:_identify(.) by extensions ['cmake', 'python']
[0.475s] Level 1:colcon.colcon_core.package_identification:_identify(.) by extension 'cmake'
[0.475s] Level 1:colcon.colcon_core.package_identification:_identify(.) by extension 'python'
[0.475s] Level 1:colcon.colcon_core.package_identification:_identify(.) by extensions ['python_setup_py']
[0.475s] Level 1:colcon.colcon_core.package_identification:_identify(.) by extension 'python_setup_py'
[0.475s] Level 1:colcon.colcon_core.package_identification:_identify(build) by extensions ['ignore', 'ignore_ament_install']
[0.475s] Level 1:colcon.colcon_core.package_identification:_identify(build) by extension 'ignore'
[0.475s] Level 1:colcon.colcon_core.package_identification:_identify(build) ignored
[0.475s] Level 1:colcon.colcon_core.package_identification:_identify(install) by extensions ['ignore', 'ignore_ament_install']
[0.475s] Level 1:colcon.colcon_core.package_identification:_identify(install) by extension 'ignore'
[0.476s] Level 1:colcon.colcon_core.package_identification:_identify(install) ignored
[0.476s] Level 1:colcon.colcon_core.package_identification:_identify(log) by extensions ['ignore', 'ignore_ament_install']
[0.476s] Level 1:colcon.colcon_core.package_identification:_identify(log) by extension 'ignore'
[0.476s] Level 1:colcon.colcon_core.package_identification:_identify(log) ignored
[0.476s] Level 1:colcon.colcon_core.package_identification:_identify(src) by extensions ['ignore', 'ignore_ament_install']
[0.476s] Level 1:colcon.colcon_core.package_identification:_identify(src) by extension 'ignore'
[0.476s] Level 1:colcon.colcon_core.package_identification:_identify(src) by extension 'ignore_ament_install'
[0.476s] Level 1:colcon.colcon_core.package_identification:_identify(src) by extensions ['colcon_pkg']
[0.476s] Level 1:colcon.colcon_core.package_identification:_identify(src) by extension 'colcon_pkg'
[0.476s] Level 1:colcon.colcon_core.package_identification:_identify(src) by extensions ['colcon_meta']
[0.476s] Level 1:colcon.colcon_core.package_identification:_identify(src) by extension 'colcon_meta'
[0.476s] Level 1:colcon.colcon_core.package_identification:_identify(src) by extensions ['ros']
[0.476s] Level 1:colcon.colcon_core.package_identification:_identify(src) by extension 'ros'
[0.476s] Level 1:colcon.colcon_core.package_identification:_identify(src) by extensions ['cmake', 'python']
[0.476s] Level 1:colcon.colcon_core.package_identification:_identify(src) by extension 'cmake'
[0.476s] Level 1:colcon.colcon_core.package_identification:_identify(src) by extension 'python'
[0.476s] Level 1:colcon.colcon_core.package_identification:_identify(src) by extensions ['python_setup_py']
[0.476s] Level 1:colcon.colcon_core.package_identification:_identify(src) by extension 'python_setup_py'
[0.476s] Level 1:colcon.colcon_core.package_identification:_identify(src/BamBoBot_robot) by extensions ['ignore', 'ignore_ament_install']
[0.476s] Level 1:colcon.colcon_core.package_identification:_identify(src/BamBoBot_robot) by extension 'ignore'
[0.476s] Level 1:colcon.colcon_core.package_identification:_identify(src/BamBoBot_robot) by extension 'ignore_ament_install'
[0.476s] Level 1:colcon.colcon_core.package_identification:_identify(src/BamBoBot_robot) by extensions ['colcon_pkg']
[0.476s] Level 1:colcon.colcon_core.package_identification:_identify(src/BamBoBot_robot) by extension 'colcon_pkg'
[0.476s] Level 1:colcon.colcon_core.package_identification:_identify(src/BamBoBot_robot) by extensions ['colcon_meta']
[0.476s] Level 1:colcon.colcon_core.package_identification:_identify(src/BamBoBot_robot) by extension 'colcon_meta'
[0.477s] Level 1:colcon.colcon_core.package_identification:_identify(src/BamBoBot_robot) by extensions ['ros']
[0.477s] Level 1:colcon.colcon_core.package_identification:_identify(src/BamBoBot_robot) by extension 'ros'
[0.479s] DEBUG:colcon.colcon_core.package_identification:Package 'src/BamBoBot_robot' with type 'ros.ament_python' and name 'BamBoBot_simular'
[0.479s] Level 1:colcon.colcon_core.package_identification:_identify(src/bbb_robot) by extensions ['ignore', 'ignore_ament_install']
[0.479s] Level 1:colcon.colcon_core.package_identification:_identify(src/bbb_robot) by extension 'ignore'
[0.479s] Level 1:colcon.colcon_core.package_identification:_identify(src/bbb_robot) by extension 'ignore_ament_install'
[0.479s] Level 1:colcon.colcon_core.package_identification:_identify(src/bbb_robot) by extensions ['colcon_pkg']
[0.479s] Level 1:colcon.colcon_core.package_identification:_identify(src/bbb_robot) by extension 'colcon_pkg'
[0.479s] Level 1:colcon.colcon_core.package_identification:_identify(src/bbb_robot) by extensions ['colcon_meta']
[0.479s] Level 1:colcon.colcon_core.package_identification:_identify(src/bbb_robot) by extension 'colcon_meta'
[0.479s] Level 1:colcon.colcon_core.package_identification:_identify(src/bbb_robot) by extensions ['ros']
[0.479s] Level 1:colcon.colcon_core.package_identification:_identify(src/bbb_robot) by extension 'ros'
[0.480s] DEBUG:colcon.colcon_core.package_identification:Package 'src/bbb_robot' with type 'ros.ament_cmake' and name 'bbb_robot'
[0.480s] Level 1:colcon.colcon_core.package_discovery:discover_packages(recursive) using defaults
[0.480s] Level 1:colcon.colcon_core.package_discovery:discover_packages(ignore) discover
[0.480s] Level 1:colcon.colcon_core.package_discovery:discover_packages(ignore) using defaults
[0.480s] Level 1:colcon.colcon_core.package_discovery:discover_packages(path) discover
[0.480s] Level 1:colcon.colcon_core.package_discovery:discover_packages(path) using defaults
[0.507s] Level 1:colcon.colcon_core.package_discovery:discover_packages(prefix_path) check parameters
[0.507s] Level 1:colcon.colcon_core.package_discovery:discover_packages(prefix_path) discover
[0.511s] DEBUG:colcon.colcon_installed_package_information.package_discovery:Found 15 installed packages in /home/ngochoan/turtlebot3_ws/install
[0.513s] DEBUG:colcon.colcon_installed_package_information.package_discovery:Found 374 installed packages in /opt/ros/humble
[0.515s] Level 1:colcon.colcon_core.package_discovery:discover_packages(prefix_path) using defaults
[0.585s] Level 5:colcon.colcon_core.verb:set package 'BamBoBot_simular' build argument 'cmake_args' from command line to 'None'
[0.585s] Level 5:colcon.colcon_core.verb:set package 'BamBoBot_simular' build argument 'cmake_target' from command line to 'None'
[0.585s] Level 5:colcon.colcon_core.verb:set package 'BamBoBot_simular' build argument 'cmake_target_skip_unavailable' from command line to 'False'
[0.585s] Level 5:colcon.colcon_core.verb:set package 'BamBoBot_simular' build argument 'cmake_clean_cache' from command line to 'False'
[0.585s] Level 5:colcon.colcon_core.verb:set package 'BamBoBot_simular' build argument 'cmake_clean_first' from command line to 'False'
[0.585s] Level 5:colcon.colcon_core.verb:set package 'BamBoBot_simular' build argument 'cmake_force_configure' from command line to 'False'
[0.585s] Level 5:colcon.colcon_core.verb:set package 'BamBoBot_simular' build argument 'ament_cmake_args' from command line to 'None'
[0.585s] Level 5:colcon.colcon_core.verb:set package 'BamBoBot_simular' build argument 'catkin_cmake_args' from command line to 'None'
[0.585s] Level 5:colcon.colcon_core.verb:set package 'BamBoBot_simular' build argument 'catkin_skip_building_tests' from command line to 'False'
[0.585s] DEBUG:colcon.colcon_core.verb:Building package 'BamBoBot_simular' with the following arguments: {'ament_cmake_args': None, 'build_base': '/media/ngochoan/Intermediate_memory/mobile_robot/Dissertation/Software/BamBoBot/build/BamBoBot_simular', 'catkin_cmake_args': None, 'catkin_skip_building_tests': False, 'cmake_args': None, 'cmake_clean_cache': False, 'cmake_clean_first': False, 'cmake_force_configure': False, 'cmake_target': None, 'cmake_target_skip_unavailable': False, 'install_base': '/media/ngochoan/Intermediate_memory/mobile_robot/Dissertation/Software/BamBoBot/install/BamBoBot_simular', 'merge_install': False, 'path': '/media/ngochoan/Intermediate_memory/mobile_robot/Dissertation/Software/BamBoBot/src/BamBoBot_robot', 'symlink_install': True, 'test_result_base': None}
[0.586s] Level 5:colcon.colcon_core.verb:set package 'bbb_robot' build argument 'cmake_args' from command line to 'None'
[0.586s] Level 5:colcon.colcon_core.verb:set package 'bbb_robot' build argument 'cmake_target' from command line to 'None'
[0.586s] Level 5:colcon.colcon_core.verb:set package 'bbb_robot' build argument 'cmake_target_skip_unavailable' from command line to 'False'
[0.586s] Level 5:colcon.colcon_core.verb:set package 'bbb_robot' build argument 'cmake_clean_cache' from command line to 'False'
[0.586s] Level 5:colcon.colcon_core.verb:set package 'bbb_robot' build argument 'cmake_clean_first' from command line to 'False'
[0.586s] Level 5:colcon.colcon_core.verb:set package 'bbb_robot' build argument 'cmake_force_configure' from command line to 'False'
[0.586s] Level 5:colcon.colcon_core.verb:set package 'bbb_robot' build argument 'ament_cmake_args' from command line to 'None'
[0.586s] Level 5:colcon.colcon_core.verb:set package 'bbb_robot' build argument 'catkin_cmake_args' from command line to 'None'
[0.586s] Level 5:colcon.colcon_core.verb:set package 'bbb_robot' build argument 'catkin_skip_building_tests' from command line to 'False'
[0.586s] DEBUG:colcon.colcon_core.verb:Building package 'bbb_robot' with the following arguments: {'ament_cmake_args': None, 'build_base': '/media/ngochoan/Intermediate_memory/mobile_robot/Dissertation/Software/BamBoBot/build/bbb_robot', 'catkin_cmake_args': None, 'catkin_skip_building_tests': False, 'cmake_args': None, 'cmake_clean_cache': False, 'cmake_clean_first': False, 'cmake_force_configure': False, 'cmake_target': None, 'cmake_target_skip_unavailable': False, 'install_base': '/media/ngochoan/Intermediate_memory/mobile_robot/Dissertation/Software/BamBoBot/install/bbb_robot', 'merge_install': False, 'path': '/media/ngochoan/Intermediate_memory/mobile_robot/Dissertation/Software/BamBoBot/src/bbb_robot', 'symlink_install': True, 'test_result_base': None}
[0.587s] INFO:colcon.colcon_core.executor:Executing jobs using 'parallel' executor
[0.590s] DEBUG:colcon.colcon_parallel_executor.executor.parallel:run_until_complete
[0.590s] INFO:colcon.colcon_ros.task.ament_python.build:Building ROS package in '/media/ngochoan/Intermediate_memory/mobile_robot/Dissertation/Software/BamBoBot/src/BamBoBot_robot' with build type 'ament_python'
[0.590s] Level 1:colcon.colcon_core.shell:create_environment_hook('BamBoBot_simular', 'ament_prefix_path')
[0.596s] INFO:colcon.colcon_core.plugin_system:Skipping extension 'colcon_core.shell.bat': Not used on non-Windows systems
[0.596s] INFO:colcon.colcon_core.shell:Creating environment hook '/media/ngochoan/Intermediate_memory/mobile_robot/Dissertation/Software/BamBoBot/install/BamBoBot_simular/share/BamBoBot_simular/hook/ament_prefix_path.ps1'
[0.597s] INFO:colcon.colcon_core.shell:Creating environment descriptor '/media/ngochoan/Intermediate_memory/mobile_robot/Dissertation/Software/BamBoBot/install/BamBoBot_simular/share/BamBoBot_simular/hook/ament_prefix_path.dsv'
[0.597s] INFO:colcon.colcon_core.shell:Creating environment hook '/media/ngochoan/Intermediate_memory/mobile_robot/Dissertation/Software/BamBoBot/install/BamBoBot_simular/share/BamBoBot_simular/hook/ament_prefix_path.sh'
[0.599s] INFO:colcon.colcon_core.shell:Skip shell extension 'powershell' for command environment: Not usable outside of PowerShell
[0.599s] DEBUG:colcon.colcon_core.shell:Skip shell extension 'dsv' for command environment
[0.604s] INFO:colcon.colcon_ros.task.ament_cmake.build:Building ROS package in '/media/ngochoan/Intermediate_memory/mobile_robot/Dissertation/Software/BamBoBot/src/bbb_robot' with build type 'ament_cmake'
[0.604s] INFO:colcon.colcon_cmake.task.cmake.build:Building CMake package in '/media/ngochoan/Intermediate_memory/mobile_robot/Dissertation/Software/BamBoBot/src/bbb_robot'
[0.606s] INFO:colcon.colcon_core.shell:Skip shell extension 'powershell' for command environment: Not usable outside of PowerShell
[0.606s] DEBUG:colcon.colcon_core.shell:Skip shell extension 'dsv' for command environment
[0.863s] WARNING:colcon.colcon_ros.task.ament_python.build:Package 'BamBoBot_simular' doesn't explicitly install a marker in the package index (colcon-ros currently does it implicitly but that fallback will be removed in the future)
[0.863s] WARNING:colcon.colcon_ros.task.ament_python.build:Package 'BamBoBot_simular' doesn't explicitly install the 'package.xml' file (colcon-ros currently does it implicitly but that fallback will be removed in the future)
[0.863s] INFO:colcon.colcon_core.task.python.build:Building Python package in '/media/ngochoan/Intermediate_memory/mobile_robot/Dissertation/Software/BamBoBot/src/BamBoBot_robot'
[0.865s] INFO:colcon.colcon_core.shell:Skip shell extension 'powershell' for command environment: Not usable outside of PowerShell
[0.865s] DEBUG:colcon.colcon_core.shell:Skip shell extension 'dsv' for command environment
[0.872s] DEBUG:colcon.colcon_core.event_handler.log_command:Invoking command in '/media/ngochoan/Intermediate_memory/mobile_robot/Dissertation/Software/BamBoBot/build/bbb_robot': CMAKE_PREFIX_PATH=${CMAKE_PREFIX_PATH}:/home/ngochoan/turtlebot3_ws/install/turtlebot3_teleop:/home/ngochoan/turtlebot3_ws/install/turtlebot3_example:/opt/ros/humble /usr/bin/cmake /media/ngochoan/Intermediate_memory/mobile_robot/Dissertation/Software/BamBoBot/src/bbb_robot -DAMENT_CMAKE_SYMLINK_INSTALL=1 -DCMAKE_INSTALL_PREFIX=/media/ngochoan/Intermediate_memory/mobile_robot/Dissertation/Software/BamBoBot/install/bbb_robot
[1.311s] DEBUG:colcon.colcon_core.task.python.build:While undoing a previous installation files outside the Python library path are being ignored: /media/ngochoan/Intermediate_memory/mobile_robot/Dissertation/Software/BamBoBot/install/BamBoBot_simular/share/ament_index/resource_index/packages/BamBoBot_robot
[1.311s] DEBUG:colcon.colcon_core.task.python.build:While undoing a previous installation files outside the Python library path are being ignored: /media/ngochoan/Intermediate_memory/mobile_robot/Dissertation/Software/BamBoBot/install/BamBoBot_simular/share/BamBoBot_robot/package.xml
[1.312s] DEBUG:colcon.colcon_core.task.python.build:While undoing a previous installation files outside the Python library path are being ignored: /media/ngochoan/Intermediate_memory/mobile_robot/Dissertation/Software/BamBoBot/install/BamBoBot_simular/share/BamBoBot_robot/urdf/BamBoBot_urdf.urdf
[1.312s] DEBUG:colcon.colcon_core.task.python.build:While undoing a previous installation files outside the Python library path are being ignored: /media/ngochoan/Intermediate_memory/mobile_robot/Dissertation/Software/BamBoBot/install/BamBoBot_simular/share/BamBoBot_robot/launch/display.launch.py
[1.312s] DEBUG:colcon.colcon_core.task.python.build:While undoing a previous installation files outside the Python library path are being ignored: /media/ngochoan/Intermediate_memory/mobile_robot/Dissertation/Software/BamBoBot/install/BamBoBot_simular/share/BamBoBot_robot/launch/gazebo.launch.py
[1.312s] DEBUG:colcon.colcon_core.task.python.build:While undoing a previous installation files outside the Python library path are being ignored: /media/ngochoan/Intermediate_memory/mobile_robot/Dissertation/Software/BamBoBot/install/BamBoBot_simular/share/BamBoBot_robot/meshes/base_footprint.STL
[1.312s] DEBUG:colcon.colcon_core.task.python.build:While undoing a previous installation files outside the Python library path are being ignored: /media/ngochoan/Intermediate_memory/mobile_robot/Dissertation/Software/BamBoBot/install/BamBoBot_simular/share/BamBoBot_robot/meshes/lidar_link.STL
[1.312s] DEBUG:colcon.colcon_core.task.python.build:While undoing a previous installation files outside the Python library path are being ignored: /media/ngochoan/Intermediate_memory/mobile_robot/Dissertation/Software/BamBoBot/install/BamBoBot_simular/share/BamBoBot_robot/meshes/Wheel1_link.STL
[1.312s] DEBUG:colcon.colcon_core.task.python.build:While undoing a previous installation files outside the Python library path are being ignored: /media/ngochoan/Intermediate_memory/mobile_robot/Dissertation/Software/BamBoBot/install/BamBoBot_simular/share/BamBoBot_robot/meshes/Wheel2_link.STL
[1.312s] DEBUG:colcon.colcon_core.task.python.build:While undoing a previous installation files outside the Python library path are being ignored: /media/ngochoan/Intermediate_memory/mobile_robot/Dissertation/Software/BamBoBot/install/BamBoBot_simular/share/BamBoBot_robot/meshes/Wheel3_link.STL
[1.312s] DEBUG:colcon.colcon_core.task.python.build:While undoing a previous installation files outside the Python library path are being ignored: /media/ngochoan/Intermediate_memory/mobile_robot/Dissertation/Software/BamBoBot/install/BamBoBot_simular/share/BamBoBot_robot/meshes/Wheel4_link.STL
[1.315s] DEBUG:colcon.colcon_core.event_handler.log_command:Invoking command in '/media/ngochoan/Intermediate_memory/mobile_robot/Dissertation/Software/BamBoBot/build/BamBoBot_simular': PYTHONPATH=/media/ngochoan/Intermediate_memory/mobile_robot/Dissertation/Software/BamBoBot/build/BamBoBot_simular/prefix_override:/media/ngochoan/Intermediate_memory/mobile_robot/Dissertation/Software/BamBoBot/install/BamBoBot_simular/lib/python3.10/site-packages:${PYTHONPATH} /usr/bin/python3 setup.py develop --editable --build-directory /media/ngochoan/Intermediate_memory/mobile_robot/Dissertation/Software/BamBoBot/build/BamBoBot_simular/build --no-deps install_data
[1.617s] DEBUG:colcon.colcon_core.event_handler.log_command:Invoked command in '/media/ngochoan/Intermediate_memory/mobile_robot/Dissertation/Software/BamBoBot/build/bbb_robot' returned '0': CMAKE_PREFIX_PATH=${CMAKE_PREFIX_PATH}:/home/ngochoan/turtlebot3_ws/install/turtlebot3_teleop:/home/ngochoan/turtlebot3_ws/install/turtlebot3_example:/opt/ros/humble /usr/bin/cmake /media/ngochoan/Intermediate_memory/mobile_robot/Dissertation/Software/BamBoBot/src/bbb_robot -DAMENT_CMAKE_SYMLINK_INSTALL=1 -DCMAKE_INSTALL_PREFIX=/media/ngochoan/Intermediate_memory/mobile_robot/Dissertation/Software/BamBoBot/install/bbb_robot
[1.619s] DEBUG:colcon.colcon_core.event_handler.log_command:Invoking command in '/media/ngochoan/Intermediate_memory/mobile_robot/Dissertation/Software/BamBoBot/build/bbb_robot': CMAKE_PREFIX_PATH=${CMAKE_PREFIX_PATH}:/home/ngochoan/turtlebot3_ws/install/turtlebot3_teleop:/home/ngochoan/turtlebot3_ws/install/turtlebot3_example:/opt/ros/humble /usr/bin/cmake --build /media/ngochoan/Intermediate_memory/mobile_robot/Dissertation/Software/BamBoBot/build/bbb_robot -- -j8 -l8
[1.654s] DEBUG:colcon.colcon_core.event_handler.log_command:Invoked command in '/media/ngochoan/Intermediate_memory/mobile_robot/Dissertation/Software/BamBoBot/build/bbb_robot' returned '0': CMAKE_PREFIX_PATH=${CMAKE_PREFIX_PATH}:/home/ngochoan/turtlebot3_ws/install/turtlebot3_teleop:/home/ngochoan/turtlebot3_ws/install/turtlebot3_example:/opt/ros/humble /usr/bin/cmake --build /media/ngochoan/Intermediate_memory/mobile_robot/Dissertation/Software/BamBoBot/build/bbb_robot -- -j8 -l8
[1.682s] DEBUG:colcon.colcon_core.event_handler.log_command:Invoking command in '/media/ngochoan/Intermediate_memory/mobile_robot/Dissertation/Software/BamBoBot/build/bbb_robot': CMAKE_PREFIX_PATH=${CMAKE_PREFIX_PATH}:/home/ngochoan/turtlebot3_ws/install/turtlebot3_teleop:/home/ngochoan/turtlebot3_ws/install/turtlebot3_example:/opt/ros/humble /usr/bin/cmake --install /media/ngochoan/Intermediate_memory/mobile_robot/Dissertation/Software/BamBoBot/build/bbb_robot
[1.812s] Level 1:colcon.colcon_core.shell:create_environment_hook('BamBoBot_simular', 'pythonpath_develop')
[1.812s] DEBUG:colcon.colcon_core.event_handler.log_command:Invoked command in '/media/ngochoan/Intermediate_memory/mobile_robot/Dissertation/Software/BamBoBot/build/BamBoBot_simular' returned '0': PYTHONPATH=/media/ngochoan/Intermediate_memory/mobile_robot/Dissertation/Software/BamBoBot/build/BamBoBot_simular/prefix_override:/media/ngochoan/Intermediate_memory/mobile_robot/Dissertation/Software/BamBoBot/install/BamBoBot_simular/lib/python3.10/site-packages:${PYTHONPATH} /usr/bin/python3 setup.py develop --editable --build-directory /media/ngochoan/Intermediate_memory/mobile_robot/Dissertation/Software/BamBoBot/build/BamBoBot_simular/build --no-deps install_data
[1.814s] INFO:colcon.colcon_core.shell:Creating environment hook '/media/ngochoan/Intermediate_memory/mobile_robot/Dissertation/Software/BamBoBot/build/BamBoBot_simular/share/BamBoBot_simular/hook/pythonpath_develop.ps1'
[1.814s] INFO:colcon.colcon_core.shell:Creating environment descriptor '/media/ngochoan/Intermediate_memory/mobile_robot/Dissertation/Software/BamBoBot/build/BamBoBot_simular/share/BamBoBot_simular/hook/pythonpath_develop.dsv'
[1.815s] INFO:colcon.colcon_core.shell:Creating environment hook '/media/ngochoan/Intermediate_memory/mobile_robot/Dissertation/Software/BamBoBot/build/BamBoBot_simular/share/BamBoBot_simular/hook/pythonpath_develop.sh'
[1.823s] Level 1:colcon.colcon_core.environment:checking '/media/ngochoan/Intermediate_memory/mobile_robot/Dissertation/Software/BamBoBot/install/BamBoBot_simular' for CMake module files
[1.823s] Level 1:colcon.colcon_core.environment:checking '/media/ngochoan/Intermediate_memory/mobile_robot/Dissertation/Software/BamBoBot/install/BamBoBot_simular' for CMake config files
[1.824s] Level 1:colcon.colcon_core.environment:checking '/media/ngochoan/Intermediate_memory/mobile_robot/Dissertation/Software/BamBoBot/install/BamBoBot_simular/lib'
[1.824s] Level 1:colcon.colcon_core.environment:checking '/media/ngochoan/Intermediate_memory/mobile_robot/Dissertation/Software/BamBoBot/install/BamBoBot_simular/bin'
[1.824s] Level 1:colcon.colcon_core.environment:checking '/media/ngochoan/Intermediate_memory/mobile_robot/Dissertation/Software/BamBoBot/install/BamBoBot_simular/lib/pkgconfig/BamBoBot_simular.pc'
[1.825s] Level 1:colcon.colcon_core.environment:checking '/media/ngochoan/Intermediate_memory/mobile_robot/Dissertation/Software/BamBoBot/install/BamBoBot_simular/lib/python3.10/site-packages'
[1.825s] Level 1:colcon.colcon_core.shell:create_environment_hook('BamBoBot_simular', 'pythonpath')
[1.826s] INFO:colcon.colcon_core.shell:Creating environment hook '/media/ngochoan/Intermediate_memory/mobile_robot/Dissertation/Software/BamBoBot/install/BamBoBot_simular/share/BamBoBot_simular/hook/pythonpath.ps1'
[1.826s] INFO:colcon.colcon_core.shell:Creating environment descriptor '/media/ngochoan/Intermediate_memory/mobile_robot/Dissertation/Software/BamBoBot/install/BamBoBot_simular/share/BamBoBot_simular/hook/pythonpath.dsv'
[1.827s] INFO:colcon.colcon_core.shell:Creating environment hook '/media/ngochoan/Intermediate_memory/mobile_robot/Dissertation/Software/BamBoBot/install/BamBoBot_simular/share/BamBoBot_simular/hook/pythonpath.sh'
[1.828s] Level 1:colcon.colcon_core.environment:checking '/media/ngochoan/Intermediate_memory/mobile_robot/Dissertation/Software/BamBoBot/install/BamBoBot_simular/bin'
[1.828s] Level 1:colcon.colcon_core.environment:create_environment_scripts_only(BamBoBot_simular)
[1.829s] INFO:colcon.colcon_core.shell:Creating package script '/media/ngochoan/Intermediate_memory/mobile_robot/Dissertation/Software/BamBoBot/install/BamBoBot_simular/share/BamBoBot_simular/package.ps1'
[1.830s] INFO:colcon.colcon_core.shell:Creating package descriptor '/media/ngochoan/Intermediate_memory/mobile_robot/Dissertation/Software/BamBoBot/install/BamBoBot_simular/share/BamBoBot_simular/package.dsv'
[1.831s] INFO:colcon.colcon_core.shell:Creating package script '/media/ngochoan/Intermediate_memory/mobile_robot/Dissertation/Software/BamBoBot/install/BamBoBot_simular/share/BamBoBot_simular/package.sh'
[1.832s] INFO:colcon.colcon_core.shell:Creating package script '/media/ngochoan/Intermediate_memory/mobile_robot/Dissertation/Software/BamBoBot/install/BamBoBot_simular/share/BamBoBot_simular/package.bash'
[1.833s] INFO:colcon.colcon_core.shell:Creating package script '/media/ngochoan/Intermediate_memory/mobile_robot/Dissertation/Software/BamBoBot/install/BamBoBot_simular/share/BamBoBot_simular/package.zsh'
[1.834s] Level 1:colcon.colcon_core.environment:create_file_with_runtime_dependencies(/media/ngochoan/Intermediate_memory/mobile_robot/Dissertation/Software/BamBoBot/install/BamBoBot_simular/share/colcon-core/packages/BamBoBot_simular)
[1.852s] Level 1:colcon.colcon_core.environment:create_environment_scripts_only(bbb_robot)
[1.854s] Level 1:colcon.colcon_core.environment:checking '/media/ngochoan/Intermediate_memory/mobile_robot/Dissertation/Software/BamBoBot/install/bbb_robot' for CMake module files
[1.855s] DEBUG:colcon.colcon_core.event_handler.log_command:Invoked command in '/media/ngochoan/Intermediate_memory/mobile_robot/Dissertation/Software/BamBoBot/build/bbb_robot' returned '0': CMAKE_PREFIX_PATH=${CMAKE_PREFIX_PATH}:/home/ngochoan/turtlebot3_ws/install/turtlebot3_teleop:/home/ngochoan/turtlebot3_ws/install/turtlebot3_example:/opt/ros/humble /usr/bin/cmake --install /media/ngochoan/Intermediate_memory/mobile_robot/Dissertation/Software/BamBoBot/build/bbb_robot
[1.856s] Level 1:colcon.colcon_core.environment:checking '/media/ngochoan/Intermediate_memory/mobile_robot/Dissertation/Software/BamBoBot/install/bbb_robot' for CMake config files
[1.856s] Level 1:colcon.colcon_core.shell:create_environment_hook('bbb_robot', 'cmake_prefix_path')
[1.857s] INFO:colcon.colcon_core.shell:Creating environment hook '/media/ngochoan/Intermediate_memory/mobile_robot/Dissertation/Software/BamBoBot/install/bbb_robot/share/bbb_robot/hook/cmake_prefix_path.ps1'
[1.857s] INFO:colcon.colcon_core.shell:Creating environment descriptor '/media/ngochoan/Intermediate_memory/mobile_robot/Dissertation/Software/BamBoBot/install/bbb_robot/share/bbb_robot/hook/cmake_prefix_path.dsv'
[1.858s] INFO:colcon.colcon_core.shell:Creating environment hook '/media/ngochoan/Intermediate_memory/mobile_robot/Dissertation/Software/BamBoBot/install/bbb_robot/share/bbb_robot/hook/cmake_prefix_path.sh'
[1.858s] Level 1:colcon.colcon_core.environment:checking '/media/ngochoan/Intermediate_memory/mobile_robot/Dissertation/Software/BamBoBot/install/bbb_robot/bin'
[1.858s] Level 1:colcon.colcon_core.environment:checking '/media/ngochoan/Intermediate_memory/mobile_robot/Dissertation/Software/BamBoBot/install/bbb_robot/lib/pkgconfig/bbb_robot.pc'
[1.858s] Level 1:colcon.colcon_core.environment:checking '/media/ngochoan/Intermediate_memory/mobile_robot/Dissertation/Software/BamBoBot/install/bbb_robot/lib/python3.10/site-packages'
[1.859s] Level 1:colcon.colcon_core.environment:checking '/media/ngochoan/Intermediate_memory/mobile_robot/Dissertation/Software/BamBoBot/install/bbb_robot/bin'
[1.860s] INFO:colcon.colcon_core.shell:Creating package script '/media/ngochoan/Intermediate_memory/mobile_robot/Dissertation/Software/BamBoBot/install/bbb_robot/share/bbb_robot/package.ps1'
[1.860s] INFO:colcon.colcon_core.shell:Creating package descriptor '/media/ngochoan/Intermediate_memory/mobile_robot/Dissertation/Software/BamBoBot/install/bbb_robot/share/bbb_robot/package.dsv'
[1.860s] INFO:colcon.colcon_core.shell:Creating package script '/media/ngochoan/Intermediate_memory/mobile_robot/Dissertation/Software/BamBoBot/install/bbb_robot/share/bbb_robot/package.sh'
[1.861s] INFO:colcon.colcon_core.shell:Creating package script '/media/ngochoan/Intermediate_memory/mobile_robot/Dissertation/Software/BamBoBot/install/bbb_robot/share/bbb_robot/package.bash'
[1.861s] INFO:colcon.colcon_core.shell:Creating package script '/media/ngochoan/Intermediate_memory/mobile_robot/Dissertation/Software/BamBoBot/install/bbb_robot/share/bbb_robot/package.zsh'
[1.861s] Level 1:colcon.colcon_core.environment:create_file_with_runtime_dependencies(/media/ngochoan/Intermediate_memory/mobile_robot/Dissertation/Software/BamBoBot/install/bbb_robot/share/colcon-core/packages/bbb_robot)
[1.880s] Level 1:colcon.colcon_core.environment:create_environment_scripts_only(bbb_robot)
[1.882s] Level 1:colcon.colcon_core.environment:checking '/media/ngochoan/Intermediate_memory/mobile_robot/Dissertation/Software/BamBoBot/install/bbb_robot' for CMake module files
[1.883s] Level 1:colcon.colcon_core.environment:checking '/media/ngochoan/Intermediate_memory/mobile_robot/Dissertation/Software/BamBoBot/install/bbb_robot' for CMake config files
[1.883s] Level 1:colcon.colcon_core.shell:create_environment_hook('bbb_robot', 'cmake_prefix_path')
[1.884s] INFO:colcon.colcon_core.shell:Creating environment hook '/media/ngochoan/Intermediate_memory/mobile_robot/Dissertation/Software/BamBoBot/install/bbb_robot/share/bbb_robot/hook/cmake_prefix_path.ps1'
[1.885s] INFO:colcon.colcon_core.shell:Creating environment descriptor '/media/ngochoan/Intermediate_memory/mobile_robot/Dissertation/Software/BamBoBot/install/bbb_robot/share/bbb_robot/hook/cmake_prefix_path.dsv'
[1.885s] INFO:colcon.colcon_core.shell:Creating environment hook '/media/ngochoan/Intermediate_memory/mobile_robot/Dissertation/Software/BamBoBot/install/bbb_robot/share/bbb_robot/hook/cmake_prefix_path.sh'
[1.885s] Level 1:colcon.colcon_core.environment:checking '/media/ngochoan/Intermediate_memory/mobile_robot/Dissertation/Software/BamBoBot/install/bbb_robot/bin'
[1.886s] Level 1:colcon.colcon_core.environment:checking '/media/ngochoan/Intermediate_memory/mobile_robot/Dissertation/Software/BamBoBot/install/bbb_robot/lib/pkgconfig/bbb_robot.pc'
[1.886s] Level 1:colcon.colcon_core.environment:checking '/media/ngochoan/Intermediate_memory/mobile_robot/Dissertation/Software/BamBoBot/install/bbb_robot/lib/python3.10/site-packages'
[1.886s] Level 1:colcon.colcon_core.environment:checking '/media/ngochoan/Intermediate_memory/mobile_robot/Dissertation/Software/BamBoBot/install/bbb_robot/bin'
[1.887s] INFO:colcon.colcon_core.shell:Creating package script '/media/ngochoan/Intermediate_memory/mobile_robot/Dissertation/Software/BamBoBot/install/bbb_robot/share/bbb_robot/package.ps1'
[1.888s] INFO:colcon.colcon_core.shell:Creating package descriptor '/media/ngochoan/Intermediate_memory/mobile_robot/Dissertation/Software/BamBoBot/install/bbb_robot/share/bbb_robot/package.dsv'
[1.888s] INFO:colcon.colcon_core.shell:Creating package script '/media/ngochoan/Intermediate_memory/mobile_robot/Dissertation/Software/BamBoBot/install/bbb_robot/share/bbb_robot/package.sh'
[1.889s] INFO:colcon.colcon_core.shell:Creating package script '/media/ngochoan/Intermediate_memory/mobile_robot/Dissertation/Software/BamBoBot/install/bbb_robot/share/bbb_robot/package.bash'
[1.889s] INFO:colcon.colcon_core.shell:Creating package script '/media/ngochoan/Intermediate_memory/mobile_robot/Dissertation/Software/BamBoBot/install/bbb_robot/share/bbb_robot/package.zsh'
[1.889s] Level 1:colcon.colcon_core.environment:create_file_with_runtime_dependencies(/media/ngochoan/Intermediate_memory/mobile_robot/Dissertation/Software/BamBoBot/install/bbb_robot/share/colcon-core/packages/bbb_robot)
[1.889s] DEBUG:colcon.colcon_parallel_executor.executor.parallel:closing loop
[1.890s] DEBUG:colcon.colcon_parallel_executor.executor.parallel:loop closed
[1.890s] DEBUG:colcon.colcon_parallel_executor.executor.parallel:run_until_complete finished with '0'
[1.890s] DEBUG:colcon.colcon_core.event_reactor:joining thread
[1.896s] INFO:colcon.colcon_core.plugin_system:Skipping extension 'colcon_notification.desktop_notification.terminal_notifier': Not used on non-Darwin systems
[1.896s] INFO:colcon.colcon_core.plugin_system:Skipping extension 'colcon_notification.desktop_notification.win32': Not used on non-Windows systems
[1.896s] INFO:colcon.colcon_notification.desktop_notification:Sending desktop notification using 'notify2'
[1.910s] DEBUG:colcon.colcon_core.event_reactor:joined thread
[1.912s] INFO:colcon.colcon_core.shell:Creating prefix script '/media/ngochoan/Intermediate_memory/mobile_robot/Dissertation/Software/BamBoBot/install/local_setup.ps1'
[1.913s] INFO:colcon.colcon_core.shell:Creating prefix util module '/media/ngochoan/Intermediate_memory/mobile_robot/Dissertation/Software/BamBoBot/install/_local_setup_util_ps1.py'
[1.914s] INFO:colcon.colcon_core.shell:Creating prefix chain script '/media/ngochoan/Intermediate_memory/mobile_robot/Dissertation/Software/BamBoBot/install/setup.ps1'
[1.917s] INFO:colcon.colcon_core.shell:Creating prefix script '/media/ngochoan/Intermediate_memory/mobile_robot/Dissertation/Software/BamBoBot/install/local_setup.sh'
[1.917s] INFO:colcon.colcon_core.shell:Creating prefix util module '/media/ngochoan/Intermediate_memory/mobile_robot/Dissertation/Software/BamBoBot/install/_local_setup_util_sh.py'
[1.918s] INFO:colcon.colcon_core.shell:Creating prefix chain script '/media/ngochoan/Intermediate_memory/mobile_robot/Dissertation/Software/BamBoBot/install/setup.sh'
[1.920s] INFO:colcon.colcon_core.shell:Creating prefix script '/media/ngochoan/Intermediate_memory/mobile_robot/Dissertation/Software/BamBoBot/install/local_setup.bash'
[1.921s] INFO:colcon.colcon_core.shell:Creating prefix chain script '/media/ngochoan/Intermediate_memory/mobile_robot/Dissertation/Software/BamBoBot/install/setup.bash'
[1.923s] INFO:colcon.colcon_core.shell:Creating prefix script '/media/ngochoan/Intermediate_memory/mobile_robot/Dissertation/Software/BamBoBot/install/local_setup.zsh'
[1.923s] INFO:colcon.colcon_core.shell:Creating prefix chain script '/media/ngochoan/Intermediate_memory/mobile_robot/Dissertation/Software/BamBoBot/install/setup.zsh'
