[0.041s] Invoking command in '/home/jetson/bbb_jetson_ws/build/bbb_package': CMAKE_PREFIX_PATH=/home/jetson/bbb_jetson_ws/install/serial:/home/jetson/bbb_jetson_ws/install/ros2_laser_scan_matcher:/home/jetson/bbb_jetson_ws/install/diffdrive_arduino:/home/jetson/bbb_jetson_ws/install/bbb_package:/home/jetson/bbb_jetson_ws/install/micro_ros_setup:/home/jetson/bbb_jetson_ws/install/csm:/home/jetson/bbb_jetson_ws/install/bbb_robot:/opt/ros/foxy /usr/bin/cmake --build /home/jetson/bbb_jetson_ws/build/bbb_package -- -j4 -l4
[0.248s] [  9%] Built target read_IMU
[0.254s] [ 27%] Built target pid_node
[0.254s] [ 27%] Built target read_lidar
[0.257s] [ 36%] Built target delta_angle_node
[0.367s] [ 45%] Built target fuzzy_longitudinal_controllers
[0.372s] [ 54%] Built target circumference_node
[0.379s] [ 63%] Built target tune_fuzzy_node
[0.384s] [ 72%] Built target tune_node
[0.478s] [ 81%] Built target straight_line_node
[0.485s] [ 90%] Built target sinusoidal_node
[0.487s] [100%] Built target stanley_node
[0.519s] Invoked command in '/home/jetson/bbb_jetson_ws/build/bbb_package' returned '0': CMAKE_PREFIX_PATH=/home/jetson/bbb_jetson_ws/install/serial:/home/jetson/bbb_jetson_ws/install/ros2_laser_scan_matcher:/home/jetson/bbb_jetson_ws/install/diffdrive_arduino:/home/jetson/bbb_jetson_ws/install/bbb_package:/home/jetson/bbb_jetson_ws/install/micro_ros_setup:/home/jetson/bbb_jetson_ws/install/csm:/home/jetson/bbb_jetson_ws/install/bbb_robot:/opt/ros/foxy /usr/bin/cmake --build /home/jetson/bbb_jetson_ws/build/bbb_package -- -j4 -l4
[0.688s] Invoking command in '/home/jetson/bbb_jetson_ws/build/bbb_package': CMAKE_PREFIX_PATH=/home/jetson/bbb_jetson_ws/install/serial:/home/jetson/bbb_jetson_ws/install/ros2_laser_scan_matcher:/home/jetson/bbb_jetson_ws/install/diffdrive_arduino:/home/jetson/bbb_jetson_ws/install/bbb_package:/home/jetson/bbb_jetson_ws/install/micro_ros_setup:/home/jetson/bbb_jetson_ws/install/csm:/home/jetson/bbb_jetson_ws/install/bbb_robot:/opt/ros/foxy /usr/bin/cmake --install /home/jetson/bbb_jetson_ws/build/bbb_package
[0.712s] -- Install configuration: ""
[0.713s] -- Execute custom install script
[0.714s] -- Up-to-date symlink: /home/jetson/bbb_jetson_ws/install/bbb_package/lib/bbb_package//read_IMU
[0.715s] -- Up-to-date symlink: /home/jetson/bbb_jetson_ws/install/bbb_package/lib/bbb_package//read_lidar
[0.715s] -- Up-to-date symlink: /home/jetson/bbb_jetson_ws/install/bbb_package/lib/bbb_package//pid_node
[0.716s] -- Up-to-date symlink: /home/jetson/bbb_jetson_ws/install/bbb_package/lib/bbb_package//tune_fuzzy_node
[0.717s] -- Up-to-date symlink: /home/jetson/bbb_jetson_ws/install/bbb_package/lib/bbb_package//straight_line_node
[0.718s] -- Up-to-date symlink: /home/jetson/bbb_jetson_ws/install/bbb_package/lib/bbb_package//circumference_node
[0.719s] -- Up-to-date symlink: /home/jetson/bbb_jetson_ws/install/bbb_package/lib/bbb_package//sinusoidal_node
[0.719s] -- Up-to-date symlink: /home/jetson/bbb_jetson_ws/install/bbb_package/lib/bbb_package//tune_node
[0.720s] -- Up-to-date symlink: /home/jetson/bbb_jetson_ws/install/bbb_package/lib/bbb_package//delta_angle_node
[0.721s] -- Up-to-date symlink: /home/jetson/bbb_jetson_ws/install/bbb_package/lib/bbb_package//fuzzy_longitudinal_controllers
[0.721s] -- Up-to-date symlink: /home/jetson/bbb_jetson_ws/install/bbb_package/lib/bbb_package//stanley_node
[0.723s] -- Up-to-date symlink: /home/jetson/bbb_jetson_ws/install/bbb_package/share/bbb_package/launch/rplidar.launch.py
[0.723s] -- Up-to-date symlink: /home/jetson/bbb_jetson_ws/install/bbb_package/share/bbb_package/launch/rplidar.launch.py.save
[0.725s] -- Up-to-date symlink: /home/jetson/bbb_jetson_ws/install/bbb_package/share/ament_index/resource_index/package_run_dependencies/bbb_package
[0.726s] -- Up-to-date symlink: /home/jetson/bbb_jetson_ws/install/bbb_package/share/ament_index/resource_index/parent_prefix_path/bbb_package
[0.727s] -- Up-to-date symlink: /home/jetson/bbb_jetson_ws/install/bbb_package/share/bbb_package/environment/ament_prefix_path.sh
[0.727s] -- Up-to-date symlink: /home/jetson/bbb_jetson_ws/install/bbb_package/share/bbb_package/environment/ament_prefix_path.dsv
[0.728s] -- Up-to-date symlink: /home/jetson/bbb_jetson_ws/install/bbb_package/share/bbb_package/environment/path.sh
[0.729s] -- Up-to-date symlink: /home/jetson/bbb_jetson_ws/install/bbb_package/share/bbb_package/environment/path.dsv
[0.730s] -- Up-to-date symlink: /home/jetson/bbb_jetson_ws/install/bbb_package/share/bbb_package/local_setup.bash
[0.730s] -- Up-to-date symlink: /home/jetson/bbb_jetson_ws/install/bbb_package/share/bbb_package/local_setup.sh
[0.731s] -- Up-to-date symlink: /home/jetson/bbb_jetson_ws/install/bbb_package/share/bbb_package/local_setup.zsh
[0.732s] -- Up-to-date symlink: /home/jetson/bbb_jetson_ws/install/bbb_package/share/bbb_package/local_setup.dsv
[0.733s] -- Symlinking: /home/jetson/bbb_jetson_ws/install/bbb_package/share/bbb_package/package.dsv
[0.759s] -- Up-to-date symlink: /home/jetson/bbb_jetson_ws/install/bbb_package/share/ament_index/resource_index/packages/bbb_package
[0.760s] -- Up-to-date symlink: /home/jetson/bbb_jetson_ws/install/bbb_package/share/bbb_package/cmake/bbb_packageConfig.cmake
[0.760s] -- Up-to-date symlink: /home/jetson/bbb_jetson_ws/install/bbb_package/share/bbb_package/cmake/bbb_packageConfig-version.cmake
[0.761s] -- Up-to-date symlink: /home/jetson/bbb_jetson_ws/install/bbb_package/share/bbb_package/package.xml
[0.767s] Invoked command in '/home/jetson/bbb_jetson_ws/build/bbb_package' returned '0': CMAKE_PREFIX_PATH=/home/jetson/bbb_jetson_ws/install/serial:/home/jetson/bbb_jetson_ws/install/ros2_laser_scan_matcher:/home/jetson/bbb_jetson_ws/install/diffdrive_arduino:/home/jetson/bbb_jetson_ws/install/bbb_package:/home/jetson/bbb_jetson_ws/install/micro_ros_setup:/home/jetson/bbb_jetson_ws/install/csm:/home/jetson/bbb_jetson_ws/install/bbb_robot:/opt/ros/foxy /usr/bin/cmake --install /home/jetson/bbb_jetson_ws/build/bbb_package
